/rcfs/dtn/arpacomp/.conda/envs/goc_eval/lib/python3.10/site-packages/scipy/sparse/linalg/_dsolve/linsolve.py:347: SparseEfficiencyWarning: splu converted its input to CSC format
  warn('splu converted its input to CSC format', SparseEfficiencyWarning)
args:
Namespace(problem_opt=None, problem='/qfs/projects/goc/share/data/C3/S3.1/D1//C3S3N01576D1/scenario_027.json_scrubbed.json', solution='/qfs/projects/goc/share/data/C3/S3.1/D1//C3S3N01576D1/scenario_027.json.pop_solution.json', configuration=None, parameters='{}', summary_csv='summary.csv', summary_json='summary.json', data_errors='data_errors.txt', ignored_errors='ignored_errors.txt', solution_errors='solution_errors.txt', pop_solution=None, scrubbed_problem=None)
problem data file: /qfs/projects/goc/share/data/C3/S3.1/D1//C3S3N01576D1/scenario_027.json_scrubbed.json

pop solution data file: None

solution data file: /qfs/projects/goc/share/data/C3/S3.1/D1//C3S3N01576D1/scenario_027.json.pop_solution.json

git info: {'C3DataUtilities': {'branch': 'main', 'commit': '59dd7f47974aa54c2f26998163730b14ab3a6b97', 'date': 'Wed Jun 7 09:10:06 2023 -0700', 'query_return_code': 0, 'query_err': '', 'branch_return_code': 0, 'branch_err': '', 'query_path': '/qfs/projects/goc/share/loadbalancing/src/nonmpi-template/Challenge3/C3DataUtilities/datautilities', 'query_out': 'commit 59dd7f47974aa54c2f26998163730b14ab3a6b97\nAuthor: Jesse T Holzer <jesse.holzer@pnnl.gov>\nDate:   Wed Jun 7 09:10:06 2023 -0700\n\n    add git branch to summary output\n', 'branch_out': '  dev\n* main\n'}, 'Bid-DS-data-model': {'branch': None, 'commit': None, 'date': None, 'query_return_code': 128, 'query_err': 'fatal: Not a git repository (or any parent up to mount point /rcfs)\nStopping at filesystem boundary (GIT_DISCOVERY_ACROSS_FILESYSTEM not set).\n', 'branch_return_code': None, 'branch_err': None, 'query_path': '/rcfs/dtn/arpacomp/.conda/envs/goc_eval/lib/python3.10/site-packages/datamodel', 'query_out': ''}}

after reading problem without validation, memory info: {'rss bytes': 173113344, 'rss human': '165.1M', 'percent': 0.06408565521517186}
read problem data file without validation time: 0.33539462089538574
after reading problem with validation, memory info: {'rss bytes': 313995264, 'rss human': '299.4M', 'percent': 0.11623940571502601}
load time: 3.005878448486328
{'error_diagnostics': '',
 'general': {'base_norm_mva': 100.0,
             'day_type': None,
             'electricity_demand': None,
             'net_load': None,
             'season': None,
             'solar_availability': None,
             'timestamp_start': None,
             'timestamp_stop': None,
             'vre_availability': None,
             'weather_temperature': None,
             'wind_availability': None},
 'interval durations': [0.25,
                        0.25,
                        0.25,
                        0.25,
                        0.25,
                        0.25,
                        0.25,
                        0.25,
                        0.5,
                        0.5,
                        0.5,
                        0.5,
                        0.5,
                        0.5,
                        0.5,
                        0.5,
                        1.0,
                        1.0],
 'num ac lines': 2270,
 'num buses': 1576,
 'num consuming devices': 1451,
 'num contingencies': 147,
 'num dc lines': 2,
 'num intervals': 18,
 'num producing devices': 615,
 'num reactive power reserve zones': 2,
 'num real power reserve zones': 2,
 'num shunts': 68,
 'num simple dispatchable devices': 2066,
 'num transformers': 157,
 'total duration': 8.0,
 'violation costs': {'e_vio_cost': 100000.0,
                     'p_bus_vio_cost': 100000.0,
                     'q_bus_vio_cost': 100000.0,
                     's_vio_cost': 100000.0}}
after read solution without validation, memory info: {'rss bytes': 316428288, 'rss human': '301.8M', 'percent': 0.11714009848423415}
read solution data file without validation time: 0.09408783912658691
after read solution with validation, memory info: {'rss bytes': 349679616, 'rss human': '333.5M', 'percent': 0.12944956633007848}
solution load time: 1.105684757232666
after solution_model_checks(), memory info: {'rss bytes': 349679616, 'rss human': '333.5M', 'percent': 0.12944956633007848}
solution model_checks time: 0.015122413635253906
{'error_diagnostics': ''}
after problem_data_array.set_from_data_model(), memory info: {'rss bytes': 363741184, 'rss human': '346.9M', 'percent': 0.13465508531440756}
convert problem data to numpy arrays time: 0.4818000793457031
after solution_data_array.set_from_data_model(), memory info: {'rss bytes': 368332800, 'rss human': '351.3M', 'percent': 0.1363548775606741}
convert solution data to numpy arrays time: 0.04572772979736328
function: set_summary, time: 0.00016999244689941406
function: set_problem, time: 7.152557373046875e-07
function: set_solution, time: 6.67572021484375e-06
function: set_solution_zero, time: 0.0004181861877441406
function: set_work_zero, time: 0.00042128562927246094
function: set_matrices, time: 0.05621838569641113
function: __init__, time: 0.057260990142822266
function: eval_sd_t_d_up_dn, time: 0.0008530616760253906
function: eval_sd_max_startup, time: 0.04735565185546875
function: eval_sd_t_z_sus, time: 0.002804279327392578
function: eval_acl_t_p_q_fr_to, time: 0.002569437026977539
function: eval_xfr_t_p_q_fr_to, time: 0.00029349327087402344
function: eval_sd_t_su_sd_trajectories, time: 0.0004112720489501953
function: eval_sd_max_energy, time: 0.0007827281951904297
function: eval_sd_min_energy, time: 0.0007402896881103516
function: eval_sd_t_z_p, time: 0.09133315086364746
function: eval_bus_t_p, time: 0.0015976428985595703
function: eval_bus_t_q, time: 0.0005223751068115234
sd_t_p_rgu sum: 0.0
prz_sigma_rgu max: 0.01
prz_t_p_rgu_req max: 1.9323274309418423
sd_t_p_rgd sum: 0.0
prz_sigma_rgd max: 0.01
prz_t_p_rgd_req max: 1.9323274309418423
sd_t_p_scr sum: 0.0
prz_sigma_scr max: 0.5
prz_t_p_scr_req max: 6.494979312306128
sd_t_p_nsc sum: 0.0
prz_sigma_nsc max: 0.5
prz_t_p_nsc_req max: 6.494979312306128
sd_t_p_rru sum: 0.0
prz_t_p_rru_min max: 0.0
sd_t_p_rrd sum: 0.0
prz_t_p_rrd_min max: 0.0
sd_t_p_qru sum: 0.0
qrz_t_q_qru_min max: 0.0
sd_t_p_qrd sum: 0.0
qrz_t_q_qrd_min max: 0.0
function: get_connected_components, time: 0.00740504264831543
function: get_bridges, time: 0.027530670166015625
function: get_connected_components, time: 0.007007598876953125
function: get_bridges, time: 0.02715611457824707
function: get_connected_components, time: 0.0068511962890625
function: get_bridges, time: 0.027114152908325195
function: get_connected_components, time: 0.006880521774291992
function: get_bridges, time: 0.026996850967407227
function: get_connected_components, time: 0.006864309310913086
function: get_bridges, time: 0.027435779571533203
function: get_connected_components, time: 0.006903171539306641
function: get_bridges, time: 0.027782917022705078
function: get_connected_components, time: 0.0069141387939453125
function: get_bridges, time: 0.02757740020751953
function: get_connected_components, time: 0.006886720657348633
function: get_bridges, time: 0.027782678604125977
function: get_connected_components, time: 0.006968259811401367
function: get_bridges, time: 0.027654170989990234
function: get_connected_components, time: 0.006993293762207031
function: get_bridges, time: 0.027559518814086914
function: get_connected_components, time: 0.0071332454681396484
function: get_bridges, time: 0.0276491641998291
function: get_connected_components, time: 0.007122516632080078
function: get_bridges, time: 0.02722024917602539
function: get_connected_components, time: 0.007117033004760742
function: get_bridges, time: 0.027626514434814453
function: get_connected_components, time: 0.007093667984008789
function: get_bridges, time: 0.027875661849975586
function: get_connected_components, time: 0.00715327262878418
function: get_bridges, time: 0.027527332305908203
function: get_connected_components, time: 0.007142305374145508
function: get_bridges, time: 0.027632713317871094
function: get_connected_components, time: 0.007055997848510742
function: get_bridges, time: 0.027621030807495117
function: get_connected_components, time: 0.006886720657348633
function: get_bridges, time: 0.02802276611328125
end of eval_connectedness(), memory info: {'rss bytes': 407613440, 'rss human': '388.7M', 'percent': 0.1508963651982261}
function: eval_connectedness, time: 0.6495051383972168
problem dimensions. bus: 1576, acl: 2270, xfr: 157, dcl: 2, k: 147, t: 18
construct static bus admittance matrix. time: 0.0010790824890136719
factor static bus admittance matrix. time: 0.010792016983032227
t_acl_delta_t: [array([], dtype=int64), array([], dtype=int64), array([], dtype=int64), array([], dtype=int64), array([], dtype=int64), array([], dtype=int64), array([], dtype=int64), array([], dtype=int64), array([], dtype=int64), array([], dtype=int64), array([], dtype=int64), array([], dtype=int64), array([], dtype=int64), array([], dtype=int64), array([], dtype=int64), array([], dtype=int64), array([], dtype=int64), array([], dtype=int64)], t_xfr_delta_t: [array([], dtype=int64), array([], dtype=int64), array([], dtype=int64), array([], dtype=int64), array([], dtype=int64), array([], dtype=int64), array([], dtype=int64), array([], dtype=int64), array([], dtype=int64), array([], dtype=int64), array([], dtype=int64), array([], dtype=int64), array([], dtype=int64), array([], dtype=int64), array([], dtype=int64), array([], dtype=int64), array([], dtype=int64), array([], dtype=int64)], t_br_delta_t: [array([], dtype=int64), array([], dtype=int64), array([], dtype=int64), array([], dtype=int64), array([], dtype=int64), array([], dtype=int64), array([], dtype=int64), array([], dtype=int64), array([], dtype=int64), array([], dtype=int64), array([], dtype=int64), array([], dtype=int64), array([], dtype=int64), array([], dtype=int64), array([], dtype=int64), array([], dtype=int64), array([], dtype=int64), array([], dtype=int64)], acl_delta_t: [], xfr_delta_t: [], br_delta_t: []
contingency delta branches. acl: 147, xfr: 0, dcl: 0
construct bus,t-indexed right hand side. time: 0.00033211708068847656
solve for base case bus,t-indexed theta. time: 0.16899847984313965
v_acl_k: [-9.80689002e-05 -8.80981399e-05 -1.18262271e-07 -6.99836682e-04
 -6.63609266e-04 -1.22707682e-03 -1.22707682e-03 -6.70794450e-04
 -6.70794450e-04 -6.07198351e-03 -1.74150949e-03 -1.55871670e-06
 -9.52324817e-06 -1.95907959e-03 -5.78064359e-03 -2.05340018e-03
 -5.89300591e-04 -1.21037872e-04 -1.21037872e-04 -1.18254185e-04
 -8.83259549e-05 -4.89372814e-05 -7.87424762e-05 -1.49355785e-04
 -3.47088491e-03 -3.47088491e-03 -3.51071291e-03 -3.52067041e-03
 -3.52067041e-03 -3.54700999e-03 -3.62666757e-03 -3.60675198e-03
 -3.60675198e-03 -3.60675198e-03 -7.66924799e-03 -7.66924799e-03
 -9.86849934e-04 -1.37217068e-03 -1.37217068e-03 -1.37217068e-03
 -1.37217068e-03 -5.91654341e-06 -6.16777440e-03 -6.16777440e-03
 -7.40200464e-10 -6.66752421e-04 -3.96612731e-04 -5.47275069e-04
 -3.96612731e-04 -5.46454174e-03 -5.48445674e-03 -5.61745953e-03
 -5.61745953e-03 -4.50188768e-03 -4.55237713e-03 -2.05986902e-02
 -1.42230496e-02 -1.42230496e-02 -1.41157133e-02 -1.41157133e-02
 -3.29099446e-03 -3.29099446e-03 -9.59845472e-03 -9.59845472e-03
 -1.56630591e-03 -1.94342812e-03 -1.47371533e-02 -1.47570671e-02
 -1.58732319e-03 -7.62520675e-03 -1.35600000e-03 -1.35600000e-03
 -2.01001795e-03 -5.23217509e-04 -2.00094207e-05 -1.12647199e-05
 -9.94545632e-03 -8.67430013e-03 -8.60459932e-03 -8.60459932e-03
 -9.45588804e-03 -3.71546649e-02 -3.23315230e-02 -3.23315230e-02
 -3.72119828e-02 -1.25058880e-06 -6.05717137e-06 -1.16963057e-02
 -9.71367446e-07 -4.73164218e-03 -4.73164218e-03 -3.80450200e-03
 -3.80450200e-03 -3.85428721e-03 -3.64496903e-03 -3.64496903e-03
 -4.70728875e-03 -4.70728875e-03 -4.65526711e-03 -9.26452136e-04
 -9.26452136e-04 -9.26452136e-04 -1.10344047e-03 -1.10344047e-03
 -4.26224985e-05 -7.50995484e-04 -7.50995484e-04 -9.20001268e-03
 -5.00997690e-02 -7.34823973e-03 -2.41447023e-02 -1.40731694e-02
 -1.49489630e-03 -2.11488903e-02 -2.11488903e-02 -2.99942442e-02
 -2.85826300e-05 -4.73583773e-03 -4.74710673e-03 -2.24689915e-02
 -2.24590346e-02 -1.39413542e-02 -1.39413542e-02 -2.85064016e-02
 -3.95351593e-03 -3.95351593e-03 -5.49431220e-03 -9.67334153e-03
 -9.98049205e-03 -2.42333367e-03 -2.40341874e-03 -2.77837055e-02
 -5.13929896e-05 -1.32185802e-04 -2.30824927e-04 -1.58166096e-04
 -7.77039089e-03 -2.09114037e-02 -3.00868466e-03 -6.37093333e-03
 -3.66578082e-03 -3.66578082e-03 -4.10013711e-03 -4.48100100e-03
 -4.48100100e-03 -4.48100100e-03 -2.57778224e-03]
acl_u[acl_delta_k]: [1 1 1 1 1 1 1 1 1 1 1 1 1 1 1 1 1 1 1 1 1 1 1 1 1 1 1 1 1 1 1 1 1 1 1 1 1
 1 1 1 1 1 1 1 1 1 1 1 1 1 1 1 1 1 1 1 1 1 1 1 1 1 1 1 1 1 1 1 1 1 1 1 1 1
 1 1 1 1 1 1 1 1 1 1 1 1 1 1 1 1 1 1 1 1 1 1 1 1 1 1 1 1 1 1 1 1 1 1 1 1 1
 1 1 1 1 1 1 1 1 1 1 1 1 1 1 1 1 1 1 1 1 1 1 1 1 1 1 1 1 1 1 1 1 1 1 1 1]
num AC branches with possible violations in ACL contingencies: 7
num AC branches with possible violations in DCL contingencies: 0
num AC branches with possible violations in XFR contingencies: 0
t: 0, time: 0.1291499137878418, memory_info: {'rss bytes': 513871872, 'rss human': '490.1M', 'percent': 0.19023268139148725}
v_acl_k: [-9.80689002e-05 -8.80981399e-05 -1.18262271e-07 -6.99836682e-04
 -6.63609266e-04 -1.22707682e-03 -1.22707682e-03 -6.70794450e-04
 -6.70794450e-04 -6.07198351e-03 -1.74150949e-03 -1.55871670e-06
 -9.52324817e-06 -1.95907959e-03 -5.78064359e-03 -2.05340018e-03
 -5.89300591e-04 -1.21037872e-04 -1.21037872e-04 -1.18254185e-04
 -8.83259549e-05 -4.89372814e-05 -7.87424762e-05 -1.49355785e-04
 -3.47088491e-03 -3.47088491e-03 -3.51071291e-03 -3.52067041e-03
 -3.52067041e-03 -3.54700999e-03 -3.62666757e-03 -3.60675198e-03
 -3.60675198e-03 -3.60675198e-03 -7.66924799e-03 -7.66924799e-03
 -9.86849934e-04 -1.37217068e-03 -1.37217068e-03 -1.37217068e-03
 -1.37217068e-03 -5.91654341e-06 -6.16777440e-03 -6.16777440e-03
 -7.40200464e-10 -6.66752421e-04 -3.96612731e-04 -5.47275069e-04
 -3.96612731e-04 -5.46454174e-03 -5.48445674e-03 -5.61745953e-03
 -5.61745953e-03 -4.50188768e-03 -4.55237713e-03 -2.05986902e-02
 -1.42230496e-02 -1.42230496e-02 -1.41157133e-02 -1.41157133e-02
 -3.29099446e-03 -3.29099446e-03 -9.59845472e-03 -9.59845472e-03
 -1.56630591e-03 -1.94342812e-03 -1.47371533e-02 -1.47570671e-02
 -1.58732319e-03 -7.62520675e-03 -1.35600000e-03 -1.35600000e-03
 -2.01001795e-03 -5.23217509e-04 -2.00094207e-05 -1.12647199e-05
 -9.94545632e-03 -8.67430013e-03 -8.60459932e-03 -8.60459932e-03
 -9.45588804e-03 -3.71546649e-02 -3.23315230e-02 -3.23315230e-02
 -3.72119828e-02 -1.25058880e-06 -6.05717137e-06 -1.16963057e-02
 -9.71367446e-07 -4.73164218e-03 -4.73164218e-03 -3.80450200e-03
 -3.80450200e-03 -3.85428721e-03 -3.64496903e-03 -3.64496903e-03
 -4.70728875e-03 -4.70728875e-03 -4.65526711e-03 -9.26452136e-04
 -9.26452136e-04 -9.26452136e-04 -1.10344047e-03 -1.10344047e-03
 -4.26224985e-05 -7.50995484e-04 -7.50995484e-04 -9.20001268e-03
 -5.00997690e-02 -7.34823973e-03 -2.41447023e-02 -1.40731694e-02
 -1.49489630e-03 -2.11488903e-02 -2.11488903e-02 -2.99942442e-02
 -2.85826300e-05 -4.73583773e-03 -4.74710673e-03 -2.24689915e-02
 -2.24590346e-02 -1.39413542e-02 -1.39413542e-02 -2.85064016e-02
 -3.95351593e-03 -3.95351593e-03 -5.49431220e-03 -9.67334153e-03
 -9.98049205e-03 -2.42333367e-03 -2.40341874e-03 -2.77837055e-02
 -5.13929896e-05 -1.32185802e-04 -2.30824927e-04 -1.58166096e-04
 -7.77039089e-03 -2.09114037e-02 -3.00868466e-03 -6.37093333e-03
 -3.66578082e-03 -3.66578082e-03 -4.10013711e-03 -4.48100100e-03
 -4.48100100e-03 -4.48100100e-03 -2.57778224e-03]
acl_u[acl_delta_k]: [1 1 1 1 1 1 1 1 1 1 1 1 1 1 1 1 1 1 1 1 1 1 1 1 1 1 1 1 1 1 1 1 1 1 1 1 1
 1 1 1 1 1 1 1 1 1 1 1 1 1 1 1 1 1 1 1 1 1 1 1 1 1 1 1 1 1 1 1 1 1 1 1 1 1
 1 1 1 1 1 1 1 1 1 1 1 1 1 1 1 1 1 1 1 1 1 1 1 1 1 1 1 1 1 1 1 1 1 1 1 1 1
 1 1 1 1 1 1 1 1 1 1 1 1 1 1 1 1 1 1 1 1 1 1 1 1 1 1 1 1 1 1 1 1 1 1 1 1]
num AC branches with possible violations in ACL contingencies: 7
num AC branches with possible violations in DCL contingencies: 0
num AC branches with possible violations in XFR contingencies: 0
t: 1, time: 0.13236761093139648, memory_info: {'rss bytes': 518197248, 'rss human': '494.2M', 'percent': 0.19183391298119057}
v_acl_k: [-9.80689002e-05 -8.80981399e-05 -1.18262271e-07 -6.99836682e-04
 -6.63609266e-04 -1.22707682e-03 -1.22707682e-03 -6.70794450e-04
 -6.70794450e-04 -6.07198351e-03 -1.74150949e-03 -1.55871670e-06
 -9.52324817e-06 -1.95907959e-03 -5.78064359e-03 -2.05340018e-03
 -5.89300591e-04 -1.21037872e-04 -1.21037872e-04 -1.18254185e-04
 -8.83259549e-05 -4.89372814e-05 -7.87424762e-05 -1.49355785e-04
 -3.47088491e-03 -3.47088491e-03 -3.51071291e-03 -3.52067041e-03
 -3.52067041e-03 -3.54700999e-03 -3.62666757e-03 -3.60675198e-03
 -3.60675198e-03 -3.60675198e-03 -7.66924799e-03 -7.66924799e-03
 -9.86849934e-04 -1.37217068e-03 -1.37217068e-03 -1.37217068e-03
 -1.37217068e-03 -5.91654341e-06 -6.16777440e-03 -6.16777440e-03
 -7.40200464e-10 -6.66752421e-04 -3.96612731e-04 -5.47275069e-04
 -3.96612731e-04 -5.46454174e-03 -5.48445674e-03 -5.61745953e-03
 -5.61745953e-03 -4.50188768e-03 -4.55237713e-03 -2.05986902e-02
 -1.42230496e-02 -1.42230496e-02 -1.41157133e-02 -1.41157133e-02
 -3.29099446e-03 -3.29099446e-03 -9.59845472e-03 -9.59845472e-03
 -1.56630591e-03 -1.94342812e-03 -1.47371533e-02 -1.47570671e-02
 -1.58732319e-03 -7.62520675e-03 -1.35600000e-03 -1.35600000e-03
 -2.01001795e-03 -5.23217509e-04 -2.00094207e-05 -1.12647199e-05
 -9.94545632e-03 -8.67430013e-03 -8.60459932e-03 -8.60459932e-03
 -9.45588804e-03 -3.71546649e-02 -3.23315230e-02 -3.23315230e-02
 -3.72119828e-02 -1.25058880e-06 -6.05717137e-06 -1.16963057e-02
 -9.71367446e-07 -4.73164218e-03 -4.73164218e-03 -3.80450200e-03
 -3.80450200e-03 -3.85428721e-03 -3.64496903e-03 -3.64496903e-03
 -4.70728875e-03 -4.70728875e-03 -4.65526711e-03 -9.26452136e-04
 -9.26452136e-04 -9.26452136e-04 -1.10344047e-03 -1.10344047e-03
 -4.26224985e-05 -7.50995484e-04 -7.50995484e-04 -9.20001268e-03
 -5.00997690e-02 -7.34823973e-03 -2.41447023e-02 -1.40731694e-02
 -1.49489630e-03 -2.11488903e-02 -2.11488903e-02 -2.99942442e-02
 -2.85826300e-05 -4.73583773e-03 -4.74710673e-03 -2.24689915e-02
 -2.24590346e-02 -1.39413542e-02 -1.39413542e-02 -2.85064016e-02
 -3.95351593e-03 -3.95351593e-03 -5.49431220e-03 -9.67334153e-03
 -9.98049205e-03 -2.42333367e-03 -2.40341874e-03 -2.77837055e-02
 -5.13929896e-05 -1.32185802e-04 -2.30824927e-04 -1.58166096e-04
 -7.77039089e-03 -2.09114037e-02 -3.00868466e-03 -6.37093333e-03
 -3.66578082e-03 -3.66578082e-03 -4.10013711e-03 -4.48100100e-03
 -4.48100100e-03 -4.48100100e-03 -2.57778224e-03]
acl_u[acl_delta_k]: [1 1 1 1 1 1 1 1 1 1 1 1 1 1 1 1 1 1 1 1 1 1 1 1 1 1 1 1 1 1 1 1 1 1 1 1 1
 1 1 1 1 1 1 1 1 1 1 1 1 1 1 1 1 1 1 1 1 1 1 1 1 1 1 1 1 1 1 1 1 1 1 1 1 1
 1 1 1 1 1 1 1 1 1 1 1 1 1 1 1 1 1 1 1 1 1 1 1 1 1 1 1 1 1 1 1 1 1 1 1 1 1
 1 1 1 1 1 1 1 1 1 1 1 1 1 1 1 1 1 1 1 1 1 1 1 1 1 1 1 1 1 1 1 1 1 1 1 1]
num AC branches with possible violations in ACL contingencies: 7
num AC branches with possible violations in DCL contingencies: 0
num AC branches with possible violations in XFR contingencies: 0
t: 2, time: 0.13079619407653809, memory_info: {'rss bytes': 518737920, 'rss human': '494.7M', 'percent': 0.1920340669299035}
v_acl_k: [-9.80689002e-05 -8.80981399e-05 -1.18262271e-07 -6.99836682e-04
 -6.63609266e-04 -1.22707682e-03 -1.22707682e-03 -6.70794450e-04
 -6.70794450e-04 -6.07198351e-03 -1.74150949e-03 -1.55871670e-06
 -9.52324817e-06 -1.95907959e-03 -5.78064359e-03 -2.05340018e-03
 -5.89300591e-04 -1.21037872e-04 -1.21037872e-04 -1.18254185e-04
 -8.83259549e-05 -4.89372814e-05 -7.87424762e-05 -1.49355785e-04
 -3.47088491e-03 -3.47088491e-03 -3.51071291e-03 -3.52067041e-03
 -3.52067041e-03 -3.54700999e-03 -3.62666757e-03 -3.60675198e-03
 -3.60675198e-03 -3.60675198e-03 -7.66924799e-03 -7.66924799e-03
 -9.86849934e-04 -1.37217068e-03 -1.37217068e-03 -1.37217068e-03
 -1.37217068e-03 -5.91654341e-06 -6.16777440e-03 -6.16777440e-03
 -7.40200464e-10 -6.66752421e-04 -3.96612731e-04 -5.47275069e-04
 -3.96612731e-04 -5.46454174e-03 -5.48445674e-03 -5.61745953e-03
 -5.61745953e-03 -4.50188768e-03 -4.55237713e-03 -2.05986902e-02
 -1.42230496e-02 -1.42230496e-02 -1.41157133e-02 -1.41157133e-02
 -3.29099446e-03 -3.29099446e-03 -9.59845472e-03 -9.59845472e-03
 -1.56630591e-03 -1.94342812e-03 -1.47371533e-02 -1.47570671e-02
 -1.58732319e-03 -7.62520675e-03 -1.35600000e-03 -1.35600000e-03
 -2.01001795e-03 -5.23217509e-04 -2.00094207e-05 -1.12647199e-05
 -9.94545632e-03 -8.67430013e-03 -8.60459932e-03 -8.60459932e-03
 -9.45588804e-03 -3.71546649e-02 -3.23315230e-02 -3.23315230e-02
 -3.72119828e-02 -1.25058880e-06 -6.05717137e-06 -1.16963057e-02
 -9.71367446e-07 -4.73164218e-03 -4.73164218e-03 -3.80450200e-03
 -3.80450200e-03 -3.85428721e-03 -3.64496903e-03 -3.64496903e-03
 -4.70728875e-03 -4.70728875e-03 -4.65526711e-03 -9.26452136e-04
 -9.26452136e-04 -9.26452136e-04 -1.10344047e-03 -1.10344047e-03
 -4.26224985e-05 -7.50995484e-04 -7.50995484e-04 -9.20001268e-03
 -5.00997690e-02 -7.34823973e-03 -2.41447023e-02 -1.40731694e-02
 -1.49489630e-03 -2.11488903e-02 -2.11488903e-02 -2.99942442e-02
 -2.85826300e-05 -4.73583773e-03 -4.74710673e-03 -2.24689915e-02
 -2.24590346e-02 -1.39413542e-02 -1.39413542e-02 -2.85064016e-02
 -3.95351593e-03 -3.95351593e-03 -5.49431220e-03 -9.67334153e-03
 -9.98049205e-03 -2.42333367e-03 -2.40341874e-03 -2.77837055e-02
 -5.13929896e-05 -1.32185802e-04 -2.30824927e-04 -1.58166096e-04
 -7.77039089e-03 -2.09114037e-02 -3.00868466e-03 -6.37093333e-03
 -3.66578082e-03 -3.66578082e-03 -4.10013711e-03 -4.48100100e-03
 -4.48100100e-03 -4.48100100e-03 -2.57778224e-03]
acl_u[acl_delta_k]: [1 1 1 1 1 1 1 1 1 1 1 1 1 1 1 1 1 1 1 1 1 1 1 1 1 1 1 1 1 1 1 1 1 1 1 1 1
 1 1 1 1 1 1 1 1 1 1 1 1 1 1 1 1 1 1 1 1 1 1 1 1 1 1 1 1 1 1 1 1 1 1 1 1 1
 1 1 1 1 1 1 1 1 1 1 1 1 1 1 1 1 1 1 1 1 1 1 1 1 1 1 1 1 1 1 1 1 1 1 1 1 1
 1 1 1 1 1 1 1 1 1 1 1 1 1 1 1 1 1 1 1 1 1 1 1 1 1 1 1 1 1 1 1 1 1 1 1 1]
num AC branches with possible violations in ACL contingencies: 7
num AC branches with possible violations in DCL contingencies: 0
num AC branches with possible violations in XFR contingencies: 0
t: 3, time: 0.14314484596252441, memory_info: {'rss bytes': 518737920, 'rss human': '494.7M', 'percent': 0.1920340669299035}
v_acl_k: [-9.80689002e-05 -8.80981399e-05 -1.18262271e-07 -6.99836682e-04
 -6.63609266e-04 -1.22707682e-03 -1.22707682e-03 -6.70794450e-04
 -6.70794450e-04 -6.07198351e-03 -1.74150949e-03 -1.55871670e-06
 -9.52324817e-06 -1.95907959e-03 -5.78064359e-03 -2.05340018e-03
 -5.89300591e-04 -1.21037872e-04 -1.21037872e-04 -1.18254185e-04
 -8.83259549e-05 -4.89372814e-05 -7.87424762e-05 -1.49355785e-04
 -3.47088491e-03 -3.47088491e-03 -3.51071291e-03 -3.52067041e-03
 -3.52067041e-03 -3.54700999e-03 -3.62666757e-03 -3.60675198e-03
 -3.60675198e-03 -3.60675198e-03 -7.66924799e-03 -7.66924799e-03
 -9.86849934e-04 -1.37217068e-03 -1.37217068e-03 -1.37217068e-03
 -1.37217068e-03 -5.91654341e-06 -6.16777440e-03 -6.16777440e-03
 -7.40200464e-10 -6.66752421e-04 -3.96612731e-04 -5.47275069e-04
 -3.96612731e-04 -5.46454174e-03 -5.48445674e-03 -5.61745953e-03
 -5.61745953e-03 -4.50188768e-03 -4.55237713e-03 -2.05986902e-02
 -1.42230496e-02 -1.42230496e-02 -1.41157133e-02 -1.41157133e-02
 -3.29099446e-03 -3.29099446e-03 -9.59845472e-03 -9.59845472e-03
 -1.56630591e-03 -1.94342812e-03 -1.47371533e-02 -1.47570671e-02
 -1.58732319e-03 -7.62520675e-03 -1.35600000e-03 -1.35600000e-03
 -2.01001795e-03 -5.23217509e-04 -2.00094207e-05 -1.12647199e-05
 -9.94545632e-03 -8.67430013e-03 -8.60459932e-03 -8.60459932e-03
 -9.45588804e-03 -3.71546649e-02 -3.23315230e-02 -3.23315230e-02
 -3.72119828e-02 -1.25058880e-06 -6.05717137e-06 -1.16963057e-02
 -9.71367446e-07 -4.73164218e-03 -4.73164218e-03 -3.80450200e-03
 -3.80450200e-03 -3.85428721e-03 -3.64496903e-03 -3.64496903e-03
 -4.70728875e-03 -4.70728875e-03 -4.65526711e-03 -9.26452136e-04
 -9.26452136e-04 -9.26452136e-04 -1.10344047e-03 -1.10344047e-03
 -4.26224985e-05 -7.50995484e-04 -7.50995484e-04 -9.20001268e-03
 -5.00997690e-02 -7.34823973e-03 -2.41447023e-02 -1.40731694e-02
 -1.49489630e-03 -2.11488903e-02 -2.11488903e-02 -2.99942442e-02
 -2.85826300e-05 -4.73583773e-03 -4.74710673e-03 -2.24689915e-02
 -2.24590346e-02 -1.39413542e-02 -1.39413542e-02 -2.85064016e-02
 -3.95351593e-03 -3.95351593e-03 -5.49431220e-03 -9.67334153e-03
 -9.98049205e-03 -2.42333367e-03 -2.40341874e-03 -2.77837055e-02
 -5.13929896e-05 -1.32185802e-04 -2.30824927e-04 -1.58166096e-04
 -7.77039089e-03 -2.09114037e-02 -3.00868466e-03 -6.37093333e-03
 -3.66578082e-03 -3.66578082e-03 -4.10013711e-03 -4.48100100e-03
 -4.48100100e-03 -4.48100100e-03 -2.57778224e-03]
acl_u[acl_delta_k]: [1 1 1 1 1 1 1 1 1 1 1 1 1 1 1 1 1 1 1 1 1 1 1 1 1 1 1 1 1 1 1 1 1 1 1 1 1
 1 1 1 1 1 1 1 1 1 1 1 1 1 1 1 1 1 1 1 1 1 1 1 1 1 1 1 1 1 1 1 1 1 1 1 1 1
 1 1 1 1 1 1 1 1 1 1 1 1 1 1 1 1 1 1 1 1 1 1 1 1 1 1 1 1 1 1 1 1 1 1 1 1 1
 1 1 1 1 1 1 1 1 1 1 1 1 1 1 1 1 1 1 1 1 1 1 1 1 1 1 1 1 1 1 1 1 1 1 1 1]
num AC branches with possible violations in ACL contingencies: 7
num AC branches with possible violations in DCL contingencies: 0
num AC branches with possible violations in XFR contingencies: 0
t: 4, time: 0.132249116897583, memory_info: {'rss bytes': 519008256, 'rss human': '495.0M', 'percent': 0.19213414390425995}
v_acl_k: [-9.80689002e-05 -8.80981399e-05 -1.18262271e-07 -6.99836682e-04
 -6.63609266e-04 -1.22707682e-03 -1.22707682e-03 -6.70794450e-04
 -6.70794450e-04 -6.07198351e-03 -1.74150949e-03 -1.55871670e-06
 -9.52324817e-06 -1.95907959e-03 -5.78064359e-03 -2.05340018e-03
 -5.89300591e-04 -1.21037872e-04 -1.21037872e-04 -1.18254185e-04
 -8.83259549e-05 -4.89372814e-05 -7.87424762e-05 -1.49355785e-04
 -3.47088491e-03 -3.47088491e-03 -3.51071291e-03 -3.52067041e-03
 -3.52067041e-03 -3.54700999e-03 -3.62666757e-03 -3.60675198e-03
 -3.60675198e-03 -3.60675198e-03 -7.66924799e-03 -7.66924799e-03
 -9.86849934e-04 -1.37217068e-03 -1.37217068e-03 -1.37217068e-03
 -1.37217068e-03 -5.91654341e-06 -6.16777440e-03 -6.16777440e-03
 -7.40200464e-10 -6.66752421e-04 -3.96612731e-04 -5.47275069e-04
 -3.96612731e-04 -5.46454174e-03 -5.48445674e-03 -5.61745953e-03
 -5.61745953e-03 -4.50188768e-03 -4.55237713e-03 -2.05986902e-02
 -1.42230496e-02 -1.42230496e-02 -1.41157133e-02 -1.41157133e-02
 -3.29099446e-03 -3.29099446e-03 -9.59845472e-03 -9.59845472e-03
 -1.56630591e-03 -1.94342812e-03 -1.47371533e-02 -1.47570671e-02
 -1.58732319e-03 -7.62520675e-03 -1.35600000e-03 -1.35600000e-03
 -2.01001795e-03 -5.23217509e-04 -2.00094207e-05 -1.12647199e-05
 -9.94545632e-03 -8.67430013e-03 -8.60459932e-03 -8.60459932e-03
 -9.45588804e-03 -3.71546649e-02 -3.23315230e-02 -3.23315230e-02
 -3.72119828e-02 -1.25058880e-06 -6.05717137e-06 -1.16963057e-02
 -9.71367446e-07 -4.73164218e-03 -4.73164218e-03 -3.80450200e-03
 -3.80450200e-03 -3.85428721e-03 -3.64496903e-03 -3.64496903e-03
 -4.70728875e-03 -4.70728875e-03 -4.65526711e-03 -9.26452136e-04
 -9.26452136e-04 -9.26452136e-04 -1.10344047e-03 -1.10344047e-03
 -4.26224985e-05 -7.50995484e-04 -7.50995484e-04 -9.20001268e-03
 -5.00997690e-02 -7.34823973e-03 -2.41447023e-02 -1.40731694e-02
 -1.49489630e-03 -2.11488903e-02 -2.11488903e-02 -2.99942442e-02
 -2.85826300e-05 -4.73583773e-03 -4.74710673e-03 -2.24689915e-02
 -2.24590346e-02 -1.39413542e-02 -1.39413542e-02 -2.85064016e-02
 -3.95351593e-03 -3.95351593e-03 -5.49431220e-03 -9.67334153e-03
 -9.98049205e-03 -2.42333367e-03 -2.40341874e-03 -2.77837055e-02
 -5.13929896e-05 -1.32185802e-04 -2.30824927e-04 -1.58166096e-04
 -7.77039089e-03 -2.09114037e-02 -3.00868466e-03 -6.37093333e-03
 -3.66578082e-03 -3.66578082e-03 -4.10013711e-03 -4.48100100e-03
 -4.48100100e-03 -4.48100100e-03 -2.57778224e-03]
acl_u[acl_delta_k]: [1 1 1 1 1 1 1 1 1 1 1 1 1 1 1 1 1 1 1 1 1 1 1 1 1 1 1 1 1 1 1 1 1 1 1 1 1
 1 1 1 1 1 1 1 1 1 1 1 1 1 1 1 1 1 1 1 1 1 1 1 1 1 1 1 1 1 1 1 1 1 1 1 1 1
 1 1 1 1 1 1 1 1 1 1 1 1 1 1 1 1 1 1 1 1 1 1 1 1 1 1 1 1 1 1 1 1 1 1 1 1 1
 1 1 1 1 1 1 1 1 1 1 1 1 1 1 1 1 1 1 1 1 1 1 1 1 1 1 1 1 1 1 1 1 1 1 1 1]
num AC branches with possible violations in ACL contingencies: 7
num AC branches with possible violations in DCL contingencies: 0
num AC branches with possible violations in XFR contingencies: 0
t: 5, time: 0.1349353790283203, memory_info: {'rss bytes': 519008256, 'rss human': '495.0M', 'percent': 0.19213414390425995}
v_acl_k: [-9.80689002e-05 -8.80981399e-05 -1.18262271e-07 -6.99836682e-04
 -6.63609266e-04 -1.22707682e-03 -1.22707682e-03 -6.70794450e-04
 -6.70794450e-04 -6.07198351e-03 -1.74150949e-03 -1.55871670e-06
 -9.52324817e-06 -1.95907959e-03 -5.78064359e-03 -2.05340018e-03
 -5.89300591e-04 -1.21037872e-04 -1.21037872e-04 -1.18254185e-04
 -8.83259549e-05 -4.89372814e-05 -7.87424762e-05 -1.49355785e-04
 -3.47088491e-03 -3.47088491e-03 -3.51071291e-03 -3.52067041e-03
 -3.52067041e-03 -3.54700999e-03 -3.62666757e-03 -3.60675198e-03
 -3.60675198e-03 -3.60675198e-03 -7.66924799e-03 -7.66924799e-03
 -9.86849934e-04 -1.37217068e-03 -1.37217068e-03 -1.37217068e-03
 -1.37217068e-03 -5.91654341e-06 -6.16777440e-03 -6.16777440e-03
 -7.40200464e-10 -6.66752421e-04 -3.96612731e-04 -5.47275069e-04
 -3.96612731e-04 -5.46454174e-03 -5.48445674e-03 -5.61745953e-03
 -5.61745953e-03 -4.50188768e-03 -4.55237713e-03 -2.05986902e-02
 -1.42230496e-02 -1.42230496e-02 -1.41157133e-02 -1.41157133e-02
 -3.29099446e-03 -3.29099446e-03 -9.59845472e-03 -9.59845472e-03
 -1.56630591e-03 -1.94342812e-03 -1.47371533e-02 -1.47570671e-02
 -1.58732319e-03 -7.62520675e-03 -1.35600000e-03 -1.35600000e-03
 -2.01001795e-03 -5.23217509e-04 -2.00094207e-05 -1.12647199e-05
 -9.94545632e-03 -8.67430013e-03 -8.60459932e-03 -8.60459932e-03
 -9.45588804e-03 -3.71546649e-02 -3.23315230e-02 -3.23315230e-02
 -3.72119828e-02 -1.25058880e-06 -6.05717137e-06 -1.16963057e-02
 -9.71367446e-07 -4.73164218e-03 -4.73164218e-03 -3.80450200e-03
 -3.80450200e-03 -3.85428721e-03 -3.64496903e-03 -3.64496903e-03
 -4.70728875e-03 -4.70728875e-03 -4.65526711e-03 -9.26452136e-04
 -9.26452136e-04 -9.26452136e-04 -1.10344047e-03 -1.10344047e-03
 -4.26224985e-05 -7.50995484e-04 -7.50995484e-04 -9.20001268e-03
 -5.00997690e-02 -7.34823973e-03 -2.41447023e-02 -1.40731694e-02
 -1.49489630e-03 -2.11488903e-02 -2.11488903e-02 -2.99942442e-02
 -2.85826300e-05 -4.73583773e-03 -4.74710673e-03 -2.24689915e-02
 -2.24590346e-02 -1.39413542e-02 -1.39413542e-02 -2.85064016e-02
 -3.95351593e-03 -3.95351593e-03 -5.49431220e-03 -9.67334153e-03
 -9.98049205e-03 -2.42333367e-03 -2.40341874e-03 -2.77837055e-02
 -5.13929896e-05 -1.32185802e-04 -2.30824927e-04 -1.58166096e-04
 -7.77039089e-03 -2.09114037e-02 -3.00868466e-03 -6.37093333e-03
 -3.66578082e-03 -3.66578082e-03 -4.10013711e-03 -4.48100100e-03
 -4.48100100e-03 -4.48100100e-03 -2.57778224e-03]
acl_u[acl_delta_k]: [1 1 1 1 1 1 1 1 1 1 1 1 1 1 1 1 1 1 1 1 1 1 1 1 1 1 1 1 1 1 1 1 1 1 1 1 1
 1 1 1 1 1 1 1 1 1 1 1 1 1 1 1 1 1 1 1 1 1 1 1 1 1 1 1 1 1 1 1 1 1 1 1 1 1
 1 1 1 1 1 1 1 1 1 1 1 1 1 1 1 1 1 1 1 1 1 1 1 1 1 1 1 1 1 1 1 1 1 1 1 1 1
 1 1 1 1 1 1 1 1 1 1 1 1 1 1 1 1 1 1 1 1 1 1 1 1 1 1 1 1 1 1 1 1 1 1 1 1]
num AC branches with possible violations in ACL contingencies: 7
num AC branches with possible violations in DCL contingencies: 0
num AC branches with possible violations in XFR contingencies: 0
t: 6, time: 0.12367963790893555, memory_info: {'rss bytes': 519008256, 'rss human': '495.0M', 'percent': 0.19213414390425995}
v_acl_k: [-9.80689002e-05 -8.80981399e-05 -1.18262271e-07 -6.99836682e-04
 -6.63609266e-04 -1.22707682e-03 -1.22707682e-03 -6.70794450e-04
 -6.70794450e-04 -6.07198351e-03 -1.74150949e-03 -1.55871670e-06
 -9.52324817e-06 -1.95907959e-03 -5.78064359e-03 -2.05340018e-03
 -5.89300591e-04 -1.21037872e-04 -1.21037872e-04 -1.18254185e-04
 -8.83259549e-05 -4.89372814e-05 -7.87424762e-05 -1.49355785e-04
 -3.47088491e-03 -3.47088491e-03 -3.51071291e-03 -3.52067041e-03
 -3.52067041e-03 -3.54700999e-03 -3.62666757e-03 -3.60675198e-03
 -3.60675198e-03 -3.60675198e-03 -7.66924799e-03 -7.66924799e-03
 -9.86849934e-04 -1.37217068e-03 -1.37217068e-03 -1.37217068e-03
 -1.37217068e-03 -5.91654341e-06 -6.16777440e-03 -6.16777440e-03
 -7.40200464e-10 -6.66752421e-04 -3.96612731e-04 -5.47275069e-04
 -3.96612731e-04 -5.46454174e-03 -5.48445674e-03 -5.61745953e-03
 -5.61745953e-03 -4.50188768e-03 -4.55237713e-03 -2.05986902e-02
 -1.42230496e-02 -1.42230496e-02 -1.41157133e-02 -1.41157133e-02
 -3.29099446e-03 -3.29099446e-03 -9.59845472e-03 -9.59845472e-03
 -1.56630591e-03 -1.94342812e-03 -1.47371533e-02 -1.47570671e-02
 -1.58732319e-03 -7.62520675e-03 -1.35600000e-03 -1.35600000e-03
 -2.01001795e-03 -5.23217509e-04 -2.00094207e-05 -1.12647199e-05
 -9.94545632e-03 -8.67430013e-03 -8.60459932e-03 -8.60459932e-03
 -9.45588804e-03 -3.71546649e-02 -3.23315230e-02 -3.23315230e-02
 -3.72119828e-02 -1.25058880e-06 -6.05717137e-06 -1.16963057e-02
 -9.71367446e-07 -4.73164218e-03 -4.73164218e-03 -3.80450200e-03
 -3.80450200e-03 -3.85428721e-03 -3.64496903e-03 -3.64496903e-03
 -4.70728875e-03 -4.70728875e-03 -4.65526711e-03 -9.26452136e-04
 -9.26452136e-04 -9.26452136e-04 -1.10344047e-03 -1.10344047e-03
 -4.26224985e-05 -7.50995484e-04 -7.50995484e-04 -9.20001268e-03
 -5.00997690e-02 -7.34823973e-03 -2.41447023e-02 -1.40731694e-02
 -1.49489630e-03 -2.11488903e-02 -2.11488903e-02 -2.99942442e-02
 -2.85826300e-05 -4.73583773e-03 -4.74710673e-03 -2.24689915e-02
 -2.24590346e-02 -1.39413542e-02 -1.39413542e-02 -2.85064016e-02
 -3.95351593e-03 -3.95351593e-03 -5.49431220e-03 -9.67334153e-03
 -9.98049205e-03 -2.42333367e-03 -2.40341874e-03 -2.77837055e-02
 -5.13929896e-05 -1.32185802e-04 -2.30824927e-04 -1.58166096e-04
 -7.77039089e-03 -2.09114037e-02 -3.00868466e-03 -6.37093333e-03
 -3.66578082e-03 -3.66578082e-03 -4.10013711e-03 -4.48100100e-03
 -4.48100100e-03 -4.48100100e-03 -2.57778224e-03]
acl_u[acl_delta_k]: [1 1 1 1 1 1 1 1 1 1 1 1 1 1 1 1 1 1 1 1 1 1 1 1 1 1 1 1 1 1 1 1 1 1 1 1 1
 1 1 1 1 1 1 1 1 1 1 1 1 1 1 1 1 1 1 1 1 1 1 1 1 1 1 1 1 1 1 1 1 1 1 1 1 1
 1 1 1 1 1 1 1 1 1 1 1 1 1 1 1 1 1 1 1 1 1 1 1 1 1 1 1 1 1 1 1 1 1 1 1 1 1
 1 1 1 1 1 1 1 1 1 1 1 1 1 1 1 1 1 1 1 1 1 1 1 1 1 1 1 1 1 1 1 1 1 1 1 1]
num AC branches with possible violations in ACL contingencies: 7
num AC branches with possible violations in DCL contingencies: 0
num AC branches with possible violations in XFR contingencies: 0
t: 7, time: 0.12392902374267578, memory_info: {'rss bytes': 519008256, 'rss human': '495.0M', 'percent': 0.19213414390425995}
v_acl_k: [-9.80689002e-05 -8.80981399e-05 -1.18262271e-07 -6.99836682e-04
 -6.63609266e-04 -1.22707682e-03 -1.22707682e-03 -6.70794450e-04
 -6.70794450e-04 -6.07198351e-03 -1.74150949e-03 -1.55871670e-06
 -9.52324817e-06 -1.95907959e-03 -5.78064359e-03 -2.05340018e-03
 -5.89300591e-04 -1.21037872e-04 -1.21037872e-04 -1.18254185e-04
 -8.83259549e-05 -4.89372814e-05 -7.87424762e-05 -1.49355785e-04
 -3.47088491e-03 -3.47088491e-03 -3.51071291e-03 -3.52067041e-03
 -3.52067041e-03 -3.54700999e-03 -3.62666757e-03 -3.60675198e-03
 -3.60675198e-03 -3.60675198e-03 -7.66924799e-03 -7.66924799e-03
 -9.86849934e-04 -1.37217068e-03 -1.37217068e-03 -1.37217068e-03
 -1.37217068e-03 -5.91654341e-06 -6.16777440e-03 -6.16777440e-03
 -7.40200464e-10 -6.66752421e-04 -3.96612731e-04 -5.47275069e-04
 -3.96612731e-04 -5.46454174e-03 -5.48445674e-03 -5.61745953e-03
 -5.61745953e-03 -4.50188768e-03 -4.55237713e-03 -2.05986902e-02
 -1.42230496e-02 -1.42230496e-02 -1.41157133e-02 -1.41157133e-02
 -3.29099446e-03 -3.29099446e-03 -9.59845472e-03 -9.59845472e-03
 -1.56630591e-03 -1.94342812e-03 -1.47371533e-02 -1.47570671e-02
 -1.58732319e-03 -7.62520675e-03 -1.35600000e-03 -1.35600000e-03
 -2.01001795e-03 -5.23217509e-04 -2.00094207e-05 -1.12647199e-05
 -9.94545632e-03 -8.67430013e-03 -8.60459932e-03 -8.60459932e-03
 -9.45588804e-03 -3.71546649e-02 -3.23315230e-02 -3.23315230e-02
 -3.72119828e-02 -1.25058880e-06 -6.05717137e-06 -1.16963057e-02
 -9.71367446e-07 -4.73164218e-03 -4.73164218e-03 -3.80450200e-03
 -3.80450200e-03 -3.85428721e-03 -3.64496903e-03 -3.64496903e-03
 -4.70728875e-03 -4.70728875e-03 -4.65526711e-03 -9.26452136e-04
 -9.26452136e-04 -9.26452136e-04 -1.10344047e-03 -1.10344047e-03
 -4.26224985e-05 -7.50995484e-04 -7.50995484e-04 -9.20001268e-03
 -5.00997690e-02 -7.34823973e-03 -2.41447023e-02 -1.40731694e-02
 -1.49489630e-03 -2.11488903e-02 -2.11488903e-02 -2.99942442e-02
 -2.85826300e-05 -4.73583773e-03 -4.74710673e-03 -2.24689915e-02
 -2.24590346e-02 -1.39413542e-02 -1.39413542e-02 -2.85064016e-02
 -3.95351593e-03 -3.95351593e-03 -5.49431220e-03 -9.67334153e-03
 -9.98049205e-03 -2.42333367e-03 -2.40341874e-03 -2.77837055e-02
 -5.13929896e-05 -1.32185802e-04 -2.30824927e-04 -1.58166096e-04
 -7.77039089e-03 -2.09114037e-02 -3.00868466e-03 -6.37093333e-03
 -3.66578082e-03 -3.66578082e-03 -4.10013711e-03 -4.48100100e-03
 -4.48100100e-03 -4.48100100e-03 -2.57778224e-03]
acl_u[acl_delta_k]: [1 1 1 1 1 1 1 1 1 1 1 1 1 1 1 1 1 1 1 1 1 1 1 1 1 1 1 1 1 1 1 1 1 1 1 1 1
 1 1 1 1 1 1 1 1 1 1 1 1 1 1 1 1 1 1 1 1 1 1 1 1 1 1 1 1 1 1 1 1 1 1 1 1 1
 1 1 1 1 1 1 1 1 1 1 1 1 1 1 1 1 1 1 1 1 1 1 1 1 1 1 1 1 1 1 1 1 1 1 1 1 1
 1 1 1 1 1 1 1 1 1 1 1 1 1 1 1 1 1 1 1 1 1 1 1 1 1 1 1 1 1 1 1 1 1 1 1 1]
num AC branches with possible violations in ACL contingencies: 7
num AC branches with possible violations in DCL contingencies: 0
num AC branches with possible violations in XFR contingencies: 0
t: 8, time: 0.12426471710205078, memory_info: {'rss bytes': 519008256, 'rss human': '495.0M', 'percent': 0.19213414390425995}
v_acl_k: [-9.80689002e-05 -8.80981399e-05 -1.18262271e-07 -6.99836682e-04
 -6.63609266e-04 -1.22707682e-03 -1.22707682e-03 -6.70794450e-04
 -6.70794450e-04 -6.07198351e-03 -1.74150949e-03 -1.55871670e-06
 -9.52324817e-06 -1.95907959e-03 -5.78064359e-03 -2.05340018e-03
 -5.89300591e-04 -1.21037872e-04 -1.21037872e-04 -1.18254185e-04
 -8.83259549e-05 -4.89372814e-05 -7.87424762e-05 -1.49355785e-04
 -3.47088491e-03 -3.47088491e-03 -3.51071291e-03 -3.52067041e-03
 -3.52067041e-03 -3.54700999e-03 -3.62666757e-03 -3.60675198e-03
 -3.60675198e-03 -3.60675198e-03 -7.66924799e-03 -7.66924799e-03
 -9.86849934e-04 -1.37217068e-03 -1.37217068e-03 -1.37217068e-03
 -1.37217068e-03 -5.91654341e-06 -6.16777440e-03 -6.16777440e-03
 -7.40200464e-10 -6.66752421e-04 -3.96612731e-04 -5.47275069e-04
 -3.96612731e-04 -5.46454174e-03 -5.48445674e-03 -5.61745953e-03
 -5.61745953e-03 -4.50188768e-03 -4.55237713e-03 -2.05986902e-02
 -1.42230496e-02 -1.42230496e-02 -1.41157133e-02 -1.41157133e-02
 -3.29099446e-03 -3.29099446e-03 -9.59845472e-03 -9.59845472e-03
 -1.56630591e-03 -1.94342812e-03 -1.47371533e-02 -1.47570671e-02
 -1.58732319e-03 -7.62520675e-03 -1.35600000e-03 -1.35600000e-03
 -2.01001795e-03 -5.23217509e-04 -2.00094207e-05 -1.12647199e-05
 -9.94545632e-03 -8.67430013e-03 -8.60459932e-03 -8.60459932e-03
 -9.45588804e-03 -3.71546649e-02 -3.23315230e-02 -3.23315230e-02
 -3.72119828e-02 -1.25058880e-06 -6.05717137e-06 -1.16963057e-02
 -9.71367446e-07 -4.73164218e-03 -4.73164218e-03 -3.80450200e-03
 -3.80450200e-03 -3.85428721e-03 -3.64496903e-03 -3.64496903e-03
 -4.70728875e-03 -4.70728875e-03 -4.65526711e-03 -9.26452136e-04
 -9.26452136e-04 -9.26452136e-04 -1.10344047e-03 -1.10344047e-03
 -4.26224985e-05 -7.50995484e-04 -7.50995484e-04 -9.20001268e-03
 -5.00997690e-02 -7.34823973e-03 -2.41447023e-02 -1.40731694e-02
 -1.49489630e-03 -2.11488903e-02 -2.11488903e-02 -2.99942442e-02
 -2.85826300e-05 -4.73583773e-03 -4.74710673e-03 -2.24689915e-02
 -2.24590346e-02 -1.39413542e-02 -1.39413542e-02 -2.85064016e-02
 -3.95351593e-03 -3.95351593e-03 -5.49431220e-03 -9.67334153e-03
 -9.98049205e-03 -2.42333367e-03 -2.40341874e-03 -2.77837055e-02
 -5.13929896e-05 -1.32185802e-04 -2.30824927e-04 -1.58166096e-04
 -7.77039089e-03 -2.09114037e-02 -3.00868466e-03 -6.37093333e-03
 -3.66578082e-03 -3.66578082e-03 -4.10013711e-03 -4.48100100e-03
 -4.48100100e-03 -4.48100100e-03 -2.57778224e-03]
acl_u[acl_delta_k]: [1 1 1 1 1 1 1 1 1 1 1 1 1 1 1 1 1 1 1 1 1 1 1 1 1 1 1 1 1 1 1 1 1 1 1 1 1
 1 1 1 1 1 1 1 1 1 1 1 1 1 1 1 1 1 1 1 1 1 1 1 1 1 1 1 1 1 1 1 1 1 1 1 1 1
 1 1 1 1 1 1 1 1 1 1 1 1 1 1 1 1 1 1 1 1 1 1 1 1 1 1 1 1 1 1 1 1 1 1 1 1 1
 1 1 1 1 1 1 1 1 1 1 1 1 1 1 1 1 1 1 1 1 1 1 1 1 1 1 1 1 1 1 1 1 1 1 1 1]
num AC branches with possible violations in ACL contingencies: 7
num AC branches with possible violations in DCL contingencies: 0
num AC branches with possible violations in XFR contingencies: 0
t: 9, time: 0.1524507999420166, memory_info: {'rss bytes': 519008256, 'rss human': '495.0M', 'percent': 0.19213414390425995}
v_acl_k: [-9.80689002e-05 -8.80981399e-05 -1.18262271e-07 -6.99836682e-04
 -6.63609266e-04 -1.22707682e-03 -1.22707682e-03 -6.70794450e-04
 -6.70794450e-04 -6.07198351e-03 -1.74150949e-03 -1.55871670e-06
 -9.52324817e-06 -1.95907959e-03 -5.78064359e-03 -2.05340018e-03
 -5.89300591e-04 -1.21037872e-04 -1.21037872e-04 -1.18254185e-04
 -8.83259549e-05 -4.89372814e-05 -7.87424762e-05 -1.49355785e-04
 -3.47088491e-03 -3.47088491e-03 -3.51071291e-03 -3.52067041e-03
 -3.52067041e-03 -3.54700999e-03 -3.62666757e-03 -3.60675198e-03
 -3.60675198e-03 -3.60675198e-03 -7.66924799e-03 -7.66924799e-03
 -9.86849934e-04 -1.37217068e-03 -1.37217068e-03 -1.37217068e-03
 -1.37217068e-03 -5.91654341e-06 -6.16777440e-03 -6.16777440e-03
 -7.40200464e-10 -6.66752421e-04 -3.96612731e-04 -5.47275069e-04
 -3.96612731e-04 -5.46454174e-03 -5.48445674e-03 -5.61745953e-03
 -5.61745953e-03 -4.50188768e-03 -4.55237713e-03 -2.05986902e-02
 -1.42230496e-02 -1.42230496e-02 -1.41157133e-02 -1.41157133e-02
 -3.29099446e-03 -3.29099446e-03 -9.59845472e-03 -9.59845472e-03
 -1.56630591e-03 -1.94342812e-03 -1.47371533e-02 -1.47570671e-02
 -1.58732319e-03 -7.62520675e-03 -1.35600000e-03 -1.35600000e-03
 -2.01001795e-03 -5.23217509e-04 -2.00094207e-05 -1.12647199e-05
 -9.94545632e-03 -8.67430013e-03 -8.60459932e-03 -8.60459932e-03
 -9.45588804e-03 -3.71546649e-02 -3.23315230e-02 -3.23315230e-02
 -3.72119828e-02 -1.25058880e-06 -6.05717137e-06 -1.16963057e-02
 -9.71367446e-07 -4.73164218e-03 -4.73164218e-03 -3.80450200e-03
 -3.80450200e-03 -3.85428721e-03 -3.64496903e-03 -3.64496903e-03
 -4.70728875e-03 -4.70728875e-03 -4.65526711e-03 -9.26452136e-04
 -9.26452136e-04 -9.26452136e-04 -1.10344047e-03 -1.10344047e-03
 -4.26224985e-05 -7.50995484e-04 -7.50995484e-04 -9.20001268e-03
 -5.00997690e-02 -7.34823973e-03 -2.41447023e-02 -1.40731694e-02
 -1.49489630e-03 -2.11488903e-02 -2.11488903e-02 -2.99942442e-02
 -2.85826300e-05 -4.73583773e-03 -4.74710673e-03 -2.24689915e-02
 -2.24590346e-02 -1.39413542e-02 -1.39413542e-02 -2.85064016e-02
 -3.95351593e-03 -3.95351593e-03 -5.49431220e-03 -9.67334153e-03
 -9.98049205e-03 -2.42333367e-03 -2.40341874e-03 -2.77837055e-02
 -5.13929896e-05 -1.32185802e-04 -2.30824927e-04 -1.58166096e-04
 -7.77039089e-03 -2.09114037e-02 -3.00868466e-03 -6.37093333e-03
 -3.66578082e-03 -3.66578082e-03 -4.10013711e-03 -4.48100100e-03
 -4.48100100e-03 -4.48100100e-03 -2.57778224e-03]
acl_u[acl_delta_k]: [1 1 1 1 1 1 1 1 1 1 1 1 1 1 1 1 1 1 1 1 1 1 1 1 1 1 1 1 1 1 1 1 1 1 1 1 1
 1 1 1 1 1 1 1 1 1 1 1 1 1 1 1 1 1 1 1 1 1 1 1 1 1 1 1 1 1 1 1 1 1 1 1 1 1
 1 1 1 1 1 1 1 1 1 1 1 1 1 1 1 1 1 1 1 1 1 1 1 1 1 1 1 1 1 1 1 1 1 1 1 1 1
 1 1 1 1 1 1 1 1 1 1 1 1 1 1 1 1 1 1 1 1 1 1 1 1 1 1 1 1 1 1 1 1 1 1 1 1]
num AC branches with possible violations in ACL contingencies: 7
num AC branches with possible violations in DCL contingencies: 0
num AC branches with possible violations in XFR contingencies: 0
t: 10, time: 0.19090747833251953, memory_info: {'rss bytes': 519008256, 'rss human': '495.0M', 'percent': 0.19213414390425995}
v_acl_k: [-9.80689002e-05 -8.80981399e-05 -1.18262271e-07 -6.99836682e-04
 -6.63609266e-04 -1.22707682e-03 -1.22707682e-03 -6.70794450e-04
 -6.70794450e-04 -6.07198351e-03 -1.74150949e-03 -1.55871670e-06
 -9.52324817e-06 -1.95907959e-03 -5.78064359e-03 -2.05340018e-03
 -5.89300591e-04 -1.21037872e-04 -1.21037872e-04 -1.18254185e-04
 -8.83259549e-05 -4.89372814e-05 -7.87424762e-05 -1.49355785e-04
 -3.47088491e-03 -3.47088491e-03 -3.51071291e-03 -3.52067041e-03
 -3.52067041e-03 -3.54700999e-03 -3.62666757e-03 -3.60675198e-03
 -3.60675198e-03 -3.60675198e-03 -7.66924799e-03 -7.66924799e-03
 -9.86849934e-04 -1.37217068e-03 -1.37217068e-03 -1.37217068e-03
 -1.37217068e-03 -5.91654341e-06 -6.16777440e-03 -6.16777440e-03
 -7.40200464e-10 -6.66752421e-04 -3.96612731e-04 -5.47275069e-04
 -3.96612731e-04 -5.46454174e-03 -5.48445674e-03 -5.61745953e-03
 -5.61745953e-03 -4.50188768e-03 -4.55237713e-03 -2.05986902e-02
 -1.42230496e-02 -1.42230496e-02 -1.41157133e-02 -1.41157133e-02
 -3.29099446e-03 -3.29099446e-03 -9.59845472e-03 -9.59845472e-03
 -1.56630591e-03 -1.94342812e-03 -1.47371533e-02 -1.47570671e-02
 -1.58732319e-03 -7.62520675e-03 -1.35600000e-03 -1.35600000e-03
 -2.01001795e-03 -5.23217509e-04 -2.00094207e-05 -1.12647199e-05
 -9.94545632e-03 -8.67430013e-03 -8.60459932e-03 -8.60459932e-03
 -9.45588804e-03 -3.71546649e-02 -3.23315230e-02 -3.23315230e-02
 -3.72119828e-02 -1.25058880e-06 -6.05717137e-06 -1.16963057e-02
 -9.71367446e-07 -4.73164218e-03 -4.73164218e-03 -3.80450200e-03
 -3.80450200e-03 -3.85428721e-03 -3.64496903e-03 -3.64496903e-03
 -4.70728875e-03 -4.70728875e-03 -4.65526711e-03 -9.26452136e-04
 -9.26452136e-04 -9.26452136e-04 -1.10344047e-03 -1.10344047e-03
 -4.26224985e-05 -7.50995484e-04 -7.50995484e-04 -9.20001268e-03
 -5.00997690e-02 -7.34823973e-03 -2.41447023e-02 -1.40731694e-02
 -1.49489630e-03 -2.11488903e-02 -2.11488903e-02 -2.99942442e-02
 -2.85826300e-05 -4.73583773e-03 -4.74710673e-03 -2.24689915e-02
 -2.24590346e-02 -1.39413542e-02 -1.39413542e-02 -2.85064016e-02
 -3.95351593e-03 -3.95351593e-03 -5.49431220e-03 -9.67334153e-03
 -9.98049205e-03 -2.42333367e-03 -2.40341874e-03 -2.77837055e-02
 -5.13929896e-05 -1.32185802e-04 -2.30824927e-04 -1.58166096e-04
 -7.77039089e-03 -2.09114037e-02 -3.00868466e-03 -6.37093333e-03
 -3.66578082e-03 -3.66578082e-03 -4.10013711e-03 -4.48100100e-03
 -4.48100100e-03 -4.48100100e-03 -2.57778224e-03]
acl_u[acl_delta_k]: [1 1 1 1 1 1 1 1 1 1 1 1 1 1 1 1 1 1 1 1 1 1 1 1 1 1 1 1 1 1 1 1 1 1 1 1 1
 1 1 1 1 1 1 1 1 1 1 1 1 1 1 1 1 1 1 1 1 1 1 1 1 1 1 1 1 1 1 1 1 1 1 1 1 1
 1 1 1 1 1 1 1 1 1 1 1 1 1 1 1 1 1 1 1 1 1 1 1 1 1 1 1 1 1 1 1 1 1 1 1 1 1
 1 1 1 1 1 1 1 1 1 1 1 1 1 1 1 1 1 1 1 1 1 1 1 1 1 1 1 1 1 1 1 1 1 1 1 1]
num AC branches with possible violations in ACL contingencies: 7
num AC branches with possible violations in DCL contingencies: 0
num AC branches with possible violations in XFR contingencies: 0
t: 11, time: 0.1257636547088623, memory_info: {'rss bytes': 519008256, 'rss human': '495.0M', 'percent': 0.19213414390425995}
v_acl_k: [-9.80689002e-05 -8.80981399e-05 -1.18262271e-07 -6.99836682e-04
 -6.63609266e-04 -1.22707682e-03 -1.22707682e-03 -6.70794450e-04
 -6.70794450e-04 -6.07198351e-03 -1.74150949e-03 -1.55871670e-06
 -9.52324817e-06 -1.95907959e-03 -5.78064359e-03 -2.05340018e-03
 -5.89300591e-04 -1.21037872e-04 -1.21037872e-04 -1.18254185e-04
 -8.83259549e-05 -4.89372814e-05 -7.87424762e-05 -1.49355785e-04
 -3.47088491e-03 -3.47088491e-03 -3.51071291e-03 -3.52067041e-03
 -3.52067041e-03 -3.54700999e-03 -3.62666757e-03 -3.60675198e-03
 -3.60675198e-03 -3.60675198e-03 -7.66924799e-03 -7.66924799e-03
 -9.86849934e-04 -1.37217068e-03 -1.37217068e-03 -1.37217068e-03
 -1.37217068e-03 -5.91654341e-06 -6.16777440e-03 -6.16777440e-03
 -7.40200464e-10 -6.66752421e-04 -3.96612731e-04 -5.47275069e-04
 -3.96612731e-04 -5.46454174e-03 -5.48445674e-03 -5.61745953e-03
 -5.61745953e-03 -4.50188768e-03 -4.55237713e-03 -2.05986902e-02
 -1.42230496e-02 -1.42230496e-02 -1.41157133e-02 -1.41157133e-02
 -3.29099446e-03 -3.29099446e-03 -9.59845472e-03 -9.59845472e-03
 -1.56630591e-03 -1.94342812e-03 -1.47371533e-02 -1.47570671e-02
 -1.58732319e-03 -7.62520675e-03 -1.35600000e-03 -1.35600000e-03
 -2.01001795e-03 -5.23217509e-04 -2.00094207e-05 -1.12647199e-05
 -9.94545632e-03 -8.67430013e-03 -8.60459932e-03 -8.60459932e-03
 -9.45588804e-03 -3.71546649e-02 -3.23315230e-02 -3.23315230e-02
 -3.72119828e-02 -1.25058880e-06 -6.05717137e-06 -1.16963057e-02
 -9.71367446e-07 -4.73164218e-03 -4.73164218e-03 -3.80450200e-03
 -3.80450200e-03 -3.85428721e-03 -3.64496903e-03 -3.64496903e-03
 -4.70728875e-03 -4.70728875e-03 -4.65526711e-03 -9.26452136e-04
 -9.26452136e-04 -9.26452136e-04 -1.10344047e-03 -1.10344047e-03
 -4.26224985e-05 -7.50995484e-04 -7.50995484e-04 -9.20001268e-03
 -5.00997690e-02 -7.34823973e-03 -2.41447023e-02 -1.40731694e-02
 -1.49489630e-03 -2.11488903e-02 -2.11488903e-02 -2.99942442e-02
 -2.85826300e-05 -4.73583773e-03 -4.74710673e-03 -2.24689915e-02
 -2.24590346e-02 -1.39413542e-02 -1.39413542e-02 -2.85064016e-02
 -3.95351593e-03 -3.95351593e-03 -5.49431220e-03 -9.67334153e-03
 -9.98049205e-03 -2.42333367e-03 -2.40341874e-03 -2.77837055e-02
 -5.13929896e-05 -1.32185802e-04 -2.30824927e-04 -1.58166096e-04
 -7.77039089e-03 -2.09114037e-02 -3.00868466e-03 -6.37093333e-03
 -3.66578082e-03 -3.66578082e-03 -4.10013711e-03 -4.48100100e-03
 -4.48100100e-03 -4.48100100e-03 -2.57778224e-03]
acl_u[acl_delta_k]: [1 1 1 1 1 1 1 1 1 1 1 1 1 1 1 1 1 1 1 1 1 1 1 1 1 1 1 1 1 1 1 1 1 1 1 1 1
 1 1 1 1 1 1 1 1 1 1 1 1 1 1 1 1 1 1 1 1 1 1 1 1 1 1 1 1 1 1 1 1 1 1 1 1 1
 1 1 1 1 1 1 1 1 1 1 1 1 1 1 1 1 1 1 1 1 1 1 1 1 1 1 1 1 1 1 1 1 1 1 1 1 1
 1 1 1 1 1 1 1 1 1 1 1 1 1 1 1 1 1 1 1 1 1 1 1 1 1 1 1 1 1 1 1 1 1 1 1 1]
num AC branches with possible violations in ACL contingencies: 7
num AC branches with possible violations in DCL contingencies: 0
num AC branches with possible violations in XFR contingencies: 0
t: 12, time: 0.080810546875, memory_info: {'rss bytes': 519008256, 'rss human': '495.0M', 'percent': 0.19213414390425995}
v_acl_k: [-9.80689002e-05 -8.80981399e-05 -1.18262271e-07 -6.99836682e-04
 -6.63609266e-04 -1.22707682e-03 -1.22707682e-03 -6.70794450e-04
 -6.70794450e-04 -6.07198351e-03 -1.74150949e-03 -1.55871670e-06
 -9.52324817e-06 -1.95907959e-03 -5.78064359e-03 -2.05340018e-03
 -5.89300591e-04 -1.21037872e-04 -1.21037872e-04 -1.18254185e-04
 -8.83259549e-05 -4.89372814e-05 -7.87424762e-05 -1.49355785e-04
 -3.47088491e-03 -3.47088491e-03 -3.51071291e-03 -3.52067041e-03
 -3.52067041e-03 -3.54700999e-03 -3.62666757e-03 -3.60675198e-03
 -3.60675198e-03 -3.60675198e-03 -7.66924799e-03 -7.66924799e-03
 -9.86849934e-04 -1.37217068e-03 -1.37217068e-03 -1.37217068e-03
 -1.37217068e-03 -5.91654341e-06 -6.16777440e-03 -6.16777440e-03
 -7.40200464e-10 -6.66752421e-04 -3.96612731e-04 -5.47275069e-04
 -3.96612731e-04 -5.46454174e-03 -5.48445674e-03 -5.61745953e-03
 -5.61745953e-03 -4.50188768e-03 -4.55237713e-03 -2.05986902e-02
 -1.42230496e-02 -1.42230496e-02 -1.41157133e-02 -1.41157133e-02
 -3.29099446e-03 -3.29099446e-03 -9.59845472e-03 -9.59845472e-03
 -1.56630591e-03 -1.94342812e-03 -1.47371533e-02 -1.47570671e-02
 -1.58732319e-03 -7.62520675e-03 -1.35600000e-03 -1.35600000e-03
 -2.01001795e-03 -5.23217509e-04 -2.00094207e-05 -1.12647199e-05
 -9.94545632e-03 -8.67430013e-03 -8.60459932e-03 -8.60459932e-03
 -9.45588804e-03 -3.71546649e-02 -3.23315230e-02 -3.23315230e-02
 -3.72119828e-02 -1.25058880e-06 -6.05717137e-06 -1.16963057e-02
 -9.71367446e-07 -4.73164218e-03 -4.73164218e-03 -3.80450200e-03
 -3.80450200e-03 -3.85428721e-03 -3.64496903e-03 -3.64496903e-03
 -4.70728875e-03 -4.70728875e-03 -4.65526711e-03 -9.26452136e-04
 -9.26452136e-04 -9.26452136e-04 -1.10344047e-03 -1.10344047e-03
 -4.26224985e-05 -7.50995484e-04 -7.50995484e-04 -9.20001268e-03
 -5.00997690e-02 -7.34823973e-03 -2.41447023e-02 -1.40731694e-02
 -1.49489630e-03 -2.11488903e-02 -2.11488903e-02 -2.99942442e-02
 -2.85826300e-05 -4.73583773e-03 -4.74710673e-03 -2.24689915e-02
 -2.24590346e-02 -1.39413542e-02 -1.39413542e-02 -2.85064016e-02
 -3.95351593e-03 -3.95351593e-03 -5.49431220e-03 -9.67334153e-03
 -9.98049205e-03 -2.42333367e-03 -2.40341874e-03 -2.77837055e-02
 -5.13929896e-05 -1.32185802e-04 -2.30824927e-04 -1.58166096e-04
 -7.77039089e-03 -2.09114037e-02 -3.00868466e-03 -6.37093333e-03
 -3.66578082e-03 -3.66578082e-03 -4.10013711e-03 -4.48100100e-03
 -4.48100100e-03 -4.48100100e-03 -2.57778224e-03]
acl_u[acl_delta_k]: [1 1 1 1 1 1 1 1 1 1 1 1 1 1 1 1 1 1 1 1 1 1 1 1 1 1 1 1 1 1 1 1 1 1 1 1 1
 1 1 1 1 1 1 1 1 1 1 1 1 1 1 1 1 1 1 1 1 1 1 1 1 1 1 1 1 1 1 1 1 1 1 1 1 1
 1 1 1 1 1 1 1 1 1 1 1 1 1 1 1 1 1 1 1 1 1 1 1 1 1 1 1 1 1 1 1 1 1 1 1 1 1
 1 1 1 1 1 1 1 1 1 1 1 1 1 1 1 1 1 1 1 1 1 1 1 1 1 1 1 1 1 1 1 1 1 1 1 1]
num AC branches with possible violations in ACL contingencies: 7
num AC branches with possible violations in DCL contingencies: 0
num AC branches with possible violations in XFR contingencies: 0
t: 13, time: 0.07730674743652344, memory_info: {'rss bytes': 519008256, 'rss human': '495.0M', 'percent': 0.19213414390425995}
v_acl_k: [-9.80689002e-05 -8.80981399e-05 -1.18262271e-07 -6.99836682e-04
 -6.63609266e-04 -1.22707682e-03 -1.22707682e-03 -6.70794450e-04
 -6.70794450e-04 -6.07198351e-03 -1.74150949e-03 -1.55871670e-06
 -9.52324817e-06 -1.95907959e-03 -5.78064359e-03 -2.05340018e-03
 -5.89300591e-04 -1.21037872e-04 -1.21037872e-04 -1.18254185e-04
 -8.83259549e-05 -4.89372814e-05 -7.87424762e-05 -1.49355785e-04
 -3.47088491e-03 -3.47088491e-03 -3.51071291e-03 -3.52067041e-03
 -3.52067041e-03 -3.54700999e-03 -3.62666757e-03 -3.60675198e-03
 -3.60675198e-03 -3.60675198e-03 -7.66924799e-03 -7.66924799e-03
 -9.86849934e-04 -1.37217068e-03 -1.37217068e-03 -1.37217068e-03
 -1.37217068e-03 -5.91654341e-06 -6.16777440e-03 -6.16777440e-03
 -7.40200464e-10 -6.66752421e-04 -3.96612731e-04 -5.47275069e-04
 -3.96612731e-04 -5.46454174e-03 -5.48445674e-03 -5.61745953e-03
 -5.61745953e-03 -4.50188768e-03 -4.55237713e-03 -2.05986902e-02
 -1.42230496e-02 -1.42230496e-02 -1.41157133e-02 -1.41157133e-02
 -3.29099446e-03 -3.29099446e-03 -9.59845472e-03 -9.59845472e-03
 -1.56630591e-03 -1.94342812e-03 -1.47371533e-02 -1.47570671e-02
 -1.58732319e-03 -7.62520675e-03 -1.35600000e-03 -1.35600000e-03
 -2.01001795e-03 -5.23217509e-04 -2.00094207e-05 -1.12647199e-05
 -9.94545632e-03 -8.67430013e-03 -8.60459932e-03 -8.60459932e-03
 -9.45588804e-03 -3.71546649e-02 -3.23315230e-02 -3.23315230e-02
 -3.72119828e-02 -1.25058880e-06 -6.05717137e-06 -1.16963057e-02
 -9.71367446e-07 -4.73164218e-03 -4.73164218e-03 -3.80450200e-03
 -3.80450200e-03 -3.85428721e-03 -3.64496903e-03 -3.64496903e-03
 -4.70728875e-03 -4.70728875e-03 -4.65526711e-03 -9.26452136e-04
 -9.26452136e-04 -9.26452136e-04 -1.10344047e-03 -1.10344047e-03
 -4.26224985e-05 -7.50995484e-04 -7.50995484e-04 -9.20001268e-03
 -5.00997690e-02 -7.34823973e-03 -2.41447023e-02 -1.40731694e-02
 -1.49489630e-03 -2.11488903e-02 -2.11488903e-02 -2.99942442e-02
 -2.85826300e-05 -4.73583773e-03 -4.74710673e-03 -2.24689915e-02
 -2.24590346e-02 -1.39413542e-02 -1.39413542e-02 -2.85064016e-02
 -3.95351593e-03 -3.95351593e-03 -5.49431220e-03 -9.67334153e-03
 -9.98049205e-03 -2.42333367e-03 -2.40341874e-03 -2.77837055e-02
 -5.13929896e-05 -1.32185802e-04 -2.30824927e-04 -1.58166096e-04
 -7.77039089e-03 -2.09114037e-02 -3.00868466e-03 -6.37093333e-03
 -3.66578082e-03 -3.66578082e-03 -4.10013711e-03 -4.48100100e-03
 -4.48100100e-03 -4.48100100e-03 -2.57778224e-03]
acl_u[acl_delta_k]: [1 1 1 1 1 1 1 1 1 1 1 1 1 1 1 1 1 1 1 1 1 1 1 1 1 1 1 1 1 1 1 1 1 1 1 1 1
 1 1 1 1 1 1 1 1 1 1 1 1 1 1 1 1 1 1 1 1 1 1 1 1 1 1 1 1 1 1 1 1 1 1 1 1 1
 1 1 1 1 1 1 1 1 1 1 1 1 1 1 1 1 1 1 1 1 1 1 1 1 1 1 1 1 1 1 1 1 1 1 1 1 1
 1 1 1 1 1 1 1 1 1 1 1 1 1 1 1 1 1 1 1 1 1 1 1 1 1 1 1 1 1 1 1 1 1 1 1 1]
num AC branches with possible violations in ACL contingencies: 7
num AC branches with possible violations in DCL contingencies: 0
num AC branches with possible violations in XFR contingencies: 0
t: 14, time: 0.07866263389587402, memory_info: {'rss bytes': 519008256, 'rss human': '495.0M', 'percent': 0.19213414390425995}
v_acl_k: [-9.80689002e-05 -8.80981399e-05 -1.18262271e-07 -6.99836682e-04
 -6.63609266e-04 -1.22707682e-03 -1.22707682e-03 -6.70794450e-04
 -6.70794450e-04 -6.07198351e-03 -1.74150949e-03 -1.55871670e-06
 -9.52324817e-06 -1.95907959e-03 -5.78064359e-03 -2.05340018e-03
 -5.89300591e-04 -1.21037872e-04 -1.21037872e-04 -1.18254185e-04
 -8.83259549e-05 -4.89372814e-05 -7.87424762e-05 -1.49355785e-04
 -3.47088491e-03 -3.47088491e-03 -3.51071291e-03 -3.52067041e-03
 -3.52067041e-03 -3.54700999e-03 -3.62666757e-03 -3.60675198e-03
 -3.60675198e-03 -3.60675198e-03 -7.66924799e-03 -7.66924799e-03
 -9.86849934e-04 -1.37217068e-03 -1.37217068e-03 -1.37217068e-03
 -1.37217068e-03 -5.91654341e-06 -6.16777440e-03 -6.16777440e-03
 -7.40200464e-10 -6.66752421e-04 -3.96612731e-04 -5.47275069e-04
 -3.96612731e-04 -5.46454174e-03 -5.48445674e-03 -5.61745953e-03
 -5.61745953e-03 -4.50188768e-03 -4.55237713e-03 -2.05986902e-02
 -1.42230496e-02 -1.42230496e-02 -1.41157133e-02 -1.41157133e-02
 -3.29099446e-03 -3.29099446e-03 -9.59845472e-03 -9.59845472e-03
 -1.56630591e-03 -1.94342812e-03 -1.47371533e-02 -1.47570671e-02
 -1.58732319e-03 -7.62520675e-03 -1.35600000e-03 -1.35600000e-03
 -2.01001795e-03 -5.23217509e-04 -2.00094207e-05 -1.12647199e-05
 -9.94545632e-03 -8.67430013e-03 -8.60459932e-03 -8.60459932e-03
 -9.45588804e-03 -3.71546649e-02 -3.23315230e-02 -3.23315230e-02
 -3.72119828e-02 -1.25058880e-06 -6.05717137e-06 -1.16963057e-02
 -9.71367446e-07 -4.73164218e-03 -4.73164218e-03 -3.80450200e-03
 -3.80450200e-03 -3.85428721e-03 -3.64496903e-03 -3.64496903e-03
 -4.70728875e-03 -4.70728875e-03 -4.65526711e-03 -9.26452136e-04
 -9.26452136e-04 -9.26452136e-04 -1.10344047e-03 -1.10344047e-03
 -4.26224985e-05 -7.50995484e-04 -7.50995484e-04 -9.20001268e-03
 -5.00997690e-02 -7.34823973e-03 -2.41447023e-02 -1.40731694e-02
 -1.49489630e-03 -2.11488903e-02 -2.11488903e-02 -2.99942442e-02
 -2.85826300e-05 -4.73583773e-03 -4.74710673e-03 -2.24689915e-02
 -2.24590346e-02 -1.39413542e-02 -1.39413542e-02 -2.85064016e-02
 -3.95351593e-03 -3.95351593e-03 -5.49431220e-03 -9.67334153e-03
 -9.98049205e-03 -2.42333367e-03 -2.40341874e-03 -2.77837055e-02
 -5.13929896e-05 -1.32185802e-04 -2.30824927e-04 -1.58166096e-04
 -7.77039089e-03 -2.09114037e-02 -3.00868466e-03 -6.37093333e-03
 -3.66578082e-03 -3.66578082e-03 -4.10013711e-03 -4.48100100e-03
 -4.48100100e-03 -4.48100100e-03 -2.57778224e-03]
acl_u[acl_delta_k]: [1 1 1 1 1 1 1 1 1 1 1 1 1 1 1 1 1 1 1 1 1 1 1 1 1 1 1 1 1 1 1 1 1 1 1 1 1
 1 1 1 1 1 1 1 1 1 1 1 1 1 1 1 1 1 1 1 1 1 1 1 1 1 1 1 1 1 1 1 1 1 1 1 1 1
 1 1 1 1 1 1 1 1 1 1 1 1 1 1 1 1 1 1 1 1 1 1 1 1 1 1 1 1 1 1 1 1 1 1 1 1 1
 1 1 1 1 1 1 1 1 1 1 1 1 1 1 1 1 1 1 1 1 1 1 1 1 1 1 1 1 1 1 1 1 1 1 1 1]
num AC branches with possible violations in ACL contingencies: 7
num AC branches with possible violations in DCL contingencies: 0
num AC branches with possible violations in XFR contingencies: 0
t: 15, time: 0.07761669158935547, memory_info: {'rss bytes': 519008256, 'rss human': '495.0M', 'percent': 0.19213414390425995}
v_acl_k: [-9.80689002e-05 -8.80981399e-05 -1.18262271e-07 -6.99836682e-04
 -6.63609266e-04 -1.22707682e-03 -1.22707682e-03 -6.70794450e-04
 -6.70794450e-04 -6.07198351e-03 -1.74150949e-03 -1.55871670e-06
 -9.52324817e-06 -1.95907959e-03 -5.78064359e-03 -2.05340018e-03
 -5.89300591e-04 -1.21037872e-04 -1.21037872e-04 -1.18254185e-04
 -8.83259549e-05 -4.89372814e-05 -7.87424762e-05 -1.49355785e-04
 -3.47088491e-03 -3.47088491e-03 -3.51071291e-03 -3.52067041e-03
 -3.52067041e-03 -3.54700999e-03 -3.62666757e-03 -3.60675198e-03
 -3.60675198e-03 -3.60675198e-03 -7.66924799e-03 -7.66924799e-03
 -9.86849934e-04 -1.37217068e-03 -1.37217068e-03 -1.37217068e-03
 -1.37217068e-03 -5.91654341e-06 -6.16777440e-03 -6.16777440e-03
 -7.40200464e-10 -6.66752421e-04 -3.96612731e-04 -5.47275069e-04
 -3.96612731e-04 -5.46454174e-03 -5.48445674e-03 -5.61745953e-03
 -5.61745953e-03 -4.50188768e-03 -4.55237713e-03 -2.05986902e-02
 -1.42230496e-02 -1.42230496e-02 -1.41157133e-02 -1.41157133e-02
 -3.29099446e-03 -3.29099446e-03 -9.59845472e-03 -9.59845472e-03
 -1.56630591e-03 -1.94342812e-03 -1.47371533e-02 -1.47570671e-02
 -1.58732319e-03 -7.62520675e-03 -1.35600000e-03 -1.35600000e-03
 -2.01001795e-03 -5.23217509e-04 -2.00094207e-05 -1.12647199e-05
 -9.94545632e-03 -8.67430013e-03 -8.60459932e-03 -8.60459932e-03
 -9.45588804e-03 -3.71546649e-02 -3.23315230e-02 -3.23315230e-02
 -3.72119828e-02 -1.25058880e-06 -6.05717137e-06 -1.16963057e-02
 -9.71367446e-07 -4.73164218e-03 -4.73164218e-03 -3.80450200e-03
 -3.80450200e-03 -3.85428721e-03 -3.64496903e-03 -3.64496903e-03
 -4.70728875e-03 -4.70728875e-03 -4.65526711e-03 -9.26452136e-04
 -9.26452136e-04 -9.26452136e-04 -1.10344047e-03 -1.10344047e-03
 -4.26224985e-05 -7.50995484e-04 -7.50995484e-04 -9.20001268e-03
 -5.00997690e-02 -7.34823973e-03 -2.41447023e-02 -1.40731694e-02
 -1.49489630e-03 -2.11488903e-02 -2.11488903e-02 -2.99942442e-02
 -2.85826300e-05 -4.73583773e-03 -4.74710673e-03 -2.24689915e-02
 -2.24590346e-02 -1.39413542e-02 -1.39413542e-02 -2.85064016e-02
 -3.95351593e-03 -3.95351593e-03 -5.49431220e-03 -9.67334153e-03
 -9.98049205e-03 -2.42333367e-03 -2.40341874e-03 -2.77837055e-02
 -5.13929896e-05 -1.32185802e-04 -2.30824927e-04 -1.58166096e-04
 -7.77039089e-03 -2.09114037e-02 -3.00868466e-03 -6.37093333e-03
 -3.66578082e-03 -3.66578082e-03 -4.10013711e-03 -4.48100100e-03
 -4.48100100e-03 -4.48100100e-03 -2.57778224e-03]
acl_u[acl_delta_k]: [1 1 1 1 1 1 1 1 1 1 1 1 1 1 1 1 1 1 1 1 1 1 1 1 1 1 1 1 1 1 1 1 1 1 1 1 1
 1 1 1 1 1 1 1 1 1 1 1 1 1 1 1 1 1 1 1 1 1 1 1 1 1 1 1 1 1 1 1 1 1 1 1 1 1
 1 1 1 1 1 1 1 1 1 1 1 1 1 1 1 1 1 1 1 1 1 1 1 1 1 1 1 1 1 1 1 1 1 1 1 1 1
 1 1 1 1 1 1 1 1 1 1 1 1 1 1 1 1 1 1 1 1 1 1 1 1 1 1 1 1 1 1 1 1 1 1 1 1]
num AC branches with possible violations in ACL contingencies: 7
num AC branches with possible violations in DCL contingencies: 0
num AC branches with possible violations in XFR contingencies: 0
t: 16, time: 0.08714938163757324, memory_info: {'rss bytes': 519008256, 'rss human': '495.0M', 'percent': 0.19213414390425995}
v_acl_k: [-9.80689002e-05 -8.80981399e-05 -1.18262271e-07 -6.99836682e-04
 -6.63609266e-04 -1.22707682e-03 -1.22707682e-03 -6.70794450e-04
 -6.70794450e-04 -6.07198351e-03 -1.74150949e-03 -1.55871670e-06
 -9.52324817e-06 -1.95907959e-03 -5.78064359e-03 -2.05340018e-03
 -5.89300591e-04 -1.21037872e-04 -1.21037872e-04 -1.18254185e-04
 -8.83259549e-05 -4.89372814e-05 -7.87424762e-05 -1.49355785e-04
 -3.47088491e-03 -3.47088491e-03 -3.51071291e-03 -3.52067041e-03
 -3.52067041e-03 -3.54700999e-03 -3.62666757e-03 -3.60675198e-03
 -3.60675198e-03 -3.60675198e-03 -7.66924799e-03 -7.66924799e-03
 -9.86849934e-04 -1.37217068e-03 -1.37217068e-03 -1.37217068e-03
 -1.37217068e-03 -5.91654341e-06 -6.16777440e-03 -6.16777440e-03
 -7.40200464e-10 -6.66752421e-04 -3.96612731e-04 -5.47275069e-04
 -3.96612731e-04 -5.46454174e-03 -5.48445674e-03 -5.61745953e-03
 -5.61745953e-03 -4.50188768e-03 -4.55237713e-03 -2.05986902e-02
 -1.42230496e-02 -1.42230496e-02 -1.41157133e-02 -1.41157133e-02
 -3.29099446e-03 -3.29099446e-03 -9.59845472e-03 -9.59845472e-03
 -1.56630591e-03 -1.94342812e-03 -1.47371533e-02 -1.47570671e-02
 -1.58732319e-03 -7.62520675e-03 -1.35600000e-03 -1.35600000e-03
 -2.01001795e-03 -5.23217509e-04 -2.00094207e-05 -1.12647199e-05
 -9.94545632e-03 -8.67430013e-03 -8.60459932e-03 -8.60459932e-03
 -9.45588804e-03 -3.71546649e-02 -3.23315230e-02 -3.23315230e-02
 -3.72119828e-02 -1.25058880e-06 -6.05717137e-06 -1.16963057e-02
 -9.71367446e-07 -4.73164218e-03 -4.73164218e-03 -3.80450200e-03
 -3.80450200e-03 -3.85428721e-03 -3.64496903e-03 -3.64496903e-03
 -4.70728875e-03 -4.70728875e-03 -4.65526711e-03 -9.26452136e-04
 -9.26452136e-04 -9.26452136e-04 -1.10344047e-03 -1.10344047e-03
 -4.26224985e-05 -7.50995484e-04 -7.50995484e-04 -9.20001268e-03
 -5.00997690e-02 -7.34823973e-03 -2.41447023e-02 -1.40731694e-02
 -1.49489630e-03 -2.11488903e-02 -2.11488903e-02 -2.99942442e-02
 -2.85826300e-05 -4.73583773e-03 -4.74710673e-03 -2.24689915e-02
 -2.24590346e-02 -1.39413542e-02 -1.39413542e-02 -2.85064016e-02
 -3.95351593e-03 -3.95351593e-03 -5.49431220e-03 -9.67334153e-03
 -9.98049205e-03 -2.42333367e-03 -2.40341874e-03 -2.77837055e-02
 -5.13929896e-05 -1.32185802e-04 -2.30824927e-04 -1.58166096e-04
 -7.77039089e-03 -2.09114037e-02 -3.00868466e-03 -6.37093333e-03
 -3.66578082e-03 -3.66578082e-03 -4.10013711e-03 -4.48100100e-03
 -4.48100100e-03 -4.48100100e-03 -2.57778224e-03]
acl_u[acl_delta_k]: [1 1 1 1 1 1 1 1 1 1 1 1 1 1 1 1 1 1 1 1 1 1 1 1 1 1 1 1 1 1 1 1 1 1 1 1 1
 1 1 1 1 1 1 1 1 1 1 1 1 1 1 1 1 1 1 1 1 1 1 1 1 1 1 1 1 1 1 1 1 1 1 1 1 1
 1 1 1 1 1 1 1 1 1 1 1 1 1 1 1 1 1 1 1 1 1 1 1 1 1 1 1 1 1 1 1 1 1 1 1 1 1
 1 1 1 1 1 1 1 1 1 1 1 1 1 1 1 1 1 1 1 1 1 1 1 1 1 1 1 1 1 1 1 1 1 1 1 1]
num AC branches with possible violations in ACL contingencies: 7
num AC branches with possible violations in DCL contingencies: 0
num AC branches with possible violations in XFR contingencies: 0
t: 17, time: 0.08718490600585938, memory_info: {'rss bytes': 519008256, 'rss human': '495.0M', 'percent': 0.19213414390425995}
initialize_m_w_time: 0.0011866092681884766
compute_static_w_time: 0.16112065315246582
get_time_varying_branch_characteristics_time: 0.0012383460998535156
construct_a_t_time: 0.025815725326538086
factor_a_t_time: 0.05227184295654297
compute_w_with_t_a_solve_time: 1.4110429286956787
compute_v_t_time: 3.5762786865234375e-06
compute_w_with_t_smw_time: 3.814697265625e-06
compute_v_time: 0.02044987678527832
compute_bus_theta_with_t_a_solve_time: 0.0024871826171875
compute_bus_theta_with_t_smw_time: 3.814697265625e-06
compute_br_p_time: 0.003209352493286133
apply_w_v_wt_time: 0.004767417907714844
compute_bus_dtheta_rhs_dcl_k_time: 0.0026721954345703125
compute_w_v_wt_xfr_k_time: 0.0025222301483154297
compute_bus_dtheta_rhs_xfr_k_time: 1.9073486328125e-06
compute_br_acl_delta_k_p_delta_time: 0.01990199089050293
compute_br_dcl_delta_k_p_delta_time: 0.001283407211303711
compute_br_xfr_delta_k_p_delta_time: 0.0011680126190185547
filter_branches_acl_k_time: 0.00980687141418457
filter_branches_dcl_k_time: 0.003141641616821289
filter_branches_xfr_k_time: 0.00308990478515625
compute_br_acl_delta_k_p_time: 0.0036911964416503906
compute_br_dcl_delta_k_p_time: 7.510185241699219e-05
compute_br_xfr_delta_k_p_time: 5.269050598144531e-05
compute_br_acl_delta_k_s_over_time: 0.5553154945373535
compute_br_dcl_delta_k_s_over_time: 0.0006167888641357422
compute_br_xfr_delta_k_s_over_time: 0.0005514621734619141
zero_out_time: 9.131431579589844e-05
get_max_br_acl_delta_k_s_over_time: 0.0018811225891113281
get_max_br_dcl_delta_k_s_over_time: 4.291534423828125e-06
get_max_br_xfr_delta_k_s_over_time: 3.0994415283203125e-06
compute_br_k_z_time: 0.0022242069244384766
collect_penalties_into_obj_array_time: 0.00023865699768066406
end of contingency model method 1, memory info: {'rss bytes': 519008256, 'rss human': '495.0M', 'percent': 0.19213414390425995}
function: eval_post_contingency_model, time: 2.518122434616089
function: eval_post_contingency_model, time: 2.518130302429199
function: run, time: 3.336388349533081
after solution_evaluator.run(), memory info: {'rss bytes': 519008256, 'rss human': '495.0M', 'percent': 0.19213414390425995}
evaluation summary:
{'feas': 1,
 'infeas': 0,
 'info_i_i_k_t_disconnected_ctg': {'idx': {0: None, 1: None, 2: None, 3: None},
                                   'val': 0},
 'info_i_i_t_disconnected_base': {'idx': {0: None, 1: None, 2: None}, 'val': 0},
 'phys_feas': 0,
 'sum_acl_t_u_sd': 0,
 'sum_acl_t_u_su': 0,
 'sum_acl_t_z_s': 0.0484394263366994,
 'sum_acl_t_z_sd': 0.0,
 'sum_acl_t_z_su': 0.0,
 'sum_bus_t_z_p': 467752.00232895726,
 'sum_bus_t_z_q': 10733.541967083625,
 'sum_cs_t_z_p': 101819787.6478321,
 'sum_pr_t_z_p': 938252.7850427779,
 'sum_prz_t_z_nsc': 118825.49874990624,
 'sum_prz_t_z_rgd': 13735.81964079413,
 'sum_prz_t_z_rgu': 13735.81964079413,
 'sum_prz_t_z_rrd': 0.0,
 'sum_prz_t_z_rru': 0.0,
 'sum_prz_t_z_scr': 62188.659032600175,
 'sum_qrz_t_z_qrd': 0.0,
 'sum_qrz_t_z_qru': 0.0,
 'sum_sd_t_sd': 0,
 'sum_sd_t_su': 0,
 'sum_sd_t_z_nsc': 0.0,
 'sum_sd_t_z_on': 94808.651852,
 'sum_sd_t_z_qrd': 0.0,
 'sum_sd_t_z_qru': 0.0,
 'sum_sd_t_z_rgd': 0.0,
 'sum_sd_t_z_rgu': 0.0,
 'sum_sd_t_z_rrd_off': 0.0,
 'sum_sd_t_z_rrd_on': 0.0,
 'sum_sd_t_z_rru_off': 0.0,
 'sum_sd_t_z_rru_on': 0.0,
 'sum_sd_t_z_scr': 0.0,
 'sum_sd_t_z_sd': 0.0,
 'sum_sd_t_z_su': 0.0,
 'sum_sd_t_z_sus': 0.0,
 'sum_xfr_t_u_sd': 0,
 'sum_xfr_t_u_su': 0,
 'sum_xfr_t_z_s': 0.0,
 'sum_xfr_t_z_sd': 0.0,
 'sum_xfr_t_z_su': 0.0,
 'time_connectedness': 0.6491806507110596,
 'time_post_contingency': 2.5181291103363037,
 'time_run': 3.3363869190216064,
 'total_switches': 0,
 'viol_acl_acl_t_s_max_ctg': {'idx': {0: 'acl_1201', 1: 'acl_1202', 2: 14},
                              'val': 1.9327814574133129},
 'viol_acl_dcl_t_s_max_ctg': {'idx': {0: None, 1: None, 2: None}, 'val': 0.0},
 'viol_acl_t_s_max': {'idx': {0: 'acl_1201', 1: 0},
                      'val': 6.054928292087425e-08},
 'viol_acl_t_u_sd_max': {'idx': {0: 'acl_0000', 1: 0}, 'val': 0},
 'viol_acl_t_u_su_max': {'idx': {0: 'acl_0000', 1: 0}, 'val': 0},
 'viol_acl_xfr_t_s_max_ctg': {'idx': {0: None, 1: None, 2: None}, 'val': 0.0},
 'viol_bus_t_p_balance_max': {'idx': {0: 'bus_0758', 1: 4},
                              'val': 0.4377599914400324},
 'viol_bus_t_p_balance_min': {'idx': {0: 'bus_1159', 1: 17},
                              'val': -0.0030577871269219514},
 'viol_bus_t_q_balance_max': {'idx': {0: 'bus_1492', 1: 17},
                              'val': 0.006847451804744331},
 'viol_bus_t_q_balance_min': {'idx': {0: 'bus_1528', 1: 17},
                              'val': -0.00633997966267108},
 'viol_bus_t_v_max': {'idx': {0: 'bus_0000', 1: 0}, 'val': 0.0},
 'viol_bus_t_v_min': {'idx': {0: 'bus_0000', 1: 0}, 'val': 0.0},
 'viol_cs_t_p_off_max': {'idx': {0: 'sd_0615', 1: 0}, 'val': 0.0},
 'viol_cs_t_p_off_min': {'idx': {0: 'sd_0615', 1: 0}, 'val': 0.0},
 'viol_cs_t_p_on_max': {'idx': {0: 'sd_0615', 1: 0}, 'val': 0.0},
 'viol_cs_t_p_on_min': {'idx': {0: 'sd_0615', 1: 0}, 'val': 0.0},
 'viol_cs_t_q_max': {'idx': {0: 'sd_0615', 1: 0}, 'val': 0.0},
 'viol_cs_t_q_min': {'idx': {0: 'sd_0615', 1: 0}, 'val': 0.0},
 'viol_cs_t_q_p_max': {'idx': {0: None, 1: None}, 'val': None},
 'viol_cs_t_q_p_min': {'idx': {0: None, 1: None}, 'val': None},
 'viol_dcl_t_p_max': {'idx': {0: 'dcl_0', 1: 0}, 'val': 0.0},
 'viol_dcl_t_p_min': {'idx': {0: 'dcl_0', 1: 0}, 'val': 0.0},
 'viol_dcl_t_q_fr_max': {'idx': {0: 'dcl_0', 1: 0}, 'val': 0.0},
 'viol_dcl_t_q_fr_min': {'idx': {0: 'dcl_0', 1: 0}, 'val': 0.0},
 'viol_dcl_t_q_to_max': {'idx': {0: 'dcl_0', 1: 0}, 'val': 0.0},
 'viol_dcl_t_q_to_min': {'idx': {0: 'dcl_0', 1: 0}, 'val': 0.0},
 'viol_pr_t_p_off_max': {'idx': {0: 'sd_0000', 1: 0}, 'val': 0.0},
 'viol_pr_t_p_off_min': {'idx': {0: 'sd_0000', 1: 0}, 'val': 0.0},
 'viol_pr_t_p_on_max': {'idx': {0: 'sd_0000', 1: 0}, 'val': 0.0},
 'viol_pr_t_p_on_min': {'idx': {0: 'sd_0000', 1: 0}, 'val': 0.0},
 'viol_pr_t_q_max': {'idx': {0: 'sd_0000', 1: 0}, 'val': 0.0},
 'viol_pr_t_q_min': {'idx': {0: 'sd_0000', 1: 0}, 'val': 0.0},
 'viol_pr_t_q_p_max': {'idx': {0: None, 1: None}, 'val': None},
 'viol_pr_t_q_p_min': {'idx': {0: None, 1: None}, 'val': None},
 'viol_prz_t_p_nsc_balance': {'idx': {0: 'prz_0', 1: 16},
                              'val': 14.9222860555541},
 'viol_prz_t_p_rgd_balance': {'idx': {0: 'prz_0', 1: 0},
                              'val': 1.9323274309418423},
 'viol_prz_t_p_rgu_balance': {'idx': {0: 'prz_0', 1: 0},
                              'val': 1.9323274309418423},
 'viol_prz_t_p_rrd_balance': {'idx': {0: 'prz_0', 1: 0}, 'val': 0.0},
 'viol_prz_t_p_rru_balance': {'idx': {0: 'prz_0', 1: 0}, 'val': 0.0},
 'viol_prz_t_p_scr_balance': {'idx': {0: 'prz_0', 1: 16},
                              'val': 8.427306743247971},
 'viol_qrz_t_q_qrd_balance': {'idx': {0: 'qrz_0', 1: 0}, 'val': 0.0},
 'viol_qrz_t_q_qru_balance': {'idx': {0: 'qrz_0', 1: 0}, 'val': 0.0},
 'viol_sd_max_energy_constr': {'idx': {0: 'sd_0000', 1: 0}, 'val': 0.0},
 'viol_sd_max_startup_constr': {'idx': {0: 'sd_0000', 1: 0}, 'val': 0},
 'viol_sd_min_energy_constr': {'idx': {0: 'sd_0000', 1: 0}, 'val': 0.0},
 'viol_sd_t_d_dn_min': {'idx': {0: 'sd_0000', 1: 0}, 'val': 0},
 'viol_sd_t_d_up_min': {'idx': {0: 'sd_0000', 1: 0}, 'val': 0},
 'viol_sd_t_p_nsc_max': {'idx': {0: 'sd_0000', 1: 0}, 'val': 0.0},
 'viol_sd_t_p_nsc_nonneg': {'idx': {0: 'sd_0000', 1: 0}, 'val': -0.0},
 'viol_sd_t_p_ramp_dn_max': {'idx': {0: 'sd_0000', 1: 0}, 'val': 0.0},
 'viol_sd_t_p_ramp_up_max': {'idx': {0: 'sd_0000', 1: 0}, 'val': 0.0},
 'viol_sd_t_p_rgd_max': {'idx': {0: 'sd_0000', 1: 0}, 'val': 0.0},
 'viol_sd_t_p_rgd_nonneg': {'idx': {0: 'sd_0000', 1: 0}, 'val': -0.0},
 'viol_sd_t_p_rgu_max': {'idx': {0: 'sd_0000', 1: 0}, 'val': 0.0},
 'viol_sd_t_p_rgu_nonneg': {'idx': {0: 'sd_0000', 1: 0}, 'val': -0.0},
 'viol_sd_t_p_rrd_off_max': {'idx': {0: 'sd_0000', 1: 0}, 'val': 0.0},
 'viol_sd_t_p_rrd_off_nonneg': {'idx': {0: 'sd_0000', 1: 0}, 'val': -0.0},
 'viol_sd_t_p_rrd_on_max': {'idx': {0: 'sd_0000', 1: 0}, 'val': 0.0},
 'viol_sd_t_p_rrd_on_nonneg': {'idx': {0: 'sd_0000', 1: 0}, 'val': -0.0},
 'viol_sd_t_p_rru_off_max': {'idx': {0: 'sd_0000', 1: 0}, 'val': 0.0},
 'viol_sd_t_p_rru_off_nonneg': {'idx': {0: 'sd_0000', 1: 0}, 'val': -0.0},
 'viol_sd_t_p_rru_on_max': {'idx': {0: 'sd_0000', 1: 0}, 'val': 0.0},
 'viol_sd_t_p_rru_on_nonneg': {'idx': {0: 'sd_0000', 1: 0}, 'val': -0.0},
 'viol_sd_t_p_scr_max': {'idx': {0: 'sd_0000', 1: 0}, 'val': 0.0},
 'viol_sd_t_p_scr_nonneg': {'idx': {0: 'sd_0000', 1: 0}, 'val': -0.0},
 'viol_sd_t_q_qrd_nonneg': {'idx': {0: 'sd_0000', 1: 0}, 'val': -0.0},
 'viol_sd_t_q_qru_nonneg': {'idx': {0: 'sd_0000', 1: 0}, 'val': -0.0},
 'viol_sd_t_u_on_max': {'idx': {0: 'sd_0000', 1: 0}, 'val': 0},
 'viol_sd_t_u_on_min': {'idx': {0: 'sd_0000', 1: 0}, 'val': 0},
 'viol_sh_t_u_st_max': {'idx': {0: 'sh_00', 1: 0}, 'val': 0},
 'viol_sh_t_u_st_min': {'idx': {0: 'sh_00', 1: 0}, 'val': 0},
 'viol_t_connected_base': {'idx': {0: 0}, 'val': 0},
 'viol_t_connected_ctg': {'idx': {0: 0}, 'val': 0},
 'viol_xfr_acl_t_s_max_ctg': {'idx': {0: None, 1: None, 2: None}, 'val': 0.0},
 'viol_xfr_dcl_t_s_max_ctg': {'idx': {0: None, 1: None, 2: None}, 'val': 0.0},
 'viol_xfr_t_phi_max': {'idx': {0: 'xfr_000', 1: 0}, 'val': 0.0},
 'viol_xfr_t_phi_min': {'idx': {0: 'xfr_000', 1: 0}, 'val': 0.0},
 'viol_xfr_t_s_max': {'idx': {0: 'xfr_000', 1: 0}, 'val': 0.0},
 'viol_xfr_t_tau_max': {'idx': {0: 'xfr_000', 1: 0}, 'val': 0.0},
 'viol_xfr_t_tau_min': {'idx': {0: 'xfr_000', 1: 0}, 'val': 0.0},
 'viol_xfr_t_u_sd_max': {'idx': {0: 'xfr_000', 1: 0}, 'val': 0},
 'viol_xfr_t_u_su_max': {'idx': {0: 'xfr_000', 1: 0}, 'val': 0},
 'viol_xfr_xfr_t_s_max_ctg': {'idx': {0: None, 1: None, 2: None}, 'val': 0.0},
 'z': 97383504.40555343,
 'z_base': 100099754.82113768,
 'z_cost': 1033061.4368947779,
 'z_k_average_case': -37541.68481854328,
 'z_k_worst_case': -2678708.730765726,
 'z_max_energy': 0.0,
 'z_min_energy': 0.0,
 'z_penalty': 686971.3897995619,
 'z_value': 101819787.6478321}
infeasibility summary:
{}
feas: 1
obj: 97383504.40555343
evaluate solution time: 3.3969264030456543
end of check_data(), memory info: {'rss bytes': 519266304, 'rss human': '495.2M', 'percent': 0.19222967192523654}
