/rcfs/dtn/arpacomp/.conda/envs/goc_eval/lib/python3.10/site-packages/scipy/sparse/linalg/_dsolve/linsolve.py:347: SparseEfficiencyWarning: splu converted its input to CSC format
  warn('splu converted its input to CSC format', SparseEfficiencyWarning)
args:
Namespace(problem_opt=None, problem='/qfs/projects/goc/share/data/C3/E3.1/D2//C3E3N00073D2/scenario_232.json_scrubbed.json', solution='/qfs/projects/goc/share/data/C3/E3.1/D2//C3E3N00073D2/scenario_232.json.pop_solution.json', configuration=None, parameters='{}', summary_csv='summary.csv', summary_json='summary.json', data_errors='data_errors.txt', ignored_errors='ignored_errors.txt', solution_errors='solution_errors.txt', pop_solution=None, scrubbed_problem=None)
problem data file: /qfs/projects/goc/share/data/C3/E3.1/D2//C3E3N00073D2/scenario_232.json_scrubbed.json

pop solution data file: None

solution data file: /qfs/projects/goc/share/data/C3/E3.1/D2//C3E3N00073D2/scenario_232.json.pop_solution.json

git info: {'C3DataUtilities': {'branch': 'main', 'commit': '59dd7f47974aa54c2f26998163730b14ab3a6b97', 'date': 'Wed Jun 7 09:10:06 2023 -0700', 'query_return_code': 0, 'query_err': '', 'branch_return_code': 0, 'branch_err': '', 'query_path': '/qfs/projects/goc/share/loadbalancing/src/nonmpi-template/Challenge3/C3DataUtilities/datautilities', 'query_out': 'commit 59dd7f47974aa54c2f26998163730b14ab3a6b97\nAuthor: Jesse T Holzer <jesse.holzer@pnnl.gov>\nDate:   Wed Jun 7 09:10:06 2023 -0700\n\n    add git branch to summary output\n', 'branch_out': '  dev\n* main\n'}, 'Bid-DS-data-model': {'branch': None, 'commit': None, 'date': None, 'query_return_code': 128, 'query_err': 'fatal: Not a git repository (or any parent up to mount point /rcfs)\nStopping at filesystem boundary (GIT_DISCOVERY_ACROSS_FILESYSTEM not set).\n', 'branch_return_code': None, 'branch_err': None, 'query_path': '/rcfs/dtn/arpacomp/.conda/envs/goc_eval/lib/python3.10/site-packages/datamodel', 'query_out': ''}}

after reading problem without validation, memory info: {'rss bytes': 124186624, 'rss human': '118.4M', 'percent': 0.045973239174446234}
read problem data file without validation time: 0.06577396392822266
after reading problem with validation, memory info: {'rss bytes': 144498688, 'rss human': '137.8M', 'percent': 0.053492659111320104}
load time: 0.5171070098876953
{'error_diagnostics': '',
 'general': {'base_norm_mva': 100.0,
             'day_type': None,
             'electricity_demand': None,
             'net_load': None,
             'season': None,
             'solar_availability': None,
             'timestamp_start': None,
             'timestamp_stop': None,
             'vre_availability': None,
             'weather_temperature': None,
             'wind_availability': None},
 'interval durations': [1.0,
                        1.0,
                        1.0,
                        1.0,
                        1.0,
                        1.0,
                        1.0,
                        1.0,
                        1.0,
                        1.0,
                        1.0,
                        1.0,
                        1.0,
                        1.0,
                        1.0,
                        1.0,
                        1.0,
                        1.0,
                        1.0,
                        1.0,
                        1.0,
                        1.0,
                        1.0,
                        1.0,
                        1.0,
                        1.0,
                        1.0,
                        1.0,
                        1.0,
                        1.0,
                        1.0,
                        1.0,
                        1.0,
                        1.0,
                        1.0,
                        1.0,
                        1.0,
                        1.0,
                        1.0,
                        1.0,
                        1.0,
                        1.0,
                        1.0,
                        1.0,
                        1.0,
                        1.0,
                        1.0,
                        1.0],
 'num ac lines': 105,
 'num buses': 73,
 'num consuming devices': 51,
 'num contingencies': 2,
 'num dc lines': 1,
 'num intervals': 48,
 'num producing devices': 154,
 'num reactive power reserve zones': 1,
 'num real power reserve zones': 1,
 'num shunts': 73,
 'num simple dispatchable devices': 205,
 'num transformers': 15,
 'total duration': 48.0,
 'violation costs': {'e_vio_cost': 900000.0,
                     'p_bus_vio_cost': 1000000.0,
                     'q_bus_vio_cost': 1000000.0,
                     's_vio_cost': 500.0}}
after read solution without validation, memory info: {'rss bytes': 148283392, 'rss human': '141.4M', 'percent': 0.05489373675231052}
read solution data file without validation time: 0.016318559646606445
after read solution with validation, memory info: {'rss bytes': 155312128, 'rss human': '148.1M', 'percent': 0.057495738085578424}
solution load time: 0.24637651443481445
after solution_model_checks(), memory info: {'rss bytes': 155312128, 'rss human': '148.1M', 'percent': 0.057495738085578424}
solution model_checks time: 0.0012288093566894531
{'error_diagnostics': ''}
after problem_data_array.set_from_data_model(), memory info: {'rss bytes': 158527488, 'rss human': '151.2M', 'percent': 0.058686047553302964}
convert problem data to numpy arrays time: 0.04642510414123535
after solution_data_array.set_from_data_model(), memory info: {'rss bytes': 159879168, 'rss human': '152.5M', 'percent': 0.05918643242508526}
convert solution data to numpy arrays time: 0.007435321807861328
function: set_summary, time: 0.00015544891357421875
function: set_problem, time: 7.152557373046875e-07
function: set_solution, time: 4.5299530029296875e-06
function: set_solution_zero, time: 0.00019216537475585938
function: set_work_zero, time: 0.0001819133758544922
function: set_matrices, time: 0.0039637088775634766
function: __init__, time: 0.004522800445556641
function: eval_sd_t_d_up_dn, time: 0.0008618831634521484
function: eval_sd_max_startup, time: 0.0024585723876953125
function: eval_sd_t_z_sus, time: 0.0014705657958984375
function: eval_acl_t_p_q_fr_to, time: 0.0003604888916015625
function: eval_xfr_t_p_q_fr_to, time: 0.00015115737915039062
function: eval_sd_t_su_sd_trajectories, time: 0.00012874603271484375
function: eval_sd_max_energy, time: 0.0013990402221679688
function: eval_sd_min_energy, time: 0.0012969970703125
function: eval_sd_t_z_p, time: 0.011776208877563477
function: eval_bus_t_p, time: 0.0008420944213867188
function: eval_bus_t_q, time: 0.0003383159637451172
sd_t_p_rgu sum: 0.0
prz_sigma_rgu max: 0.03
prz_t_p_rgu_req max: 0.0
sd_t_p_rgd sum: 0.0
prz_sigma_rgd max: 0.03
prz_t_p_rgd_req max: 0.0
sd_t_p_scr sum: 0.0
prz_sigma_scr max: 0.1
prz_t_p_scr_req max: 0.8469999
sd_t_p_nsc sum: 0.0
prz_sigma_nsc max: 0.3
prz_t_p_nsc_req max: 2.5409997
sd_t_p_rru sum: 0.0
prz_t_p_rru_min max: 1.02
sd_t_p_rrd sum: 0.0
prz_t_p_rrd_min max: 0.9899999999999999
sd_t_p_qru sum: 0.0
qrz_t_q_qru_min max: 0.0
sd_t_p_qrd sum: 0.0
qrz_t_q_qrd_min max: 0.0
function: get_connected_components, time: 0.0006430149078369141
function: get_bridges, time: 0.0016429424285888672
function: get_connected_components, time: 0.0003380775451660156
function: get_bridges, time: 0.0016050338745117188
function: get_connected_components, time: 0.00033473968505859375
function: get_bridges, time: 0.00139617919921875
function: get_connected_components, time: 0.0003323554992675781
function: get_bridges, time: 0.0013806819915771484
function: get_connected_components, time: 0.00032901763916015625
function: get_bridges, time: 0.0013849735260009766
function: get_connected_components, time: 0.00032901763916015625
function: get_bridges, time: 0.001341104507446289
function: get_connected_components, time: 0.0003330707550048828
function: get_bridges, time: 0.0014235973358154297
function: get_connected_components, time: 0.00032973289489746094
function: get_bridges, time: 0.0013823509216308594
function: get_connected_components, time: 0.0003256797790527344
function: get_bridges, time: 0.0013775825500488281
function: get_connected_components, time: 0.0003254413604736328
function: get_bridges, time: 0.0013761520385742188
function: get_connected_components, time: 0.0003287792205810547
function: get_bridges, time: 0.0013344287872314453
function: get_connected_components, time: 0.00032830238342285156
function: get_bridges, time: 0.0013532638549804688
function: get_connected_components, time: 0.00032591819763183594
function: get_bridges, time: 0.0013384819030761719
function: get_connected_components, time: 0.00032520294189453125
function: get_bridges, time: 0.0015003681182861328
function: get_connected_components, time: 0.00032401084899902344
function: get_bridges, time: 0.0013325214385986328
function: get_connected_components, time: 0.00032520294189453125
function: get_bridges, time: 0.0013239383697509766
function: get_connected_components, time: 0.0003306865692138672
function: get_bridges, time: 0.0013308525085449219
function: get_connected_components, time: 0.0003249645233154297
function: get_bridges, time: 0.0013332366943359375
function: get_connected_components, time: 0.00033164024353027344
function: get_bridges, time: 0.0013360977172851562
function: get_connected_components, time: 0.0003294944763183594
function: get_bridges, time: 0.0013272762298583984
function: get_connected_components, time: 0.0003294944763183594
function: get_bridges, time: 0.0013298988342285156
function: get_connected_components, time: 0.0003254413604736328
function: get_bridges, time: 0.0013740062713623047
function: get_connected_components, time: 0.0003654956817626953
function: get_bridges, time: 0.0013303756713867188
function: get_connected_components, time: 0.0003314018249511719
function: get_bridges, time: 0.0013394355773925781
function: get_connected_components, time: 0.0003294944763183594
function: get_bridges, time: 0.0013573169708251953
function: get_connected_components, time: 0.0003249645233154297
function: get_bridges, time: 0.0015032291412353516
function: get_connected_components, time: 0.00032401084899902344
function: get_bridges, time: 0.0013675689697265625
function: get_connected_components, time: 0.0003299713134765625
function: get_bridges, time: 0.001329183578491211
function: get_connected_components, time: 0.00032782554626464844
function: get_bridges, time: 0.001371622085571289
function: get_connected_components, time: 0.0003273487091064453
function: get_bridges, time: 0.0013494491577148438
function: get_connected_components, time: 0.0003275871276855469
function: get_bridges, time: 0.0013687610626220703
function: get_connected_components, time: 0.0003235340118408203
function: get_bridges, time: 0.0013761520385742188
function: get_connected_components, time: 0.0003268718719482422
function: get_bridges, time: 0.0013360977172851562
function: get_connected_components, time: 0.00032901763916015625
function: get_bridges, time: 0.0013341903686523438
function: get_connected_components, time: 0.0003254413604736328
function: get_bridges, time: 0.0013332366943359375
function: get_connected_components, time: 0.0003311634063720703
function: get_bridges, time: 0.001332998275756836
function: get_connected_components, time: 0.00032901763916015625
function: get_bridges, time: 0.0013282299041748047
function: get_connected_components, time: 0.0003292560577392578
function: get_bridges, time: 0.0015025138854980469
function: get_connected_components, time: 0.0003256797790527344
function: get_bridges, time: 0.0013415813446044922
function: get_connected_components, time: 0.00032830238342285156
function: get_bridges, time: 0.0013263225555419922
function: get_connected_components, time: 0.0003261566162109375
function: get_bridges, time: 0.0013380050659179688
function: get_connected_components, time: 0.0003268718719482422
function: get_bridges, time: 0.001341104507446289
function: get_connected_components, time: 0.00032591819763183594
function: get_bridges, time: 0.0013442039489746094
function: get_connected_components, time: 0.0003254413604736328
function: get_bridges, time: 0.0013418197631835938
function: get_connected_components, time: 0.000324249267578125
function: get_bridges, time: 0.001341104507446289
function: get_connected_components, time: 0.00032806396484375
function: get_bridges, time: 0.0013477802276611328
function: get_connected_components, time: 0.0003261566162109375
function: get_bridges, time: 0.0013401508331298828
function: get_connected_components, time: 0.00033020973205566406
function: get_bridges, time: 0.001341104507446289
end of eval_connectedness(), memory info: {'rss bytes': 162017280, 'rss human': '154.5M', 'percent': 0.05997795031317724}
function: eval_connectedness, time: 0.08587646484375
problem dimensions. bus: 73, acl: 105, xfr: 15, dcl: 1, k: 2, t: 48
construct static bus admittance matrix. time: 0.0010242462158203125
factor static bus admittance matrix. time: 0.005643129348754883
t_acl_delta_t: [array([], dtype=int64), array([], dtype=int64), array([], dtype=int64), array([], dtype=int64), array([], dtype=int64), array([], dtype=int64), array([], dtype=int64), array([], dtype=int64), array([], dtype=int64), array([], dtype=int64), array([], dtype=int64), array([], dtype=int64), array([], dtype=int64), array([], dtype=int64), array([], dtype=int64), array([], dtype=int64), array([], dtype=int64), array([], dtype=int64), array([], dtype=int64), array([], dtype=int64), array([], dtype=int64), array([], dtype=int64), array([], dtype=int64), array([], dtype=int64), array([], dtype=int64), array([], dtype=int64), array([], dtype=int64), array([], dtype=int64), array([], dtype=int64), array([], dtype=int64), array([], dtype=int64), array([], dtype=int64), array([], dtype=int64), array([], dtype=int64), array([], dtype=int64), array([], dtype=int64), array([], dtype=int64), array([], dtype=int64), array([], dtype=int64), array([], dtype=int64), array([], dtype=int64), array([], dtype=int64), array([], dtype=int64), array([], dtype=int64), array([], dtype=int64), array([], dtype=int64), array([], dtype=int64), array([], dtype=int64)], t_xfr_delta_t: [array([], dtype=int64), array([], dtype=int64), array([], dtype=int64), array([], dtype=int64), array([], dtype=int64), array([], dtype=int64), array([], dtype=int64), array([], dtype=int64), array([], dtype=int64), array([], dtype=int64), array([], dtype=int64), array([], dtype=int64), array([], dtype=int64), array([], dtype=int64), array([], dtype=int64), array([], dtype=int64), array([], dtype=int64), array([], dtype=int64), array([], dtype=int64), array([], dtype=int64), array([], dtype=int64), array([], dtype=int64), array([], dtype=int64), array([], dtype=int64), array([], dtype=int64), array([], dtype=int64), array([], dtype=int64), array([], dtype=int64), array([], dtype=int64), array([], dtype=int64), array([], dtype=int64), array([], dtype=int64), array([], dtype=int64), array([], dtype=int64), array([], dtype=int64), array([], dtype=int64), array([], dtype=int64), array([], dtype=int64), array([], dtype=int64), array([], dtype=int64), array([], dtype=int64), array([], dtype=int64), array([], dtype=int64), array([], dtype=int64), array([], dtype=int64), array([], dtype=int64), array([], dtype=int64), array([], dtype=int64)], t_br_delta_t: [array([], dtype=int64), array([], dtype=int64), array([], dtype=int64), array([], dtype=int64), array([], dtype=int64), array([], dtype=int64), array([], dtype=int64), array([], dtype=int64), array([], dtype=int64), array([], dtype=int64), array([], dtype=int64), array([], dtype=int64), array([], dtype=int64), array([], dtype=int64), array([], dtype=int64), array([], dtype=int64), array([], dtype=int64), array([], dtype=int64), array([], dtype=int64), array([], dtype=int64), array([], dtype=int64), array([], dtype=int64), array([], dtype=int64), array([], dtype=int64), array([], dtype=int64), array([], dtype=int64), array([], dtype=int64), array([], dtype=int64), array([], dtype=int64), array([], dtype=int64), array([], dtype=int64), array([], dtype=int64), array([], dtype=int64), array([], dtype=int64), array([], dtype=int64), array([], dtype=int64), array([], dtype=int64), array([], dtype=int64), array([], dtype=int64), array([], dtype=int64), array([], dtype=int64), array([], dtype=int64), array([], dtype=int64), array([], dtype=int64), array([], dtype=int64), array([], dtype=int64), array([], dtype=int64), array([], dtype=int64)], acl_delta_t: [], xfr_delta_t: [], br_delta_t: []
contingency delta branches. acl: 2, xfr: 0, dcl: 0
construct bus,t-indexed right hand side. time: 0.0001342296600341797
solve for base case bus,t-indexed theta. time: 0.0679318904876709
v_acl_k: [-0.02286434 -0.02447957]
acl_u[acl_delta_k]: [1 1]
num AC branches with possible violations in ACL contingencies: 2
num AC branches with possible violations in DCL contingencies: 2
num AC branches with possible violations in XFR contingencies: 2
t: 0, time: 0.002729654312133789, memory_info: {'rss bytes': 198496256, 'rss human': '189.3M', 'percent': 0.07348227658012596}
v_acl_k: [-0.02286434 -0.02447957]
acl_u[acl_delta_k]: [1 1]
num AC branches with possible violations in ACL contingencies: 2
num AC branches with possible violations in DCL contingencies: 2
num AC branches with possible violations in XFR contingencies: 2
t: 1, time: 0.0014865398406982422, memory_info: {'rss bytes': 198496256, 'rss human': '189.3M', 'percent': 0.07348227658012596}
v_acl_k: [-0.02286434 -0.02447957]
acl_u[acl_delta_k]: [1 1]
num AC branches with possible violations in ACL contingencies: 2
num AC branches with possible violations in DCL contingencies: 2
num AC branches with possible violations in XFR contingencies: 2
t: 2, time: 0.0014438629150390625, memory_info: {'rss bytes': 198496256, 'rss human': '189.3M', 'percent': 0.07348227658012596}
v_acl_k: [-0.02286434 -0.02447957]
acl_u[acl_delta_k]: [1 1]
num AC branches with possible violations in ACL contingencies: 2
num AC branches with possible violations in DCL contingencies: 2
num AC branches with possible violations in XFR contingencies: 2
t: 3, time: 0.0014083385467529297, memory_info: {'rss bytes': 198496256, 'rss human': '189.3M', 'percent': 0.07348227658012596}
v_acl_k: [-0.02286434 -0.02447957]
acl_u[acl_delta_k]: [1 1]
num AC branches with possible violations in ACL contingencies: 2
num AC branches with possible violations in DCL contingencies: 2
num AC branches with possible violations in XFR contingencies: 2
t: 4, time: 0.0014123916625976562, memory_info: {'rss bytes': 198496256, 'rss human': '189.3M', 'percent': 0.07348227658012596}
v_acl_k: [-0.02286434 -0.02447957]
acl_u[acl_delta_k]: [1 1]
num AC branches with possible violations in ACL contingencies: 2
num AC branches with possible violations in DCL contingencies: 2
num AC branches with possible violations in XFR contingencies: 2
t: 5, time: 0.0013990402221679688, memory_info: {'rss bytes': 198496256, 'rss human': '189.3M', 'percent': 0.07348227658012596}
v_acl_k: [-0.02286434 -0.02447957]
acl_u[acl_delta_k]: [1 1]
num AC branches with possible violations in ACL contingencies: 1
num AC branches with possible violations in DCL contingencies: 1
num AC branches with possible violations in XFR contingencies: 1
t: 6, time: 0.0013947486877441406, memory_info: {'rss bytes': 198496256, 'rss human': '189.3M', 'percent': 0.07348227658012596}
v_acl_k: [-0.02286434 -0.02447957]
acl_u[acl_delta_k]: [1 1]
num AC branches with possible violations in ACL contingencies: 2
num AC branches with possible violations in DCL contingencies: 2
num AC branches with possible violations in XFR contingencies: 2
t: 7, time: 0.0014028549194335938, memory_info: {'rss bytes': 198496256, 'rss human': '189.3M', 'percent': 0.07348227658012596}
v_acl_k: [-0.02286434 -0.02447957]
acl_u[acl_delta_k]: [1 1]
num AC branches with possible violations in ACL contingencies: 2
num AC branches with possible violations in DCL contingencies: 2
num AC branches with possible violations in XFR contingencies: 2
t: 8, time: 0.0013899803161621094, memory_info: {'rss bytes': 198496256, 'rss human': '189.3M', 'percent': 0.07348227658012596}
v_acl_k: [-0.02286434 -0.02447957]
acl_u[acl_delta_k]: [1 1]
num AC branches with possible violations in ACL contingencies: 2
num AC branches with possible violations in DCL contingencies: 2
num AC branches with possible violations in XFR contingencies: 2
t: 9, time: 0.0014009475708007812, memory_info: {'rss bytes': 198496256, 'rss human': '189.3M', 'percent': 0.07348227658012596}
v_acl_k: [-0.02286434 -0.02447957]
acl_u[acl_delta_k]: [1 1]
num AC branches with possible violations in ACL contingencies: 2
num AC branches with possible violations in DCL contingencies: 2
num AC branches with possible violations in XFR contingencies: 2
t: 10, time: 0.0013895034790039062, memory_info: {'rss bytes': 198496256, 'rss human': '189.3M', 'percent': 0.07348227658012596}
v_acl_k: [-0.02286434 -0.02447957]
acl_u[acl_delta_k]: [1 1]
num AC branches with possible violations in ACL contingencies: 2
num AC branches with possible violations in DCL contingencies: 2
num AC branches with possible violations in XFR contingencies: 2
t: 11, time: 0.001390695571899414, memory_info: {'rss bytes': 198496256, 'rss human': '189.3M', 'percent': 0.07348227658012596}
v_acl_k: [-0.02286434 -0.02447957]
acl_u[acl_delta_k]: [1 1]
num AC branches with possible violations in ACL contingencies: 2
num AC branches with possible violations in DCL contingencies: 2
num AC branches with possible violations in XFR contingencies: 2
t: 12, time: 0.001392364501953125, memory_info: {'rss bytes': 198496256, 'rss human': '189.3M', 'percent': 0.07348227658012596}
v_acl_k: [-0.02286434 -0.02447957]
acl_u[acl_delta_k]: [1 1]
num AC branches with possible violations in ACL contingencies: 2
num AC branches with possible violations in DCL contingencies: 2
num AC branches with possible violations in XFR contingencies: 2
t: 13, time: 0.0013952255249023438, memory_info: {'rss bytes': 198496256, 'rss human': '189.3M', 'percent': 0.07348227658012596}
v_acl_k: [-0.02286434 -0.02447957]
acl_u[acl_delta_k]: [1 1]
num AC branches with possible violations in ACL contingencies: 2
num AC branches with possible violations in DCL contingencies: 2
num AC branches with possible violations in XFR contingencies: 2
t: 14, time: 0.0013835430145263672, memory_info: {'rss bytes': 198496256, 'rss human': '189.3M', 'percent': 0.07348227658012596}
v_acl_k: [-0.02286434 -0.02447957]
acl_u[acl_delta_k]: [1 1]
num AC branches with possible violations in ACL contingencies: 2
num AC branches with possible violations in DCL contingencies: 2
num AC branches with possible violations in XFR contingencies: 2
t: 15, time: 0.0013735294342041016, memory_info: {'rss bytes': 198496256, 'rss human': '189.3M', 'percent': 0.07348227658012596}
v_acl_k: [-0.02286434 -0.02447957]
acl_u[acl_delta_k]: [1 1]
num AC branches with possible violations in ACL contingencies: 2
num AC branches with possible violations in DCL contingencies: 2
num AC branches with possible violations in XFR contingencies: 2
t: 16, time: 0.001375436782836914, memory_info: {'rss bytes': 198496256, 'rss human': '189.3M', 'percent': 0.07348227658012596}
v_acl_k: [-0.02286434 -0.02447957]
acl_u[acl_delta_k]: [1 1]
num AC branches with possible violations in ACL contingencies: 2
num AC branches with possible violations in DCL contingencies: 2
num AC branches with possible violations in XFR contingencies: 2
t: 17, time: 0.0013706684112548828, memory_info: {'rss bytes': 198496256, 'rss human': '189.3M', 'percent': 0.07348227658012596}
v_acl_k: [-0.02286434 -0.02447957]
acl_u[acl_delta_k]: [1 1]
num AC branches with possible violations in ACL contingencies: 2
num AC branches with possible violations in DCL contingencies: 2
num AC branches with possible violations in XFR contingencies: 2
t: 18, time: 0.001375436782836914, memory_info: {'rss bytes': 198496256, 'rss human': '189.3M', 'percent': 0.07348227658012596}
v_acl_k: [-0.02286434 -0.02447957]
acl_u[acl_delta_k]: [1 1]
num AC branches with possible violations in ACL contingencies: 2
num AC branches with possible violations in DCL contingencies: 2
num AC branches with possible violations in XFR contingencies: 2
t: 19, time: 0.0013692378997802734, memory_info: {'rss bytes': 198496256, 'rss human': '189.3M', 'percent': 0.07348227658012596}
v_acl_k: [-0.02286434 -0.02447957]
acl_u[acl_delta_k]: [1 1]
num AC branches with possible violations in ACL contingencies: 2
num AC branches with possible violations in DCL contingencies: 2
num AC branches with possible violations in XFR contingencies: 2
t: 20, time: 0.0013761520385742188, memory_info: {'rss bytes': 198496256, 'rss human': '189.3M', 'percent': 0.07348227658012596}
v_acl_k: [-0.02286434 -0.02447957]
acl_u[acl_delta_k]: [1 1]
num AC branches with possible violations in ACL contingencies: 2
num AC branches with possible violations in DCL contingencies: 2
num AC branches with possible violations in XFR contingencies: 2
t: 21, time: 0.0013730525970458984, memory_info: {'rss bytes': 198496256, 'rss human': '189.3M', 'percent': 0.07348227658012596}
v_acl_k: [-0.02286434 -0.02447957]
acl_u[acl_delta_k]: [1 1]
num AC branches with possible violations in ACL contingencies: 2
num AC branches with possible violations in DCL contingencies: 2
num AC branches with possible violations in XFR contingencies: 2
t: 22, time: 0.001373291015625, memory_info: {'rss bytes': 198496256, 'rss human': '189.3M', 'percent': 0.07348227658012596}
v_acl_k: [-0.02286434 -0.02447957]
acl_u[acl_delta_k]: [1 1]
num AC branches with possible violations in ACL contingencies: 2
num AC branches with possible violations in DCL contingencies: 2
num AC branches with possible violations in XFR contingencies: 2
t: 23, time: 0.001369476318359375, memory_info: {'rss bytes': 198496256, 'rss human': '189.3M', 'percent': 0.07348227658012596}
v_acl_k: [-0.02286434 -0.02447957]
acl_u[acl_delta_k]: [1 1]
num AC branches with possible violations in ACL contingencies: 2
num AC branches with possible violations in DCL contingencies: 2
num AC branches with possible violations in XFR contingencies: 2
t: 24, time: 0.0013723373413085938, memory_info: {'rss bytes': 198496256, 'rss human': '189.3M', 'percent': 0.07348227658012596}
v_acl_k: [-0.02286434 -0.02447957]
acl_u[acl_delta_k]: [1 1]
num AC branches with possible violations in ACL contingencies: 2
num AC branches with possible violations in DCL contingencies: 2
num AC branches with possible violations in XFR contingencies: 2
t: 25, time: 0.0013675689697265625, memory_info: {'rss bytes': 198496256, 'rss human': '189.3M', 'percent': 0.07348227658012596}
v_acl_k: [-0.02286434 -0.02447957]
acl_u[acl_delta_k]: [1 1]
num AC branches with possible violations in ACL contingencies: 2
num AC branches with possible violations in DCL contingencies: 2
num AC branches with possible violations in XFR contingencies: 2
t: 26, time: 0.0013735294342041016, memory_info: {'rss bytes': 198496256, 'rss human': '189.3M', 'percent': 0.07348227658012596}
v_acl_k: [-0.02286434 -0.02447957]
acl_u[acl_delta_k]: [1 1]
num AC branches with possible violations in ACL contingencies: 2
num AC branches with possible violations in DCL contingencies: 2
num AC branches with possible violations in XFR contingencies: 2
t: 27, time: 0.001363515853881836, memory_info: {'rss bytes': 198496256, 'rss human': '189.3M', 'percent': 0.07348227658012596}
v_acl_k: [-0.02286434 -0.02447957]
acl_u[acl_delta_k]: [1 1]
num AC branches with possible violations in ACL contingencies: 2
num AC branches with possible violations in DCL contingencies: 2
num AC branches with possible violations in XFR contingencies: 2
t: 28, time: 0.0013744831085205078, memory_info: {'rss bytes': 198496256, 'rss human': '189.3M', 'percent': 0.07348227658012596}
v_acl_k: [-0.02286434 -0.02447957]
acl_u[acl_delta_k]: [1 1]
num AC branches with possible violations in ACL contingencies: 2
num AC branches with possible violations in DCL contingencies: 2
num AC branches with possible violations in XFR contingencies: 2
t: 29, time: 0.0013718605041503906, memory_info: {'rss bytes': 198496256, 'rss human': '189.3M', 'percent': 0.07348227658012596}
v_acl_k: [-0.02286434 -0.02447957]
acl_u[acl_delta_k]: [1 1]
num AC branches with possible violations in ACL contingencies: 2
num AC branches with possible violations in DCL contingencies: 2
num AC branches with possible violations in XFR contingencies: 2
t: 30, time: 0.0013813972473144531, memory_info: {'rss bytes': 198496256, 'rss human': '189.3M', 'percent': 0.07348227658012596}
v_acl_k: [-0.02286434 -0.02447957]
acl_u[acl_delta_k]: [1 1]
num AC branches with possible violations in ACL contingencies: 1
num AC branches with possible violations in DCL contingencies: 1
num AC branches with possible violations in XFR contingencies: 1
t: 31, time: 0.0013685226440429688, memory_info: {'rss bytes': 198496256, 'rss human': '189.3M', 'percent': 0.07348227658012596}
v_acl_k: [-0.02286434 -0.02447957]
acl_u[acl_delta_k]: [1 1]
num AC branches with possible violations in ACL contingencies: 2
num AC branches with possible violations in DCL contingencies: 2
num AC branches with possible violations in XFR contingencies: 2
t: 32, time: 0.0013718605041503906, memory_info: {'rss bytes': 198496256, 'rss human': '189.3M', 'percent': 0.07348227658012596}
v_acl_k: [-0.02286434 -0.02447957]
acl_u[acl_delta_k]: [1 1]
num AC branches with possible violations in ACL contingencies: 2
num AC branches with possible violations in DCL contingencies: 2
num AC branches with possible violations in XFR contingencies: 2
t: 33, time: 0.001367330551147461, memory_info: {'rss bytes': 198496256, 'rss human': '189.3M', 'percent': 0.07348227658012596}
v_acl_k: [-0.02286434 -0.02447957]
acl_u[acl_delta_k]: [1 1]
num AC branches with possible violations in ACL contingencies: 2
num AC branches with possible violations in DCL contingencies: 2
num AC branches with possible violations in XFR contingencies: 2
t: 34, time: 0.0013675689697265625, memory_info: {'rss bytes': 198496256, 'rss human': '189.3M', 'percent': 0.07348227658012596}
v_acl_k: [-0.02286434 -0.02447957]
acl_u[acl_delta_k]: [1 1]
num AC branches with possible violations in ACL contingencies: 2
num AC branches with possible violations in DCL contingencies: 2
num AC branches with possible violations in XFR contingencies: 2
t: 35, time: 0.0013680458068847656, memory_info: {'rss bytes': 198496256, 'rss human': '189.3M', 'percent': 0.07348227658012596}
v_acl_k: [-0.02286434 -0.02447957]
acl_u[acl_delta_k]: [1 1]
num AC branches with possible violations in ACL contingencies: 2
num AC branches with possible violations in DCL contingencies: 2
num AC branches with possible violations in XFR contingencies: 2
t: 36, time: 0.0013706684112548828, memory_info: {'rss bytes': 198496256, 'rss human': '189.3M', 'percent': 0.07348227658012596}
v_acl_k: [-0.02286434 -0.02447957]
acl_u[acl_delta_k]: [1 1]
num AC branches with possible violations in ACL contingencies: 2
num AC branches with possible violations in DCL contingencies: 2
num AC branches with possible violations in XFR contingencies: 2
t: 37, time: 0.0013644695281982422, memory_info: {'rss bytes': 198496256, 'rss human': '189.3M', 'percent': 0.07348227658012596}
v_acl_k: [-0.02286434 -0.02447957]
acl_u[acl_delta_k]: [1 1]
num AC branches with possible violations in ACL contingencies: 2
num AC branches with possible violations in DCL contingencies: 2
num AC branches with possible violations in XFR contingencies: 2
t: 38, time: 0.0013692378997802734, memory_info: {'rss bytes': 198496256, 'rss human': '189.3M', 'percent': 0.07348227658012596}
v_acl_k: [-0.02286434 -0.02447957]
acl_u[acl_delta_k]: [1 1]
num AC branches with possible violations in ACL contingencies: 2
num AC branches with possible violations in DCL contingencies: 2
num AC branches with possible violations in XFR contingencies: 2
t: 39, time: 0.00136566162109375, memory_info: {'rss bytes': 198496256, 'rss human': '189.3M', 'percent': 0.07348227658012596}
v_acl_k: [-0.02286434 -0.02447957]
acl_u[acl_delta_k]: [1 1]
num AC branches with possible violations in ACL contingencies: 2
num AC branches with possible violations in DCL contingencies: 2
num AC branches with possible violations in XFR contingencies: 2
t: 40, time: 0.0013663768768310547, memory_info: {'rss bytes': 198496256, 'rss human': '189.3M', 'percent': 0.07348227658012596}
v_acl_k: [-0.02286434 -0.02447957]
acl_u[acl_delta_k]: [1 1]
num AC branches with possible violations in ACL contingencies: 2
num AC branches with possible violations in DCL contingencies: 2
num AC branches with possible violations in XFR contingencies: 2
t: 41, time: 0.0013704299926757812, memory_info: {'rss bytes': 198496256, 'rss human': '189.3M', 'percent': 0.07348227658012596}
v_acl_k: [-0.02286434 -0.02447957]
acl_u[acl_delta_k]: [1 1]
num AC branches with possible violations in ACL contingencies: 2
num AC branches with possible violations in DCL contingencies: 2
num AC branches with possible violations in XFR contingencies: 2
t: 42, time: 0.0013704299926757812, memory_info: {'rss bytes': 198496256, 'rss human': '189.3M', 'percent': 0.07348227658012596}
v_acl_k: [-0.02286434 -0.02447957]
acl_u[acl_delta_k]: [1 1]
num AC branches with possible violations in ACL contingencies: 2
num AC branches with possible violations in DCL contingencies: 2
num AC branches with possible violations in XFR contingencies: 2
t: 43, time: 0.0013747215270996094, memory_info: {'rss bytes': 198496256, 'rss human': '189.3M', 'percent': 0.07348227658012596}
v_acl_k: [-0.02286434 -0.02447957]
acl_u[acl_delta_k]: [1 1]
num AC branches with possible violations in ACL contingencies: 2
num AC branches with possible violations in DCL contingencies: 2
num AC branches with possible violations in XFR contingencies: 2
t: 44, time: 0.001369476318359375, memory_info: {'rss bytes': 198496256, 'rss human': '189.3M', 'percent': 0.07348227658012596}
v_acl_k: [-0.02286434 -0.02447957]
acl_u[acl_delta_k]: [1 1]
num AC branches with possible violations in ACL contingencies: 2
num AC branches with possible violations in DCL contingencies: 2
num AC branches with possible violations in XFR contingencies: 2
t: 45, time: 0.0013692378997802734, memory_info: {'rss bytes': 198496256, 'rss human': '189.3M', 'percent': 0.07348227658012596}
v_acl_k: [-0.02286434 -0.02447957]
acl_u[acl_delta_k]: [1 1]
num AC branches with possible violations in ACL contingencies: 2
num AC branches with possible violations in DCL contingencies: 2
num AC branches with possible violations in XFR contingencies: 2
t: 46, time: 0.0013666152954101562, memory_info: {'rss bytes': 198496256, 'rss human': '189.3M', 'percent': 0.07348227658012596}
v_acl_k: [-0.02286434 -0.02447957]
acl_u[acl_delta_k]: [1 1]
num AC branches with possible violations in ACL contingencies: 2
num AC branches with possible violations in DCL contingencies: 2
num AC branches with possible violations in XFR contingencies: 2
t: 47, time: 0.0013637542724609375, memory_info: {'rss bytes': 198496256, 'rss human': '189.3M', 'percent': 0.07348227658012596}
initialize_m_w_time: 0.00040531158447265625
compute_static_w_time: 5.936622619628906e-05
get_time_varying_branch_characteristics_time: 0.0009000301361083984
construct_a_t_time: 0.014165878295898438
factor_a_t_time: 0.009663105010986328
compute_w_with_t_a_solve_time: 0.0018851757049560547
compute_v_t_time: 4.76837158203125e-06
compute_w_with_t_smw_time: 4.5299530029296875e-06
compute_v_time: 0.00789189338684082
compute_bus_theta_with_t_a_solve_time: 0.0007910728454589844
compute_bus_theta_with_t_smw_time: 4.291534423828125e-06
compute_br_p_time: 0.0036661624908447266
apply_w_v_wt_time: 0.0006167888641357422
compute_bus_dtheta_rhs_dcl_k_time: 0.004032135009765625
compute_w_v_wt_xfr_k_time: 0.004381895065307617
compute_bus_dtheta_rhs_xfr_k_time: 4.0531158447265625e-06
compute_br_acl_delta_k_p_delta_time: 0.002864360809326172
compute_br_dcl_delta_k_p_delta_time: 0.002356290817260742
compute_br_xfr_delta_k_p_delta_time: 0.002318859100341797
filter_branches_acl_k_time: 0.0024733543395996094
filter_branches_dcl_k_time: 0.0010912418365478516
filter_branches_xfr_k_time: 0.0009946823120117188
compute_br_acl_delta_k_p_time: 0.00026345252990722656
compute_br_dcl_delta_k_p_time: 0.00014519691467285156
compute_br_xfr_delta_k_p_time: 0.0001342296600341797
compute_br_acl_delta_k_s_over_time: 0.001542806625366211
compute_br_dcl_delta_k_s_over_time: 0.0006797313690185547
compute_br_xfr_delta_k_s_over_time: 0.0006513595581054688
zero_out_time: 0.00018858909606933594
get_max_br_acl_delta_k_s_over_time: 0.001344442367553711
get_max_br_dcl_delta_k_s_over_time: 8.344650268554688e-06
get_max_br_xfr_delta_k_s_over_time: 5.9604644775390625e-06
compute_br_k_z_time: 0.001214742660522461
collect_penalties_into_obj_array_time: 0.0005135536193847656
end of contingency model method 1, memory info: {'rss bytes': 198496256, 'rss human': '189.3M', 'percent': 0.07348227658012596}
function: eval_post_contingency_model, time: 0.15248441696166992
function: eval_post_contingency_model, time: 0.15249204635620117
function: run, time: 0.2653524875640869
after solution_evaluator.run(), memory info: {'rss bytes': 198496256, 'rss human': '189.3M', 'percent': 0.07348227658012596}
evaluation summary:
{'feas': 1,
 'infeas': 0,
 'info_i_i_k_t_disconnected_ctg': {'idx': {0: None, 1: None, 2: None, 3: None},
                                   'val': 0},
 'info_i_i_t_disconnected_base': {'idx': {0: None, 1: None, 2: None}, 'val': 0},
 'phys_feas': 0,
 'sum_acl_t_u_sd': 0,
 'sum_acl_t_u_su': 0,
 'sum_acl_t_z_s': 0.0,
 'sum_acl_t_z_sd': 0.0,
 'sum_acl_t_z_su': 0.0,
 'sum_bus_t_z_p': 5319424342.329686,
 'sum_bus_t_z_q': 3271084770.052825,
 'sum_cs_t_z_p': -0.0,
 'sum_pr_t_z_p': 0.0,
 'sum_prz_t_z_nsc': 3889.8244704,
 'sum_prz_t_z_rgd': 0.0,
 'sum_prz_t_z_rgu': 0.0,
 'sum_prz_t_z_rrd': 3.928,
 'sum_prz_t_z_rru': 4.067,
 'sum_prz_t_z_scr': 12358.296494499999,
 'sum_qrz_t_z_qrd': 0.0,
 'sum_qrz_t_z_qru': 0.0,
 'sum_sd_t_sd': 0,
 'sum_sd_t_su': 61,
 'sum_sd_t_z_nsc': 0.0,
 'sum_sd_t_z_on': 0.0,
 'sum_sd_t_z_qrd': 0.0,
 'sum_sd_t_z_qru': 0.0,
 'sum_sd_t_z_rgd': 0.0,
 'sum_sd_t_z_rgu': 0.0,
 'sum_sd_t_z_rrd_off': 0.0,
 'sum_sd_t_z_rrd_on': 0.0,
 'sum_sd_t_z_rru_off': 0.0,
 'sum_sd_t_z_rru_on': 0.0,
 'sum_sd_t_z_scr': 0.0,
 'sum_sd_t_z_sd': 0.0,
 'sum_sd_t_z_su': 0.0,
 'sum_sd_t_z_sus': 0.0,
 'sum_xfr_t_u_sd': 0,
 'sum_xfr_t_u_su': 0,
 'sum_xfr_t_z_s': 0.0,
 'sum_xfr_t_z_sd': 0.0,
 'sum_xfr_t_z_su': 0.0,
 'time_connectedness': 0.08571887016296387,
 'time_post_contingency': 0.15249085426330566,
 'time_run': 0.2653510570526123,
 'total_switches': 0,
 'viol_acl_acl_t_s_max_ctg': {'idx': {0: 'acl_100', 1: 'acl_102', 2: 32},
                              'val': 0.931344250202121},
 'viol_acl_dcl_t_s_max_ctg': {'idx': {0: None, 1: None, 2: None}, 'val': 0.0},
 'viol_acl_t_s_max': {'idx': {0: 'acl_000', 1: 0}, 'val': 0.0},
 'viol_acl_t_u_sd_max': {'idx': {0: 'acl_000', 1: 0}, 'val': 0},
 'viol_acl_t_u_su_max': {'idx': {0: 'acl_000', 1: 0}, 'val': 0},
 'viol_acl_xfr_t_s_max_ctg': {'idx': {0: None, 1: None, 2: None}, 'val': 0.0},
 'viol_bus_t_p_balance_max': {'idx': {0: 'bus_55', 1: 0},
                              'val': 6.600014981956657},
 'viol_bus_t_p_balance_min': {'idx': {0: 'bus_19', 1: 0},
                              'val': -10.269986059434709},
 'viol_bus_t_q_balance_max': {'idx': {0: 'bus_41', 1: 0},
                              'val': 0.8199418027720068},
 'viol_bus_t_q_balance_min': {'idx': {0: 'bus_53', 1: 0},
                              'val': -9.345961455185739},
 'viol_bus_t_v_max': {'idx': {0: 'bus_00', 1: 0}, 'val': 0.0},
 'viol_bus_t_v_min': {'idx': {0: 'bus_00', 1: 0}, 'val': 0.0},
 'viol_cs_t_p_off_max': {'idx': {0: 'sd_154', 1: 0}, 'val': 0.0},
 'viol_cs_t_p_off_min': {'idx': {0: 'sd_154', 1: 0}, 'val': 0.0},
 'viol_cs_t_p_on_max': {'idx': {0: 'sd_154', 1: 0}, 'val': 0.0},
 'viol_cs_t_p_on_min': {'idx': {0: 'sd_154', 1: 0}, 'val': 0.0},
 'viol_cs_t_q_max': {'idx': {0: 'sd_154', 1: 0}, 'val': 0.0},
 'viol_cs_t_q_min': {'idx': {0: 'sd_154', 1: 0}, 'val': 0.0},
 'viol_cs_t_q_p_max': {'idx': {0: None, 1: None}, 'val': None},
 'viol_cs_t_q_p_min': {'idx': {0: None, 1: None}, 'val': None},
 'viol_dcl_t_p_max': {'idx': {0: 'dcl_0', 1: 0}, 'val': 0.0},
 'viol_dcl_t_p_min': {'idx': {0: 'dcl_0', 1: 0}, 'val': 0.0},
 'viol_dcl_t_q_fr_max': {'idx': {0: 'dcl_0', 1: 0}, 'val': 0.0},
 'viol_dcl_t_q_fr_min': {'idx': {0: 'dcl_0', 1: 0}, 'val': 0.0},
 'viol_dcl_t_q_to_max': {'idx': {0: 'dcl_0', 1: 0}, 'val': 0.0},
 'viol_dcl_t_q_to_min': {'idx': {0: 'dcl_0', 1: 0}, 'val': 0.0},
 'viol_pr_t_p_off_max': {'idx': {0: 'sd_000', 1: 0}, 'val': 0.0},
 'viol_pr_t_p_off_min': {'idx': {0: 'sd_000', 1: 0}, 'val': 0.0},
 'viol_pr_t_p_on_max': {'idx': {0: 'sd_000', 1: 0}, 'val': 0.0},
 'viol_pr_t_p_on_min': {'idx': {0: 'sd_000', 1: 0}, 'val': 0.0},
 'viol_pr_t_q_max': {'idx': {0: 'sd_000', 1: 0}, 'val': 0.0},
 'viol_pr_t_q_min': {'idx': {0: 'sd_000', 1: 0}, 'val': 0.0},
 'viol_pr_t_q_p_max': {'idx': {0: None, 1: None}, 'val': None},
 'viol_pr_t_q_p_min': {'idx': {0: None, 1: None}, 'val': None},
 'viol_prz_t_p_nsc_balance': {'idx': {0: 'prz_0', 1: 0}, 'val': 3.3879996},
 'viol_prz_t_p_rgd_balance': {'idx': {0: 'prz_0', 1: 0}, 'val': 0.0},
 'viol_prz_t_p_rgu_balance': {'idx': {0: 'prz_0', 1: 0}, 'val': 0.0},
 'viol_prz_t_p_rrd_balance': {'idx': {0: 'prz_0', 1: 32},
                              'val': 0.9899999999999999},
 'viol_prz_t_p_rru_balance': {'idx': {0: 'prz_0', 1: 39}, 'val': 1.02},
 'viol_prz_t_p_scr_balance': {'idx': {0: 'prz_0', 1: 0}, 'val': 0.8469999},
 'viol_qrz_t_q_qrd_balance': {'idx': {0: 'qrz_0', 1: 0}, 'val': 0.0},
 'viol_qrz_t_q_qru_balance': {'idx': {0: 'qrz_0', 1: 0}, 'val': 0.0},
 'viol_sd_max_energy_constr': {'idx': {0: 'sd_000', 1: 0}, 'val': 0.0},
 'viol_sd_max_startup_constr': {'idx': {0: 'sd_000', 1: 0}, 'val': 0},
 'viol_sd_min_energy_constr': {'idx': {0: 'sd_000', 1: 0}, 'val': 0.0},
 'viol_sd_t_d_dn_min': {'idx': {0: 'sd_000', 1: 0}, 'val': 0},
 'viol_sd_t_d_up_min': {'idx': {0: 'sd_000', 1: 0}, 'val': 0},
 'viol_sd_t_p_nsc_max': {'idx': {0: 'sd_000', 1: 0}, 'val': 0.0},
 'viol_sd_t_p_nsc_nonneg': {'idx': {0: 'sd_000', 1: 0}, 'val': -0.0},
 'viol_sd_t_p_ramp_dn_max': {'idx': {0: 'sd_000', 1: 0}, 'val': 0.0},
 'viol_sd_t_p_ramp_up_max': {'idx': {0: 'sd_000', 1: 0}, 'val': 0.0},
 'viol_sd_t_p_rgd_max': {'idx': {0: 'sd_000', 1: 0}, 'val': 0.0},
 'viol_sd_t_p_rgd_nonneg': {'idx': {0: 'sd_000', 1: 0}, 'val': -0.0},
 'viol_sd_t_p_rgu_max': {'idx': {0: 'sd_000', 1: 0}, 'val': 0.0},
 'viol_sd_t_p_rgu_nonneg': {'idx': {0: 'sd_000', 1: 0}, 'val': -0.0},
 'viol_sd_t_p_rrd_off_max': {'idx': {0: 'sd_000', 1: 0}, 'val': 0.0},
 'viol_sd_t_p_rrd_off_nonneg': {'idx': {0: 'sd_000', 1: 0}, 'val': -0.0},
 'viol_sd_t_p_rrd_on_max': {'idx': {0: 'sd_000', 1: 0}, 'val': 0.0},
 'viol_sd_t_p_rrd_on_nonneg': {'idx': {0: 'sd_000', 1: 0}, 'val': -0.0},
 'viol_sd_t_p_rru_off_max': {'idx': {0: 'sd_000', 1: 0}, 'val': 0.0},
 'viol_sd_t_p_rru_off_nonneg': {'idx': {0: 'sd_000', 1: 0}, 'val': -0.0},
 'viol_sd_t_p_rru_on_max': {'idx': {0: 'sd_000', 1: 0}, 'val': 0.0},
 'viol_sd_t_p_rru_on_nonneg': {'idx': {0: 'sd_000', 1: 0}, 'val': -0.0},
 'viol_sd_t_p_scr_max': {'idx': {0: 'sd_000', 1: 0}, 'val': 0.0},
 'viol_sd_t_p_scr_nonneg': {'idx': {0: 'sd_000', 1: 0}, 'val': -0.0},
 'viol_sd_t_q_qrd_nonneg': {'idx': {0: 'sd_000', 1: 0}, 'val': -0.0},
 'viol_sd_t_q_qru_nonneg': {'idx': {0: 'sd_000', 1: 0}, 'val': -0.0},
 'viol_sd_t_u_on_max': {'idx': {0: 'sd_000', 1: 0}, 'val': 0},
 'viol_sd_t_u_on_min': {'idx': {0: 'sd_000', 1: 0}, 'val': 0},
 'viol_sh_t_u_st_max': {'idx': {0: 'sh_00', 1: 0}, 'val': 0},
 'viol_sh_t_u_st_min': {'idx': {0: 'sh_00', 1: 0}, 'val': 0},
 'viol_t_connected_base': {'idx': {0: 0}, 'val': 0},
 'viol_t_connected_ctg': {'idx': {0: 0}, 'val': 0},
 'viol_xfr_acl_t_s_max_ctg': {'idx': {0: None, 1: None, 2: None}, 'val': 0.0},
 'viol_xfr_dcl_t_s_max_ctg': {'idx': {0: None, 1: None, 2: None}, 'val': 0.0},
 'viol_xfr_t_phi_max': {'idx': {0: 'xfr_00', 1: 0}, 'val': 0.0},
 'viol_xfr_t_phi_min': {'idx': {0: 'xfr_00', 1: 0}, 'val': 0.0},
 'viol_xfr_t_s_max': {'idx': {0: 'xfr_00', 1: 0}, 'val': 0.0},
 'viol_xfr_t_tau_max': {'idx': {0: 'xfr_00', 1: 0}, 'val': 0.0},
 'viol_xfr_t_tau_min': {'idx': {0: 'xfr_00', 1: 0}, 'val': 0.0},
 'viol_xfr_t_u_sd_max': {'idx': {0: 'xfr_00', 1: 0}, 'val': 0},
 'viol_xfr_t_u_su_max': {'idx': {0: 'xfr_00', 1: 0}, 'val': 0},
 'viol_xfr_xfr_t_s_max_ctg': {'idx': {0: None, 1: None, 2: None}, 'val': 0.0},
 'z': -8590574070.311647,
 'z_base': -8590525368.498476,
 'z_cost': 0.0,
 'z_k_average_case': -24335.674691837623,
 'z_k_worst_case': -24366.138479992693,
 'z_max_energy': 0.0,
 'z_min_energy': 0.0,
 'z_penalty': 8590525368.498476,
 'z_value': -0.0}
infeasibility summary:
{}
feas: 1
obj: -8590574070.311647
evaluate solution time: 0.2730894088745117
end of check_data(), memory info: {'rss bytes': 199286784, 'rss human': '190.1M', 'percent': 0.07377492591422893}
