/rcfs/dtn/arpacomp/.conda/envs/goc_eval/lib/python3.10/site-packages/scipy/sparse/linalg/_dsolve/linsolve.py:347: SparseEfficiencyWarning: splu converted its input to CSC format
  warn('splu converted its input to CSC format', SparseEfficiencyWarning)
args:
Namespace(problem_opt=None, problem='/qfs/projects/goc/share/data/C3/E3.1/D2//C3E3N00073D2/scenario_247.json_scrubbed.json', solution='/qfs/projects/goc/share/data/C3/E3.1/D2//C3E3N00073D2/scenario_247.json.pop_solution.json', configuration=None, parameters='{}', summary_csv='summary.csv', summary_json='summary.json', data_errors='data_errors.txt', ignored_errors='ignored_errors.txt', solution_errors='solution_errors.txt', pop_solution=None, scrubbed_problem=None)
problem data file: /qfs/projects/goc/share/data/C3/E3.1/D2//C3E3N00073D2/scenario_247.json_scrubbed.json

pop solution data file: None

solution data file: /qfs/projects/goc/share/data/C3/E3.1/D2//C3E3N00073D2/scenario_247.json.pop_solution.json

git info: {'C3DataUtilities': {'branch': 'main', 'commit': '59dd7f47974aa54c2f26998163730b14ab3a6b97', 'date': 'Wed Jun 7 09:10:06 2023 -0700', 'query_return_code': 0, 'query_err': '', 'branch_return_code': 0, 'branch_err': '', 'query_path': '/qfs/projects/goc/share/loadbalancing/src/nonmpi-template/Challenge3/C3DataUtilities/datautilities', 'query_out': 'commit 59dd7f47974aa54c2f26998163730b14ab3a6b97\nAuthor: Jesse T Holzer <jesse.holzer@pnnl.gov>\nDate:   Wed Jun 7 09:10:06 2023 -0700\n\n    add git branch to summary output\n', 'branch_out': '  dev\n* main\n'}, 'Bid-DS-data-model': {'branch': None, 'commit': None, 'date': None, 'query_return_code': 128, 'query_err': 'fatal: Not a git repository (or any parent up to mount point /rcfs)\nStopping at filesystem boundary (GIT_DISCOVERY_ACROSS_FILESYSTEM not set).\n', 'branch_return_code': None, 'branch_err': None, 'query_path': '/rcfs/dtn/arpacomp/.conda/envs/goc_eval/lib/python3.10/site-packages/datamodel', 'query_out': ''}}

after reading problem without validation, memory info: {'rss bytes': 115826688, 'rss human': '110.5M', 'percent': 0.04287843455836243}
read problem data file without validation time: 0.06629037857055664
after reading problem with validation, memory info: {'rss bytes': 136146944, 'rss human': '129.8M', 'percent': 0.05040088713082286}
load time: 0.520751953125
{'error_diagnostics': '',
 'general': {'base_norm_mva': 100.0,
             'day_type': None,
             'electricity_demand': None,
             'net_load': None,
             'season': None,
             'solar_availability': None,
             'timestamp_start': None,
             'timestamp_stop': None,
             'vre_availability': None,
             'weather_temperature': None,
             'wind_availability': None},
 'interval durations': [1.0,
                        1.0,
                        1.0,
                        1.0,
                        1.0,
                        1.0,
                        1.0,
                        1.0,
                        1.0,
                        1.0,
                        1.0,
                        1.0,
                        1.0,
                        1.0,
                        1.0,
                        1.0,
                        1.0,
                        1.0,
                        1.0,
                        1.0,
                        1.0,
                        1.0,
                        1.0,
                        1.0,
                        1.0,
                        1.0,
                        1.0,
                        1.0,
                        1.0,
                        1.0,
                        1.0,
                        1.0,
                        1.0,
                        1.0,
                        1.0,
                        1.0,
                        1.0,
                        1.0,
                        1.0,
                        1.0,
                        1.0,
                        1.0,
                        1.0,
                        1.0,
                        1.0,
                        1.0,
                        1.0,
                        1.0],
 'num ac lines': 105,
 'num buses': 73,
 'num consuming devices': 51,
 'num contingencies': 2,
 'num dc lines': 1,
 'num intervals': 48,
 'num producing devices': 154,
 'num reactive power reserve zones': 1,
 'num real power reserve zones': 1,
 'num shunts': 73,
 'num simple dispatchable devices': 205,
 'num transformers': 15,
 'total duration': 48.0,
 'violation costs': {'e_vio_cost': 900000.0,
                     'p_bus_vio_cost': 1000000.0,
                     'q_bus_vio_cost': 1000000.0,
                     's_vio_cost': 500.0}}
after read solution without validation, memory info: {'rss bytes': 139931648, 'rss human': '133.4M', 'percent': 0.05180196477181328}
read solution data file without validation time: 0.016436338424682617
after read solution with validation, memory info: {'rss bytes': 146960384, 'rss human': '140.2M', 'percent': 0.05440396610508119}
solution load time: 0.2502267360687256
after solution_model_checks(), memory info: {'rss bytes': 146960384, 'rss human': '140.2M', 'percent': 0.05440396610508119}
solution model_checks time: 0.0012104511260986328
{'error_diagnostics': ''}
after problem_data_array.set_from_data_model(), memory info: {'rss bytes': 150175744, 'rss human': '143.2M', 'percent': 0.05559427557280573}
convert problem data to numpy arrays time: 0.04740118980407715
after solution_data_array.set_from_data_model(), memory info: {'rss bytes': 151257088, 'rss human': '144.2M', 'percent': 0.055994583470231556}
convert solution data to numpy arrays time: 0.007528781890869141
function: set_summary, time: 0.0001506805419921875
function: set_problem, time: 9.5367431640625e-07
function: set_solution, time: 4.291534423828125e-06
function: set_solution_zero, time: 0.00019168853759765625
function: set_work_zero, time: 0.0001723766326904297
function: set_matrices, time: 0.0035300254821777344
function: __init__, time: 0.0040743350982666016
function: eval_sd_t_d_up_dn, time: 0.0008461475372314453
function: eval_sd_max_startup, time: 0.0024514198303222656
function: eval_sd_t_z_sus, time: 0.001542806625366211
function: eval_acl_t_p_q_fr_to, time: 0.00035881996154785156
function: eval_xfr_t_p_q_fr_to, time: 0.0001220703125
function: eval_sd_t_su_sd_trajectories, time: 0.00012826919555664062
function: eval_sd_max_energy, time: 0.0013210773468017578
function: eval_sd_min_energy, time: 0.001306772232055664
function: eval_sd_t_z_p, time: 0.011535882949829102
function: eval_bus_t_p, time: 0.0006868839263916016
function: eval_bus_t_q, time: 0.00018739700317382812
sd_t_p_rgu sum: 0.0
prz_sigma_rgu max: 0.03
prz_t_p_rgu_req max: 0.0
sd_t_p_rgd sum: 0.0
prz_sigma_rgd max: 0.03
prz_t_p_rgd_req max: 0.0
sd_t_p_scr sum: 0.0
prz_sigma_scr max: 0.1
prz_t_p_scr_req max: 0.7135
sd_t_p_nsc sum: 0.0
prz_sigma_nsc max: 0.3
prz_t_p_nsc_req max: 2.1405
sd_t_p_rru sum: 0.0
prz_t_p_rru_min max: 1.02
sd_t_p_rrd sum: 0.0
prz_t_p_rrd_min max: 0.9899999999999999
sd_t_p_qru sum: 0.0
qrz_t_q_qru_min max: 0.0
sd_t_p_qrd sum: 0.0
qrz_t_q_qrd_min max: 0.0
function: get_connected_components, time: 0.0006339550018310547
function: get_bridges, time: 0.001674652099609375
function: get_connected_components, time: 0.0003361701965332031
function: get_bridges, time: 0.0015168190002441406
function: get_connected_components, time: 0.00033354759216308594
function: get_bridges, time: 0.0013742446899414062
function: get_connected_components, time: 0.0003266334533691406
function: get_bridges, time: 0.0014088153839111328
function: get_connected_components, time: 0.0003223419189453125
function: get_bridges, time: 0.0013148784637451172
function: get_connected_components, time: 0.00037026405334472656
function: get_bridges, time: 0.0013532638549804688
function: get_connected_components, time: 0.0003287792205810547
function: get_bridges, time: 0.0013644695281982422
function: get_connected_components, time: 0.00032806396484375
function: get_bridges, time: 0.0013179779052734375
function: get_connected_components, time: 0.0003235340118408203
function: get_bridges, time: 0.0013613700866699219
function: get_connected_components, time: 0.0003228187561035156
function: get_bridges, time: 0.0013163089752197266
function: get_connected_components, time: 0.0003504753112792969
function: get_bridges, time: 0.0013728141784667969
function: get_connected_components, time: 0.0003273487091064453
function: get_bridges, time: 0.0013668537139892578
function: get_connected_components, time: 0.0003216266632080078
function: get_bridges, time: 0.0013577938079833984
function: get_connected_components, time: 0.0003266334533691406
function: get_bridges, time: 0.001486063003540039
function: get_connected_components, time: 0.0003261566162109375
function: get_bridges, time: 0.0013189315795898438
function: get_connected_components, time: 0.0003254413604736328
function: get_bridges, time: 0.0013060569763183594
function: get_connected_components, time: 0.0003211498260498047
function: get_bridges, time: 0.0013153553009033203
function: get_connected_components, time: 0.00032329559326171875
function: get_bridges, time: 0.0013079643249511719
function: get_connected_components, time: 0.0003299713134765625
function: get_bridges, time: 0.0013203620910644531
function: get_connected_components, time: 0.00032830238342285156
function: get_bridges, time: 0.0013172626495361328
function: get_connected_components, time: 0.00032448768615722656
function: get_bridges, time: 0.001312255859375
function: get_connected_components, time: 0.00035452842712402344
function: get_bridges, time: 0.001310110092163086
function: get_connected_components, time: 0.00033092498779296875
function: get_bridges, time: 0.00131988525390625
function: get_connected_components, time: 0.0003275871276855469
function: get_bridges, time: 0.0013263225555419922
function: get_connected_components, time: 0.0003235340118408203
function: get_bridges, time: 0.001314401626586914
function: get_connected_components, time: 0.0003287792205810547
function: get_bridges, time: 0.0014803409576416016
function: get_connected_components, time: 0.0003209114074707031
function: get_bridges, time: 0.0013070106506347656
function: get_connected_components, time: 0.0003247261047363281
function: get_bridges, time: 0.0013127326965332031
function: get_connected_components, time: 0.0003237724304199219
function: get_bridges, time: 0.0013146400451660156
function: get_connected_components, time: 0.00032711029052734375
function: get_bridges, time: 0.0013020038604736328
function: get_connected_components, time: 0.0003287792205810547
function: get_bridges, time: 0.0013186931610107422
function: get_connected_components, time: 0.00032329559326171875
function: get_bridges, time: 0.0013229846954345703
function: get_connected_components, time: 0.0003235340118408203
function: get_bridges, time: 0.0013070106506347656
function: get_connected_components, time: 0.0003218650817871094
function: get_bridges, time: 0.0013124942779541016
function: get_connected_components, time: 0.0003299713134765625
function: get_bridges, time: 0.0013155937194824219
function: get_connected_components, time: 0.00032591819763183594
function: get_bridges, time: 0.0013225078582763672
function: get_connected_components, time: 0.0003275871276855469
function: get_bridges, time: 0.0013093948364257812
function: get_connected_components, time: 0.00032711029052734375
function: get_bridges, time: 0.0014891624450683594
function: get_connected_components, time: 0.0003294944763183594
function: get_bridges, time: 0.0013158321380615234
function: get_connected_components, time: 0.0003247261047363281
function: get_bridges, time: 0.0013108253479003906
function: get_connected_components, time: 0.00032258033752441406
function: get_bridges, time: 0.0013124942779541016
function: get_connected_components, time: 0.00032711029052734375
function: get_bridges, time: 0.0013275146484375
function: get_connected_components, time: 0.00032520294189453125
function: get_bridges, time: 0.0013134479522705078
function: get_connected_components, time: 0.00032448768615722656
function: get_bridges, time: 0.0013134479522705078
function: get_connected_components, time: 0.0003249645233154297
function: get_bridges, time: 0.0013170242309570312
function: get_connected_components, time: 0.0003311634063720703
function: get_bridges, time: 0.001323699951171875
function: get_connected_components, time: 0.0003249645233154297
function: get_bridges, time: 0.0013189315795898438
function: get_connected_components, time: 0.0003256797790527344
function: get_bridges, time: 0.0013151168823242188
end of eval_connectedness(), memory info: {'rss bytes': 153665536, 'rss human': '146.5M', 'percent': 0.056886178332680004}
function: eval_connectedness, time: 0.08468818664550781
problem dimensions. bus: 73, acl: 105, xfr: 15, dcl: 1, k: 2, t: 48
construct static bus admittance matrix. time: 0.0010776519775390625
factor static bus admittance matrix. time: 0.00507807731628418
t_acl_delta_t: [array([], dtype=int64), array([], dtype=int64), array([], dtype=int64), array([], dtype=int64), array([], dtype=int64), array([], dtype=int64), array([], dtype=int64), array([], dtype=int64), array([], dtype=int64), array([], dtype=int64), array([], dtype=int64), array([], dtype=int64), array([], dtype=int64), array([], dtype=int64), array([], dtype=int64), array([], dtype=int64), array([], dtype=int64), array([], dtype=int64), array([], dtype=int64), array([], dtype=int64), array([], dtype=int64), array([], dtype=int64), array([], dtype=int64), array([], dtype=int64), array([], dtype=int64), array([], dtype=int64), array([], dtype=int64), array([], dtype=int64), array([], dtype=int64), array([], dtype=int64), array([], dtype=int64), array([], dtype=int64), array([], dtype=int64), array([], dtype=int64), array([], dtype=int64), array([], dtype=int64), array([], dtype=int64), array([], dtype=int64), array([], dtype=int64), array([], dtype=int64), array([], dtype=int64), array([], dtype=int64), array([], dtype=int64), array([], dtype=int64), array([], dtype=int64), array([], dtype=int64), array([], dtype=int64), array([], dtype=int64)], t_xfr_delta_t: [array([], dtype=int64), array([], dtype=int64), array([], dtype=int64), array([], dtype=int64), array([], dtype=int64), array([], dtype=int64), array([], dtype=int64), array([], dtype=int64), array([], dtype=int64), array([], dtype=int64), array([], dtype=int64), array([], dtype=int64), array([], dtype=int64), array([], dtype=int64), array([], dtype=int64), array([], dtype=int64), array([], dtype=int64), array([], dtype=int64), array([], dtype=int64), array([], dtype=int64), array([], dtype=int64), array([], dtype=int64), array([], dtype=int64), array([], dtype=int64), array([], dtype=int64), array([], dtype=int64), array([], dtype=int64), array([], dtype=int64), array([], dtype=int64), array([], dtype=int64), array([], dtype=int64), array([], dtype=int64), array([], dtype=int64), array([], dtype=int64), array([], dtype=int64), array([], dtype=int64), array([], dtype=int64), array([], dtype=int64), array([], dtype=int64), array([], dtype=int64), array([], dtype=int64), array([], dtype=int64), array([], dtype=int64), array([], dtype=int64), array([], dtype=int64), array([], dtype=int64), array([], dtype=int64), array([], dtype=int64)], t_br_delta_t: [array([], dtype=int64), array([], dtype=int64), array([], dtype=int64), array([], dtype=int64), array([], dtype=int64), array([], dtype=int64), array([], dtype=int64), array([], dtype=int64), array([], dtype=int64), array([], dtype=int64), array([], dtype=int64), array([], dtype=int64), array([], dtype=int64), array([], dtype=int64), array([], dtype=int64), array([], dtype=int64), array([], dtype=int64), array([], dtype=int64), array([], dtype=int64), array([], dtype=int64), array([], dtype=int64), array([], dtype=int64), array([], dtype=int64), array([], dtype=int64), array([], dtype=int64), array([], dtype=int64), array([], dtype=int64), array([], dtype=int64), array([], dtype=int64), array([], dtype=int64), array([], dtype=int64), array([], dtype=int64), array([], dtype=int64), array([], dtype=int64), array([], dtype=int64), array([], dtype=int64), array([], dtype=int64), array([], dtype=int64), array([], dtype=int64), array([], dtype=int64), array([], dtype=int64), array([], dtype=int64), array([], dtype=int64), array([], dtype=int64), array([], dtype=int64), array([], dtype=int64), array([], dtype=int64), array([], dtype=int64)], acl_delta_t: [], xfr_delta_t: [], br_delta_t: []
contingency delta branches. acl: 2, xfr: 0, dcl: 0
construct bus,t-indexed right hand side. time: 0.00013375282287597656
solve for base case bus,t-indexed theta. time: 0.08065390586853027
v_acl_k: [-0.02286434 -0.02447957]
acl_u[acl_delta_k]: [1 1]
num AC branches with possible violations in ACL contingencies: 0
num AC branches with possible violations in DCL contingencies: 0
num AC branches with possible violations in XFR contingencies: 0
t: 0, time: 0.0025048255920410156, memory_info: {'rss bytes': 209092608, 'rss human': '199.4M', 'percent': 0.07740499071134047}
v_acl_k: [-0.02286434 -0.02447957]
acl_u[acl_delta_k]: [1 1]
num AC branches with possible violations in ACL contingencies: 0
num AC branches with possible violations in DCL contingencies: 0
num AC branches with possible violations in XFR contingencies: 0
t: 1, time: 0.0014781951904296875, memory_info: {'rss bytes': 209092608, 'rss human': '199.4M', 'percent': 0.07740499071134047}
v_acl_k: [-0.02286434 -0.02447957]
acl_u[acl_delta_k]: [1 1]
num AC branches with possible violations in ACL contingencies: 0
num AC branches with possible violations in DCL contingencies: 0
num AC branches with possible violations in XFR contingencies: 0
t: 2, time: 0.0014243125915527344, memory_info: {'rss bytes': 209092608, 'rss human': '199.4M', 'percent': 0.07740499071134047}
v_acl_k: [-0.02286434 -0.02447957]
acl_u[acl_delta_k]: [1 1]
num AC branches with possible violations in ACL contingencies: 0
num AC branches with possible violations in DCL contingencies: 0
num AC branches with possible violations in XFR contingencies: 0
t: 3, time: 0.0014116764068603516, memory_info: {'rss bytes': 209092608, 'rss human': '199.4M', 'percent': 0.07740499071134047}
v_acl_k: [-0.02286434 -0.02447957]
acl_u[acl_delta_k]: [1 1]
num AC branches with possible violations in ACL contingencies: 0
num AC branches with possible violations in DCL contingencies: 0
num AC branches with possible violations in XFR contingencies: 0
t: 4, time: 0.0014042854309082031, memory_info: {'rss bytes': 209092608, 'rss human': '199.4M', 'percent': 0.07740499071134047}
v_acl_k: [-0.02286434 -0.02447957]
acl_u[acl_delta_k]: [1 1]
num AC branches with possible violations in ACL contingencies: 0
num AC branches with possible violations in DCL contingencies: 0
num AC branches with possible violations in XFR contingencies: 0
t: 5, time: 0.001405477523803711, memory_info: {'rss bytes': 209092608, 'rss human': '199.4M', 'percent': 0.07740499071134047}
v_acl_k: [-0.02286434 -0.02447957]
acl_u[acl_delta_k]: [1 1]
num AC branches with possible violations in ACL contingencies: 0
num AC branches with possible violations in DCL contingencies: 0
num AC branches with possible violations in XFR contingencies: 0
t: 6, time: 0.0014014244079589844, memory_info: {'rss bytes': 209092608, 'rss human': '199.4M', 'percent': 0.07740499071134047}
v_acl_k: [-0.02286434 -0.02447957]
acl_u[acl_delta_k]: [1 1]
num AC branches with possible violations in ACL contingencies: 0
num AC branches with possible violations in DCL contingencies: 0
num AC branches with possible violations in XFR contingencies: 0
t: 7, time: 0.001399993896484375, memory_info: {'rss bytes': 209092608, 'rss human': '199.4M', 'percent': 0.07740499071134047}
v_acl_k: [-0.02286434 -0.02447957]
acl_u[acl_delta_k]: [1 1]
num AC branches with possible violations in ACL contingencies: 0
num AC branches with possible violations in DCL contingencies: 0
num AC branches with possible violations in XFR contingencies: 0
t: 8, time: 0.001392364501953125, memory_info: {'rss bytes': 209092608, 'rss human': '199.4M', 'percent': 0.07740499071134047}
v_acl_k: [-0.02286434 -0.02447957]
acl_u[acl_delta_k]: [1 1]
num AC branches with possible violations in ACL contingencies: 0
num AC branches with possible violations in DCL contingencies: 0
num AC branches with possible violations in XFR contingencies: 0
t: 9, time: 0.001413106918334961, memory_info: {'rss bytes': 209092608, 'rss human': '199.4M', 'percent': 0.07740499071134047}
v_acl_k: [-0.02286434 -0.02447957]
acl_u[acl_delta_k]: [1 1]
num AC branches with possible violations in ACL contingencies: 0
num AC branches with possible violations in DCL contingencies: 0
num AC branches with possible violations in XFR contingencies: 0
t: 10, time: 0.0013992786407470703, memory_info: {'rss bytes': 209092608, 'rss human': '199.4M', 'percent': 0.07740499071134047}
v_acl_k: [-0.02286434 -0.02447957]
acl_u[acl_delta_k]: [1 1]
num AC branches with possible violations in ACL contingencies: 0
num AC branches with possible violations in DCL contingencies: 0
num AC branches with possible violations in XFR contingencies: 0
t: 11, time: 0.0014157295227050781, memory_info: {'rss bytes': 209092608, 'rss human': '199.4M', 'percent': 0.07740499071134047}
v_acl_k: [-0.02286434 -0.02447957]
acl_u[acl_delta_k]: [1 1]
num AC branches with possible violations in ACL contingencies: 1
num AC branches with possible violations in DCL contingencies: 0
num AC branches with possible violations in XFR contingencies: 0
t: 12, time: 0.0014057159423828125, memory_info: {'rss bytes': 209092608, 'rss human': '199.4M', 'percent': 0.07740499071134047}
v_acl_k: [-0.02286434 -0.02447957]
acl_u[acl_delta_k]: [1 1]
num AC branches with possible violations in ACL contingencies: 0
num AC branches with possible violations in DCL contingencies: 0
num AC branches with possible violations in XFR contingencies: 0
t: 13, time: 0.001397848129272461, memory_info: {'rss bytes': 209092608, 'rss human': '199.4M', 'percent': 0.07740499071134047}
v_acl_k: [-0.02286434 -0.02447957]
acl_u[acl_delta_k]: [1 1]
num AC branches with possible violations in ACL contingencies: 0
num AC branches with possible violations in DCL contingencies: 0
num AC branches with possible violations in XFR contingencies: 0
t: 14, time: 0.0013856887817382812, memory_info: {'rss bytes': 209092608, 'rss human': '199.4M', 'percent': 0.07740499071134047}
v_acl_k: [-0.02286434 -0.02447957]
acl_u[acl_delta_k]: [1 1]
num AC branches with possible violations in ACL contingencies: 0
num AC branches with possible violations in DCL contingencies: 0
num AC branches with possible violations in XFR contingencies: 0
t: 15, time: 0.001392364501953125, memory_info: {'rss bytes': 209092608, 'rss human': '199.4M', 'percent': 0.07740499071134047}
v_acl_k: [-0.02286434 -0.02447957]
acl_u[acl_delta_k]: [1 1]
num AC branches with possible violations in ACL contingencies: 0
num AC branches with possible violations in DCL contingencies: 0
num AC branches with possible violations in XFR contingencies: 0
t: 16, time: 0.0013804435729980469, memory_info: {'rss bytes': 209092608, 'rss human': '199.4M', 'percent': 0.07740499071134047}
v_acl_k: [-0.02286434 -0.02447957]
acl_u[acl_delta_k]: [1 1]
num AC branches with possible violations in ACL contingencies: 0
num AC branches with possible violations in DCL contingencies: 0
num AC branches with possible violations in XFR contingencies: 0
t: 17, time: 0.0013828277587890625, memory_info: {'rss bytes': 209092608, 'rss human': '199.4M', 'percent': 0.07740499071134047}
v_acl_k: [-0.02286434 -0.02447957]
acl_u[acl_delta_k]: [1 1]
num AC branches with possible violations in ACL contingencies: 0
num AC branches with possible violations in DCL contingencies: 0
num AC branches with possible violations in XFR contingencies: 0
t: 18, time: 0.0013730525970458984, memory_info: {'rss bytes': 209092608, 'rss human': '199.4M', 'percent': 0.07740499071134047}
v_acl_k: [-0.02286434 -0.02447957]
acl_u[acl_delta_k]: [1 1]
num AC branches with possible violations in ACL contingencies: 0
num AC branches with possible violations in DCL contingencies: 0
num AC branches with possible violations in XFR contingencies: 0
t: 19, time: 0.001390218734741211, memory_info: {'rss bytes': 209092608, 'rss human': '199.4M', 'percent': 0.07740499071134047}
v_acl_k: [-0.02286434 -0.02447957]
acl_u[acl_delta_k]: [1 1]
num AC branches with possible violations in ACL contingencies: 0
num AC branches with possible violations in DCL contingencies: 0
num AC branches with possible violations in XFR contingencies: 0
t: 20, time: 0.00138092041015625, memory_info: {'rss bytes': 209092608, 'rss human': '199.4M', 'percent': 0.07740499071134047}
v_acl_k: [-0.02286434 -0.02447957]
acl_u[acl_delta_k]: [1 1]
num AC branches with possible violations in ACL contingencies: 0
num AC branches with possible violations in DCL contingencies: 0
num AC branches with possible violations in XFR contingencies: 0
t: 21, time: 0.001392364501953125, memory_info: {'rss bytes': 209092608, 'rss human': '199.4M', 'percent': 0.07740499071134047}
v_acl_k: [-0.02286434 -0.02447957]
acl_u[acl_delta_k]: [1 1]
num AC branches with possible violations in ACL contingencies: 0
num AC branches with possible violations in DCL contingencies: 0
num AC branches with possible violations in XFR contingencies: 0
t: 22, time: 0.0013833045959472656, memory_info: {'rss bytes': 209092608, 'rss human': '199.4M', 'percent': 0.07740499071134047}
v_acl_k: [-0.02286434 -0.02447957]
acl_u[acl_delta_k]: [1 1]
num AC branches with possible violations in ACL contingencies: 0
num AC branches with possible violations in DCL contingencies: 0
num AC branches with possible violations in XFR contingencies: 0
t: 23, time: 0.001390695571899414, memory_info: {'rss bytes': 209092608, 'rss human': '199.4M', 'percent': 0.07740499071134047}
v_acl_k: [-0.02286434 -0.02447957]
acl_u[acl_delta_k]: [1 1]
num AC branches with possible violations in ACL contingencies: 0
num AC branches with possible violations in DCL contingencies: 0
num AC branches with possible violations in XFR contingencies: 0
t: 24, time: 0.001382589340209961, memory_info: {'rss bytes': 209092608, 'rss human': '199.4M', 'percent': 0.07740499071134047}
v_acl_k: [-0.02286434 -0.02447957]
acl_u[acl_delta_k]: [1 1]
num AC branches with possible violations in ACL contingencies: 0
num AC branches with possible violations in DCL contingencies: 0
num AC branches with possible violations in XFR contingencies: 0
t: 25, time: 0.0013935565948486328, memory_info: {'rss bytes': 209092608, 'rss human': '199.4M', 'percent': 0.07740499071134047}
v_acl_k: [-0.02286434 -0.02447957]
acl_u[acl_delta_k]: [1 1]
num AC branches with possible violations in ACL contingencies: 0
num AC branches with possible violations in DCL contingencies: 0
num AC branches with possible violations in XFR contingencies: 0
t: 26, time: 0.0013742446899414062, memory_info: {'rss bytes': 209092608, 'rss human': '199.4M', 'percent': 0.07740499071134047}
v_acl_k: [-0.02286434 -0.02447957]
acl_u[acl_delta_k]: [1 1]
num AC branches with possible violations in ACL contingencies: 0
num AC branches with possible violations in DCL contingencies: 0
num AC branches with possible violations in XFR contingencies: 0
t: 27, time: 0.0013780593872070312, memory_info: {'rss bytes': 209092608, 'rss human': '199.4M', 'percent': 0.07740499071134047}
v_acl_k: [-0.02286434 -0.02447957]
acl_u[acl_delta_k]: [1 1]
num AC branches with possible violations in ACL contingencies: 0
num AC branches with possible violations in DCL contingencies: 0
num AC branches with possible violations in XFR contingencies: 0
t: 28, time: 0.0013761520385742188, memory_info: {'rss bytes': 209092608, 'rss human': '199.4M', 'percent': 0.07740499071134047}
v_acl_k: [-0.02286434 -0.02447957]
acl_u[acl_delta_k]: [1 1]
num AC branches with possible violations in ACL contingencies: 0
num AC branches with possible violations in DCL contingencies: 0
num AC branches with possible violations in XFR contingencies: 0
t: 29, time: 0.0013880729675292969, memory_info: {'rss bytes': 209092608, 'rss human': '199.4M', 'percent': 0.07740499071134047}
v_acl_k: [-0.02286434 -0.02447957]
acl_u[acl_delta_k]: [1 1]
num AC branches with possible violations in ACL contingencies: 0
num AC branches with possible violations in DCL contingencies: 0
num AC branches with possible violations in XFR contingencies: 0
t: 30, time: 0.0013852119445800781, memory_info: {'rss bytes': 209092608, 'rss human': '199.4M', 'percent': 0.07740499071134047}
v_acl_k: [-0.02286434 -0.02447957]
acl_u[acl_delta_k]: [1 1]
num AC branches with possible violations in ACL contingencies: 0
num AC branches with possible violations in DCL contingencies: 0
num AC branches with possible violations in XFR contingencies: 0
t: 31, time: 0.001383066177368164, memory_info: {'rss bytes': 209092608, 'rss human': '199.4M', 'percent': 0.07740499071134047}
v_acl_k: [-0.02286434 -0.02447957]
acl_u[acl_delta_k]: [1 1]
num AC branches with possible violations in ACL contingencies: 0
num AC branches with possible violations in DCL contingencies: 0
num AC branches with possible violations in XFR contingencies: 0
t: 32, time: 0.0013735294342041016, memory_info: {'rss bytes': 209092608, 'rss human': '199.4M', 'percent': 0.07740499071134047}
v_acl_k: [-0.02286434 -0.02447957]
acl_u[acl_delta_k]: [1 1]
num AC branches with possible violations in ACL contingencies: 0
num AC branches with possible violations in DCL contingencies: 0
num AC branches with possible violations in XFR contingencies: 0
t: 33, time: 0.0013782978057861328, memory_info: {'rss bytes': 209092608, 'rss human': '199.4M', 'percent': 0.07740499071134047}
v_acl_k: [-0.02286434 -0.02447957]
acl_u[acl_delta_k]: [1 1]
num AC branches with possible violations in ACL contingencies: 0
num AC branches with possible violations in DCL contingencies: 0
num AC branches with possible violations in XFR contingencies: 0
t: 34, time: 0.0013728141784667969, memory_info: {'rss bytes': 209092608, 'rss human': '199.4M', 'percent': 0.07740499071134047}
v_acl_k: [-0.02286434 -0.02447957]
acl_u[acl_delta_k]: [1 1]
num AC branches with possible violations in ACL contingencies: 0
num AC branches with possible violations in DCL contingencies: 0
num AC branches with possible violations in XFR contingencies: 0
t: 35, time: 0.0013768672943115234, memory_info: {'rss bytes': 209092608, 'rss human': '199.4M', 'percent': 0.07740499071134047}
v_acl_k: [-0.02286434 -0.02447957]
acl_u[acl_delta_k]: [1 1]
num AC branches with possible violations in ACL contingencies: 0
num AC branches with possible violations in DCL contingencies: 0
num AC branches with possible violations in XFR contingencies: 0
t: 36, time: 0.0013737678527832031, memory_info: {'rss bytes': 209092608, 'rss human': '199.4M', 'percent': 0.07740499071134047}
v_acl_k: [-0.02286434 -0.02447957]
acl_u[acl_delta_k]: [1 1]
num AC branches with possible violations in ACL contingencies: 0
num AC branches with possible violations in DCL contingencies: 0
num AC branches with possible violations in XFR contingencies: 0
t: 37, time: 0.0013794898986816406, memory_info: {'rss bytes': 209092608, 'rss human': '199.4M', 'percent': 0.07740499071134047}
v_acl_k: [-0.02286434 -0.02447957]
acl_u[acl_delta_k]: [1 1]
num AC branches with possible violations in ACL contingencies: 0
num AC branches with possible violations in DCL contingencies: 0
num AC branches with possible violations in XFR contingencies: 0
t: 38, time: 0.0013842582702636719, memory_info: {'rss bytes': 209092608, 'rss human': '199.4M', 'percent': 0.07740499071134047}
v_acl_k: [-0.02286434 -0.02447957]
acl_u[acl_delta_k]: [1 1]
num AC branches with possible violations in ACL contingencies: 0
num AC branches with possible violations in DCL contingencies: 0
num AC branches with possible violations in XFR contingencies: 0
t: 39, time: 0.0013670921325683594, memory_info: {'rss bytes': 209092608, 'rss human': '199.4M', 'percent': 0.07740499071134047}
v_acl_k: [-0.02286434 -0.02447957]
acl_u[acl_delta_k]: [1 1]
num AC branches with possible violations in ACL contingencies: 0
num AC branches with possible violations in DCL contingencies: 0
num AC branches with possible violations in XFR contingencies: 0
t: 40, time: 0.001375436782836914, memory_info: {'rss bytes': 209092608, 'rss human': '199.4M', 'percent': 0.07740499071134047}
v_acl_k: [-0.02286434 -0.02447957]
acl_u[acl_delta_k]: [1 1]
num AC branches with possible violations in ACL contingencies: 0
num AC branches with possible violations in DCL contingencies: 0
num AC branches with possible violations in XFR contingencies: 0
t: 41, time: 0.0014262199401855469, memory_info: {'rss bytes': 209092608, 'rss human': '199.4M', 'percent': 0.07740499071134047}
v_acl_k: [-0.02286434 -0.02447957]
acl_u[acl_delta_k]: [1 1]
num AC branches with possible violations in ACL contingencies: 0
num AC branches with possible violations in DCL contingencies: 0
num AC branches with possible violations in XFR contingencies: 0
t: 42, time: 0.0013775825500488281, memory_info: {'rss bytes': 209092608, 'rss human': '199.4M', 'percent': 0.07740499071134047}
v_acl_k: [-0.02286434 -0.02447957]
acl_u[acl_delta_k]: [1 1]
num AC branches with possible violations in ACL contingencies: 0
num AC branches with possible violations in DCL contingencies: 0
num AC branches with possible violations in XFR contingencies: 0
t: 43, time: 0.0013790130615234375, memory_info: {'rss bytes': 209092608, 'rss human': '199.4M', 'percent': 0.07740499071134047}
v_acl_k: [-0.02286434 -0.02447957]
acl_u[acl_delta_k]: [1 1]
num AC branches with possible violations in ACL contingencies: 0
num AC branches with possible violations in DCL contingencies: 0
num AC branches with possible violations in XFR contingencies: 0
t: 44, time: 0.0013720989227294922, memory_info: {'rss bytes': 209092608, 'rss human': '199.4M', 'percent': 0.07740499071134047}
v_acl_k: [-0.02286434 -0.02447957]
acl_u[acl_delta_k]: [1 1]
num AC branches with possible violations in ACL contingencies: 0
num AC branches with possible violations in DCL contingencies: 0
num AC branches with possible violations in XFR contingencies: 0
t: 45, time: 0.001369476318359375, memory_info: {'rss bytes': 209092608, 'rss human': '199.4M', 'percent': 0.07740499071134047}
v_acl_k: [-0.02286434 -0.02447957]
acl_u[acl_delta_k]: [1 1]
num AC branches with possible violations in ACL contingencies: 0
num AC branches with possible violations in DCL contingencies: 0
num AC branches with possible violations in XFR contingencies: 0
t: 46, time: 0.0013751983642578125, memory_info: {'rss bytes': 209092608, 'rss human': '199.4M', 'percent': 0.07740499071134047}
v_acl_k: [-0.02286434 -0.02447957]
acl_u[acl_delta_k]: [1 1]
num AC branches with possible violations in ACL contingencies: 0
num AC branches with possible violations in DCL contingencies: 0
num AC branches with possible violations in XFR contingencies: 0
t: 47, time: 0.0013763904571533203, memory_info: {'rss bytes': 209092608, 'rss human': '199.4M', 'percent': 0.07740499071134047}
initialize_m_w_time: 0.0003936290740966797
compute_static_w_time: 6.341934204101562e-05
get_time_varying_branch_characteristics_time: 0.0009217262268066406
construct_a_t_time: 0.014406919479370117
factor_a_t_time: 0.009679079055786133
compute_w_with_t_a_solve_time: 0.0018880367279052734
compute_v_t_time: 4.0531158447265625e-06
compute_w_with_t_smw_time: 3.337860107421875e-06
compute_v_time: 0.00788736343383789
compute_bus_theta_with_t_a_solve_time: 0.0007982254028320312
compute_bus_theta_with_t_smw_time: 4.0531158447265625e-06
compute_br_p_time: 0.003451824188232422
apply_w_v_wt_time: 0.0006394386291503906
compute_bus_dtheta_rhs_dcl_k_time: 0.004081249237060547
compute_w_v_wt_xfr_k_time: 0.004385471343994141
compute_bus_dtheta_rhs_xfr_k_time: 4.5299530029296875e-06
compute_br_acl_delta_k_p_delta_time: 0.002858877182006836
compute_br_dcl_delta_k_p_delta_time: 0.0023746490478515625
compute_br_xfr_delta_k_p_delta_time: 0.0023322105407714844
filter_branches_acl_k_time: 0.002505779266357422
filter_branches_dcl_k_time: 0.0011014938354492188
filter_branches_xfr_k_time: 0.0009989738464355469
compute_br_acl_delta_k_p_time: 0.0002639293670654297
compute_br_dcl_delta_k_p_time: 0.00015807151794433594
compute_br_xfr_delta_k_p_time: 0.0001361370086669922
compute_br_acl_delta_k_s_over_time: 0.0015339851379394531
compute_br_dcl_delta_k_s_over_time: 0.0006797313690185547
compute_br_xfr_delta_k_s_over_time: 0.0006680488586425781
zero_out_time: 0.00018072128295898438
get_max_br_acl_delta_k_s_over_time: 0.0013544559478759766
get_max_br_dcl_delta_k_s_over_time: 5.9604644775390625e-06
get_max_br_xfr_delta_k_s_over_time: 4.5299530029296875e-06
compute_br_k_z_time: 0.0011973381042480469
collect_penalties_into_obj_array_time: 0.0004899501800537109
end of contingency model method 1, memory info: {'rss bytes': 209092608, 'rss human': '199.4M', 'percent': 0.07740499071134047}
function: eval_post_contingency_model, time: 0.16511321067810059
function: eval_post_contingency_model, time: 0.16512036323547363
function: run, time: 0.2761514186859131
after solution_evaluator.run(), memory info: {'rss bytes': 209354752, 'rss human': '199.7M', 'percent': 0.07750203505011036}
evaluation summary:
{'feas': 1,
 'infeas': 0,
 'info_i_i_k_t_disconnected_ctg': {'idx': {0: None, 1: None, 2: None, 3: None},
                                   'val': 0},
 'info_i_i_t_disconnected_base': {'idx': {0: None, 1: None, 2: None}, 'val': 0},
 'phys_feas': 0,
 'sum_acl_t_u_sd': 0,
 'sum_acl_t_u_su': 0,
 'sum_acl_t_z_s': 0.0,
 'sum_acl_t_z_sd': 0.0,
 'sum_acl_t_z_su': 0.0,
 'sum_bus_t_z_p': 5085642381.62376,
 'sum_bus_t_z_q': 3271084770.052825,
 'sum_cs_t_z_p': -0.0,
 'sum_pr_t_z_p': 0.0,
 'sum_prz_t_z_nsc': 1848.4295861232001,
 'sum_prz_t_z_rgd': 0.0,
 'sum_prz_t_z_rgu': 0.0,
 'sum_prz_t_z_rrd': 3.928,
 'sum_prz_t_z_rru': 4.067,
 'sum_prz_t_z_scr': 5872.61483091225,
 'sum_qrz_t_z_qrd': 0.0,
 'sum_qrz_t_z_qru': 0.0,
 'sum_sd_t_sd': 0,
 'sum_sd_t_su': 61,
 'sum_sd_t_z_nsc': 0.0,
 'sum_sd_t_z_on': 0.0,
 'sum_sd_t_z_qrd': 0.0,
 'sum_sd_t_z_qru': 0.0,
 'sum_sd_t_z_rgd': 0.0,
 'sum_sd_t_z_rgu': 0.0,
 'sum_sd_t_z_rrd_off': 0.0,
 'sum_sd_t_z_rrd_on': 0.0,
 'sum_sd_t_z_rru_off': 0.0,
 'sum_sd_t_z_rru_on': 0.0,
 'sum_sd_t_z_scr': 0.0,
 'sum_sd_t_z_sd': 0.0,
 'sum_sd_t_z_su': 0.0,
 'sum_sd_t_z_sus': 0.0,
 'sum_xfr_t_u_sd': 0,
 'sum_xfr_t_u_su': 0,
 'sum_xfr_t_z_s': 0.0,
 'sum_xfr_t_z_sd': 0.0,
 'sum_xfr_t_z_su': 0.0,
 'time_connectedness': 0.08452653884887695,
 'time_post_contingency': 0.16511893272399902,
 'time_run': 0.27614927291870117,
 'total_switches': 0,
 'viol_acl_acl_t_s_max_ctg': {'idx': {0: 'acl_100', 1: 'acl_102', 2: 12},
                              'val': 0.0006907419140154136},
 'viol_acl_dcl_t_s_max_ctg': {'idx': {0: None, 1: None, 2: None}, 'val': 0.0},
 'viol_acl_t_s_max': {'idx': {0: 'acl_000', 1: 0}, 'val': 0.0},
 'viol_acl_t_u_sd_max': {'idx': {0: 'acl_000', 1: 0}, 'val': 0},
 'viol_acl_t_u_su_max': {'idx': {0: 'acl_000', 1: 0}, 'val': 0},
 'viol_acl_xfr_t_s_max_ctg': {'idx': {0: None, 1: None, 2: None}, 'val': 0.0},
 'viol_bus_t_p_balance_max': {'idx': {0: 'bus_55', 1: 0},
                              'val': 6.600014981956657},
 'viol_bus_t_p_balance_min': {'idx': {0: 'bus_19', 1: 0},
                              'val': -6.910624759434709},
 'viol_bus_t_q_balance_max': {'idx': {0: 'bus_41', 1: 0},
                              'val': 0.8199418027720068},
 'viol_bus_t_q_balance_min': {'idx': {0: 'bus_53', 1: 0},
                              'val': -9.345961455185739},
 'viol_bus_t_v_max': {'idx': {0: 'bus_00', 1: 0}, 'val': 0.0},
 'viol_bus_t_v_min': {'idx': {0: 'bus_00', 1: 0}, 'val': 0.0},
 'viol_cs_t_p_off_max': {'idx': {0: 'sd_154', 1: 0}, 'val': 0.0},
 'viol_cs_t_p_off_min': {'idx': {0: 'sd_154', 1: 0}, 'val': 0.0},
 'viol_cs_t_p_on_max': {'idx': {0: 'sd_154', 1: 0}, 'val': 0.0},
 'viol_cs_t_p_on_min': {'idx': {0: 'sd_154', 1: 0}, 'val': 0.0},
 'viol_cs_t_q_max': {'idx': {0: 'sd_154', 1: 0}, 'val': 0.0},
 'viol_cs_t_q_min': {'idx': {0: 'sd_154', 1: 0}, 'val': 0.0},
 'viol_cs_t_q_p_max': {'idx': {0: None, 1: None}, 'val': None},
 'viol_cs_t_q_p_min': {'idx': {0: None, 1: None}, 'val': None},
 'viol_dcl_t_p_max': {'idx': {0: 'dcl_0', 1: 0}, 'val': 0.0},
 'viol_dcl_t_p_min': {'idx': {0: 'dcl_0', 1: 0}, 'val': 0.0},
 'viol_dcl_t_q_fr_max': {'idx': {0: 'dcl_0', 1: 0}, 'val': 0.0},
 'viol_dcl_t_q_fr_min': {'idx': {0: 'dcl_0', 1: 0}, 'val': 0.0},
 'viol_dcl_t_q_to_max': {'idx': {0: 'dcl_0', 1: 0}, 'val': 0.0},
 'viol_dcl_t_q_to_min': {'idx': {0: 'dcl_0', 1: 0}, 'val': 0.0},
 'viol_pr_t_p_off_max': {'idx': {0: 'sd_000', 1: 0}, 'val': 0.0},
 'viol_pr_t_p_off_min': {'idx': {0: 'sd_000', 1: 0}, 'val': 0.0},
 'viol_pr_t_p_on_max': {'idx': {0: 'sd_000', 1: 0}, 'val': 0.0},
 'viol_pr_t_p_on_min': {'idx': {0: 'sd_000', 1: 0}, 'val': 0.0},
 'viol_pr_t_q_max': {'idx': {0: 'sd_000', 1: 0}, 'val': 0.0},
 'viol_pr_t_q_min': {'idx': {0: 'sd_000', 1: 0}, 'val': 0.0},
 'viol_pr_t_q_p_max': {'idx': {0: None, 1: None}, 'val': None},
 'viol_pr_t_q_p_min': {'idx': {0: None, 1: None}, 'val': None},
 'viol_prz_t_p_nsc_balance': {'idx': {0: 'prz_0', 1: 0}, 'val': 2.854},
 'viol_prz_t_p_rgd_balance': {'idx': {0: 'prz_0', 1: 0}, 'val': 0.0},
 'viol_prz_t_p_rgu_balance': {'idx': {0: 'prz_0', 1: 0}, 'val': 0.0},
 'viol_prz_t_p_rrd_balance': {'idx': {0: 'prz_0', 1: 32},
                              'val': 0.9899999999999999},
 'viol_prz_t_p_rru_balance': {'idx': {0: 'prz_0', 1: 39}, 'val': 1.02},
 'viol_prz_t_p_scr_balance': {'idx': {0: 'prz_0', 1: 0}, 'val': 0.7135},
 'viol_qrz_t_q_qrd_balance': {'idx': {0: 'qrz_0', 1: 0}, 'val': 0.0},
 'viol_qrz_t_q_qru_balance': {'idx': {0: 'qrz_0', 1: 0}, 'val': 0.0},
 'viol_sd_max_energy_constr': {'idx': {0: 'sd_000', 1: 0}, 'val': 0.0},
 'viol_sd_max_startup_constr': {'idx': {0: 'sd_000', 1: 0}, 'val': 0},
 'viol_sd_min_energy_constr': {'idx': {0: 'sd_000', 1: 0}, 'val': 0.0},
 'viol_sd_t_d_dn_min': {'idx': {0: 'sd_000', 1: 0}, 'val': 0},
 'viol_sd_t_d_up_min': {'idx': {0: 'sd_000', 1: 0}, 'val': 0},
 'viol_sd_t_p_nsc_max': {'idx': {0: 'sd_000', 1: 0}, 'val': 0.0},
 'viol_sd_t_p_nsc_nonneg': {'idx': {0: 'sd_000', 1: 0}, 'val': -0.0},
 'viol_sd_t_p_ramp_dn_max': {'idx': {0: 'sd_000', 1: 0}, 'val': 0.0},
 'viol_sd_t_p_ramp_up_max': {'idx': {0: 'sd_000', 1: 0}, 'val': 0.0},
 'viol_sd_t_p_rgd_max': {'idx': {0: 'sd_000', 1: 0}, 'val': 0.0},
 'viol_sd_t_p_rgd_nonneg': {'idx': {0: 'sd_000', 1: 0}, 'val': -0.0},
 'viol_sd_t_p_rgu_max': {'idx': {0: 'sd_000', 1: 0}, 'val': 0.0},
 'viol_sd_t_p_rgu_nonneg': {'idx': {0: 'sd_000', 1: 0}, 'val': -0.0},
 'viol_sd_t_p_rrd_off_max': {'idx': {0: 'sd_000', 1: 0}, 'val': 0.0},
 'viol_sd_t_p_rrd_off_nonneg': {'idx': {0: 'sd_000', 1: 0}, 'val': -0.0},
 'viol_sd_t_p_rrd_on_max': {'idx': {0: 'sd_000', 1: 0}, 'val': 0.0},
 'viol_sd_t_p_rrd_on_nonneg': {'idx': {0: 'sd_000', 1: 0}, 'val': -0.0},
 'viol_sd_t_p_rru_off_max': {'idx': {0: 'sd_000', 1: 0}, 'val': 0.0},
 'viol_sd_t_p_rru_off_nonneg': {'idx': {0: 'sd_000', 1: 0}, 'val': -0.0},
 'viol_sd_t_p_rru_on_max': {'idx': {0: 'sd_000', 1: 0}, 'val': 0.0},
 'viol_sd_t_p_rru_on_nonneg': {'idx': {0: 'sd_000', 1: 0}, 'val': -0.0},
 'viol_sd_t_p_scr_max': {'idx': {0: 'sd_000', 1: 0}, 'val': 0.0},
 'viol_sd_t_p_scr_nonneg': {'idx': {0: 'sd_000', 1: 0}, 'val': -0.0},
 'viol_sd_t_q_qrd_nonneg': {'idx': {0: 'sd_000', 1: 0}, 'val': -0.0},
 'viol_sd_t_q_qru_nonneg': {'idx': {0: 'sd_000', 1: 0}, 'val': -0.0},
 'viol_sd_t_u_on_max': {'idx': {0: 'sd_000', 1: 0}, 'val': 0},
 'viol_sd_t_u_on_min': {'idx': {0: 'sd_000', 1: 0}, 'val': 0},
 'viol_sh_t_u_st_max': {'idx': {0: 'sh_00', 1: 0}, 'val': 0},
 'viol_sh_t_u_st_min': {'idx': {0: 'sh_00', 1: 0}, 'val': 0},
 'viol_t_connected_base': {'idx': {0: 0}, 'val': 0},
 'viol_t_connected_ctg': {'idx': {0: 0}, 'val': 0},
 'viol_xfr_acl_t_s_max_ctg': {'idx': {0: None, 1: None, 2: None}, 'val': 0.0},
 'viol_xfr_dcl_t_s_max_ctg': {'idx': {0: None, 1: None, 2: None}, 'val': 0.0},
 'viol_xfr_t_phi_max': {'idx': {0: 'xfr_00', 1: 0}, 'val': 0.0},
 'viol_xfr_t_phi_min': {'idx': {0: 'xfr_00', 1: 0}, 'val': 0.0},
 'viol_xfr_t_s_max': {'idx': {0: 'xfr_00', 1: 0}, 'val': 0.0},
 'viol_xfr_t_tau_max': {'idx': {0: 'xfr_00', 1: 0}, 'val': 0.0},
 'viol_xfr_t_tau_min': {'idx': {0: 'xfr_00', 1: 0}, 'val': 0.0},
 'viol_xfr_t_u_sd_max': {'idx': {0: 'xfr_00', 1: 0}, 'val': 0},
 'viol_xfr_t_u_su_max': {'idx': {0: 'xfr_00', 1: 0}, 'val': 0},
 'viol_xfr_xfr_t_s_max_ctg': {'idx': {0: None, 1: None, 2: None}, 'val': 0.0},
 'z': -8356734881.234058,
 'z_base': -8356734880.716002,
 'z_cost': 0.0,
 'z_k_average_case': -0.1726854785038534,
 'z_k_worst_case': -0.3453709570077068,
 'z_max_energy': 0.0,
 'z_min_energy': 0.0,
 'z_penalty': 8356734880.716002,
 'z_value': -0.0}
infeasibility summary:
{}
feas: 1
obj: -8356734881.234058
evaluate solution time: 0.2834005355834961
end of check_data(), memory info: {'rss bytes': 209883136, 'rss human': '200.2M', 'percent': 0.07769764004544344}
