/rcfs/dtn/arpacomp/.conda/envs/goc_eval/lib/python3.10/site-packages/scipy/sparse/linalg/_dsolve/linsolve.py:347: SparseEfficiencyWarning: splu converted its input to CSC format
  warn('splu converted its input to CSC format', SparseEfficiencyWarning)
args:
Namespace(problem_opt=None, problem='/qfs/projects/goc/share/data/C3/E3.1/D2//C3E3N00073D2/scenario_238.json_scrubbed.json', solution='/qfs/projects/goc/share/data/C3/E3.1/D2//C3E3N00073D2/scenario_238.json.pop_solution.json', configuration=None, parameters='{}', summary_csv='summary.csv', summary_json='summary.json', data_errors='data_errors.txt', ignored_errors='ignored_errors.txt', solution_errors='solution_errors.txt', pop_solution=None, scrubbed_problem=None)
problem data file: /qfs/projects/goc/share/data/C3/E3.1/D2//C3E3N00073D2/scenario_238.json_scrubbed.json

pop solution data file: None

solution data file: /qfs/projects/goc/share/data/C3/E3.1/D2//C3E3N00073D2/scenario_238.json.pop_solution.json

git info: {'C3DataUtilities': {'branch': 'main', 'commit': '59dd7f47974aa54c2f26998163730b14ab3a6b97', 'date': 'Wed Jun 7 09:10:06 2023 -0700', 'query_return_code': 0, 'query_err': '', 'branch_return_code': 0, 'branch_err': '', 'query_path': '/qfs/projects/goc/share/loadbalancing/src/nonmpi-template/Challenge3/C3DataUtilities/datautilities', 'query_out': 'commit 59dd7f47974aa54c2f26998163730b14ab3a6b97\nAuthor: Jesse T Holzer <jesse.holzer@pnnl.gov>\nDate:   Wed Jun 7 09:10:06 2023 -0700\n\n    add git branch to summary output\n', 'branch_out': '  dev\n* main\n'}, 'Bid-DS-data-model': {'branch': None, 'commit': None, 'date': None, 'query_return_code': 128, 'query_err': 'fatal: Not a git repository (or any parent up to mount point /rcfs)\nStopping at filesystem boundary (GIT_DISCOVERY_ACROSS_FILESYSTEM not set).\n', 'branch_return_code': None, 'branch_err': None, 'query_path': '/rcfs/dtn/arpacomp/.conda/envs/goc_eval/lib/python3.10/site-packages/datamodel', 'query_out': ''}}

after reading problem without validation, memory info: {'rss bytes': 122097664, 'rss human': '116.4M', 'percent': 0.04519991709987361}
read problem data file without validation time: 0.06813240051269531
after reading problem with validation, memory info: {'rss bytes': 142413824, 'rss human': '135.8M', 'percent': 0.052720853354540756}
load time: 0.5176181793212891
{'error_diagnostics': '',
 'general': {'base_norm_mva': 100.0,
             'day_type': None,
             'electricity_demand': None,
             'net_load': None,
             'season': None,
             'solar_availability': None,
             'timestamp_start': None,
             'timestamp_stop': None,
             'vre_availability': None,
             'weather_temperature': None,
             'wind_availability': None},
 'interval durations': [1.0,
                        1.0,
                        1.0,
                        1.0,
                        1.0,
                        1.0,
                        1.0,
                        1.0,
                        1.0,
                        1.0,
                        1.0,
                        1.0,
                        1.0,
                        1.0,
                        1.0,
                        1.0,
                        1.0,
                        1.0,
                        1.0,
                        1.0,
                        1.0,
                        1.0,
                        1.0,
                        1.0,
                        1.0,
                        1.0,
                        1.0,
                        1.0,
                        1.0,
                        1.0,
                        1.0,
                        1.0,
                        1.0,
                        1.0,
                        1.0,
                        1.0,
                        1.0,
                        1.0,
                        1.0,
                        1.0,
                        1.0,
                        1.0,
                        1.0,
                        1.0,
                        1.0,
                        1.0,
                        1.0,
                        1.0],
 'num ac lines': 105,
 'num buses': 73,
 'num consuming devices': 51,
 'num contingencies': 2,
 'num dc lines': 1,
 'num intervals': 48,
 'num producing devices': 154,
 'num reactive power reserve zones': 1,
 'num real power reserve zones': 1,
 'num shunts': 73,
 'num simple dispatchable devices': 205,
 'num transformers': 15,
 'total duration': 48.0,
 'violation costs': {'e_vio_cost': 900000.0,
                     'p_bus_vio_cost': 1000000.0,
                     'q_bus_vio_cost': 1000000.0,
                     's_vio_cost': 500.0}}
after read solution without validation, memory info: {'rss bytes': 146198528, 'rss human': '139.4M', 'percent': 0.05412193099553116}
read solution data file without validation time: 0.016515016555786133
after read solution with validation, memory info: {'rss bytes': 153227264, 'rss human': '146.1M', 'percent': 0.056723932328799076}
solution load time: 0.24665379524230957
after solution_model_checks(), memory info: {'rss bytes': 153227264, 'rss human': '146.1M', 'percent': 0.056723932328799076}
solution model_checks time: 0.0012290477752685547
{'error_diagnostics': ''}
after problem_data_array.set_from_data_model(), memory info: {'rss bytes': 156442624, 'rss human': '149.2M', 'percent': 0.057914241796523616}
convert problem data to numpy arrays time: 0.046718597412109375
after solution_data_array.set_from_data_model(), memory info: {'rss bytes': 157794304, 'rss human': '150.5M', 'percent': 0.05841462666830591}
convert solution data to numpy arrays time: 0.007651090621948242
function: set_summary, time: 0.00015020370483398438
function: set_problem, time: 9.5367431640625e-07
function: set_solution, time: 4.0531158447265625e-06
function: set_solution_zero, time: 0.00019121170043945312
function: set_work_zero, time: 0.0001671314239501953
function: set_matrices, time: 0.0037059783935546875
function: __init__, time: 0.0042438507080078125
function: eval_sd_t_d_up_dn, time: 0.0008363723754882812
function: eval_sd_max_startup, time: 0.0024039745330810547
function: eval_sd_t_z_sus, time: 0.0014696121215820312
function: eval_acl_t_p_q_fr_to, time: 0.00035119056701660156
function: eval_xfr_t_p_q_fr_to, time: 0.0001227855682373047
function: eval_sd_t_su_sd_trajectories, time: 0.0001266002655029297
function: eval_sd_max_energy, time: 0.0013093948364257812
function: eval_sd_min_energy, time: 0.0012929439544677734
function: eval_sd_t_z_p, time: 0.011558055877685547
function: eval_bus_t_p, time: 0.0006422996520996094
function: eval_bus_t_q, time: 0.000164031982421875
sd_t_p_rgu sum: 0.0
prz_sigma_rgu max: 0.03
prz_t_p_rgu_req max: 0.0
sd_t_p_rgd sum: 0.0
prz_sigma_rgd max: 0.03
prz_t_p_rgd_req max: 0.0
sd_t_p_scr sum: 0.0
prz_sigma_scr max: 0.1
prz_t_p_scr_req max: 0.8469999
sd_t_p_nsc sum: 0.0
prz_sigma_nsc max: 0.3
prz_t_p_nsc_req max: 2.5409997
sd_t_p_rru sum: 0.0
prz_t_p_rru_min max: 1.02
sd_t_p_rrd sum: 0.0
prz_t_p_rrd_min max: 0.9899999999999999
sd_t_p_qru sum: 0.0
qrz_t_q_qru_min max: 0.0
sd_t_p_qrd sum: 0.0
qrz_t_q_qrd_min max: 0.0
function: get_connected_components, time: 0.0006244182586669922
function: get_bridges, time: 0.0015995502471923828
function: get_connected_components, time: 0.00032973289489746094
function: get_bridges, time: 0.0015175342559814453
function: get_connected_components, time: 0.00032830238342285156
function: get_bridges, time: 0.0013518333435058594
function: get_connected_components, time: 0.0003330707550048828
function: get_bridges, time: 0.00133514404296875
function: get_connected_components, time: 0.0003237724304199219
function: get_bridges, time: 0.0013301372528076172
function: get_connected_components, time: 0.00032973289489746094
function: get_bridges, time: 0.0013277530670166016
function: get_connected_components, time: 0.0003235340118408203
function: get_bridges, time: 0.0013301372528076172
function: get_connected_components, time: 0.00032258033752441406
function: get_bridges, time: 0.0013260841369628906
function: get_connected_components, time: 0.00032782554626464844
function: get_bridges, time: 0.0013287067413330078
function: get_connected_components, time: 0.0003254413604736328
function: get_bridges, time: 0.0013308525085449219
function: get_connected_components, time: 0.0003218650817871094
function: get_bridges, time: 0.0013303756713867188
function: get_connected_components, time: 0.00032138824462890625
function: get_bridges, time: 0.0013370513916015625
function: get_connected_components, time: 0.00032711029052734375
function: get_bridges, time: 0.001337289810180664
function: get_connected_components, time: 0.00032067298889160156
function: get_bridges, time: 0.001499176025390625
function: get_connected_components, time: 0.00032329559326171875
function: get_bridges, time: 0.0013241767883300781
function: get_connected_components, time: 0.0003230571746826172
function: get_bridges, time: 0.0013127326965332031
function: get_connected_components, time: 0.00032329559326171875
function: get_bridges, time: 0.0013113021850585938
function: get_connected_components, time: 0.00032591819763183594
function: get_bridges, time: 0.001321554183959961
function: get_connected_components, time: 0.00034809112548828125
function: get_bridges, time: 0.0013246536254882812
function: get_connected_components, time: 0.0003223419189453125
function: get_bridges, time: 0.0013647079467773438
function: get_connected_components, time: 0.00032639503479003906
function: get_bridges, time: 0.0013530254364013672
function: get_connected_components, time: 0.00032520294189453125
function: get_bridges, time: 0.001321554183959961
function: get_connected_components, time: 0.0003218650817871094
function: get_bridges, time: 0.0013251304626464844
function: get_connected_components, time: 0.0003211498260498047
function: get_bridges, time: 0.0013158321380615234
function: get_connected_components, time: 0.00032448768615722656
function: get_bridges, time: 0.001321554183959961
function: get_connected_components, time: 0.00032067298889160156
function: get_bridges, time: 0.001495361328125
function: get_connected_components, time: 0.00032210350036621094
function: get_bridges, time: 0.001322031021118164
function: get_connected_components, time: 0.00032210350036621094
function: get_bridges, time: 0.0013184547424316406
function: get_connected_components, time: 0.0003247261047363281
function: get_bridges, time: 0.0013298988342285156
function: get_connected_components, time: 0.0003204345703125
function: get_bridges, time: 0.0013260841369628906
function: get_connected_components, time: 0.00032591819763183594
function: get_bridges, time: 0.0013306140899658203
function: get_connected_components, time: 0.0003230571746826172
function: get_bridges, time: 0.0013730525970458984
function: get_connected_components, time: 0.0003256797790527344
function: get_bridges, time: 0.0013332366943359375
function: get_connected_components, time: 0.0003216266632080078
function: get_bridges, time: 0.001374959945678711
function: get_connected_components, time: 0.00032782554626464844
function: get_bridges, time: 0.0013222694396972656
function: get_connected_components, time: 0.0003211498260498047
function: get_bridges, time: 0.0013191699981689453
function: get_connected_components, time: 0.0003235340118408203
function: get_bridges, time: 0.0013585090637207031
function: get_connected_components, time: 0.00032019615173339844
function: get_bridges, time: 0.001489400863647461
function: get_connected_components, time: 0.0003230571746826172
function: get_bridges, time: 0.001377105712890625
function: get_connected_components, time: 0.00032138824462890625
function: get_bridges, time: 0.0013210773468017578
function: get_connected_components, time: 0.00032639503479003906
function: get_bridges, time: 0.0013263225555419922
function: get_connected_components, time: 0.00032448768615722656
function: get_bridges, time: 0.0013244152069091797
function: get_connected_components, time: 0.0003390312194824219
function: get_bridges, time: 0.0013387203216552734
function: get_connected_components, time: 0.0003249645233154297
function: get_bridges, time: 0.001367330551147461
function: get_connected_components, time: 0.00032711029052734375
function: get_bridges, time: 0.0013508796691894531
function: get_connected_components, time: 0.0003249645233154297
function: get_bridges, time: 0.0013692378997802734
function: get_connected_components, time: 0.0003235340118408203
function: get_bridges, time: 0.0013356208801269531
function: get_connected_components, time: 0.0003235340118408203
function: get_bridges, time: 0.0013279914855957031
end of eval_connectedness(), memory info: {'rss bytes': 160198656, 'rss human': '152.8M', 'percent': 0.05930470521296107}
function: eval_connectedness, time: 0.08488178253173828
problem dimensions. bus: 73, acl: 105, xfr: 15, dcl: 1, k: 2, t: 48
construct static bus admittance matrix. time: 0.0012516975402832031
factor static bus admittance matrix. time: 0.00560450553894043
t_acl_delta_t: [array([], dtype=int64), array([], dtype=int64), array([], dtype=int64), array([], dtype=int64), array([], dtype=int64), array([], dtype=int64), array([], dtype=int64), array([], dtype=int64), array([], dtype=int64), array([], dtype=int64), array([], dtype=int64), array([], dtype=int64), array([], dtype=int64), array([], dtype=int64), array([], dtype=int64), array([], dtype=int64), array([], dtype=int64), array([], dtype=int64), array([], dtype=int64), array([], dtype=int64), array([], dtype=int64), array([], dtype=int64), array([], dtype=int64), array([], dtype=int64), array([], dtype=int64), array([], dtype=int64), array([], dtype=int64), array([], dtype=int64), array([], dtype=int64), array([], dtype=int64), array([], dtype=int64), array([], dtype=int64), array([], dtype=int64), array([], dtype=int64), array([], dtype=int64), array([], dtype=int64), array([], dtype=int64), array([], dtype=int64), array([], dtype=int64), array([], dtype=int64), array([], dtype=int64), array([], dtype=int64), array([], dtype=int64), array([], dtype=int64), array([], dtype=int64), array([], dtype=int64), array([], dtype=int64), array([], dtype=int64)], t_xfr_delta_t: [array([], dtype=int64), array([], dtype=int64), array([], dtype=int64), array([], dtype=int64), array([], dtype=int64), array([], dtype=int64), array([], dtype=int64), array([], dtype=int64), array([], dtype=int64), array([], dtype=int64), array([], dtype=int64), array([], dtype=int64), array([], dtype=int64), array([], dtype=int64), array([], dtype=int64), array([], dtype=int64), array([], dtype=int64), array([], dtype=int64), array([], dtype=int64), array([], dtype=int64), array([], dtype=int64), array([], dtype=int64), array([], dtype=int64), array([], dtype=int64), array([], dtype=int64), array([], dtype=int64), array([], dtype=int64), array([], dtype=int64), array([], dtype=int64), array([], dtype=int64), array([], dtype=int64), array([], dtype=int64), array([], dtype=int64), array([], dtype=int64), array([], dtype=int64), array([], dtype=int64), array([], dtype=int64), array([], dtype=int64), array([], dtype=int64), array([], dtype=int64), array([], dtype=int64), array([], dtype=int64), array([], dtype=int64), array([], dtype=int64), array([], dtype=int64), array([], dtype=int64), array([], dtype=int64), array([], dtype=int64)], t_br_delta_t: [array([], dtype=int64), array([], dtype=int64), array([], dtype=int64), array([], dtype=int64), array([], dtype=int64), array([], dtype=int64), array([], dtype=int64), array([], dtype=int64), array([], dtype=int64), array([], dtype=int64), array([], dtype=int64), array([], dtype=int64), array([], dtype=int64), array([], dtype=int64), array([], dtype=int64), array([], dtype=int64), array([], dtype=int64), array([], dtype=int64), array([], dtype=int64), array([], dtype=int64), array([], dtype=int64), array([], dtype=int64), array([], dtype=int64), array([], dtype=int64), array([], dtype=int64), array([], dtype=int64), array([], dtype=int64), array([], dtype=int64), array([], dtype=int64), array([], dtype=int64), array([], dtype=int64), array([], dtype=int64), array([], dtype=int64), array([], dtype=int64), array([], dtype=int64), array([], dtype=int64), array([], dtype=int64), array([], dtype=int64), array([], dtype=int64), array([], dtype=int64), array([], dtype=int64), array([], dtype=int64), array([], dtype=int64), array([], dtype=int64), array([], dtype=int64), array([], dtype=int64), array([], dtype=int64), array([], dtype=int64)], acl_delta_t: [], xfr_delta_t: [], br_delta_t: []
contingency delta branches. acl: 2, xfr: 0, dcl: 0
construct bus,t-indexed right hand side. time: 0.0001418590545654297
solve for base case bus,t-indexed theta. time: 0.08134198188781738
v_acl_k: [-0.02286434 -0.02447957]
acl_u[acl_delta_k]: [1 1]
num AC branches with possible violations in ACL contingencies: 8
num AC branches with possible violations in DCL contingencies: 8
num AC branches with possible violations in XFR contingencies: 8
t: 0, time: 0.002789020538330078, memory_info: {'rss bytes': 215523328, 'rss human': '205.5M', 'percent': 0.07978560964678955}
v_acl_k: [-0.02286434 -0.02447957]
acl_u[acl_delta_k]: [1 1]
num AC branches with possible violations in ACL contingencies: 9
num AC branches with possible violations in DCL contingencies: 9
num AC branches with possible violations in XFR contingencies: 9
t: 1, time: 0.001495361328125, memory_info: {'rss bytes': 215523328, 'rss human': '205.5M', 'percent': 0.07978560964678955}
v_acl_k: [-0.02286434 -0.02447957]
acl_u[acl_delta_k]: [1 1]
num AC branches with possible violations in ACL contingencies: 9
num AC branches with possible violations in DCL contingencies: 9
num AC branches with possible violations in XFR contingencies: 9
t: 2, time: 0.0014500617980957031, memory_info: {'rss bytes': 215523328, 'rss human': '205.5M', 'percent': 0.07978560964678955}
v_acl_k: [-0.02286434 -0.02447957]
acl_u[acl_delta_k]: [1 1]
num AC branches with possible violations in ACL contingencies: 9
num AC branches with possible violations in DCL contingencies: 9
num AC branches with possible violations in XFR contingencies: 9
t: 3, time: 0.0014317035675048828, memory_info: {'rss bytes': 215523328, 'rss human': '205.5M', 'percent': 0.07978560964678955}
v_acl_k: [-0.02286434 -0.02447957]
acl_u[acl_delta_k]: [1 1]
num AC branches with possible violations in ACL contingencies: 9
num AC branches with possible violations in DCL contingencies: 9
num AC branches with possible violations in XFR contingencies: 9
t: 4, time: 0.00142669677734375, memory_info: {'rss bytes': 215523328, 'rss human': '205.5M', 'percent': 0.07978560964678955}
v_acl_k: [-0.02286434 -0.02447957]
acl_u[acl_delta_k]: [1 1]
num AC branches with possible violations in ACL contingencies: 9
num AC branches with possible violations in DCL contingencies: 9
num AC branches with possible violations in XFR contingencies: 9
t: 5, time: 0.0014188289642333984, memory_info: {'rss bytes': 215523328, 'rss human': '205.5M', 'percent': 0.07978560964678955}
v_acl_k: [-0.02286434 -0.02447957]
acl_u[acl_delta_k]: [1 1]
num AC branches with possible violations in ACL contingencies: 8
num AC branches with possible violations in DCL contingencies: 8
num AC branches with possible violations in XFR contingencies: 8
t: 6, time: 0.0014147758483886719, memory_info: {'rss bytes': 215523328, 'rss human': '205.5M', 'percent': 0.07978560964678955}
v_acl_k: [-0.02286434 -0.02447957]
acl_u[acl_delta_k]: [1 1]
num AC branches with possible violations in ACL contingencies: 8
num AC branches with possible violations in DCL contingencies: 8
num AC branches with possible violations in XFR contingencies: 8
t: 7, time: 0.0014095306396484375, memory_info: {'rss bytes': 215523328, 'rss human': '205.5M', 'percent': 0.07978560964678955}
v_acl_k: [-0.02286434 -0.02447957]
acl_u[acl_delta_k]: [1 1]
num AC branches with possible violations in ACL contingencies: 8
num AC branches with possible violations in DCL contingencies: 8
num AC branches with possible violations in XFR contingencies: 8
t: 8, time: 0.0014147758483886719, memory_info: {'rss bytes': 215523328, 'rss human': '205.5M', 'percent': 0.07978560964678955}
v_acl_k: [-0.02286434 -0.02447957]
acl_u[acl_delta_k]: [1 1]
num AC branches with possible violations in ACL contingencies: 8
num AC branches with possible violations in DCL contingencies: 8
num AC branches with possible violations in XFR contingencies: 8
t: 9, time: 0.0014233589172363281, memory_info: {'rss bytes': 215523328, 'rss human': '205.5M', 'percent': 0.07978560964678955}
v_acl_k: [-0.02286434 -0.02447957]
acl_u[acl_delta_k]: [1 1]
num AC branches with possible violations in ACL contingencies: 8
num AC branches with possible violations in DCL contingencies: 8
num AC branches with possible violations in XFR contingencies: 8
t: 10, time: 0.0014164447784423828, memory_info: {'rss bytes': 215523328, 'rss human': '205.5M', 'percent': 0.07978560964678955}
v_acl_k: [-0.02286434 -0.02447957]
acl_u[acl_delta_k]: [1 1]
num AC branches with possible violations in ACL contingencies: 3
num AC branches with possible violations in DCL contingencies: 3
num AC branches with possible violations in XFR contingencies: 3
t: 11, time: 0.0014200210571289062, memory_info: {'rss bytes': 215523328, 'rss human': '205.5M', 'percent': 0.07978560964678955}
v_acl_k: [-0.02286434 -0.02447957]
acl_u[acl_delta_k]: [1 1]
num AC branches with possible violations in ACL contingencies: 2
num AC branches with possible violations in DCL contingencies: 2
num AC branches with possible violations in XFR contingencies: 2
t: 12, time: 0.0014188289642333984, memory_info: {'rss bytes': 215523328, 'rss human': '205.5M', 'percent': 0.07978560964678955}
v_acl_k: [-0.02286434 -0.02447957]
acl_u[acl_delta_k]: [1 1]
num AC branches with possible violations in ACL contingencies: 2
num AC branches with possible violations in DCL contingencies: 2
num AC branches with possible violations in XFR contingencies: 2
t: 13, time: 0.0014202594757080078, memory_info: {'rss bytes': 215523328, 'rss human': '205.5M', 'percent': 0.07978560964678955}
v_acl_k: [-0.02286434 -0.02447957]
acl_u[acl_delta_k]: [1 1]
num AC branches with possible violations in ACL contingencies: 2
num AC branches with possible violations in DCL contingencies: 2
num AC branches with possible violations in XFR contingencies: 2
t: 14, time: 0.0014107227325439453, memory_info: {'rss bytes': 215523328, 'rss human': '205.5M', 'percent': 0.07978560964678955}
v_acl_k: [-0.02286434 -0.02447957]
acl_u[acl_delta_k]: [1 1]
num AC branches with possible violations in ACL contingencies: 2
num AC branches with possible violations in DCL contingencies: 2
num AC branches with possible violations in XFR contingencies: 2
t: 15, time: 0.0014100074768066406, memory_info: {'rss bytes': 215523328, 'rss human': '205.5M', 'percent': 0.07978560964678955}
v_acl_k: [-0.02286434 -0.02447957]
acl_u[acl_delta_k]: [1 1]
num AC branches with possible violations in ACL contingencies: 2
num AC branches with possible violations in DCL contingencies: 2
num AC branches with possible violations in XFR contingencies: 2
t: 16, time: 0.0014028549194335938, memory_info: {'rss bytes': 215523328, 'rss human': '205.5M', 'percent': 0.07978560964678955}
v_acl_k: [-0.02286434 -0.02447957]
acl_u[acl_delta_k]: [1 1]
num AC branches with possible violations in ACL contingencies: 2
num AC branches with possible violations in DCL contingencies: 2
num AC branches with possible violations in XFR contingencies: 2
t: 17, time: 0.001401662826538086, memory_info: {'rss bytes': 215523328, 'rss human': '205.5M', 'percent': 0.07978560964678955}
v_acl_k: [-0.02286434 -0.02447957]
acl_u[acl_delta_k]: [1 1]
num AC branches with possible violations in ACL contingencies: 2
num AC branches with possible violations in DCL contingencies: 2
num AC branches with possible violations in XFR contingencies: 2
t: 18, time: 0.0013954639434814453, memory_info: {'rss bytes': 215523328, 'rss human': '205.5M', 'percent': 0.07978560964678955}
v_acl_k: [-0.02286434 -0.02447957]
acl_u[acl_delta_k]: [1 1]
num AC branches with possible violations in ACL contingencies: 2
num AC branches with possible violations in DCL contingencies: 2
num AC branches with possible violations in XFR contingencies: 2
t: 19, time: 0.0014035701751708984, memory_info: {'rss bytes': 215523328, 'rss human': '205.5M', 'percent': 0.07978560964678955}
v_acl_k: [-0.02286434 -0.02447957]
acl_u[acl_delta_k]: [1 1]
num AC branches with possible violations in ACL contingencies: 2
num AC branches with possible violations in DCL contingencies: 2
num AC branches with possible violations in XFR contingencies: 2
t: 20, time: 0.0013916492462158203, memory_info: {'rss bytes': 215523328, 'rss human': '205.5M', 'percent': 0.07978560964678955}
v_acl_k: [-0.02286434 -0.02447957]
acl_u[acl_delta_k]: [1 1]
num AC branches with possible violations in ACL contingencies: 2
num AC branches with possible violations in DCL contingencies: 2
num AC branches with possible violations in XFR contingencies: 2
t: 21, time: 0.0014066696166992188, memory_info: {'rss bytes': 215523328, 'rss human': '205.5M', 'percent': 0.07978560964678955}
v_acl_k: [-0.02286434 -0.02447957]
acl_u[acl_delta_k]: [1 1]
num AC branches with possible violations in ACL contingencies: 2
num AC branches with possible violations in DCL contingencies: 2
num AC branches with possible violations in XFR contingencies: 2
t: 22, time: 0.0013980865478515625, memory_info: {'rss bytes': 215523328, 'rss human': '205.5M', 'percent': 0.07978560964678955}
v_acl_k: [-0.02286434 -0.02447957]
acl_u[acl_delta_k]: [1 1]
num AC branches with possible violations in ACL contingencies: 4
num AC branches with possible violations in DCL contingencies: 4
num AC branches with possible violations in XFR contingencies: 4
t: 23, time: 0.0013992786407470703, memory_info: {'rss bytes': 215523328, 'rss human': '205.5M', 'percent': 0.07978560964678955}
v_acl_k: [-0.02286434 -0.02447957]
acl_u[acl_delta_k]: [1 1]
num AC branches with possible violations in ACL contingencies: 8
num AC branches with possible violations in DCL contingencies: 8
num AC branches with possible violations in XFR contingencies: 8
t: 24, time: 0.001895904541015625, memory_info: {'rss bytes': 215523328, 'rss human': '205.5M', 'percent': 0.07978560964678955}
v_acl_k: [-0.02286434 -0.02447957]
acl_u[acl_delta_k]: [1 1]
num AC branches with possible violations in ACL contingencies: 8
num AC branches with possible violations in DCL contingencies: 7
num AC branches with possible violations in XFR contingencies: 7
t: 25, time: 0.0015864372253417969, memory_info: {'rss bytes': 215523328, 'rss human': '205.5M', 'percent': 0.07978560964678955}
v_acl_k: [-0.02286434 -0.02447957]
acl_u[acl_delta_k]: [1 1]
num AC branches with possible violations in ACL contingencies: 7
num AC branches with possible violations in DCL contingencies: 7
num AC branches with possible violations in XFR contingencies: 7
t: 26, time: 0.0014295578002929688, memory_info: {'rss bytes': 215523328, 'rss human': '205.5M', 'percent': 0.07978560964678955}
v_acl_k: [-0.02286434 -0.02447957]
acl_u[acl_delta_k]: [1 1]
num AC branches with possible violations in ACL contingencies: 7
num AC branches with possible violations in DCL contingencies: 7
num AC branches with possible violations in XFR contingencies: 7
t: 27, time: 0.0014317035675048828, memory_info: {'rss bytes': 215523328, 'rss human': '205.5M', 'percent': 0.07978560964678955}
v_acl_k: [-0.02286434 -0.02447957]
acl_u[acl_delta_k]: [1 1]
num AC branches with possible violations in ACL contingencies: 6
num AC branches with possible violations in DCL contingencies: 6
num AC branches with possible violations in XFR contingencies: 6
t: 28, time: 0.0014193058013916016, memory_info: {'rss bytes': 215523328, 'rss human': '205.5M', 'percent': 0.07978560964678955}
v_acl_k: [-0.02286434 -0.02447957]
acl_u[acl_delta_k]: [1 1]
num AC branches with possible violations in ACL contingencies: 6
num AC branches with possible violations in DCL contingencies: 6
num AC branches with possible violations in XFR contingencies: 6
t: 29, time: 0.001422882080078125, memory_info: {'rss bytes': 215523328, 'rss human': '205.5M', 'percent': 0.07978560964678955}
v_acl_k: [-0.02286434 -0.02447957]
acl_u[acl_delta_k]: [1 1]
num AC branches with possible violations in ACL contingencies: 6
num AC branches with possible violations in DCL contingencies: 6
num AC branches with possible violations in XFR contingencies: 6
t: 30, time: 0.0014090538024902344, memory_info: {'rss bytes': 215523328, 'rss human': '205.5M', 'percent': 0.07978560964678955}
v_acl_k: [-0.02286434 -0.02447957]
acl_u[acl_delta_k]: [1 1]
num AC branches with possible violations in ACL contingencies: 6
num AC branches with possible violations in DCL contingencies: 6
num AC branches with possible violations in XFR contingencies: 6
t: 31, time: 0.00140380859375, memory_info: {'rss bytes': 215523328, 'rss human': '205.5M', 'percent': 0.07978560964678955}
v_acl_k: [-0.02286434 -0.02447957]
acl_u[acl_delta_k]: [1 1]
num AC branches with possible violations in ACL contingencies: 6
num AC branches with possible violations in DCL contingencies: 6
num AC branches with possible violations in XFR contingencies: 6
t: 32, time: 0.0013954639434814453, memory_info: {'rss bytes': 215523328, 'rss human': '205.5M', 'percent': 0.07978560964678955}
v_acl_k: [-0.02286434 -0.02447957]
acl_u[acl_delta_k]: [1 1]
num AC branches with possible violations in ACL contingencies: 7
num AC branches with possible violations in DCL contingencies: 7
num AC branches with possible violations in XFR contingencies: 7
t: 33, time: 0.001397848129272461, memory_info: {'rss bytes': 215523328, 'rss human': '205.5M', 'percent': 0.07978560964678955}
v_acl_k: [-0.02286434 -0.02447957]
acl_u[acl_delta_k]: [1 1]
num AC branches with possible violations in ACL contingencies: 7
num AC branches with possible violations in DCL contingencies: 7
num AC branches with possible violations in XFR contingencies: 7
t: 34, time: 0.0013899803161621094, memory_info: {'rss bytes': 215523328, 'rss human': '205.5M', 'percent': 0.07978560964678955}
v_acl_k: [-0.02286434 -0.02447957]
acl_u[acl_delta_k]: [1 1]
num AC branches with possible violations in ACL contingencies: 3
num AC branches with possible violations in DCL contingencies: 3
num AC branches with possible violations in XFR contingencies: 3
t: 35, time: 0.0013964176177978516, memory_info: {'rss bytes': 215523328, 'rss human': '205.5M', 'percent': 0.07978560964678955}
v_acl_k: [-0.02286434 -0.02447957]
acl_u[acl_delta_k]: [1 1]
num AC branches with possible violations in ACL contingencies: 2
num AC branches with possible violations in DCL contingencies: 2
num AC branches with possible violations in XFR contingencies: 2
t: 36, time: 0.0013885498046875, memory_info: {'rss bytes': 215523328, 'rss human': '205.5M', 'percent': 0.07978560964678955}
v_acl_k: [-0.02286434 -0.02447957]
acl_u[acl_delta_k]: [1 1]
num AC branches with possible violations in ACL contingencies: 2
num AC branches with possible violations in DCL contingencies: 2
num AC branches with possible violations in XFR contingencies: 2
t: 37, time: 0.0014019012451171875, memory_info: {'rss bytes': 215523328, 'rss human': '205.5M', 'percent': 0.07978560964678955}
v_acl_k: [-0.02286434 -0.02447957]
acl_u[acl_delta_k]: [1 1]
num AC branches with possible violations in ACL contingencies: 2
num AC branches with possible violations in DCL contingencies: 2
num AC branches with possible violations in XFR contingencies: 2
t: 38, time: 0.0013947486877441406, memory_info: {'rss bytes': 215523328, 'rss human': '205.5M', 'percent': 0.07978560964678955}
v_acl_k: [-0.02286434 -0.02447957]
acl_u[acl_delta_k]: [1 1]
num AC branches with possible violations in ACL contingencies: 2
num AC branches with possible violations in DCL contingencies: 2
num AC branches with possible violations in XFR contingencies: 2
t: 39, time: 0.0014007091522216797, memory_info: {'rss bytes': 215523328, 'rss human': '205.5M', 'percent': 0.07978560964678955}
v_acl_k: [-0.02286434 -0.02447957]
acl_u[acl_delta_k]: [1 1]
num AC branches with possible violations in ACL contingencies: 2
num AC branches with possible violations in DCL contingencies: 2
num AC branches with possible violations in XFR contingencies: 2
t: 40, time: 0.0013914108276367188, memory_info: {'rss bytes': 215523328, 'rss human': '205.5M', 'percent': 0.07978560964678955}
v_acl_k: [-0.02286434 -0.02447957]
acl_u[acl_delta_k]: [1 1]
num AC branches with possible violations in ACL contingencies: 2
num AC branches with possible violations in DCL contingencies: 2
num AC branches with possible violations in XFR contingencies: 2
t: 41, time: 0.0013985633850097656, memory_info: {'rss bytes': 215523328, 'rss human': '205.5M', 'percent': 0.07978560964678955}
v_acl_k: [-0.02286434 -0.02447957]
acl_u[acl_delta_k]: [1 1]
num AC branches with possible violations in ACL contingencies: 2
num AC branches with possible violations in DCL contingencies: 2
num AC branches with possible violations in XFR contingencies: 2
t: 42, time: 0.0013968944549560547, memory_info: {'rss bytes': 215523328, 'rss human': '205.5M', 'percent': 0.07978560964678955}
v_acl_k: [-0.02286434 -0.02447957]
acl_u[acl_delta_k]: [1 1]
num AC branches with possible violations in ACL contingencies: 2
num AC branches with possible violations in DCL contingencies: 2
num AC branches with possible violations in XFR contingencies: 2
t: 43, time: 0.0013995170593261719, memory_info: {'rss bytes': 215523328, 'rss human': '205.5M', 'percent': 0.07978560964678955}
v_acl_k: [-0.02286434 -0.02447957]
acl_u[acl_delta_k]: [1 1]
num AC branches with possible violations in ACL contingencies: 2
num AC branches with possible violations in DCL contingencies: 2
num AC branches with possible violations in XFR contingencies: 2
t: 44, time: 0.0013954639434814453, memory_info: {'rss bytes': 215523328, 'rss human': '205.5M', 'percent': 0.07978560964678955}
v_acl_k: [-0.02286434 -0.02447957]
acl_u[acl_delta_k]: [1 1]
num AC branches with possible violations in ACL contingencies: 2
num AC branches with possible violations in DCL contingencies: 2
num AC branches with possible violations in XFR contingencies: 2
t: 45, time: 0.0014014244079589844, memory_info: {'rss bytes': 215523328, 'rss human': '205.5M', 'percent': 0.07978560964678955}
v_acl_k: [-0.02286434 -0.02447957]
acl_u[acl_delta_k]: [1 1]
num AC branches with possible violations in ACL contingencies: 2
num AC branches with possible violations in DCL contingencies: 2
num AC branches with possible violations in XFR contingencies: 2
t: 46, time: 0.0013909339904785156, memory_info: {'rss bytes': 215523328, 'rss human': '205.5M', 'percent': 0.07978560964678955}
v_acl_k: [-0.02286434 -0.02447957]
acl_u[acl_delta_k]: [1 1]
num AC branches with possible violations in ACL contingencies: 4
num AC branches with possible violations in DCL contingencies: 4
num AC branches with possible violations in XFR contingencies: 4
t: 47, time: 0.001394510269165039, memory_info: {'rss bytes': 215523328, 'rss human': '205.5M', 'percent': 0.07978560964678955}
initialize_m_w_time: 0.0003924369812011719
compute_static_w_time: 6.031990051269531e-05
get_time_varying_branch_characteristics_time: 0.0009007453918457031
construct_a_t_time: 0.01462864875793457
factor_a_t_time: 0.009872913360595703
compute_w_with_t_a_solve_time: 0.0019218921661376953
compute_v_t_time: 7.62939453125e-06
compute_w_with_t_smw_time: 4.0531158447265625e-06
compute_v_time: 0.008232355117797852
compute_bus_theta_with_t_a_solve_time: 0.0008177757263183594
compute_bus_theta_with_t_smw_time: 4.0531158447265625e-06
compute_br_p_time: 0.003939628601074219
apply_w_v_wt_time: 0.0006308555603027344
compute_bus_dtheta_rhs_dcl_k_time: 0.004172325134277344
compute_w_v_wt_xfr_k_time: 0.0044574737548828125
compute_bus_dtheta_rhs_xfr_k_time: 5.7220458984375e-06
compute_br_acl_delta_k_p_delta_time: 0.0029430389404296875
compute_br_dcl_delta_k_p_delta_time: 0.0024564266204833984
compute_br_xfr_delta_k_p_delta_time: 0.0024290084838867188
filter_branches_acl_k_time: 0.0025680065155029297
filter_branches_dcl_k_time: 0.0011167526245117188
filter_branches_xfr_k_time: 0.00101470947265625
compute_br_acl_delta_k_p_time: 0.0002639293670654297
compute_br_dcl_delta_k_p_time: 0.00015115737915039062
compute_br_xfr_delta_k_p_time: 0.00013589859008789062
compute_br_acl_delta_k_s_over_time: 0.001543283462524414
compute_br_dcl_delta_k_s_over_time: 0.0006973743438720703
compute_br_xfr_delta_k_s_over_time: 0.0006644725799560547
zero_out_time: 0.0001900196075439453
get_max_br_acl_delta_k_s_over_time: 0.0013756752014160156
get_max_br_dcl_delta_k_s_over_time: 7.3909759521484375e-06
get_max_br_xfr_delta_k_s_over_time: 4.5299530029296875e-06
compute_br_k_z_time: 0.0011966228485107422
collect_penalties_into_obj_array_time: 0.0004918575286865234
end of contingency model method 1, memory info: {'rss bytes': 215523328, 'rss human': '205.5M', 'percent': 0.07978560964678955}
function: eval_post_contingency_model, time: 0.16855883598327637
function: eval_post_contingency_model, time: 0.1685657501220703
function: run, time: 0.27946996688842773
after solution_evaluator.run(), memory info: {'rss bytes': 215523328, 'rss human': '205.5M', 'percent': 0.07978560964678955}
evaluation summary:
{'feas': 1,
 'infeas': 0,
 'info_i_i_k_t_disconnected_ctg': {'idx': {0: None, 1: None, 2: None, 3: None},
                                   'val': 0},
 'info_i_i_t_disconnected_base': {'idx': {0: None, 1: None, 2: None}, 'val': 0},
 'phys_feas': 0,
 'sum_acl_t_u_sd': 0,
 'sum_acl_t_u_su': 0,
 'sum_acl_t_z_s': 0.0,
 'sum_acl_t_z_sd': 0.0,
 'sum_acl_t_z_su': 0.0,
 'sum_bus_t_z_p': 6227927924.10426,
 'sum_bus_t_z_q': 3271084770.052825,
 'sum_cs_t_z_p': -0.0,
 'sum_pr_t_z_p': 0.0,
 'sum_prz_t_z_nsc': 3802.4523638399996,
 'sum_prz_t_z_rgd': 0.0,
 'sum_prz_t_z_rgu': 0.0,
 'sum_prz_t_z_rrd': 3.928,
 'sum_prz_t_z_rru': 4.067,
 'sum_prz_t_z_scr': 12080.708030950002,
 'sum_qrz_t_z_qrd': 0.0,
 'sum_qrz_t_z_qru': 0.0,
 'sum_sd_t_sd': 0,
 'sum_sd_t_su': 61,
 'sum_sd_t_z_nsc': 0.0,
 'sum_sd_t_z_on': 0.0,
 'sum_sd_t_z_qrd': 0.0,
 'sum_sd_t_z_qru': 0.0,
 'sum_sd_t_z_rgd': 0.0,
 'sum_sd_t_z_rgu': 0.0,
 'sum_sd_t_z_rrd_off': 0.0,
 'sum_sd_t_z_rrd_on': 0.0,
 'sum_sd_t_z_rru_off': 0.0,
 'sum_sd_t_z_rru_on': 0.0,
 'sum_sd_t_z_scr': 0.0,
 'sum_sd_t_z_sd': 0.0,
 'sum_sd_t_z_su': 0.0,
 'sum_sd_t_z_sus': 0.0,
 'sum_xfr_t_u_sd': 0,
 'sum_xfr_t_u_su': 0,
 'sum_xfr_t_z_s': 0.0,
 'sum_xfr_t_z_sd': 0.0,
 'sum_xfr_t_z_su': 0.0,
 'time_connectedness': 0.08471918106079102,
 'time_post_contingency': 0.1685638427734375,
 'time_run': 0.2794685363769531,
 'total_switches': 0,
 'viol_acl_acl_t_s_max_ctg': {'idx': {0: 'acl_065', 1: 'acl_003', 2: 0},
                              'val': 5.617185799059335},
 'viol_acl_dcl_t_s_max_ctg': {'idx': {0: None, 1: None, 2: None}, 'val': 0.0},
 'viol_acl_t_s_max': {'idx': {0: 'acl_000', 1: 0}, 'val': 0.0},
 'viol_acl_t_u_sd_max': {'idx': {0: 'acl_000', 1: 0}, 'val': 0},
 'viol_acl_t_u_su_max': {'idx': {0: 'acl_000', 1: 0}, 'val': 0},
 'viol_acl_xfr_t_s_max_ctg': {'idx': {0: None, 1: None, 2: None}, 'val': 0.0},
 'viol_bus_t_p_balance_max': {'idx': {0: 'bus_55', 1: 0},
                              'val': 6.600014981956657},
 'viol_bus_t_p_balance_min': {'idx': {0: 'bus_19', 1: 0},
                              'val': -10.269986059434709},
 'viol_bus_t_q_balance_max': {'idx': {0: 'bus_41', 1: 0},
                              'val': 0.8199418027720068},
 'viol_bus_t_q_balance_min': {'idx': {0: 'bus_53', 1: 0},
                              'val': -9.345961455185739},
 'viol_bus_t_v_max': {'idx': {0: 'bus_00', 1: 0}, 'val': 0.0},
 'viol_bus_t_v_min': {'idx': {0: 'bus_00', 1: 0}, 'val': 0.0},
 'viol_cs_t_p_off_max': {'idx': {0: 'sd_154', 1: 0}, 'val': 0.0},
 'viol_cs_t_p_off_min': {'idx': {0: 'sd_154', 1: 0}, 'val': 0.0},
 'viol_cs_t_p_on_max': {'idx': {0: 'sd_154', 1: 0}, 'val': 0.0},
 'viol_cs_t_p_on_min': {'idx': {0: 'sd_154', 1: 0}, 'val': 0.0},
 'viol_cs_t_q_max': {'idx': {0: 'sd_154', 1: 0}, 'val': 0.0},
 'viol_cs_t_q_min': {'idx': {0: 'sd_154', 1: 0}, 'val': 0.0},
 'viol_cs_t_q_p_max': {'idx': {0: None, 1: None}, 'val': None},
 'viol_cs_t_q_p_min': {'idx': {0: None, 1: None}, 'val': None},
 'viol_dcl_t_p_max': {'idx': {0: 'dcl_0', 1: 0}, 'val': 0.0},
 'viol_dcl_t_p_min': {'idx': {0: 'dcl_0', 1: 0}, 'val': 0.0},
 'viol_dcl_t_q_fr_max': {'idx': {0: 'dcl_0', 1: 0}, 'val': 0.0},
 'viol_dcl_t_q_fr_min': {'idx': {0: 'dcl_0', 1: 0}, 'val': 0.0},
 'viol_dcl_t_q_to_max': {'idx': {0: 'dcl_0', 1: 0}, 'val': 0.0},
 'viol_dcl_t_q_to_min': {'idx': {0: 'dcl_0', 1: 0}, 'val': 0.0},
 'viol_pr_t_p_off_max': {'idx': {0: 'sd_000', 1: 0}, 'val': 0.0},
 'viol_pr_t_p_off_min': {'idx': {0: 'sd_000', 1: 0}, 'val': 0.0},
 'viol_pr_t_p_on_max': {'idx': {0: 'sd_000', 1: 0}, 'val': 0.0},
 'viol_pr_t_p_on_min': {'idx': {0: 'sd_000', 1: 0}, 'val': 0.0},
 'viol_pr_t_q_max': {'idx': {0: 'sd_000', 1: 0}, 'val': 0.0},
 'viol_pr_t_q_min': {'idx': {0: 'sd_000', 1: 0}, 'val': 0.0},
 'viol_pr_t_q_p_max': {'idx': {0: None, 1: None}, 'val': None},
 'viol_pr_t_q_p_min': {'idx': {0: None, 1: None}, 'val': None},
 'viol_prz_t_p_nsc_balance': {'idx': {0: 'prz_0', 1: 0}, 'val': 3.3879996},
 'viol_prz_t_p_rgd_balance': {'idx': {0: 'prz_0', 1: 0}, 'val': 0.0},
 'viol_prz_t_p_rgu_balance': {'idx': {0: 'prz_0', 1: 0}, 'val': 0.0},
 'viol_prz_t_p_rrd_balance': {'idx': {0: 'prz_0', 1: 32},
                              'val': 0.9899999999999999},
 'viol_prz_t_p_rru_balance': {'idx': {0: 'prz_0', 1: 39}, 'val': 1.02},
 'viol_prz_t_p_scr_balance': {'idx': {0: 'prz_0', 1: 0}, 'val': 0.8469999},
 'viol_qrz_t_q_qrd_balance': {'idx': {0: 'qrz_0', 1: 0}, 'val': 0.0},
 'viol_qrz_t_q_qru_balance': {'idx': {0: 'qrz_0', 1: 0}, 'val': 0.0},
 'viol_sd_max_energy_constr': {'idx': {0: 'sd_000', 1: 0}, 'val': 0.0},
 'viol_sd_max_startup_constr': {'idx': {0: 'sd_000', 1: 0}, 'val': 0},
 'viol_sd_min_energy_constr': {'idx': {0: 'sd_000', 1: 0}, 'val': 0.0},
 'viol_sd_t_d_dn_min': {'idx': {0: 'sd_000', 1: 0}, 'val': 0},
 'viol_sd_t_d_up_min': {'idx': {0: 'sd_000', 1: 0}, 'val': 0},
 'viol_sd_t_p_nsc_max': {'idx': {0: 'sd_000', 1: 0}, 'val': 0.0},
 'viol_sd_t_p_nsc_nonneg': {'idx': {0: 'sd_000', 1: 0}, 'val': -0.0},
 'viol_sd_t_p_ramp_dn_max': {'idx': {0: 'sd_000', 1: 0}, 'val': 0.0},
 'viol_sd_t_p_ramp_up_max': {'idx': {0: 'sd_000', 1: 0}, 'val': 0.0},
 'viol_sd_t_p_rgd_max': {'idx': {0: 'sd_000', 1: 0}, 'val': 0.0},
 'viol_sd_t_p_rgd_nonneg': {'idx': {0: 'sd_000', 1: 0}, 'val': -0.0},
 'viol_sd_t_p_rgu_max': {'idx': {0: 'sd_000', 1: 0}, 'val': 0.0},
 'viol_sd_t_p_rgu_nonneg': {'idx': {0: 'sd_000', 1: 0}, 'val': -0.0},
 'viol_sd_t_p_rrd_off_max': {'idx': {0: 'sd_000', 1: 0}, 'val': 0.0},
 'viol_sd_t_p_rrd_off_nonneg': {'idx': {0: 'sd_000', 1: 0}, 'val': -0.0},
 'viol_sd_t_p_rrd_on_max': {'idx': {0: 'sd_000', 1: 0}, 'val': 0.0},
 'viol_sd_t_p_rrd_on_nonneg': {'idx': {0: 'sd_000', 1: 0}, 'val': -0.0},
 'viol_sd_t_p_rru_off_max': {'idx': {0: 'sd_000', 1: 0}, 'val': 0.0},
 'viol_sd_t_p_rru_off_nonneg': {'idx': {0: 'sd_000', 1: 0}, 'val': -0.0},
 'viol_sd_t_p_rru_on_max': {'idx': {0: 'sd_000', 1: 0}, 'val': 0.0},
 'viol_sd_t_p_rru_on_nonneg': {'idx': {0: 'sd_000', 1: 0}, 'val': -0.0},
 'viol_sd_t_p_scr_max': {'idx': {0: 'sd_000', 1: 0}, 'val': 0.0},
 'viol_sd_t_p_scr_nonneg': {'idx': {0: 'sd_000', 1: 0}, 'val': -0.0},
 'viol_sd_t_q_qrd_nonneg': {'idx': {0: 'sd_000', 1: 0}, 'val': -0.0},
 'viol_sd_t_q_qru_nonneg': {'idx': {0: 'sd_000', 1: 0}, 'val': -0.0},
 'viol_sd_t_u_on_max': {'idx': {0: 'sd_000', 1: 0}, 'val': 0},
 'viol_sd_t_u_on_min': {'idx': {0: 'sd_000', 1: 0}, 'val': 0},
 'viol_sh_t_u_st_max': {'idx': {0: 'sh_00', 1: 0}, 'val': 0},
 'viol_sh_t_u_st_min': {'idx': {0: 'sh_00', 1: 0}, 'val': 0},
 'viol_t_connected_base': {'idx': {0: 0}, 'val': 0},
 'viol_t_connected_ctg': {'idx': {0: 0}, 'val': 0},
 'viol_xfr_acl_t_s_max_ctg': {'idx': {0: 'xfr_04', 1: 'acl_102', 2: 26},
                              'val': 3.869827616630513},
 'viol_xfr_dcl_t_s_max_ctg': {'idx': {0: None, 1: None, 2: None}, 'val': 0.0},
 'viol_xfr_t_phi_max': {'idx': {0: 'xfr_00', 1: 0}, 'val': 0.0},
 'viol_xfr_t_phi_min': {'idx': {0: 'xfr_00', 1: 0}, 'val': 0.0},
 'viol_xfr_t_s_max': {'idx': {0: 'xfr_00', 1: 0}, 'val': 0.0},
 'viol_xfr_t_tau_max': {'idx': {0: 'xfr_00', 1: 0}, 'val': 0.0},
 'viol_xfr_t_tau_min': {'idx': {0: 'xfr_00', 1: 0}, 'val': 0.0},
 'viol_xfr_t_u_sd_max': {'idx': {0: 'xfr_00', 1: 0}, 'val': 0},
 'viol_xfr_t_u_su_max': {'idx': {0: 'xfr_00', 1: 0}, 'val': 0},
 'viol_xfr_xfr_t_s_max_ctg': {'idx': {0: None, 1: None, 2: None}, 'val': 0.0},
 'z': -9499345779.500446,
 'z_base': -9499028585.31248,
 'z_cost': 0.0,
 'z_k_average_case': -157984.07065542333,
 'z_k_worst_case': -159210.11730791006,
 'z_max_energy': 0.0,
 'z_min_energy': 0.0,
 'z_penalty': 9499028585.31248,
 'z_value': -0.0}
infeasibility summary:
{}
feas: 1
obj: -9499345779.500446
evaluate solution time: 0.28690481185913086
end of check_data(), memory info: {'rss bytes': 216313856, 'rss human': '206.3M', 'percent': 0.0800782589808925}
