/rcfs/dtn/arpacomp/.conda/envs/goc_eval/lib/python3.10/site-packages/scipy/sparse/linalg/_dsolve/linsolve.py:347: SparseEfficiencyWarning: splu converted its input to CSC format
  warn('splu converted its input to CSC format', SparseEfficiencyWarning)
args:
Namespace(problem_opt=None, problem='/qfs/projects/goc/share/data/C3/E3.1/D2//C3E3N00073D2/scenario_242.json_scrubbed.json', solution='/qfs/projects/goc/share/data/C3/E3.1/D2//C3E3N00073D2/scenario_242.json.pop_solution.json', configuration=None, parameters='{}', summary_csv='summary.csv', summary_json='summary.json', data_errors='data_errors.txt', ignored_errors='ignored_errors.txt', solution_errors='solution_errors.txt', pop_solution=None, scrubbed_problem=None)
problem data file: /qfs/projects/goc/share/data/C3/E3.1/D2//C3E3N00073D2/scenario_242.json_scrubbed.json

pop solution data file: None

solution data file: /qfs/projects/goc/share/data/C3/E3.1/D2//C3E3N00073D2/scenario_242.json.pop_solution.json

git info: {'C3DataUtilities': {'branch': 'main', 'commit': '59dd7f47974aa54c2f26998163730b14ab3a6b97', 'date': 'Wed Jun 7 09:10:06 2023 -0700', 'query_return_code': 0, 'query_err': '', 'branch_return_code': 0, 'branch_err': '', 'query_path': '/qfs/projects/goc/share/loadbalancing/src/nonmpi-template/Challenge3/C3DataUtilities/datautilities', 'query_out': 'commit 59dd7f47974aa54c2f26998163730b14ab3a6b97\nAuthor: Jesse T Holzer <jesse.holzer@pnnl.gov>\nDate:   Wed Jun 7 09:10:06 2023 -0700\n\n    add git branch to summary output\n', 'branch_out': '  dev\n* main\n'}, 'Bid-DS-data-model': {'branch': None, 'commit': None, 'date': None, 'query_return_code': 128, 'query_err': 'fatal: Not a git repository (or any parent up to mount point /rcfs)\nStopping at filesystem boundary (GIT_DISCOVERY_ACROSS_FILESYSTEM not set).\n', 'branch_return_code': None, 'branch_err': None, 'query_path': '/rcfs/dtn/arpacomp/.conda/envs/goc_eval/lib/python3.10/site-packages/datamodel', 'query_out': ''}}

after reading problem without validation, memory info: {'rss bytes': 122101760, 'rss human': '116.4M', 'percent': 0.045201433417666886}
read problem data file without validation time: 0.07266926765441895
after reading problem with validation, memory info: {'rss bytes': 142426112, 'rss human': '135.8M', 'percent': 0.052725402307920596}
load time: 0.5259933471679688
{'error_diagnostics': '',
 'general': {'base_norm_mva': 100.0,
             'day_type': None,
             'electricity_demand': None,
             'net_load': None,
             'season': None,
             'solar_availability': None,
             'timestamp_start': None,
             'timestamp_stop': None,
             'vre_availability': None,
             'weather_temperature': None,
             'wind_availability': None},
 'interval durations': [1.0,
                        1.0,
                        1.0,
                        1.0,
                        1.0,
                        1.0,
                        1.0,
                        1.0,
                        1.0,
                        1.0,
                        1.0,
                        1.0,
                        1.0,
                        1.0,
                        1.0,
                        1.0,
                        1.0,
                        1.0,
                        1.0,
                        1.0,
                        1.0,
                        1.0,
                        1.0,
                        1.0,
                        1.0,
                        1.0,
                        1.0,
                        1.0,
                        1.0,
                        1.0,
                        1.0,
                        1.0,
                        1.0,
                        1.0,
                        1.0,
                        1.0,
                        1.0,
                        1.0,
                        1.0,
                        1.0,
                        1.0,
                        1.0,
                        1.0,
                        1.0,
                        1.0,
                        1.0,
                        1.0,
                        1.0],
 'num ac lines': 105,
 'num buses': 73,
 'num consuming devices': 51,
 'num contingencies': 2,
 'num dc lines': 1,
 'num intervals': 48,
 'num producing devices': 154,
 'num reactive power reserve zones': 1,
 'num real power reserve zones': 1,
 'num shunts': 73,
 'num simple dispatchable devices': 205,
 'num transformers': 15,
 'total duration': 48.0,
 'violation costs': {'e_vio_cost': 900000.0,
                     'p_bus_vio_cost': 1000000.0,
                     'q_bus_vio_cost': 1000000.0,
                     's_vio_cost': 500.0}}
after read solution without validation, memory info: {'rss bytes': 146210816, 'rss human': '139.4M', 'percent': 0.05412647994891101}
read solution data file without validation time: 0.016412019729614258
after read solution with validation, memory info: {'rss bytes': 153239552, 'rss human': '146.1M', 'percent': 0.056728481282178916}
solution load time: 0.24538898468017578
after solution_model_checks(), memory info: {'rss bytes': 153239552, 'rss human': '146.1M', 'percent': 0.056728481282178916}
solution model_checks time: 0.001245260238647461
{'error_diagnostics': ''}
after problem_data_array.set_from_data_model(), memory info: {'rss bytes': 156454912, 'rss human': '149.2M', 'percent': 0.05791879074990346}
convert problem data to numpy arrays time: 0.04764223098754883
after solution_data_array.set_from_data_model(), memory info: {'rss bytes': 157536256, 'rss human': '150.2M', 'percent': 0.05831909864732929}
convert solution data to numpy arrays time: 0.007654666900634766
function: set_summary, time: 0.0001556873321533203
function: set_problem, time: 7.152557373046875e-07
function: set_solution, time: 4.291534423828125e-06
function: set_solution_zero, time: 0.00023031234741210938
function: set_work_zero, time: 0.00020766258239746094
function: set_matrices, time: 0.003306865692138672
function: __init__, time: 0.003931283950805664
function: eval_sd_t_d_up_dn, time: 0.0008523464202880859
function: eval_sd_max_startup, time: 0.0024793148040771484
function: eval_sd_t_z_sus, time: 0.0015072822570800781
function: eval_acl_t_p_q_fr_to, time: 0.00034689903259277344
function: eval_xfr_t_p_q_fr_to, time: 0.0001518726348876953
function: eval_sd_t_su_sd_trajectories, time: 0.00015282630920410156
function: eval_sd_max_energy, time: 0.0013120174407958984
function: eval_sd_min_energy, time: 0.0012927055358886719
function: eval_sd_t_z_p, time: 0.011020898818969727
function: eval_bus_t_p, time: 0.0011861324310302734
function: eval_bus_t_q, time: 0.00017547607421875
sd_t_p_rgu sum: 0.0
prz_sigma_rgu max: 0.03
prz_t_p_rgu_req max: 0.0
sd_t_p_rgd sum: 0.0
prz_sigma_rgd max: 0.03
prz_t_p_rgd_req max: 0.0
sd_t_p_scr sum: 0.0
prz_sigma_scr max: 0.1
prz_t_p_scr_req max: 0.33089411
sd_t_p_nsc sum: 0.0
prz_sigma_nsc max: 0.3
prz_t_p_nsc_req max: 0.9926823300000001
sd_t_p_rru sum: 0.0
prz_t_p_rru_min max: 1.02
sd_t_p_rrd sum: 0.0
prz_t_p_rrd_min max: 0.9899999999999999
sd_t_p_qru sum: 0.0
qrz_t_q_qru_min max: 0.0
sd_t_p_qrd sum: 0.0
qrz_t_q_qrd_min max: 0.0
function: get_connected_components, time: 0.0006368160247802734
function: get_bridges, time: 0.0016047954559326172
function: get_connected_components, time: 0.00033354759216308594
function: get_bridges, time: 0.0015022754669189453
function: get_connected_components, time: 0.0003287792205810547
function: get_bridges, time: 0.0013284683227539062
function: get_connected_components, time: 0.00032639503479003906
function: get_bridges, time: 0.0013108253479003906
function: get_connected_components, time: 0.00032591819763183594
function: get_bridges, time: 0.001306772232055664
function: get_connected_components, time: 0.00032401084899902344
function: get_bridges, time: 0.0013248920440673828
function: get_connected_components, time: 0.00032067298889160156
function: get_bridges, time: 0.0013132095336914062
function: get_connected_components, time: 0.0003192424774169922
function: get_bridges, time: 0.0013091564178466797
function: get_connected_components, time: 0.0003223419189453125
function: get_bridges, time: 0.0013096332550048828
function: get_connected_components, time: 0.0003199577331542969
function: get_bridges, time: 0.0013270378112792969
function: get_connected_components, time: 0.00032019615173339844
function: get_bridges, time: 0.0013263225555419922
function: get_connected_components, time: 0.00033020973205566406
function: get_bridges, time: 0.0013225078582763672
function: get_connected_components, time: 0.0003266334533691406
function: get_bridges, time: 0.0013267993927001953
function: get_connected_components, time: 0.00031948089599609375
function: get_bridges, time: 0.0014901161193847656
function: get_connected_components, time: 0.0003216266632080078
function: get_bridges, time: 0.001325368881225586
function: get_connected_components, time: 0.00032019615173339844
function: get_bridges, time: 0.0013117790222167969
function: get_connected_components, time: 0.00033092498779296875
function: get_bridges, time: 0.0013172626495361328
function: get_connected_components, time: 0.0003209114074707031
function: get_bridges, time: 0.0013210773468017578
function: get_connected_components, time: 0.00032401084899902344
function: get_bridges, time: 0.0013191699981689453
function: get_connected_components, time: 0.0003299713134765625
function: get_bridges, time: 0.0013244152069091797
function: get_connected_components, time: 0.00032210350036621094
function: get_bridges, time: 0.0013170242309570312
function: get_connected_components, time: 0.00032019615173339844
function: get_bridges, time: 0.0013151168823242188
function: get_connected_components, time: 0.00032210350036621094
function: get_bridges, time: 0.0013129711151123047
function: get_connected_components, time: 0.0003294944763183594
function: get_bridges, time: 0.0013196468353271484
function: get_connected_components, time: 0.00031876564025878906
function: get_bridges, time: 0.001317739486694336
function: get_connected_components, time: 0.0003199577331542969
function: get_bridges, time: 0.0014760494232177734
function: get_connected_components, time: 0.0003218650817871094
function: get_bridges, time: 0.0013074874877929688
function: get_connected_components, time: 0.00032639503479003906
function: get_bridges, time: 0.0013134479522705078
function: get_connected_components, time: 0.00032019615173339844
function: get_bridges, time: 0.001323699951171875
function: get_connected_components, time: 0.0003204345703125
function: get_bridges, time: 0.001316070556640625
function: get_connected_components, time: 0.0003230571746826172
function: get_bridges, time: 0.001316070556640625
function: get_connected_components, time: 0.00032401084899902344
function: get_bridges, time: 0.0013148784637451172
function: get_connected_components, time: 0.0003190040588378906
function: get_bridges, time: 0.0013115406036376953
function: get_connected_components, time: 0.00032138824462890625
function: get_bridges, time: 0.0013124942779541016
function: get_connected_components, time: 0.00033020973205566406
function: get_bridges, time: 0.001318216323852539
function: get_connected_components, time: 0.0003197193145751953
function: get_bridges, time: 0.001317739486694336
function: get_connected_components, time: 0.0003197193145751953
function: get_bridges, time: 0.0013151168823242188
function: get_connected_components, time: 0.00032258033752441406
function: get_bridges, time: 0.0014727115631103516
function: get_connected_components, time: 0.0003287792205810547
function: get_bridges, time: 0.0013115406036376953
function: get_connected_components, time: 0.00032019615173339844
function: get_bridges, time: 0.0013163089752197266
function: get_connected_components, time: 0.0003209114074707031
function: get_bridges, time: 0.0013041496276855469
function: get_connected_components, time: 0.0003261566162109375
function: get_bridges, time: 0.001308441162109375
function: get_connected_components, time: 0.00032591819763183594
function: get_bridges, time: 0.0013165473937988281
function: get_connected_components, time: 0.0003209114074707031
function: get_bridges, time: 0.001316070556640625
function: get_connected_components, time: 0.0003197193145751953
function: get_bridges, time: 0.0013439655303955078
function: get_connected_components, time: 0.000324249267578125
function: get_bridges, time: 0.0013093948364257812
function: get_connected_components, time: 0.0003190040588378906
function: get_bridges, time: 0.0013518333435058594
function: get_connected_components, time: 0.00032019615173339844
function: get_bridges, time: 0.0013077259063720703
end of eval_connectedness(), memory info: {'rss bytes': 159944704, 'rss human': '152.5M', 'percent': 0.059210693509777736}
function: eval_connectedness, time: 0.08397412300109863
problem dimensions. bus: 73, acl: 105, xfr: 15, dcl: 1, k: 2, t: 48
construct static bus admittance matrix. time: 0.0009713172912597656
factor static bus admittance matrix. time: 0.005669355392456055
t_acl_delta_t: [array([], dtype=int64), array([], dtype=int64), array([], dtype=int64), array([], dtype=int64), array([], dtype=int64), array([], dtype=int64), array([], dtype=int64), array([], dtype=int64), array([], dtype=int64), array([], dtype=int64), array([], dtype=int64), array([], dtype=int64), array([], dtype=int64), array([], dtype=int64), array([], dtype=int64), array([], dtype=int64), array([], dtype=int64), array([], dtype=int64), array([], dtype=int64), array([], dtype=int64), array([], dtype=int64), array([], dtype=int64), array([], dtype=int64), array([], dtype=int64), array([], dtype=int64), array([], dtype=int64), array([], dtype=int64), array([], dtype=int64), array([], dtype=int64), array([], dtype=int64), array([], dtype=int64), array([], dtype=int64), array([], dtype=int64), array([], dtype=int64), array([], dtype=int64), array([], dtype=int64), array([], dtype=int64), array([], dtype=int64), array([], dtype=int64), array([], dtype=int64), array([], dtype=int64), array([], dtype=int64), array([], dtype=int64), array([], dtype=int64), array([], dtype=int64), array([], dtype=int64), array([], dtype=int64), array([], dtype=int64)], t_xfr_delta_t: [array([], dtype=int64), array([], dtype=int64), array([], dtype=int64), array([], dtype=int64), array([], dtype=int64), array([], dtype=int64), array([], dtype=int64), array([], dtype=int64), array([], dtype=int64), array([], dtype=int64), array([], dtype=int64), array([], dtype=int64), array([], dtype=int64), array([], dtype=int64), array([], dtype=int64), array([], dtype=int64), array([], dtype=int64), array([], dtype=int64), array([], dtype=int64), array([], dtype=int64), array([], dtype=int64), array([], dtype=int64), array([], dtype=int64), array([], dtype=int64), array([], dtype=int64), array([], dtype=int64), array([], dtype=int64), array([], dtype=int64), array([], dtype=int64), array([], dtype=int64), array([], dtype=int64), array([], dtype=int64), array([], dtype=int64), array([], dtype=int64), array([], dtype=int64), array([], dtype=int64), array([], dtype=int64), array([], dtype=int64), array([], dtype=int64), array([], dtype=int64), array([], dtype=int64), array([], dtype=int64), array([], dtype=int64), array([], dtype=int64), array([], dtype=int64), array([], dtype=int64), array([], dtype=int64), array([], dtype=int64)], t_br_delta_t: [array([], dtype=int64), array([], dtype=int64), array([], dtype=int64), array([], dtype=int64), array([], dtype=int64), array([], dtype=int64), array([], dtype=int64), array([], dtype=int64), array([], dtype=int64), array([], dtype=int64), array([], dtype=int64), array([], dtype=int64), array([], dtype=int64), array([], dtype=int64), array([], dtype=int64), array([], dtype=int64), array([], dtype=int64), array([], dtype=int64), array([], dtype=int64), array([], dtype=int64), array([], dtype=int64), array([], dtype=int64), array([], dtype=int64), array([], dtype=int64), array([], dtype=int64), array([], dtype=int64), array([], dtype=int64), array([], dtype=int64), array([], dtype=int64), array([], dtype=int64), array([], dtype=int64), array([], dtype=int64), array([], dtype=int64), array([], dtype=int64), array([], dtype=int64), array([], dtype=int64), array([], dtype=int64), array([], dtype=int64), array([], dtype=int64), array([], dtype=int64), array([], dtype=int64), array([], dtype=int64), array([], dtype=int64), array([], dtype=int64), array([], dtype=int64), array([], dtype=int64), array([], dtype=int64), array([], dtype=int64)], acl_delta_t: [], xfr_delta_t: [], br_delta_t: []
contingency delta branches. acl: 2, xfr: 0, dcl: 0
construct bus,t-indexed right hand side. time: 0.00013780593872070312
solve for base case bus,t-indexed theta. time: 0.07612872123718262
v_acl_k: [-0.02286434 -0.02447957]
acl_u[acl_delta_k]: [1 1]
num AC branches with possible violations in ACL contingencies: 0
num AC branches with possible violations in DCL contingencies: 0
num AC branches with possible violations in XFR contingencies: 0
t: 0, time: 0.005172014236450195, memory_info: {'rss bytes': 213270528, 'rss human': '203.4M', 'percent': 0.07895163486048572}
v_acl_k: [-0.02286434 -0.02447957]
acl_u[acl_delta_k]: [1 1]
num AC branches with possible violations in ACL contingencies: 0
num AC branches with possible violations in DCL contingencies: 0
num AC branches with possible violations in XFR contingencies: 0
t: 1, time: 0.0014722347259521484, memory_info: {'rss bytes': 213270528, 'rss human': '203.4M', 'percent': 0.07895163486048572}
v_acl_k: [-0.02286434 -0.02447957]
acl_u[acl_delta_k]: [1 1]
num AC branches with possible violations in ACL contingencies: 0
num AC branches with possible violations in DCL contingencies: 0
num AC branches with possible violations in XFR contingencies: 0
t: 2, time: 0.001434326171875, memory_info: {'rss bytes': 213270528, 'rss human': '203.4M', 'percent': 0.07895163486048572}
v_acl_k: [-0.02286434 -0.02447957]
acl_u[acl_delta_k]: [1 1]
num AC branches with possible violations in ACL contingencies: 0
num AC branches with possible violations in DCL contingencies: 0
num AC branches with possible violations in XFR contingencies: 0
t: 3, time: 0.0014221668243408203, memory_info: {'rss bytes': 213270528, 'rss human': '203.4M', 'percent': 0.07895163486048572}
v_acl_k: [-0.02286434 -0.02447957]
acl_u[acl_delta_k]: [1 1]
num AC branches with possible violations in ACL contingencies: 0
num AC branches with possible violations in DCL contingencies: 0
num AC branches with possible violations in XFR contingencies: 0
t: 4, time: 0.0014190673828125, memory_info: {'rss bytes': 213270528, 'rss human': '203.4M', 'percent': 0.07895163486048572}
v_acl_k: [-0.02286434 -0.02447957]
acl_u[acl_delta_k]: [1 1]
num AC branches with possible violations in ACL contingencies: 0
num AC branches with possible violations in DCL contingencies: 0
num AC branches with possible violations in XFR contingencies: 0
t: 5, time: 0.001402139663696289, memory_info: {'rss bytes': 213270528, 'rss human': '203.4M', 'percent': 0.07895163486048572}
v_acl_k: [-0.02286434 -0.02447957]
acl_u[acl_delta_k]: [1 1]
num AC branches with possible violations in ACL contingencies: 0
num AC branches with possible violations in DCL contingencies: 0
num AC branches with possible violations in XFR contingencies: 0
t: 6, time: 0.001413106918334961, memory_info: {'rss bytes': 213270528, 'rss human': '203.4M', 'percent': 0.07895163486048572}
v_acl_k: [-0.02286434 -0.02447957]
acl_u[acl_delta_k]: [1 1]
num AC branches with possible violations in ACL contingencies: 0
num AC branches with possible violations in DCL contingencies: 0
num AC branches with possible violations in XFR contingencies: 0
t: 7, time: 0.0014009475708007812, memory_info: {'rss bytes': 213270528, 'rss human': '203.4M', 'percent': 0.07895163486048572}
v_acl_k: [-0.02286434 -0.02447957]
acl_u[acl_delta_k]: [1 1]
num AC branches with possible violations in ACL contingencies: 0
num AC branches with possible violations in DCL contingencies: 0
num AC branches with possible violations in XFR contingencies: 0
t: 8, time: 0.010146379470825195, memory_info: {'rss bytes': 213270528, 'rss human': '203.4M', 'percent': 0.07895163486048572}
v_acl_k: [-0.02286434 -0.02447957]
acl_u[acl_delta_k]: [1 1]
num AC branches with possible violations in ACL contingencies: 0
num AC branches with possible violations in DCL contingencies: 0
num AC branches with possible violations in XFR contingencies: 0
t: 9, time: 0.0014095306396484375, memory_info: {'rss bytes': 213270528, 'rss human': '203.4M', 'percent': 0.07895163486048572}
v_acl_k: [-0.02286434 -0.02447957]
acl_u[acl_delta_k]: [1 1]
num AC branches with possible violations in ACL contingencies: 0
num AC branches with possible violations in DCL contingencies: 0
num AC branches with possible violations in XFR contingencies: 0
t: 10, time: 0.0014133453369140625, memory_info: {'rss bytes': 213270528, 'rss human': '203.4M', 'percent': 0.07895163486048572}
v_acl_k: [-0.02286434 -0.02447957]
acl_u[acl_delta_k]: [1 1]
num AC branches with possible violations in ACL contingencies: 0
num AC branches with possible violations in DCL contingencies: 0
num AC branches with possible violations in XFR contingencies: 0
t: 11, time: 0.0014157295227050781, memory_info: {'rss bytes': 213270528, 'rss human': '203.4M', 'percent': 0.07895163486048572}
v_acl_k: [-0.02286434 -0.02447957]
acl_u[acl_delta_k]: [1 1]
num AC branches with possible violations in ACL contingencies: 0
num AC branches with possible violations in DCL contingencies: 0
num AC branches with possible violations in XFR contingencies: 0
t: 12, time: 0.0014171600341796875, memory_info: {'rss bytes': 213270528, 'rss human': '203.4M', 'percent': 0.07895163486048572}
v_acl_k: [-0.02286434 -0.02447957]
acl_u[acl_delta_k]: [1 1]
num AC branches with possible violations in ACL contingencies: 0
num AC branches with possible violations in DCL contingencies: 0
num AC branches with possible violations in XFR contingencies: 0
t: 13, time: 0.0013964176177978516, memory_info: {'rss bytes': 213270528, 'rss human': '203.4M', 'percent': 0.07895163486048572}
v_acl_k: [-0.02286434 -0.02447957]
acl_u[acl_delta_k]: [1 1]
num AC branches with possible violations in ACL contingencies: 0
num AC branches with possible violations in DCL contingencies: 0
num AC branches with possible violations in XFR contingencies: 0
t: 14, time: 0.0014042854309082031, memory_info: {'rss bytes': 213270528, 'rss human': '203.4M', 'percent': 0.07895163486048572}
v_acl_k: [-0.02286434 -0.02447957]
acl_u[acl_delta_k]: [1 1]
num AC branches with possible violations in ACL contingencies: 0
num AC branches with possible violations in DCL contingencies: 0
num AC branches with possible violations in XFR contingencies: 0
t: 15, time: 0.011667728424072266, memory_info: {'rss bytes': 213270528, 'rss human': '203.4M', 'percent': 0.07895163486048572}
v_acl_k: [-0.02286434 -0.02447957]
acl_u[acl_delta_k]: [1 1]
num AC branches with possible violations in ACL contingencies: 0
num AC branches with possible violations in DCL contingencies: 0
num AC branches with possible violations in XFR contingencies: 0
t: 16, time: 0.0013861656188964844, memory_info: {'rss bytes': 213270528, 'rss human': '203.4M', 'percent': 0.07895163486048572}
v_acl_k: [-0.02286434 -0.02447957]
acl_u[acl_delta_k]: [1 1]
num AC branches with possible violations in ACL contingencies: 0
num AC branches with possible violations in DCL contingencies: 0
num AC branches with possible violations in XFR contingencies: 0
t: 17, time: 0.0013916492462158203, memory_info: {'rss bytes': 213270528, 'rss human': '203.4M', 'percent': 0.07895163486048572}
v_acl_k: [-0.02286434 -0.02447957]
acl_u[acl_delta_k]: [1 1]
num AC branches with possible violations in ACL contingencies: 0
num AC branches with possible violations in DCL contingencies: 0
num AC branches with possible violations in XFR contingencies: 0
t: 18, time: 0.0013818740844726562, memory_info: {'rss bytes': 213270528, 'rss human': '203.4M', 'percent': 0.07895163486048572}
v_acl_k: [-0.02286434 -0.02447957]
acl_u[acl_delta_k]: [1 1]
num AC branches with possible violations in ACL contingencies: 0
num AC branches with possible violations in DCL contingencies: 0
num AC branches with possible violations in XFR contingencies: 0
t: 19, time: 0.0013952255249023438, memory_info: {'rss bytes': 213270528, 'rss human': '203.4M', 'percent': 0.07895163486048572}
v_acl_k: [-0.02286434 -0.02447957]
acl_u[acl_delta_k]: [1 1]
num AC branches with possible violations in ACL contingencies: 0
num AC branches with possible violations in DCL contingencies: 0
num AC branches with possible violations in XFR contingencies: 0
t: 20, time: 0.0013885498046875, memory_info: {'rss bytes': 213270528, 'rss human': '203.4M', 'percent': 0.07895163486048572}
v_acl_k: [-0.02286434 -0.02447957]
acl_u[acl_delta_k]: [1 1]
num AC branches with possible violations in ACL contingencies: 0
num AC branches with possible violations in DCL contingencies: 0
num AC branches with possible violations in XFR contingencies: 0
t: 21, time: 0.0013854503631591797, memory_info: {'rss bytes': 213270528, 'rss human': '203.4M', 'percent': 0.07895163486048572}
v_acl_k: [-0.02286434 -0.02447957]
acl_u[acl_delta_k]: [1 1]
num AC branches with possible violations in ACL contingencies: 0
num AC branches with possible violations in DCL contingencies: 0
num AC branches with possible violations in XFR contingencies: 0
t: 22, time: 0.0013835430145263672, memory_info: {'rss bytes': 213270528, 'rss human': '203.4M', 'percent': 0.07895163486048572}
v_acl_k: [-0.02286434 -0.02447957]
acl_u[acl_delta_k]: [1 1]
num AC branches with possible violations in ACL contingencies: 0
num AC branches with possible violations in DCL contingencies: 0
num AC branches with possible violations in XFR contingencies: 0
t: 23, time: 0.0013873577117919922, memory_info: {'rss bytes': 213270528, 'rss human': '203.4M', 'percent': 0.07895163486048572}
v_acl_k: [-0.02286434 -0.02447957]
acl_u[acl_delta_k]: [1 1]
num AC branches with possible violations in ACL contingencies: 0
num AC branches with possible violations in DCL contingencies: 0
num AC branches with possible violations in XFR contingencies: 0
t: 24, time: 0.0013794898986816406, memory_info: {'rss bytes': 213270528, 'rss human': '203.4M', 'percent': 0.07895163486048572}
v_acl_k: [-0.02286434 -0.02447957]
acl_u[acl_delta_k]: [1 1]
num AC branches with possible violations in ACL contingencies: 0
num AC branches with possible violations in DCL contingencies: 0
num AC branches with possible violations in XFR contingencies: 0
t: 25, time: 0.001390695571899414, memory_info: {'rss bytes': 213270528, 'rss human': '203.4M', 'percent': 0.07895163486048572}
v_acl_k: [-0.02286434 -0.02447957]
acl_u[acl_delta_k]: [1 1]
num AC branches with possible violations in ACL contingencies: 0
num AC branches with possible violations in DCL contingencies: 0
num AC branches with possible violations in XFR contingencies: 0
t: 26, time: 0.0013802051544189453, memory_info: {'rss bytes': 213270528, 'rss human': '203.4M', 'percent': 0.07895163486048572}
v_acl_k: [-0.02286434 -0.02447957]
acl_u[acl_delta_k]: [1 1]
num AC branches with possible violations in ACL contingencies: 0
num AC branches with possible violations in DCL contingencies: 0
num AC branches with possible violations in XFR contingencies: 0
t: 27, time: 0.0013823509216308594, memory_info: {'rss bytes': 213270528, 'rss human': '203.4M', 'percent': 0.07895163486048572}
v_acl_k: [-0.02286434 -0.02447957]
acl_u[acl_delta_k]: [1 1]
num AC branches with possible violations in ACL contingencies: 0
num AC branches with possible violations in DCL contingencies: 0
num AC branches with possible violations in XFR contingencies: 0
t: 28, time: 0.0013747215270996094, memory_info: {'rss bytes': 213270528, 'rss human': '203.4M', 'percent': 0.07895163486048572}
v_acl_k: [-0.02286434 -0.02447957]
acl_u[acl_delta_k]: [1 1]
num AC branches with possible violations in ACL contingencies: 0
num AC branches with possible violations in DCL contingencies: 0
num AC branches with possible violations in XFR contingencies: 0
t: 29, time: 0.0013918876647949219, memory_info: {'rss bytes': 213270528, 'rss human': '203.4M', 'percent': 0.07895163486048572}
v_acl_k: [-0.02286434 -0.02447957]
acl_u[acl_delta_k]: [1 1]
num AC branches with possible violations in ACL contingencies: 0
num AC branches with possible violations in DCL contingencies: 0
num AC branches with possible violations in XFR contingencies: 0
t: 30, time: 0.0013849735260009766, memory_info: {'rss bytes': 213270528, 'rss human': '203.4M', 'percent': 0.07895163486048572}
v_acl_k: [-0.02286434 -0.02447957]
acl_u[acl_delta_k]: [1 1]
num AC branches with possible violations in ACL contingencies: 0
num AC branches with possible violations in DCL contingencies: 0
num AC branches with possible violations in XFR contingencies: 0
t: 31, time: 0.0013883113861083984, memory_info: {'rss bytes': 213270528, 'rss human': '203.4M', 'percent': 0.07895163486048572}
v_acl_k: [-0.02286434 -0.02447957]
acl_u[acl_delta_k]: [1 1]
num AC branches with possible violations in ACL contingencies: 0
num AC branches with possible violations in DCL contingencies: 0
num AC branches with possible violations in XFR contingencies: 0
t: 32, time: 0.0013785362243652344, memory_info: {'rss bytes': 213270528, 'rss human': '203.4M', 'percent': 0.07895163486048572}
v_acl_k: [-0.02286434 -0.02447957]
acl_u[acl_delta_k]: [1 1]
num AC branches with possible violations in ACL contingencies: 0
num AC branches with possible violations in DCL contingencies: 0
num AC branches with possible violations in XFR contingencies: 0
t: 33, time: 0.0013883113861083984, memory_info: {'rss bytes': 213270528, 'rss human': '203.4M', 'percent': 0.07895163486048572}
v_acl_k: [-0.02286434 -0.02447957]
acl_u[acl_delta_k]: [1 1]
num AC branches with possible violations in ACL contingencies: 0
num AC branches with possible violations in DCL contingencies: 0
num AC branches with possible violations in XFR contingencies: 0
t: 34, time: 0.0013785362243652344, memory_info: {'rss bytes': 213270528, 'rss human': '203.4M', 'percent': 0.07895163486048572}
v_acl_k: [-0.02286434 -0.02447957]
acl_u[acl_delta_k]: [1 1]
num AC branches with possible violations in ACL contingencies: 0
num AC branches with possible violations in DCL contingencies: 0
num AC branches with possible violations in XFR contingencies: 0
t: 35, time: 0.0013895034790039062, memory_info: {'rss bytes': 213270528, 'rss human': '203.4M', 'percent': 0.07895163486048572}
v_acl_k: [-0.02286434 -0.02447957]
acl_u[acl_delta_k]: [1 1]
num AC branches with possible violations in ACL contingencies: 0
num AC branches with possible violations in DCL contingencies: 0
num AC branches with possible violations in XFR contingencies: 0
t: 36, time: 0.0013747215270996094, memory_info: {'rss bytes': 213270528, 'rss human': '203.4M', 'percent': 0.07895163486048572}
v_acl_k: [-0.02286434 -0.02447957]
acl_u[acl_delta_k]: [1 1]
num AC branches with possible violations in ACL contingencies: 0
num AC branches with possible violations in DCL contingencies: 0
num AC branches with possible violations in XFR contingencies: 0
t: 37, time: 0.0013842582702636719, memory_info: {'rss bytes': 213270528, 'rss human': '203.4M', 'percent': 0.07895163486048572}
v_acl_k: [-0.02286434 -0.02447957]
acl_u[acl_delta_k]: [1 1]
num AC branches with possible violations in ACL contingencies: 0
num AC branches with possible violations in DCL contingencies: 0
num AC branches with possible violations in XFR contingencies: 0
t: 38, time: 0.001383066177368164, memory_info: {'rss bytes': 213270528, 'rss human': '203.4M', 'percent': 0.07895163486048572}
v_acl_k: [-0.02286434 -0.02447957]
acl_u[acl_delta_k]: [1 1]
num AC branches with possible violations in ACL contingencies: 0
num AC branches with possible violations in DCL contingencies: 0
num AC branches with possible violations in XFR contingencies: 0
t: 39, time: 0.0013895034790039062, memory_info: {'rss bytes': 213270528, 'rss human': '203.4M', 'percent': 0.07895163486048572}
v_acl_k: [-0.02286434 -0.02447957]
acl_u[acl_delta_k]: [1 1]
num AC branches with possible violations in ACL contingencies: 0
num AC branches with possible violations in DCL contingencies: 0
num AC branches with possible violations in XFR contingencies: 0
t: 40, time: 0.0013790130615234375, memory_info: {'rss bytes': 213270528, 'rss human': '203.4M', 'percent': 0.07895163486048572}
v_acl_k: [-0.02286434 -0.02447957]
acl_u[acl_delta_k]: [1 1]
num AC branches with possible violations in ACL contingencies: 0
num AC branches with possible violations in DCL contingencies: 0
num AC branches with possible violations in XFR contingencies: 0
t: 41, time: 0.0013890266418457031, memory_info: {'rss bytes': 213270528, 'rss human': '203.4M', 'percent': 0.07895163486048572}
v_acl_k: [-0.02286434 -0.02447957]
acl_u[acl_delta_k]: [1 1]
num AC branches with possible violations in ACL contingencies: 0
num AC branches with possible violations in DCL contingencies: 0
num AC branches with possible violations in XFR contingencies: 0
t: 42, time: 0.001375436782836914, memory_info: {'rss bytes': 213270528, 'rss human': '203.4M', 'percent': 0.07895163486048572}
v_acl_k: [-0.02286434 -0.02447957]
acl_u[acl_delta_k]: [1 1]
num AC branches with possible violations in ACL contingencies: 0
num AC branches with possible violations in DCL contingencies: 0
num AC branches with possible violations in XFR contingencies: 0
t: 43, time: 0.0013806819915771484, memory_info: {'rss bytes': 213270528, 'rss human': '203.4M', 'percent': 0.07895163486048572}
v_acl_k: [-0.02286434 -0.02447957]
acl_u[acl_delta_k]: [1 1]
num AC branches with possible violations in ACL contingencies: 0
num AC branches with possible violations in DCL contingencies: 0
num AC branches with possible violations in XFR contingencies: 0
t: 44, time: 0.0013806819915771484, memory_info: {'rss bytes': 213270528, 'rss human': '203.4M', 'percent': 0.07895163486048572}
v_acl_k: [-0.02286434 -0.02447957]
acl_u[acl_delta_k]: [1 1]
num AC branches with possible violations in ACL contingencies: 0
num AC branches with possible violations in DCL contingencies: 0
num AC branches with possible violations in XFR contingencies: 0
t: 45, time: 0.0013782978057861328, memory_info: {'rss bytes': 213270528, 'rss human': '203.4M', 'percent': 0.07895163486048572}
v_acl_k: [-0.02286434 -0.02447957]
acl_u[acl_delta_k]: [1 1]
num AC branches with possible violations in ACL contingencies: 0
num AC branches with possible violations in DCL contingencies: 0
num AC branches with possible violations in XFR contingencies: 0
t: 46, time: 0.0013742446899414062, memory_info: {'rss bytes': 213270528, 'rss human': '203.4M', 'percent': 0.07895163486048572}
v_acl_k: [-0.02286434 -0.02447957]
acl_u[acl_delta_k]: [1 1]
num AC branches with possible violations in ACL contingencies: 0
num AC branches with possible violations in DCL contingencies: 0
num AC branches with possible violations in XFR contingencies: 0
t: 47, time: 0.0013718605041503906, memory_info: {'rss bytes': 213270528, 'rss human': '203.4M', 'percent': 0.07895163486048572}
initialize_m_w_time: 0.0003898143768310547
compute_static_w_time: 5.984306335449219e-05
get_time_varying_branch_characteristics_time: 0.0009047985076904297
construct_a_t_time: 0.014378070831298828
factor_a_t_time: 0.009736299514770508
compute_w_with_t_a_solve_time: 0.0018982887268066406
compute_v_t_time: 5.4836273193359375e-06
compute_w_with_t_smw_time: 5.0067901611328125e-06
compute_v_time: 0.018184423446655273
compute_bus_theta_with_t_a_solve_time: 0.00080108642578125
compute_bus_theta_with_t_smw_time: 5.245208740234375e-06
compute_br_p_time: 0.006169557571411133
apply_w_v_wt_time: 0.0006220340728759766
compute_bus_dtheta_rhs_dcl_k_time: 0.004099130630493164
compute_w_v_wt_xfr_k_time: 0.013127565383911133
compute_bus_dtheta_rhs_xfr_k_time: 5.245208740234375e-06
compute_br_acl_delta_k_p_delta_time: 0.002886056900024414
compute_br_dcl_delta_k_p_delta_time: 0.002398252487182617
compute_br_xfr_delta_k_p_delta_time: 0.0023651123046875
filter_branches_acl_k_time: 0.0024509429931640625
filter_branches_dcl_k_time: 0.0010614395141601562
filter_branches_xfr_k_time: 0.0009942054748535156
compute_br_acl_delta_k_p_time: 0.0002658367156982422
compute_br_dcl_delta_k_p_time: 0.00014901161193847656
compute_br_xfr_delta_k_p_time: 0.00013399124145507812
compute_br_acl_delta_k_s_over_time: 0.00150299072265625
compute_br_dcl_delta_k_s_over_time: 0.0007112026214599609
compute_br_xfr_delta_k_s_over_time: 0.0006661415100097656
zero_out_time: 0.00018262863159179688
get_max_br_acl_delta_k_s_over_time: 0.001402139663696289
get_max_br_dcl_delta_k_s_over_time: 7.867813110351562e-06
get_max_br_xfr_delta_k_s_over_time: 4.76837158203125e-06
compute_br_k_z_time: 0.0012090206146240234
collect_penalties_into_obj_array_time: 0.0004963874816894531
end of contingency model method 1, memory info: {'rss bytes': 213270528, 'rss human': '203.4M', 'percent': 0.07895163486048572}
function: eval_post_contingency_model, time: 0.18313932418823242
function: eval_post_contingency_model, time: 0.18314719200134277
function: run, time: 0.2934737205505371
after solution_evaluator.run(), memory info: {'rss bytes': 213270528, 'rss human': '203.4M', 'percent': 0.07895163486048572}
evaluation summary:
{'feas': 1,
 'infeas': 0,
 'info_i_i_k_t_disconnected_ctg': {'idx': {0: None, 1: None, 2: None, 3: None},
                                   'val': 0},
 'info_i_i_t_disconnected_base': {'idx': {0: None, 1: None, 2: None}, 'val': 0},
 'phys_feas': 0,
 'sum_acl_t_u_sd': 0,
 'sum_acl_t_u_su': 0,
 'sum_acl_t_z_s': 0.0,
 'sum_acl_t_z_sd': 0.0,
 'sum_acl_t_z_su': 0.0,
 'sum_bus_t_z_p': 4790390948.529495,
 'sum_bus_t_z_q': 3271084770.052825,
 'sum_cs_t_z_p': -0.0,
 'sum_pr_t_z_p': 0.0,
 'sum_prz_t_z_nsc': 1524.76005888,
 'sum_prz_t_z_rgd': 0.0,
 'sum_prz_t_z_rgu': 0.0,
 'sum_prz_t_z_rrd': 3.928,
 'sum_prz_t_z_rru': 4.067,
 'sum_prz_t_z_scr': 4844.289770400001,
 'sum_qrz_t_z_qrd': 0.0,
 'sum_qrz_t_z_qru': 0.0,
 'sum_sd_t_sd': 0,
 'sum_sd_t_su': 61,
 'sum_sd_t_z_nsc': 0.0,
 'sum_sd_t_z_on': 0.0,
 'sum_sd_t_z_qrd': 0.0,
 'sum_sd_t_z_qru': 0.0,
 'sum_sd_t_z_rgd': 0.0,
 'sum_sd_t_z_rgu': 0.0,
 'sum_sd_t_z_rrd_off': 0.0,
 'sum_sd_t_z_rrd_on': 0.0,
 'sum_sd_t_z_rru_off': 0.0,
 'sum_sd_t_z_rru_on': 0.0,
 'sum_sd_t_z_scr': 0.0,
 'sum_sd_t_z_sd': 0.0,
 'sum_sd_t_z_su': 0.0,
 'sum_sd_t_z_sus': 0.0,
 'sum_xfr_t_u_sd': 0,
 'sum_xfr_t_u_su': 0,
 'sum_xfr_t_z_s': 0.0,
 'sum_xfr_t_z_sd': 0.0,
 'sum_xfr_t_z_su': 0.0,
 'time_connectedness': 0.08381175994873047,
 'time_post_contingency': 0.18314552307128906,
 'time_run': 0.2934718132019043,
 'total_switches': 0,
 'viol_acl_acl_t_s_max_ctg': {'idx': {0: None, 1: None, 2: None}, 'val': 0.0},
 'viol_acl_dcl_t_s_max_ctg': {'idx': {0: None, 1: None, 2: None}, 'val': 0.0},
 'viol_acl_t_s_max': {'idx': {0: 'acl_000', 1: 0}, 'val': 0.0},
 'viol_acl_t_u_sd_max': {'idx': {0: 'acl_000', 1: 0}, 'val': 0},
 'viol_acl_t_u_su_max': {'idx': {0: 'acl_000', 1: 0}, 'val': 0},
 'viol_acl_xfr_t_s_max_ctg': {'idx': {0: None, 1: None, 2: None}, 'val': 0.0},
 'viol_bus_t_p_balance_max': {'idx': {0: 'bus_55', 1: 0},
                              'val': 6.600014981956657},
 'viol_bus_t_p_balance_min': {'idx': {0: 'bus_41', 1: 0},
                              'val': -1.950002106625102},
 'viol_bus_t_q_balance_max': {'idx': {0: 'bus_41', 1: 0},
                              'val': 0.8199418027720068},
 'viol_bus_t_q_balance_min': {'idx': {0: 'bus_53', 1: 0},
                              'val': -9.345961455185739},
 'viol_bus_t_v_max': {'idx': {0: 'bus_00', 1: 0}, 'val': 0.0},
 'viol_bus_t_v_min': {'idx': {0: 'bus_00', 1: 0}, 'val': 0.0},
 'viol_cs_t_p_off_max': {'idx': {0: 'sd_154', 1: 0}, 'val': 0.0},
 'viol_cs_t_p_off_min': {'idx': {0: 'sd_154', 1: 0}, 'val': 0.0},
 'viol_cs_t_p_on_max': {'idx': {0: 'sd_154', 1: 0}, 'val': 0.0},
 'viol_cs_t_p_on_min': {'idx': {0: 'sd_154', 1: 0}, 'val': 0.0},
 'viol_cs_t_q_max': {'idx': {0: 'sd_154', 1: 0}, 'val': 0.0},
 'viol_cs_t_q_min': {'idx': {0: 'sd_154', 1: 0}, 'val': 0.0},
 'viol_cs_t_q_p_max': {'idx': {0: None, 1: None}, 'val': None},
 'viol_cs_t_q_p_min': {'idx': {0: None, 1: None}, 'val': None},
 'viol_dcl_t_p_max': {'idx': {0: 'dcl_0', 1: 0}, 'val': 0.0},
 'viol_dcl_t_p_min': {'idx': {0: 'dcl_0', 1: 0}, 'val': 0.0},
 'viol_dcl_t_q_fr_max': {'idx': {0: 'dcl_0', 1: 0}, 'val': 0.0},
 'viol_dcl_t_q_fr_min': {'idx': {0: 'dcl_0', 1: 0}, 'val': 0.0},
 'viol_dcl_t_q_to_max': {'idx': {0: 'dcl_0', 1: 0}, 'val': 0.0},
 'viol_dcl_t_q_to_min': {'idx': {0: 'dcl_0', 1: 0}, 'val': 0.0},
 'viol_pr_t_p_off_max': {'idx': {0: 'sd_000', 1: 0}, 'val': 0.0},
 'viol_pr_t_p_off_min': {'idx': {0: 'sd_000', 1: 0}, 'val': 0.0},
 'viol_pr_t_p_on_max': {'idx': {0: 'sd_000', 1: 0}, 'val': 0.0},
 'viol_pr_t_p_on_min': {'idx': {0: 'sd_000', 1: 0}, 'val': 0.0},
 'viol_pr_t_q_max': {'idx': {0: 'sd_000', 1: 0}, 'val': 0.0},
 'viol_pr_t_q_min': {'idx': {0: 'sd_000', 1: 0}, 'val': 0.0},
 'viol_pr_t_q_p_max': {'idx': {0: None, 1: None}, 'val': None},
 'viol_pr_t_q_p_min': {'idx': {0: None, 1: None}, 'val': None},
 'viol_prz_t_p_nsc_balance': {'idx': {0: 'prz_0', 1: 0}, 'val': 1.32357644},
 'viol_prz_t_p_rgd_balance': {'idx': {0: 'prz_0', 1: 0}, 'val': 0.0},
 'viol_prz_t_p_rgu_balance': {'idx': {0: 'prz_0', 1: 0}, 'val': 0.0},
 'viol_prz_t_p_rrd_balance': {'idx': {0: 'prz_0', 1: 32},
                              'val': 0.9899999999999999},
 'viol_prz_t_p_rru_balance': {'idx': {0: 'prz_0', 1: 39}, 'val': 1.02},
 'viol_prz_t_p_scr_balance': {'idx': {0: 'prz_0', 1: 0}, 'val': 0.33089411},
 'viol_qrz_t_q_qrd_balance': {'idx': {0: 'qrz_0', 1: 0}, 'val': 0.0},
 'viol_qrz_t_q_qru_balance': {'idx': {0: 'qrz_0', 1: 0}, 'val': 0.0},
 'viol_sd_max_energy_constr': {'idx': {0: 'sd_000', 1: 0}, 'val': 0.0},
 'viol_sd_max_startup_constr': {'idx': {0: 'sd_000', 1: 0}, 'val': 0},
 'viol_sd_min_energy_constr': {'idx': {0: 'sd_000', 1: 0}, 'val': 0.0},
 'viol_sd_t_d_dn_min': {'idx': {0: 'sd_000', 1: 0}, 'val': 0},
 'viol_sd_t_d_up_min': {'idx': {0: 'sd_000', 1: 0}, 'val': 0},
 'viol_sd_t_p_nsc_max': {'idx': {0: 'sd_000', 1: 0}, 'val': 0.0},
 'viol_sd_t_p_nsc_nonneg': {'idx': {0: 'sd_000', 1: 0}, 'val': -0.0},
 'viol_sd_t_p_ramp_dn_max': {'idx': {0: 'sd_000', 1: 0}, 'val': 0.0},
 'viol_sd_t_p_ramp_up_max': {'idx': {0: 'sd_000', 1: 0}, 'val': 0.0},
 'viol_sd_t_p_rgd_max': {'idx': {0: 'sd_000', 1: 0}, 'val': 0.0},
 'viol_sd_t_p_rgd_nonneg': {'idx': {0: 'sd_000', 1: 0}, 'val': -0.0},
 'viol_sd_t_p_rgu_max': {'idx': {0: 'sd_000', 1: 0}, 'val': 0.0},
 'viol_sd_t_p_rgu_nonneg': {'idx': {0: 'sd_000', 1: 0}, 'val': -0.0},
 'viol_sd_t_p_rrd_off_max': {'idx': {0: 'sd_000', 1: 0}, 'val': 0.0},
 'viol_sd_t_p_rrd_off_nonneg': {'idx': {0: 'sd_000', 1: 0}, 'val': -0.0},
 'viol_sd_t_p_rrd_on_max': {'idx': {0: 'sd_000', 1: 0}, 'val': 0.0},
 'viol_sd_t_p_rrd_on_nonneg': {'idx': {0: 'sd_000', 1: 0}, 'val': -0.0},
 'viol_sd_t_p_rru_off_max': {'idx': {0: 'sd_000', 1: 0}, 'val': 0.0},
 'viol_sd_t_p_rru_off_nonneg': {'idx': {0: 'sd_000', 1: 0}, 'val': -0.0},
 'viol_sd_t_p_rru_on_max': {'idx': {0: 'sd_000', 1: 0}, 'val': 0.0},
 'viol_sd_t_p_rru_on_nonneg': {'idx': {0: 'sd_000', 1: 0}, 'val': -0.0},
 'viol_sd_t_p_scr_max': {'idx': {0: 'sd_000', 1: 0}, 'val': 0.0},
 'viol_sd_t_p_scr_nonneg': {'idx': {0: 'sd_000', 1: 0}, 'val': -0.0},
 'viol_sd_t_q_qrd_nonneg': {'idx': {0: 'sd_000', 1: 0}, 'val': -0.0},
 'viol_sd_t_q_qru_nonneg': {'idx': {0: 'sd_000', 1: 0}, 'val': -0.0},
 'viol_sd_t_u_on_max': {'idx': {0: 'sd_000', 1: 0}, 'val': 0},
 'viol_sd_t_u_on_min': {'idx': {0: 'sd_000', 1: 0}, 'val': 0},
 'viol_sh_t_u_st_max': {'idx': {0: 'sh_00', 1: 0}, 'val': 0},
 'viol_sh_t_u_st_min': {'idx': {0: 'sh_00', 1: 0}, 'val': 0},
 'viol_t_connected_base': {'idx': {0: 0}, 'val': 0},
 'viol_t_connected_ctg': {'idx': {0: 0}, 'val': 0},
 'viol_xfr_acl_t_s_max_ctg': {'idx': {0: None, 1: None, 2: None}, 'val': 0.0},
 'viol_xfr_dcl_t_s_max_ctg': {'idx': {0: None, 1: None, 2: None}, 'val': 0.0},
 'viol_xfr_t_phi_max': {'idx': {0: 'xfr_00', 1: 0}, 'val': 0.0},
 'viol_xfr_t_phi_min': {'idx': {0: 'xfr_00', 1: 0}, 'val': 0.0},
 'viol_xfr_t_s_max': {'idx': {0: 'xfr_00', 1: 0}, 'val': 0.0},
 'viol_xfr_t_tau_max': {'idx': {0: 'xfr_00', 1: 0}, 'val': 0.0},
 'viol_xfr_t_tau_min': {'idx': {0: 'xfr_00', 1: 0}, 'val': 0.0},
 'viol_xfr_t_u_sd_max': {'idx': {0: 'xfr_00', 1: 0}, 'val': 0},
 'viol_xfr_t_u_su_max': {'idx': {0: 'xfr_00', 1: 0}, 'val': 0},
 'viol_xfr_xfr_t_s_max_ctg': {'idx': {0: None, 1: None, 2: None}, 'val': 0.0},
 'z': -8061482095.6271515,
 'z_base': -8061482095.6271515,
 'z_cost': 0.0,
 'z_k_average_case': 0.0,
 'z_k_worst_case': 0.0,
 'z_max_energy': 0.0,
 'z_min_energy': 0.0,
 'z_penalty': 8061482095.62715,
 'z_value': -0.0}
infeasibility summary:
{}
feas: 1
obj: -8061482095.6271515
evaluate solution time: 0.300553560256958
end of check_data(), memory info: {'rss bytes': 214065152, 'rss human': '204.1M', 'percent': 0.07924580051238198}
