/rcfs/dtn/arpacomp/.conda/envs/goc_eval/lib/python3.10/site-packages/scipy/sparse/linalg/_dsolve/linsolve.py:347: SparseEfficiencyWarning: splu converted its input to CSC format
  warn('splu converted its input to CSC format', SparseEfficiencyWarning)
args:
Namespace(problem_opt=None, problem='/qfs/projects/goc/share/data/C3/E3.1/D2//C3E3N00073D2/scenario_241.json_scrubbed.json', solution='/qfs/projects/goc/share/data/C3/E3.1/D2//C3E3N00073D2/scenario_241.json.pop_solution.json', configuration=None, parameters='{}', summary_csv='summary.csv', summary_json='summary.json', data_errors='data_errors.txt', ignored_errors='ignored_errors.txt', solution_errors='solution_errors.txt', pop_solution=None, scrubbed_problem=None)
problem data file: /qfs/projects/goc/share/data/C3/E3.1/D2//C3E3N00073D2/scenario_241.json_scrubbed.json

pop solution data file: None

solution data file: /qfs/projects/goc/share/data/C3/E3.1/D2//C3E3N00073D2/scenario_241.json.pop_solution.json

git info: {'C3DataUtilities': {'branch': 'main', 'commit': '59dd7f47974aa54c2f26998163730b14ab3a6b97', 'date': 'Wed Jun 7 09:10:06 2023 -0700', 'query_return_code': 0, 'query_err': '', 'branch_return_code': 0, 'branch_err': '', 'query_path': '/qfs/projects/goc/share/loadbalancing/src/nonmpi-template/Challenge3/C3DataUtilities/datautilities', 'query_out': 'commit 59dd7f47974aa54c2f26998163730b14ab3a6b97\nAuthor: Jesse T Holzer <jesse.holzer@pnnl.gov>\nDate:   Wed Jun 7 09:10:06 2023 -0700\n\n    add git branch to summary output\n', 'branch_out': '  dev\n* main\n'}, 'Bid-DS-data-model': {'branch': None, 'commit': None, 'date': None, 'query_return_code': 128, 'query_err': 'fatal: Not a git repository (or any parent up to mount point /rcfs)\nStopping at filesystem boundary (GIT_DISCOVERY_ACROSS_FILESYSTEM not set).\n', 'branch_return_code': None, 'branch_err': None, 'query_path': '/rcfs/dtn/arpacomp/.conda/envs/goc_eval/lib/python3.10/site-packages/datamodel', 'query_out': ''}}

after reading problem without validation, memory info: {'rss bytes': 130465792, 'rss human': '124.4M', 'percent': 0.048297754351543966}
read problem data file without validation time: 0.06614565849304199
after reading problem with validation, memory info: {'rss bytes': 150781952, 'rss human': '143.8M', 'percent': 0.05581869060621112}
load time: 0.509495735168457
{'error_diagnostics': '',
 'general': {'base_norm_mva': 100.0,
             'day_type': None,
             'electricity_demand': None,
             'net_load': None,
             'season': None,
             'solar_availability': None,
             'timestamp_start': None,
             'timestamp_stop': None,
             'vre_availability': None,
             'weather_temperature': None,
             'wind_availability': None},
 'interval durations': [1.0,
                        1.0,
                        1.0,
                        1.0,
                        1.0,
                        1.0,
                        1.0,
                        1.0,
                        1.0,
                        1.0,
                        1.0,
                        1.0,
                        1.0,
                        1.0,
                        1.0,
                        1.0,
                        1.0,
                        1.0,
                        1.0,
                        1.0,
                        1.0,
                        1.0,
                        1.0,
                        1.0,
                        1.0,
                        1.0,
                        1.0,
                        1.0,
                        1.0,
                        1.0,
                        1.0,
                        1.0,
                        1.0,
                        1.0,
                        1.0,
                        1.0,
                        1.0,
                        1.0,
                        1.0,
                        1.0,
                        1.0,
                        1.0,
                        1.0,
                        1.0,
                        1.0,
                        1.0,
                        1.0,
                        1.0],
 'num ac lines': 105,
 'num buses': 73,
 'num consuming devices': 51,
 'num contingencies': 2,
 'num dc lines': 1,
 'num intervals': 48,
 'num producing devices': 154,
 'num reactive power reserve zones': 1,
 'num real power reserve zones': 1,
 'num shunts': 73,
 'num simple dispatchable devices': 205,
 'num transformers': 15,
 'total duration': 48.0,
 'violation costs': {'e_vio_cost': 900000.0,
                     'p_bus_vio_cost': 1000000.0,
                     'q_bus_vio_cost': 1000000.0,
                     's_vio_cost': 500.0}}
after read solution without validation, memory info: {'rss bytes': 154566656, 'rss human': '147.4M', 'percent': 0.05721976824720153}
read solution data file without validation time: 0.016515731811523438
after read solution with validation, memory info: {'rss bytes': 161595392, 'rss human': '154.1M', 'percent': 0.05982176958046944}
solution load time: 0.24451470375061035
after solution_model_checks(), memory info: {'rss bytes': 161595392, 'rss human': '154.1M', 'percent': 0.05982176958046944}
solution model_checks time: 0.001230001449584961
{'error_diagnostics': ''}
after problem_data_array.set_from_data_model(), memory info: {'rss bytes': 164810752, 'rss human': '157.2M', 'percent': 0.06101207904819398}
convert problem data to numpy arrays time: 0.0474705696105957
after solution_data_array.set_from_data_model(), memory info: {'rss bytes': 166162432, 'rss human': '158.5M', 'percent': 0.061512463919976265}
convert solution data to numpy arrays time: 0.007557868957519531
function: set_summary, time: 0.0001537799835205078
function: set_problem, time: 9.5367431640625e-07
function: set_solution, time: 4.0531158447265625e-06
function: set_solution_zero, time: 0.00019431114196777344
function: set_work_zero, time: 0.0001766681671142578
function: set_matrices, time: 0.00362396240234375
function: __init__, time: 0.004177093505859375
function: eval_sd_t_d_up_dn, time: 0.0008459091186523438
function: eval_sd_max_startup, time: 0.0024170875549316406
function: eval_sd_t_z_sus, time: 0.0014867782592773438
function: eval_acl_t_p_q_fr_to, time: 0.00035119056701660156
function: eval_xfr_t_p_q_fr_to, time: 0.00013113021850585938
function: eval_sd_t_su_sd_trajectories, time: 0.0001304149627685547
function: eval_sd_max_energy, time: 0.0013163089752197266
function: eval_sd_min_energy, time: 0.0012896060943603516
function: eval_sd_t_z_p, time: 0.011421918869018555
function: eval_bus_t_p, time: 0.0006556510925292969
function: eval_bus_t_q, time: 0.000179290771484375
sd_t_p_rgu sum: 0.0
prz_sigma_rgu max: 0.03
prz_t_p_rgu_req max: 0.0
sd_t_p_rgd sum: 0.0
prz_sigma_rgd max: 0.03
prz_t_p_rgd_req max: 0.0
sd_t_p_scr sum: 0.0
prz_sigma_scr max: 0.1
prz_t_p_scr_req max: 0.33089411
sd_t_p_nsc sum: 0.0
prz_sigma_nsc max: 0.3
prz_t_p_nsc_req max: 0.9926823300000001
sd_t_p_rru sum: 0.0
prz_t_p_rru_min max: 1.02
sd_t_p_rrd sum: 0.0
prz_t_p_rrd_min max: 0.9899999999999999
sd_t_p_qru sum: 0.0
qrz_t_q_qru_min max: 0.0
sd_t_p_qrd sum: 0.0
qrz_t_q_qrd_min max: 0.0
function: get_connected_components, time: 0.0006611347198486328
function: get_bridges, time: 0.0016298294067382812
function: get_connected_components, time: 0.0003364086151123047
function: get_bridges, time: 0.0015347003936767578
function: get_connected_components, time: 0.0003330707550048828
function: get_bridges, time: 0.0013530254364013672
function: get_connected_components, time: 0.00032901763916015625
function: get_bridges, time: 0.0013561248779296875
function: get_connected_components, time: 0.0003342628479003906
function: get_bridges, time: 0.0013401508331298828
function: get_connected_components, time: 0.0003323554992675781
function: get_bridges, time: 0.0013513565063476562
function: get_connected_components, time: 0.0003273487091064453
function: get_bridges, time: 0.0013463497161865234
function: get_connected_components, time: 0.0003235340118408203
function: get_bridges, time: 0.0013337135314941406
function: get_connected_components, time: 0.0003314018249511719
function: get_bridges, time: 0.0013322830200195312
function: get_connected_components, time: 0.0003249645233154297
function: get_bridges, time: 0.0013451576232910156
function: get_connected_components, time: 0.00032973289489746094
function: get_bridges, time: 0.0013413429260253906
function: get_connected_components, time: 0.0003275871276855469
function: get_bridges, time: 0.0013430118560791016
function: get_connected_components, time: 0.00032830238342285156
function: get_bridges, time: 0.0013396739959716797
function: get_connected_components, time: 0.00033092498779296875
function: get_bridges, time: 0.0014917850494384766
function: get_connected_components, time: 0.00032901763916015625
function: get_bridges, time: 0.0013396739959716797
function: get_connected_components, time: 0.0003266334533691406
function: get_bridges, time: 0.0013260841369628906
function: get_connected_components, time: 0.00032639503479003906
function: get_bridges, time: 0.0013246536254882812
function: get_connected_components, time: 0.00033020973205566406
function: get_bridges, time: 0.0013284683227539062
function: get_connected_components, time: 0.00032520294189453125
function: get_bridges, time: 0.0013349056243896484
function: get_connected_components, time: 0.0003273487091064453
function: get_bridges, time: 0.0013308525085449219
function: get_connected_components, time: 0.00032711029052734375
function: get_bridges, time: 0.0013270378112792969
function: get_connected_components, time: 0.0003306865692138672
function: get_bridges, time: 0.001329660415649414
function: get_connected_components, time: 0.0003235340118408203
function: get_bridges, time: 0.0013327598571777344
function: get_connected_components, time: 0.00032782554626464844
function: get_bridges, time: 0.0013353824615478516
function: get_connected_components, time: 0.0003304481506347656
function: get_bridges, time: 0.0013270378112792969
function: get_connected_components, time: 0.0003292560577392578
function: get_bridges, time: 0.0014829635620117188
function: get_connected_components, time: 0.0003268718719482422
function: get_bridges, time: 0.0013310909271240234
function: get_connected_components, time: 0.0003256797790527344
function: get_bridges, time: 0.0013232231140136719
function: get_connected_components, time: 0.0003254413604736328
function: get_bridges, time: 0.0013244152069091797
function: get_connected_components, time: 0.0003285408020019531
function: get_bridges, time: 0.0013210773468017578
function: get_connected_components, time: 0.0003247261047363281
function: get_bridges, time: 0.0013279914855957031
function: get_connected_components, time: 0.0003249645233154297
function: get_bridges, time: 0.0013232231140136719
function: get_connected_components, time: 0.0003304481506347656
function: get_bridges, time: 0.0013239383697509766
function: get_connected_components, time: 0.00032639503479003906
function: get_bridges, time: 0.0013232231140136719
function: get_connected_components, time: 0.0003256797790527344
function: get_bridges, time: 0.0013277530670166016
function: get_connected_components, time: 0.00032591819763183594
function: get_bridges, time: 0.001323699951171875
function: get_connected_components, time: 0.0003323554992675781
function: get_bridges, time: 0.0013217926025390625
function: get_connected_components, time: 0.0003254413604736328
function: get_bridges, time: 0.0014820098876953125
function: get_connected_components, time: 0.0003249645233154297
function: get_bridges, time: 0.001325845718383789
function: get_connected_components, time: 0.0003275871276855469
function: get_bridges, time: 0.001322031021118164
function: get_connected_components, time: 0.00033164024353027344
function: get_bridges, time: 0.0013186931610107422
function: get_connected_components, time: 0.00032901763916015625
function: get_bridges, time: 0.0013239383697509766
function: get_connected_components, time: 0.0003268718719482422
function: get_bridges, time: 0.001321554183959961
function: get_connected_components, time: 0.0003266334533691406
function: get_bridges, time: 0.0013217926025390625
function: get_connected_components, time: 0.0003285408020019531
function: get_bridges, time: 0.001321554183959961
function: get_connected_components, time: 0.00032711029052734375
function: get_bridges, time: 0.0013306140899658203
function: get_connected_components, time: 0.0003268718719482422
function: get_bridges, time: 0.0013260841369628906
function: get_connected_components, time: 0.00032591819763183594
function: get_bridges, time: 0.0013284683227539062
end of eval_connectedness(), memory info: {'rss bytes': 168566784, 'rss human': '160.8M', 'percent': 0.062402542464631436}
function: eval_connectedness, time: 0.08489990234375
problem dimensions. bus: 73, acl: 105, xfr: 15, dcl: 1, k: 2, t: 48
construct static bus admittance matrix. time: 0.0010673999786376953
factor static bus admittance matrix. time: 0.005280494689941406
t_acl_delta_t: [array([], dtype=int64), array([], dtype=int64), array([], dtype=int64), array([], dtype=int64), array([], dtype=int64), array([], dtype=int64), array([], dtype=int64), array([], dtype=int64), array([], dtype=int64), array([], dtype=int64), array([], dtype=int64), array([], dtype=int64), array([], dtype=int64), array([], dtype=int64), array([], dtype=int64), array([], dtype=int64), array([], dtype=int64), array([], dtype=int64), array([], dtype=int64), array([], dtype=int64), array([], dtype=int64), array([], dtype=int64), array([], dtype=int64), array([], dtype=int64), array([], dtype=int64), array([], dtype=int64), array([], dtype=int64), array([], dtype=int64), array([], dtype=int64), array([], dtype=int64), array([], dtype=int64), array([], dtype=int64), array([], dtype=int64), array([], dtype=int64), array([], dtype=int64), array([], dtype=int64), array([], dtype=int64), array([], dtype=int64), array([], dtype=int64), array([], dtype=int64), array([], dtype=int64), array([], dtype=int64), array([], dtype=int64), array([], dtype=int64), array([], dtype=int64), array([], dtype=int64), array([], dtype=int64), array([], dtype=int64)], t_xfr_delta_t: [array([], dtype=int64), array([], dtype=int64), array([], dtype=int64), array([], dtype=int64), array([], dtype=int64), array([], dtype=int64), array([], dtype=int64), array([], dtype=int64), array([], dtype=int64), array([], dtype=int64), array([], dtype=int64), array([], dtype=int64), array([], dtype=int64), array([], dtype=int64), array([], dtype=int64), array([], dtype=int64), array([], dtype=int64), array([], dtype=int64), array([], dtype=int64), array([], dtype=int64), array([], dtype=int64), array([], dtype=int64), array([], dtype=int64), array([], dtype=int64), array([], dtype=int64), array([], dtype=int64), array([], dtype=int64), array([], dtype=int64), array([], dtype=int64), array([], dtype=int64), array([], dtype=int64), array([], dtype=int64), array([], dtype=int64), array([], dtype=int64), array([], dtype=int64), array([], dtype=int64), array([], dtype=int64), array([], dtype=int64), array([], dtype=int64), array([], dtype=int64), array([], dtype=int64), array([], dtype=int64), array([], dtype=int64), array([], dtype=int64), array([], dtype=int64), array([], dtype=int64), array([], dtype=int64), array([], dtype=int64)], t_br_delta_t: [array([], dtype=int64), array([], dtype=int64), array([], dtype=int64), array([], dtype=int64), array([], dtype=int64), array([], dtype=int64), array([], dtype=int64), array([], dtype=int64), array([], dtype=int64), array([], dtype=int64), array([], dtype=int64), array([], dtype=int64), array([], dtype=int64), array([], dtype=int64), array([], dtype=int64), array([], dtype=int64), array([], dtype=int64), array([], dtype=int64), array([], dtype=int64), array([], dtype=int64), array([], dtype=int64), array([], dtype=int64), array([], dtype=int64), array([], dtype=int64), array([], dtype=int64), array([], dtype=int64), array([], dtype=int64), array([], dtype=int64), array([], dtype=int64), array([], dtype=int64), array([], dtype=int64), array([], dtype=int64), array([], dtype=int64), array([], dtype=int64), array([], dtype=int64), array([], dtype=int64), array([], dtype=int64), array([], dtype=int64), array([], dtype=int64), array([], dtype=int64), array([], dtype=int64), array([], dtype=int64), array([], dtype=int64), array([], dtype=int64), array([], dtype=int64), array([], dtype=int64), array([], dtype=int64), array([], dtype=int64)], acl_delta_t: [], xfr_delta_t: [], br_delta_t: []
contingency delta branches. acl: 2, xfr: 0, dcl: 0
construct bus,t-indexed right hand side. time: 0.00013518333435058594
solve for base case bus,t-indexed theta. time: 0.09613418579101562
v_acl_k: [-0.02286434 -0.02447957]
acl_u[acl_delta_k]: [1 1]
num AC branches with possible violations in ACL contingencies: 0
num AC branches with possible violations in DCL contingencies: 0
num AC branches with possible violations in XFR contingencies: 0
t: 0, time: 0.0024712085723876953, memory_info: {'rss bytes': 209223680, 'rss human': '199.5M', 'percent': 0.07745351288072541}
v_acl_k: [-0.02286434 -0.02447957]
acl_u[acl_delta_k]: [1 1]
num AC branches with possible violations in ACL contingencies: 0
num AC branches with possible violations in DCL contingencies: 0
num AC branches with possible violations in XFR contingencies: 0
t: 1, time: 0.0014927387237548828, memory_info: {'rss bytes': 209223680, 'rss human': '199.5M', 'percent': 0.07745351288072541}
v_acl_k: [-0.02286434 -0.02447957]
acl_u[acl_delta_k]: [1 1]
num AC branches with possible violations in ACL contingencies: 0
num AC branches with possible violations in DCL contingencies: 0
num AC branches with possible violations in XFR contingencies: 0
t: 2, time: 0.00144195556640625, memory_info: {'rss bytes': 209223680, 'rss human': '199.5M', 'percent': 0.07745351288072541}
v_acl_k: [-0.02286434 -0.02447957]
acl_u[acl_delta_k]: [1 1]
num AC branches with possible violations in ACL contingencies: 0
num AC branches with possible violations in DCL contingencies: 0
num AC branches with possible violations in XFR contingencies: 0
t: 3, time: 0.0014286041259765625, memory_info: {'rss bytes': 209223680, 'rss human': '199.5M', 'percent': 0.07745351288072541}
v_acl_k: [-0.02286434 -0.02447957]
acl_u[acl_delta_k]: [1 1]
num AC branches with possible violations in ACL contingencies: 0
num AC branches with possible violations in DCL contingencies: 0
num AC branches with possible violations in XFR contingencies: 0
t: 4, time: 0.0014281272888183594, memory_info: {'rss bytes': 209223680, 'rss human': '199.5M', 'percent': 0.07745351288072541}
v_acl_k: [-0.02286434 -0.02447957]
acl_u[acl_delta_k]: [1 1]
num AC branches with possible violations in ACL contingencies: 0
num AC branches with possible violations in DCL contingencies: 0
num AC branches with possible violations in XFR contingencies: 0
t: 5, time: 0.0014040470123291016, memory_info: {'rss bytes': 209223680, 'rss human': '199.5M', 'percent': 0.07745351288072541}
v_acl_k: [-0.02286434 -0.02447957]
acl_u[acl_delta_k]: [1 1]
num AC branches with possible violations in ACL contingencies: 0
num AC branches with possible violations in DCL contingencies: 0
num AC branches with possible violations in XFR contingencies: 0
t: 6, time: 0.001416921615600586, memory_info: {'rss bytes': 209223680, 'rss human': '199.5M', 'percent': 0.07745351288072541}
v_acl_k: [-0.02286434 -0.02447957]
acl_u[acl_delta_k]: [1 1]
num AC branches with possible violations in ACL contingencies: 0
num AC branches with possible violations in DCL contingencies: 0
num AC branches with possible violations in XFR contingencies: 0
t: 7, time: 0.001407623291015625, memory_info: {'rss bytes': 209223680, 'rss human': '199.5M', 'percent': 0.07745351288072541}
v_acl_k: [-0.02286434 -0.02447957]
acl_u[acl_delta_k]: [1 1]
num AC branches with possible violations in ACL contingencies: 0
num AC branches with possible violations in DCL contingencies: 0
num AC branches with possible violations in XFR contingencies: 0
t: 8, time: 0.0014150142669677734, memory_info: {'rss bytes': 209223680, 'rss human': '199.5M', 'percent': 0.07745351288072541}
v_acl_k: [-0.02286434 -0.02447957]
acl_u[acl_delta_k]: [1 1]
num AC branches with possible violations in ACL contingencies: 0
num AC branches with possible violations in DCL contingencies: 0
num AC branches with possible violations in XFR contingencies: 0
t: 9, time: 0.0014121532440185547, memory_info: {'rss bytes': 209223680, 'rss human': '199.5M', 'percent': 0.07745351288072541}
v_acl_k: [-0.02286434 -0.02447957]
acl_u[acl_delta_k]: [1 1]
num AC branches with possible violations in ACL contingencies: 0
num AC branches with possible violations in DCL contingencies: 0
num AC branches with possible violations in XFR contingencies: 0
t: 10, time: 0.0014090538024902344, memory_info: {'rss bytes': 209223680, 'rss human': '199.5M', 'percent': 0.07745351288072541}
v_acl_k: [-0.02286434 -0.02447957]
acl_u[acl_delta_k]: [1 1]
num AC branches with possible violations in ACL contingencies: 0
num AC branches with possible violations in DCL contingencies: 0
num AC branches with possible violations in XFR contingencies: 0
t: 11, time: 0.001413583755493164, memory_info: {'rss bytes': 209223680, 'rss human': '199.5M', 'percent': 0.07745351288072541}
v_acl_k: [-0.02286434 -0.02447957]
acl_u[acl_delta_k]: [1 1]
num AC branches with possible violations in ACL contingencies: 0
num AC branches with possible violations in DCL contingencies: 0
num AC branches with possible violations in XFR contingencies: 0
t: 12, time: 0.0014090538024902344, memory_info: {'rss bytes': 209223680, 'rss human': '199.5M', 'percent': 0.07745351288072541}
v_acl_k: [-0.02286434 -0.02447957]
acl_u[acl_delta_k]: [1 1]
num AC branches with possible violations in ACL contingencies: 0
num AC branches with possible violations in DCL contingencies: 0
num AC branches with possible violations in XFR contingencies: 0
t: 13, time: 0.0014042854309082031, memory_info: {'rss bytes': 209223680, 'rss human': '199.5M', 'percent': 0.07745351288072541}
v_acl_k: [-0.02286434 -0.02447957]
acl_u[acl_delta_k]: [1 1]
num AC branches with possible violations in ACL contingencies: 0
num AC branches with possible violations in DCL contingencies: 0
num AC branches with possible violations in XFR contingencies: 0
t: 14, time: 0.001409292221069336, memory_info: {'rss bytes': 209223680, 'rss human': '199.5M', 'percent': 0.07745351288072541}
v_acl_k: [-0.02286434 -0.02447957]
acl_u[acl_delta_k]: [1 1]
num AC branches with possible violations in ACL contingencies: 0
num AC branches with possible violations in DCL contingencies: 0
num AC branches with possible violations in XFR contingencies: 0
t: 15, time: 0.0013952255249023438, memory_info: {'rss bytes': 209223680, 'rss human': '199.5M', 'percent': 0.07745351288072541}
v_acl_k: [-0.02286434 -0.02447957]
acl_u[acl_delta_k]: [1 1]
num AC branches with possible violations in ACL contingencies: 0
num AC branches with possible violations in DCL contingencies: 0
num AC branches with possible violations in XFR contingencies: 0
t: 16, time: 0.0013942718505859375, memory_info: {'rss bytes': 209223680, 'rss human': '199.5M', 'percent': 0.07745351288072541}
v_acl_k: [-0.02286434 -0.02447957]
acl_u[acl_delta_k]: [1 1]
num AC branches with possible violations in ACL contingencies: 0
num AC branches with possible violations in DCL contingencies: 0
num AC branches with possible violations in XFR contingencies: 0
t: 17, time: 0.0013904571533203125, memory_info: {'rss bytes': 209223680, 'rss human': '199.5M', 'percent': 0.07745351288072541}
v_acl_k: [-0.02286434 -0.02447957]
acl_u[acl_delta_k]: [1 1]
num AC branches with possible violations in ACL contingencies: 0
num AC branches with possible violations in DCL contingencies: 0
num AC branches with possible violations in XFR contingencies: 0
t: 18, time: 0.0014030933380126953, memory_info: {'rss bytes': 209223680, 'rss human': '199.5M', 'percent': 0.07745351288072541}
v_acl_k: [-0.02286434 -0.02447957]
acl_u[acl_delta_k]: [1 1]
num AC branches with possible violations in ACL contingencies: 0
num AC branches with possible violations in DCL contingencies: 0
num AC branches with possible violations in XFR contingencies: 0
t: 19, time: 0.0013859272003173828, memory_info: {'rss bytes': 209223680, 'rss human': '199.5M', 'percent': 0.07745351288072541}
v_acl_k: [-0.02286434 -0.02447957]
acl_u[acl_delta_k]: [1 1]
num AC branches with possible violations in ACL contingencies: 0
num AC branches with possible violations in DCL contingencies: 0
num AC branches with possible violations in XFR contingencies: 0
t: 20, time: 0.0014019012451171875, memory_info: {'rss bytes': 209223680, 'rss human': '199.5M', 'percent': 0.07745351288072541}
v_acl_k: [-0.02286434 -0.02447957]
acl_u[acl_delta_k]: [1 1]
num AC branches with possible violations in ACL contingencies: 0
num AC branches with possible violations in DCL contingencies: 0
num AC branches with possible violations in XFR contingencies: 0
t: 21, time: 0.0013837814331054688, memory_info: {'rss bytes': 209223680, 'rss human': '199.5M', 'percent': 0.07745351288072541}
v_acl_k: [-0.02286434 -0.02447957]
acl_u[acl_delta_k]: [1 1]
num AC branches with possible violations in ACL contingencies: 0
num AC branches with possible violations in DCL contingencies: 0
num AC branches with possible violations in XFR contingencies: 0
t: 22, time: 0.001394033432006836, memory_info: {'rss bytes': 209223680, 'rss human': '199.5M', 'percent': 0.07745351288072541}
v_acl_k: [-0.02286434 -0.02447957]
acl_u[acl_delta_k]: [1 1]
num AC branches with possible violations in ACL contingencies: 0
num AC branches with possible violations in DCL contingencies: 0
num AC branches with possible violations in XFR contingencies: 0
t: 23, time: 0.001386880874633789, memory_info: {'rss bytes': 209223680, 'rss human': '199.5M', 'percent': 0.07745351288072541}
v_acl_k: [-0.02286434 -0.02447957]
acl_u[acl_delta_k]: [1 1]
num AC branches with possible violations in ACL contingencies: 0
num AC branches with possible violations in DCL contingencies: 0
num AC branches with possible violations in XFR contingencies: 0
t: 24, time: 0.0013988018035888672, memory_info: {'rss bytes': 209223680, 'rss human': '199.5M', 'percent': 0.07745351288072541}
v_acl_k: [-0.02286434 -0.02447957]
acl_u[acl_delta_k]: [1 1]
num AC branches with possible violations in ACL contingencies: 0
num AC branches with possible violations in DCL contingencies: 0
num AC branches with possible violations in XFR contingencies: 0
t: 25, time: 0.0013785362243652344, memory_info: {'rss bytes': 209223680, 'rss human': '199.5M', 'percent': 0.07745351288072541}
v_acl_k: [-0.02286434 -0.02447957]
acl_u[acl_delta_k]: [1 1]
num AC branches with possible violations in ACL contingencies: 0
num AC branches with possible violations in DCL contingencies: 0
num AC branches with possible violations in XFR contingencies: 0
t: 26, time: 0.0013926029205322266, memory_info: {'rss bytes': 209223680, 'rss human': '199.5M', 'percent': 0.07745351288072541}
v_acl_k: [-0.02286434 -0.02447957]
acl_u[acl_delta_k]: [1 1]
num AC branches with possible violations in ACL contingencies: 0
num AC branches with possible violations in DCL contingencies: 0
num AC branches with possible violations in XFR contingencies: 0
t: 27, time: 0.0013816356658935547, memory_info: {'rss bytes': 209223680, 'rss human': '199.5M', 'percent': 0.07745351288072541}
v_acl_k: [-0.02286434 -0.02447957]
acl_u[acl_delta_k]: [1 1]
num AC branches with possible violations in ACL contingencies: 0
num AC branches with possible violations in DCL contingencies: 0
num AC branches with possible violations in XFR contingencies: 0
t: 28, time: 0.0013928413391113281, memory_info: {'rss bytes': 209223680, 'rss human': '199.5M', 'percent': 0.07745351288072541}
v_acl_k: [-0.02286434 -0.02447957]
acl_u[acl_delta_k]: [1 1]
num AC branches with possible violations in ACL contingencies: 0
num AC branches with possible violations in DCL contingencies: 0
num AC branches with possible violations in XFR contingencies: 0
t: 29, time: 0.0013875961303710938, memory_info: {'rss bytes': 209223680, 'rss human': '199.5M', 'percent': 0.07745351288072541}
v_acl_k: [-0.02286434 -0.02447957]
acl_u[acl_delta_k]: [1 1]
num AC branches with possible violations in ACL contingencies: 0
num AC branches with possible violations in DCL contingencies: 0
num AC branches with possible violations in XFR contingencies: 0
t: 30, time: 0.0014007091522216797, memory_info: {'rss bytes': 209223680, 'rss human': '199.5M', 'percent': 0.07745351288072541}
v_acl_k: [-0.02286434 -0.02447957]
acl_u[acl_delta_k]: [1 1]
num AC branches with possible violations in ACL contingencies: 0
num AC branches with possible violations in DCL contingencies: 0
num AC branches with possible violations in XFR contingencies: 0
t: 31, time: 0.0013892650604248047, memory_info: {'rss bytes': 209223680, 'rss human': '199.5M', 'percent': 0.07745351288072541}
v_acl_k: [-0.02286434 -0.02447957]
acl_u[acl_delta_k]: [1 1]
num AC branches with possible violations in ACL contingencies: 0
num AC branches with possible violations in DCL contingencies: 0
num AC branches with possible violations in XFR contingencies: 0
t: 32, time: 0.0013883113861083984, memory_info: {'rss bytes': 209223680, 'rss human': '199.5M', 'percent': 0.07745351288072541}
v_acl_k: [-0.02286434 -0.02447957]
acl_u[acl_delta_k]: [1 1]
num AC branches with possible violations in ACL contingencies: 0
num AC branches with possible violations in DCL contingencies: 0
num AC branches with possible violations in XFR contingencies: 0
t: 33, time: 0.0013904571533203125, memory_info: {'rss bytes': 209223680, 'rss human': '199.5M', 'percent': 0.07745351288072541}
v_acl_k: [-0.02286434 -0.02447957]
acl_u[acl_delta_k]: [1 1]
num AC branches with possible violations in ACL contingencies: 0
num AC branches with possible violations in DCL contingencies: 0
num AC branches with possible violations in XFR contingencies: 0
t: 34, time: 0.0013995170593261719, memory_info: {'rss bytes': 209223680, 'rss human': '199.5M', 'percent': 0.07745351288072541}
v_acl_k: [-0.02286434 -0.02447957]
acl_u[acl_delta_k]: [1 1]
num AC branches with possible violations in ACL contingencies: 0
num AC branches with possible violations in DCL contingencies: 0
num AC branches with possible violations in XFR contingencies: 0
t: 35, time: 0.0013871192932128906, memory_info: {'rss bytes': 209223680, 'rss human': '199.5M', 'percent': 0.07745351288072541}
v_acl_k: [-0.02286434 -0.02447957]
acl_u[acl_delta_k]: [1 1]
num AC branches with possible violations in ACL contingencies: 0
num AC branches with possible violations in DCL contingencies: 0
num AC branches with possible violations in XFR contingencies: 0
t: 36, time: 0.0013885498046875, memory_info: {'rss bytes': 209223680, 'rss human': '199.5M', 'percent': 0.07745351288072541}
v_acl_k: [-0.02286434 -0.02447957]
acl_u[acl_delta_k]: [1 1]
num AC branches with possible violations in ACL contingencies: 0
num AC branches with possible violations in DCL contingencies: 0
num AC branches with possible violations in XFR contingencies: 0
t: 37, time: 0.0014083385467529297, memory_info: {'rss bytes': 209223680, 'rss human': '199.5M', 'percent': 0.07745351288072541}
v_acl_k: [-0.02286434 -0.02447957]
acl_u[acl_delta_k]: [1 1]
num AC branches with possible violations in ACL contingencies: 0
num AC branches with possible violations in DCL contingencies: 0
num AC branches with possible violations in XFR contingencies: 0
t: 38, time: 0.0013911724090576172, memory_info: {'rss bytes': 209223680, 'rss human': '199.5M', 'percent': 0.07745351288072541}
v_acl_k: [-0.02286434 -0.02447957]
acl_u[acl_delta_k]: [1 1]
num AC branches with possible violations in ACL contingencies: 0
num AC branches with possible violations in DCL contingencies: 0
num AC branches with possible violations in XFR contingencies: 0
t: 39, time: 0.0013785362243652344, memory_info: {'rss bytes': 209223680, 'rss human': '199.5M', 'percent': 0.07745351288072541}
v_acl_k: [-0.02286434 -0.02447957]
acl_u[acl_delta_k]: [1 1]
num AC branches with possible violations in ACL contingencies: 0
num AC branches with possible violations in DCL contingencies: 0
num AC branches with possible violations in XFR contingencies: 0
t: 40, time: 0.0013785362243652344, memory_info: {'rss bytes': 209223680, 'rss human': '199.5M', 'percent': 0.07745351288072541}
v_acl_k: [-0.02286434 -0.02447957]
acl_u[acl_delta_k]: [1 1]
num AC branches with possible violations in ACL contingencies: 0
num AC branches with possible violations in DCL contingencies: 0
num AC branches with possible violations in XFR contingencies: 0
t: 41, time: 0.0013873577117919922, memory_info: {'rss bytes': 209223680, 'rss human': '199.5M', 'percent': 0.07745351288072541}
v_acl_k: [-0.02286434 -0.02447957]
acl_u[acl_delta_k]: [1 1]
num AC branches with possible violations in ACL contingencies: 0
num AC branches with possible violations in DCL contingencies: 0
num AC branches with possible violations in XFR contingencies: 0
t: 42, time: 0.0013866424560546875, memory_info: {'rss bytes': 209223680, 'rss human': '199.5M', 'percent': 0.07745351288072541}
v_acl_k: [-0.02286434 -0.02447957]
acl_u[acl_delta_k]: [1 1]
num AC branches with possible violations in ACL contingencies: 0
num AC branches with possible violations in DCL contingencies: 0
num AC branches with possible violations in XFR contingencies: 0
t: 43, time: 0.0013880729675292969, memory_info: {'rss bytes': 209223680, 'rss human': '199.5M', 'percent': 0.07745351288072541}
v_acl_k: [-0.02286434 -0.02447957]
acl_u[acl_delta_k]: [1 1]
num AC branches with possible violations in ACL contingencies: 0
num AC branches with possible violations in DCL contingencies: 0
num AC branches with possible violations in XFR contingencies: 0
t: 44, time: 0.0013911724090576172, memory_info: {'rss bytes': 209223680, 'rss human': '199.5M', 'percent': 0.07745351288072541}
v_acl_k: [-0.02286434 -0.02447957]
acl_u[acl_delta_k]: [1 1]
num AC branches with possible violations in ACL contingencies: 0
num AC branches with possible violations in DCL contingencies: 0
num AC branches with possible violations in XFR contingencies: 0
t: 45, time: 0.00138092041015625, memory_info: {'rss bytes': 209223680, 'rss human': '199.5M', 'percent': 0.07745351288072541}
v_acl_k: [-0.02286434 -0.02447957]
acl_u[acl_delta_k]: [1 1]
num AC branches with possible violations in ACL contingencies: 0
num AC branches with possible violations in DCL contingencies: 0
num AC branches with possible violations in XFR contingencies: 0
t: 46, time: 0.0013995170593261719, memory_info: {'rss bytes': 209223680, 'rss human': '199.5M', 'percent': 0.07745351288072541}
v_acl_k: [-0.02286434 -0.02447957]
acl_u[acl_delta_k]: [1 1]
num AC branches with possible violations in ACL contingencies: 0
num AC branches with possible violations in DCL contingencies: 0
num AC branches with possible violations in XFR contingencies: 0
t: 47, time: 0.0013844966888427734, memory_info: {'rss bytes': 209223680, 'rss human': '199.5M', 'percent': 0.07745351288072541}
initialize_m_w_time: 0.0004107952117919922
compute_static_w_time: 6.127357482910156e-05
get_time_varying_branch_characteristics_time: 0.0009329319000244141
construct_a_t_time: 0.014476537704467773
factor_a_t_time: 0.009740352630615234
compute_w_with_t_a_solve_time: 0.0019252300262451172
compute_v_t_time: 6.67572021484375e-06
compute_w_with_t_smw_time: 4.76837158203125e-06
compute_v_time: 0.007941722869873047
compute_bus_theta_with_t_a_solve_time: 0.0007879734039306641
compute_bus_theta_with_t_smw_time: 6.198883056640625e-06
compute_br_p_time: 0.0034351348876953125
apply_w_v_wt_time: 0.0006377696990966797
compute_bus_dtheta_rhs_dcl_k_time: 0.0040814876556396484
compute_w_v_wt_xfr_k_time: 0.004458427429199219
compute_bus_dtheta_rhs_xfr_k_time: 1.0967254638671875e-05
compute_br_acl_delta_k_p_delta_time: 0.0029418468475341797
compute_br_dcl_delta_k_p_delta_time: 0.0024132728576660156
compute_br_xfr_delta_k_p_delta_time: 0.0023708343505859375
filter_branches_acl_k_time: 0.0024466514587402344
filter_branches_dcl_k_time: 0.0010578632354736328
filter_branches_xfr_k_time: 0.0010030269622802734
compute_br_acl_delta_k_p_time: 0.0002741813659667969
compute_br_dcl_delta_k_p_time: 0.00014853477478027344
compute_br_xfr_delta_k_p_time: 0.0001354217529296875
compute_br_acl_delta_k_s_over_time: 0.0015304088592529297
compute_br_dcl_delta_k_s_over_time: 0.0006911754608154297
compute_br_xfr_delta_k_s_over_time: 0.0006630420684814453
zero_out_time: 0.00018644332885742188
get_max_br_acl_delta_k_s_over_time: 0.0013730525970458984
get_max_br_dcl_delta_k_s_over_time: 5.9604644775390625e-06
get_max_br_xfr_delta_k_s_over_time: 5.245208740234375e-06
compute_br_k_z_time: 0.0012066364288330078
collect_penalties_into_obj_array_time: 0.00048613548278808594
end of contingency model method 1, memory info: {'rss bytes': 209223680, 'rss human': '199.5M', 'percent': 0.07745351288072541}
function: eval_post_contingency_model, time: 0.18130850791931152
function: eval_post_contingency_model, time: 0.18131542205810547
function: run, time: 0.29215288162231445
after solution_evaluator.run(), memory info: {'rss bytes': 209223680, 'rss human': '199.5M', 'percent': 0.07745351288072541}
evaluation summary:
{'feas': 1,
 'infeas': 0,
 'info_i_i_k_t_disconnected_ctg': {'idx': {0: None, 1: None, 2: None, 3: None},
                                   'val': 0},
 'info_i_i_t_disconnected_base': {'idx': {0: None, 1: None, 2: None}, 'val': 0},
 'phys_feas': 0,
 'sum_acl_t_u_sd': 0,
 'sum_acl_t_u_su': 0,
 'sum_acl_t_z_s': 0.0,
 'sum_acl_t_z_sd': 0.0,
 'sum_acl_t_z_su': 0.0,
 'sum_bus_t_z_p': 4790390948.529495,
 'sum_bus_t_z_q': 3271084770.052825,
 'sum_cs_t_z_p': -0.0,
 'sum_pr_t_z_p': 0.0,
 'sum_prz_t_z_nsc': 1524.76005888,
 'sum_prz_t_z_rgd': 0.0,
 'sum_prz_t_z_rgu': 0.0,
 'sum_prz_t_z_rrd': 3.928,
 'sum_prz_t_z_rru': 4.067,
 'sum_prz_t_z_scr': 4844.289770400001,
 'sum_qrz_t_z_qrd': 0.0,
 'sum_qrz_t_z_qru': 0.0,
 'sum_sd_t_sd': 0,
 'sum_sd_t_su': 61,
 'sum_sd_t_z_nsc': 0.0,
 'sum_sd_t_z_on': 0.0,
 'sum_sd_t_z_qrd': 0.0,
 'sum_sd_t_z_qru': 0.0,
 'sum_sd_t_z_rgd': 0.0,
 'sum_sd_t_z_rgu': 0.0,
 'sum_sd_t_z_rrd_off': 0.0,
 'sum_sd_t_z_rrd_on': 0.0,
 'sum_sd_t_z_rru_off': 0.0,
 'sum_sd_t_z_rru_on': 0.0,
 'sum_sd_t_z_scr': 0.0,
 'sum_sd_t_z_sd': 0.0,
 'sum_sd_t_z_su': 0.0,
 'sum_sd_t_z_sus': 0.0,
 'sum_xfr_t_u_sd': 0,
 'sum_xfr_t_u_su': 0,
 'sum_xfr_t_z_s': 0.0,
 'sum_xfr_t_z_sd': 0.0,
 'sum_xfr_t_z_su': 0.0,
 'time_connectedness': 0.08474111557006836,
 'time_post_contingency': 0.18131375312805176,
 'time_run': 0.29215168952941895,
 'total_switches': 0,
 'viol_acl_acl_t_s_max_ctg': {'idx': {0: None, 1: None, 2: None}, 'val': 0.0},
 'viol_acl_dcl_t_s_max_ctg': {'idx': {0: None, 1: None, 2: None}, 'val': 0.0},
 'viol_acl_t_s_max': {'idx': {0: 'acl_000', 1: 0}, 'val': 0.0},
 'viol_acl_t_u_sd_max': {'idx': {0: 'acl_000', 1: 0}, 'val': 0},
 'viol_acl_t_u_su_max': {'idx': {0: 'acl_000', 1: 0}, 'val': 0},
 'viol_acl_xfr_t_s_max_ctg': {'idx': {0: None, 1: None, 2: None}, 'val': 0.0},
 'viol_bus_t_p_balance_max': {'idx': {0: 'bus_55', 1: 0},
                              'val': 6.600014981956657},
 'viol_bus_t_p_balance_min': {'idx': {0: 'bus_41', 1: 0},
                              'val': -1.950002106625102},
 'viol_bus_t_q_balance_max': {'idx': {0: 'bus_41', 1: 0},
                              'val': 0.8199418027720068},
 'viol_bus_t_q_balance_min': {'idx': {0: 'bus_53', 1: 0},
                              'val': -9.345961455185739},
 'viol_bus_t_v_max': {'idx': {0: 'bus_00', 1: 0}, 'val': 0.0},
 'viol_bus_t_v_min': {'idx': {0: 'bus_00', 1: 0}, 'val': 0.0},
 'viol_cs_t_p_off_max': {'idx': {0: 'sd_154', 1: 0}, 'val': 0.0},
 'viol_cs_t_p_off_min': {'idx': {0: 'sd_154', 1: 0}, 'val': 0.0},
 'viol_cs_t_p_on_max': {'idx': {0: 'sd_154', 1: 0}, 'val': 0.0},
 'viol_cs_t_p_on_min': {'idx': {0: 'sd_154', 1: 0}, 'val': 0.0},
 'viol_cs_t_q_max': {'idx': {0: 'sd_154', 1: 0}, 'val': 0.0},
 'viol_cs_t_q_min': {'idx': {0: 'sd_154', 1: 0}, 'val': 0.0},
 'viol_cs_t_q_p_max': {'idx': {0: None, 1: None}, 'val': None},
 'viol_cs_t_q_p_min': {'idx': {0: None, 1: None}, 'val': None},
 'viol_dcl_t_p_max': {'idx': {0: 'dcl_0', 1: 0}, 'val': 0.0},
 'viol_dcl_t_p_min': {'idx': {0: 'dcl_0', 1: 0}, 'val': 0.0},
 'viol_dcl_t_q_fr_max': {'idx': {0: 'dcl_0', 1: 0}, 'val': 0.0},
 'viol_dcl_t_q_fr_min': {'idx': {0: 'dcl_0', 1: 0}, 'val': 0.0},
 'viol_dcl_t_q_to_max': {'idx': {0: 'dcl_0', 1: 0}, 'val': 0.0},
 'viol_dcl_t_q_to_min': {'idx': {0: 'dcl_0', 1: 0}, 'val': 0.0},
 'viol_pr_t_p_off_max': {'idx': {0: 'sd_000', 1: 0}, 'val': 0.0},
 'viol_pr_t_p_off_min': {'idx': {0: 'sd_000', 1: 0}, 'val': 0.0},
 'viol_pr_t_p_on_max': {'idx': {0: 'sd_000', 1: 0}, 'val': 0.0},
 'viol_pr_t_p_on_min': {'idx': {0: 'sd_000', 1: 0}, 'val': 0.0},
 'viol_pr_t_q_max': {'idx': {0: 'sd_000', 1: 0}, 'val': 0.0},
 'viol_pr_t_q_min': {'idx': {0: 'sd_000', 1: 0}, 'val': 0.0},
 'viol_pr_t_q_p_max': {'idx': {0: None, 1: None}, 'val': None},
 'viol_pr_t_q_p_min': {'idx': {0: None, 1: None}, 'val': None},
 'viol_prz_t_p_nsc_balance': {'idx': {0: 'prz_0', 1: 0}, 'val': 1.32357644},
 'viol_prz_t_p_rgd_balance': {'idx': {0: 'prz_0', 1: 0}, 'val': 0.0},
 'viol_prz_t_p_rgu_balance': {'idx': {0: 'prz_0', 1: 0}, 'val': 0.0},
 'viol_prz_t_p_rrd_balance': {'idx': {0: 'prz_0', 1: 32},
                              'val': 0.9899999999999999},
 'viol_prz_t_p_rru_balance': {'idx': {0: 'prz_0', 1: 39}, 'val': 1.02},
 'viol_prz_t_p_scr_balance': {'idx': {0: 'prz_0', 1: 0}, 'val': 0.33089411},
 'viol_qrz_t_q_qrd_balance': {'idx': {0: 'qrz_0', 1: 0}, 'val': 0.0},
 'viol_qrz_t_q_qru_balance': {'idx': {0: 'qrz_0', 1: 0}, 'val': 0.0},
 'viol_sd_max_energy_constr': {'idx': {0: 'sd_000', 1: 0}, 'val': 0.0},
 'viol_sd_max_startup_constr': {'idx': {0: 'sd_000', 1: 0}, 'val': 0},
 'viol_sd_min_energy_constr': {'idx': {0: 'sd_000', 1: 0}, 'val': 0.0},
 'viol_sd_t_d_dn_min': {'idx': {0: 'sd_000', 1: 0}, 'val': 0},
 'viol_sd_t_d_up_min': {'idx': {0: 'sd_000', 1: 0}, 'val': 0},
 'viol_sd_t_p_nsc_max': {'idx': {0: 'sd_000', 1: 0}, 'val': 0.0},
 'viol_sd_t_p_nsc_nonneg': {'idx': {0: 'sd_000', 1: 0}, 'val': -0.0},
 'viol_sd_t_p_ramp_dn_max': {'idx': {0: 'sd_000', 1: 0}, 'val': 0.0},
 'viol_sd_t_p_ramp_up_max': {'idx': {0: 'sd_000', 1: 0}, 'val': 0.0},
 'viol_sd_t_p_rgd_max': {'idx': {0: 'sd_000', 1: 0}, 'val': 0.0},
 'viol_sd_t_p_rgd_nonneg': {'idx': {0: 'sd_000', 1: 0}, 'val': -0.0},
 'viol_sd_t_p_rgu_max': {'idx': {0: 'sd_000', 1: 0}, 'val': 0.0},
 'viol_sd_t_p_rgu_nonneg': {'idx': {0: 'sd_000', 1: 0}, 'val': -0.0},
 'viol_sd_t_p_rrd_off_max': {'idx': {0: 'sd_000', 1: 0}, 'val': 0.0},
 'viol_sd_t_p_rrd_off_nonneg': {'idx': {0: 'sd_000', 1: 0}, 'val': -0.0},
 'viol_sd_t_p_rrd_on_max': {'idx': {0: 'sd_000', 1: 0}, 'val': 0.0},
 'viol_sd_t_p_rrd_on_nonneg': {'idx': {0: 'sd_000', 1: 0}, 'val': -0.0},
 'viol_sd_t_p_rru_off_max': {'idx': {0: 'sd_000', 1: 0}, 'val': 0.0},
 'viol_sd_t_p_rru_off_nonneg': {'idx': {0: 'sd_000', 1: 0}, 'val': -0.0},
 'viol_sd_t_p_rru_on_max': {'idx': {0: 'sd_000', 1: 0}, 'val': 0.0},
 'viol_sd_t_p_rru_on_nonneg': {'idx': {0: 'sd_000', 1: 0}, 'val': -0.0},
 'viol_sd_t_p_scr_max': {'idx': {0: 'sd_000', 1: 0}, 'val': 0.0},
 'viol_sd_t_p_scr_nonneg': {'idx': {0: 'sd_000', 1: 0}, 'val': -0.0},
 'viol_sd_t_q_qrd_nonneg': {'idx': {0: 'sd_000', 1: 0}, 'val': -0.0},
 'viol_sd_t_q_qru_nonneg': {'idx': {0: 'sd_000', 1: 0}, 'val': -0.0},
 'viol_sd_t_u_on_max': {'idx': {0: 'sd_000', 1: 0}, 'val': 0},
 'viol_sd_t_u_on_min': {'idx': {0: 'sd_000', 1: 0}, 'val': 0},
 'viol_sh_t_u_st_max': {'idx': {0: 'sh_00', 1: 0}, 'val': 0},
 'viol_sh_t_u_st_min': {'idx': {0: 'sh_00', 1: 0}, 'val': 0},
 'viol_t_connected_base': {'idx': {0: 0}, 'val': 0},
 'viol_t_connected_ctg': {'idx': {0: 0}, 'val': 0},
 'viol_xfr_acl_t_s_max_ctg': {'idx': {0: None, 1: None, 2: None}, 'val': 0.0},
 'viol_xfr_dcl_t_s_max_ctg': {'idx': {0: None, 1: None, 2: None}, 'val': 0.0},
 'viol_xfr_t_phi_max': {'idx': {0: 'xfr_00', 1: 0}, 'val': 0.0},
 'viol_xfr_t_phi_min': {'idx': {0: 'xfr_00', 1: 0}, 'val': 0.0},
 'viol_xfr_t_s_max': {'idx': {0: 'xfr_00', 1: 0}, 'val': 0.0},
 'viol_xfr_t_tau_max': {'idx': {0: 'xfr_00', 1: 0}, 'val': 0.0},
 'viol_xfr_t_tau_min': {'idx': {0: 'xfr_00', 1: 0}, 'val': 0.0},
 'viol_xfr_t_u_sd_max': {'idx': {0: 'xfr_00', 1: 0}, 'val': 0},
 'viol_xfr_t_u_su_max': {'idx': {0: 'xfr_00', 1: 0}, 'val': 0},
 'viol_xfr_xfr_t_s_max_ctg': {'idx': {0: None, 1: None, 2: None}, 'val': 0.0},
 'z': -8061482095.6271515,
 'z_base': -8061482095.6271515,
 'z_cost': 0.0,
 'z_k_average_case': 0.0,
 'z_k_worst_case': 0.0,
 'z_max_energy': 0.0,
 'z_min_energy': 0.0,
 'z_penalty': 8061482095.62715,
 'z_value': -0.0}
infeasibility summary:
{}
feas: 1
obj: -8061482095.6271515
evaluate solution time: 0.2994651794433594
end of check_data(), memory info: {'rss bytes': 209743872, 'rss human': '200.0M', 'percent': 0.07764608524047192}
