/rcfs/dtn/arpacomp/.conda/envs/goc_eval/lib/python3.10/site-packages/scipy/sparse/linalg/_dsolve/linsolve.py:347: SparseEfficiencyWarning: splu converted its input to CSC format
  warn('splu converted its input to CSC format', SparseEfficiencyWarning)
args:
Namespace(problem_opt=None, problem='/qfs/projects/goc/share/data/C3/E3.1/D2//C3E3N00073D2/scenario_236.json_scrubbed.json', solution='/qfs/projects/goc/share/data/C3/E3.1/D2//C3E3N00073D2/scenario_236.json.pop_solution.json', configuration=None, parameters='{}', summary_csv='summary.csv', summary_json='summary.json', data_errors='data_errors.txt', ignored_errors='ignored_errors.txt', solution_errors='solution_errors.txt', pop_solution=None, scrubbed_problem=None)
problem data file: /qfs/projects/goc/share/data/C3/E3.1/D2//C3E3N00073D2/scenario_236.json_scrubbed.json

pop solution data file: None

solution data file: /qfs/projects/goc/share/data/C3/E3.1/D2//C3E3N00073D2/scenario_236.json.pop_solution.json

git info: {'C3DataUtilities': {'branch': 'main', 'commit': '59dd7f47974aa54c2f26998163730b14ab3a6b97', 'date': 'Wed Jun 7 09:10:06 2023 -0700', 'query_return_code': 0, 'query_err': '', 'branch_return_code': 0, 'branch_err': '', 'query_path': '/qfs/projects/goc/share/loadbalancing/src/nonmpi-template/Challenge3/C3DataUtilities/datautilities', 'query_out': 'commit 59dd7f47974aa54c2f26998163730b14ab3a6b97\nAuthor: Jesse T Holzer <jesse.holzer@pnnl.gov>\nDate:   Wed Jun 7 09:10:06 2023 -0700\n\n    add git branch to summary output\n', 'branch_out': '  dev\n* main\n'}, 'Bid-DS-data-model': {'branch': None, 'commit': None, 'date': None, 'query_return_code': 128, 'query_err': 'fatal: Not a git repository (or any parent up to mount point /rcfs)\nStopping at filesystem boundary (GIT_DISCOVERY_ACROSS_FILESYSTEM not set).\n', 'branch_return_code': None, 'branch_err': None, 'query_path': '/rcfs/dtn/arpacomp/.conda/envs/goc_eval/lib/python3.10/site-packages/datamodel', 'query_out': ''}}

after reading problem without validation, memory info: {'rss bytes': 113737728, 'rss human': '108.5M', 'percent': 0.0421051124837898}
read problem data file without validation time: 0.06681108474731445
after reading problem with validation, memory info: {'rss bytes': 134062080, 'rss human': '127.9M', 'percent': 0.04962908137404351}
load time: 0.5250492095947266
{'error_diagnostics': '',
 'general': {'base_norm_mva': 100.0,
             'day_type': None,
             'electricity_demand': None,
             'net_load': None,
             'season': None,
             'solar_availability': None,
             'timestamp_start': None,
             'timestamp_stop': None,
             'vre_availability': None,
             'weather_temperature': None,
             'wind_availability': None},
 'interval durations': [1.0,
                        1.0,
                        1.0,
                        1.0,
                        1.0,
                        1.0,
                        1.0,
                        1.0,
                        1.0,
                        1.0,
                        1.0,
                        1.0,
                        1.0,
                        1.0,
                        1.0,
                        1.0,
                        1.0,
                        1.0,
                        1.0,
                        1.0,
                        1.0,
                        1.0,
                        1.0,
                        1.0,
                        1.0,
                        1.0,
                        1.0,
                        1.0,
                        1.0,
                        1.0,
                        1.0,
                        1.0,
                        1.0,
                        1.0,
                        1.0,
                        1.0,
                        1.0,
                        1.0,
                        1.0,
                        1.0,
                        1.0,
                        1.0,
                        1.0,
                        1.0,
                        1.0,
                        1.0,
                        1.0,
                        1.0],
 'num ac lines': 105,
 'num buses': 73,
 'num consuming devices': 51,
 'num contingencies': 2,
 'num dc lines': 1,
 'num intervals': 48,
 'num producing devices': 154,
 'num reactive power reserve zones': 1,
 'num real power reserve zones': 1,
 'num shunts': 73,
 'num simple dispatchable devices': 205,
 'num transformers': 15,
 'total duration': 48.0,
 'violation costs': {'e_vio_cost': 900000.0,
                     'p_bus_vio_cost': 1000000.0,
                     'q_bus_vio_cost': 1000000.0,
                     's_vio_cost': 500.0}}
after read solution without validation, memory info: {'rss bytes': 137846784, 'rss human': '131.5M', 'percent': 0.05103015901503393}
read solution data file without validation time: 0.01624011993408203
after read solution with validation, memory info: {'rss bytes': 144875520, 'rss human': '138.2M', 'percent': 0.053632160348301844}
solution load time: 0.25335144996643066
after solution_model_checks(), memory info: {'rss bytes': 144875520, 'rss human': '138.2M', 'percent': 0.053632160348301844}
solution model_checks time: 0.0012269020080566406
{'error_diagnostics': ''}
after problem_data_array.set_from_data_model(), memory info: {'rss bytes': 148090880, 'rss human': '141.2M', 'percent': 0.05482246981602638}
convert problem data to numpy arrays time: 0.047681570053100586
after solution_data_array.set_from_data_model(), memory info: {'rss bytes': 149172224, 'rss human': '142.3M', 'percent': 0.05522277771345221}
convert solution data to numpy arrays time: 0.0074198246002197266
function: set_summary, time: 0.00015592575073242188
function: set_problem, time: 1.430511474609375e-06
function: set_solution, time: 5.4836273193359375e-06
function: set_solution_zero, time: 0.00019884109497070312
function: set_work_zero, time: 0.00017404556274414062
function: set_matrices, time: 0.004599094390869141
function: __init__, time: 0.0051577091217041016
function: eval_sd_t_d_up_dn, time: 0.0008327960968017578
function: eval_sd_max_startup, time: 0.0024192333221435547
function: eval_sd_t_z_sus, time: 0.0014553070068359375
function: eval_acl_t_p_q_fr_to, time: 0.0003733634948730469
function: eval_xfr_t_p_q_fr_to, time: 0.0001220703125
function: eval_sd_t_su_sd_trajectories, time: 0.00013375282287597656
function: eval_sd_max_energy, time: 0.0013518333435058594
function: eval_sd_min_energy, time: 0.0012881755828857422
function: eval_sd_t_z_p, time: 0.011041641235351562
function: eval_bus_t_p, time: 0.0006887912750244141
function: eval_bus_t_q, time: 0.0002028942108154297
sd_t_p_rgu sum: 0.0
prz_sigma_rgu max: 0.03
prz_t_p_rgu_req max: 0.0
sd_t_p_rgd sum: 0.0
prz_sigma_rgd max: 0.03
prz_t_p_rgd_req max: 0.0
sd_t_p_scr sum: 0.0
prz_sigma_scr max: 0.1
prz_t_p_scr_req max: 0.062652093
sd_t_p_nsc sum: 0.0
prz_sigma_nsc max: 0.3
prz_t_p_nsc_req max: 0.18795627899999998
sd_t_p_rru sum: 0.0
prz_t_p_rru_min max: 1.02
sd_t_p_rrd sum: 0.0
prz_t_p_rrd_min max: 0.9899999999999999
sd_t_p_qru sum: 0.0
qrz_t_q_qru_min max: 0.0
sd_t_p_qrd sum: 0.0
qrz_t_q_qrd_min max: 0.0
function: get_connected_components, time: 0.0006136894226074219
function: get_bridges, time: 0.0016627311706542969
function: get_connected_components, time: 0.00033402442932128906
function: get_bridges, time: 0.0015532970428466797
function: get_connected_components, time: 0.00032830238342285156
function: get_bridges, time: 0.0013904571533203125
function: get_connected_components, time: 0.00032806396484375
function: get_bridges, time: 0.0013442039489746094
function: get_connected_components, time: 0.0003287792205810547
function: get_bridges, time: 0.0013289451599121094
function: get_connected_components, time: 0.00037741661071777344
function: get_bridges, time: 0.0013604164123535156
function: get_connected_components, time: 0.00032639503479003906
function: get_bridges, time: 0.0013813972473144531
function: get_connected_components, time: 0.0003230571746826172
function: get_bridges, time: 0.0013241767883300781
function: get_connected_components, time: 0.00032210350036621094
function: get_bridges, time: 0.001363515853881836
function: get_connected_components, time: 0.0003647804260253906
function: get_bridges, time: 0.0013277530670166016
function: get_connected_components, time: 0.00034618377685546875
function: get_bridges, time: 0.0013518333435058594
function: get_connected_components, time: 0.0003199577331542969
function: get_bridges, time: 0.0013849735260009766
function: get_connected_components, time: 0.0003218650817871094
function: get_bridges, time: 0.0013337135314941406
function: get_connected_components, time: 0.00032448768615722656
function: get_bridges, time: 0.0015349388122558594
function: get_connected_components, time: 0.0003643035888671875
function: get_bridges, time: 0.0013203620910644531
function: get_connected_components, time: 0.0003204345703125
function: get_bridges, time: 0.0013666152954101562
function: get_connected_components, time: 0.0003209114074707031
function: get_bridges, time: 0.0013644695281982422
function: get_connected_components, time: 0.00032258033752441406
function: get_bridges, time: 0.0013616085052490234
function: get_connected_components, time: 0.0003261566162109375
function: get_bridges, time: 0.0013625621795654297
function: get_connected_components, time: 0.00036597251892089844
function: get_bridges, time: 0.001321554183959961
function: get_connected_components, time: 0.00032138824462890625
function: get_bridges, time: 0.0014095306396484375
function: get_connected_components, time: 0.0003218650817871094
function: get_bridges, time: 0.0013365745544433594
function: get_connected_components, time: 0.0003383159637451172
function: get_bridges, time: 0.0013623237609863281
function: get_connected_components, time: 0.00032591819763183594
function: get_bridges, time: 0.0013647079467773438
function: get_connected_components, time: 0.00032901763916015625
function: get_bridges, time: 0.0013546943664550781
function: get_connected_components, time: 0.0003218650817871094
function: get_bridges, time: 0.0015659332275390625
function: get_connected_components, time: 0.00032258033752441406
function: get_bridges, time: 0.0013427734375
function: get_connected_components, time: 0.00032258033752441406
function: get_bridges, time: 0.0013604164123535156
function: get_connected_components, time: 0.0003254413604736328
function: get_bridges, time: 0.0013680458068847656
function: get_connected_components, time: 0.0003364086151123047
function: get_bridges, time: 0.0013484954833984375
function: get_connected_components, time: 0.0003235340118408203
function: get_bridges, time: 0.0014061927795410156
function: get_connected_components, time: 0.0003209114074707031
function: get_bridges, time: 0.001316070556640625
function: get_connected_components, time: 0.0003669261932373047
function: get_bridges, time: 0.0013172626495361328
function: get_connected_components, time: 0.00032329559326171875
function: get_bridges, time: 0.0013568401336669922
function: get_connected_components, time: 0.0003199577331542969
function: get_bridges, time: 0.0013508796691894531
function: get_connected_components, time: 0.0003204345703125
function: get_bridges, time: 0.0013153553009033203
function: get_connected_components, time: 0.00033092498779296875
function: get_bridges, time: 0.0013611316680908203
function: get_connected_components, time: 0.0003209114074707031
function: get_bridges, time: 0.0014963150024414062
function: get_connected_components, time: 0.00032210350036621094
function: get_bridges, time: 0.0013587474822998047
function: get_connected_components, time: 0.00032210350036621094
function: get_bridges, time: 0.001329660415649414
function: get_connected_components, time: 0.00032901763916015625
function: get_bridges, time: 0.001367330551147461
function: get_connected_components, time: 0.0003256797790527344
function: get_bridges, time: 0.0013210773468017578
function: get_connected_components, time: 0.00032019615173339844
function: get_bridges, time: 0.0013287067413330078
function: get_connected_components, time: 0.00032067298889160156
function: get_bridges, time: 0.001321554183959961
function: get_connected_components, time: 0.0003261566162109375
function: get_bridges, time: 0.0013170242309570312
function: get_connected_components, time: 0.00035309791564941406
function: get_bridges, time: 0.0013229846954345703
function: get_connected_components, time: 0.0003209114074707031
function: get_bridges, time: 0.0013256072998046875
function: get_connected_components, time: 0.00032258033752441406
function: get_bridges, time: 0.0013208389282226562
end of eval_connectedness(), memory info: {'rss bytes': 151580672, 'rss human': '144.6M', 'percent': 0.056114372575900656}
function: eval_connectedness, time: 0.08593225479125977
problem dimensions. bus: 73, acl: 105, xfr: 15, dcl: 1, k: 2, t: 48
construct static bus admittance matrix. time: 0.0011670589447021484
factor static bus admittance matrix. time: 0.005881309509277344
t_acl_delta_t: [array([], dtype=int64), array([], dtype=int64), array([], dtype=int64), array([], dtype=int64), array([], dtype=int64), array([], dtype=int64), array([], dtype=int64), array([], dtype=int64), array([], dtype=int64), array([], dtype=int64), array([], dtype=int64), array([], dtype=int64), array([], dtype=int64), array([], dtype=int64), array([], dtype=int64), array([], dtype=int64), array([], dtype=int64), array([], dtype=int64), array([], dtype=int64), array([], dtype=int64), array([], dtype=int64), array([], dtype=int64), array([], dtype=int64), array([], dtype=int64), array([], dtype=int64), array([], dtype=int64), array([], dtype=int64), array([], dtype=int64), array([], dtype=int64), array([], dtype=int64), array([], dtype=int64), array([], dtype=int64), array([], dtype=int64), array([], dtype=int64), array([], dtype=int64), array([], dtype=int64), array([], dtype=int64), array([], dtype=int64), array([], dtype=int64), array([], dtype=int64), array([], dtype=int64), array([], dtype=int64), array([], dtype=int64), array([], dtype=int64), array([], dtype=int64), array([], dtype=int64), array([], dtype=int64), array([], dtype=int64)], t_xfr_delta_t: [array([], dtype=int64), array([], dtype=int64), array([], dtype=int64), array([], dtype=int64), array([], dtype=int64), array([], dtype=int64), array([], dtype=int64), array([], dtype=int64), array([], dtype=int64), array([], dtype=int64), array([], dtype=int64), array([], dtype=int64), array([], dtype=int64), array([], dtype=int64), array([], dtype=int64), array([], dtype=int64), array([], dtype=int64), array([], dtype=int64), array([], dtype=int64), array([], dtype=int64), array([], dtype=int64), array([], dtype=int64), array([], dtype=int64), array([], dtype=int64), array([], dtype=int64), array([], dtype=int64), array([], dtype=int64), array([], dtype=int64), array([], dtype=int64), array([], dtype=int64), array([], dtype=int64), array([], dtype=int64), array([], dtype=int64), array([], dtype=int64), array([], dtype=int64), array([], dtype=int64), array([], dtype=int64), array([], dtype=int64), array([], dtype=int64), array([], dtype=int64), array([], dtype=int64), array([], dtype=int64), array([], dtype=int64), array([], dtype=int64), array([], dtype=int64), array([], dtype=int64), array([], dtype=int64), array([], dtype=int64)], t_br_delta_t: [array([], dtype=int64), array([], dtype=int64), array([], dtype=int64), array([], dtype=int64), array([], dtype=int64), array([], dtype=int64), array([], dtype=int64), array([], dtype=int64), array([], dtype=int64), array([], dtype=int64), array([], dtype=int64), array([], dtype=int64), array([], dtype=int64), array([], dtype=int64), array([], dtype=int64), array([], dtype=int64), array([], dtype=int64), array([], dtype=int64), array([], dtype=int64), array([], dtype=int64), array([], dtype=int64), array([], dtype=int64), array([], dtype=int64), array([], dtype=int64), array([], dtype=int64), array([], dtype=int64), array([], dtype=int64), array([], dtype=int64), array([], dtype=int64), array([], dtype=int64), array([], dtype=int64), array([], dtype=int64), array([], dtype=int64), array([], dtype=int64), array([], dtype=int64), array([], dtype=int64), array([], dtype=int64), array([], dtype=int64), array([], dtype=int64), array([], dtype=int64), array([], dtype=int64), array([], dtype=int64), array([], dtype=int64), array([], dtype=int64), array([], dtype=int64), array([], dtype=int64), array([], dtype=int64), array([], dtype=int64)], acl_delta_t: [], xfr_delta_t: [], br_delta_t: []
contingency delta branches. acl: 2, xfr: 0, dcl: 0
construct bus,t-indexed right hand side. time: 0.00013327598571777344
solve for base case bus,t-indexed theta. time: 0.06144833564758301
v_acl_k: [-0.02286434 -0.02447957]
acl_u[acl_delta_k]: [1 1]
num AC branches with possible violations in ACL contingencies: 0
num AC branches with possible violations in DCL contingencies: 0
num AC branches with possible violations in XFR contingencies: 0
t: 0, time: 0.0027408599853515625, memory_info: {'rss bytes': 198574080, 'rss human': '189.4M', 'percent': 0.07351108661819827}
v_acl_k: [-0.02286434 -0.02447957]
acl_u[acl_delta_k]: [1 1]
num AC branches with possible violations in ACL contingencies: 0
num AC branches with possible violations in DCL contingencies: 0
num AC branches with possible violations in XFR contingencies: 0
t: 1, time: 0.0014789104461669922, memory_info: {'rss bytes': 198574080, 'rss human': '189.4M', 'percent': 0.07351108661819827}
v_acl_k: [-0.02286434 -0.02447957]
acl_u[acl_delta_k]: [1 1]
num AC branches with possible violations in ACL contingencies: 0
num AC branches with possible violations in DCL contingencies: 0
num AC branches with possible violations in XFR contingencies: 0
t: 2, time: 0.0014374256134033203, memory_info: {'rss bytes': 198574080, 'rss human': '189.4M', 'percent': 0.07351108661819827}
v_acl_k: [-0.02286434 -0.02447957]
acl_u[acl_delta_k]: [1 1]
num AC branches with possible violations in ACL contingencies: 0
num AC branches with possible violations in DCL contingencies: 0
num AC branches with possible violations in XFR contingencies: 0
t: 3, time: 0.0014209747314453125, memory_info: {'rss bytes': 198574080, 'rss human': '189.4M', 'percent': 0.07351108661819827}
v_acl_k: [-0.02286434 -0.02447957]
acl_u[acl_delta_k]: [1 1]
num AC branches with possible violations in ACL contingencies: 0
num AC branches with possible violations in DCL contingencies: 0
num AC branches with possible violations in XFR contingencies: 0
t: 4, time: 0.0014100074768066406, memory_info: {'rss bytes': 198574080, 'rss human': '189.4M', 'percent': 0.07351108661819827}
v_acl_k: [-0.02286434 -0.02447957]
acl_u[acl_delta_k]: [1 1]
num AC branches with possible violations in ACL contingencies: 0
num AC branches with possible violations in DCL contingencies: 0
num AC branches with possible violations in XFR contingencies: 0
t: 5, time: 0.0013976097106933594, memory_info: {'rss bytes': 198574080, 'rss human': '189.4M', 'percent': 0.07351108661819827}
v_acl_k: [-0.02286434 -0.02447957]
acl_u[acl_delta_k]: [1 1]
num AC branches with possible violations in ACL contingencies: 0
num AC branches with possible violations in DCL contingencies: 0
num AC branches with possible violations in XFR contingencies: 0
t: 6, time: 0.0014007091522216797, memory_info: {'rss bytes': 198574080, 'rss human': '189.4M', 'percent': 0.07351108661819827}
v_acl_k: [-0.02286434 -0.02447957]
acl_u[acl_delta_k]: [1 1]
num AC branches with possible violations in ACL contingencies: 0
num AC branches with possible violations in DCL contingencies: 0
num AC branches with possible violations in XFR contingencies: 0
t: 7, time: 0.0013926029205322266, memory_info: {'rss bytes': 198574080, 'rss human': '189.4M', 'percent': 0.07351108661819827}
v_acl_k: [-0.02286434 -0.02447957]
acl_u[acl_delta_k]: [1 1]
num AC branches with possible violations in ACL contingencies: 0
num AC branches with possible violations in DCL contingencies: 0
num AC branches with possible violations in XFR contingencies: 0
t: 8, time: 0.0013968944549560547, memory_info: {'rss bytes': 198574080, 'rss human': '189.4M', 'percent': 0.07351108661819827}
v_acl_k: [-0.02286434 -0.02447957]
acl_u[acl_delta_k]: [1 1]
num AC branches with possible violations in ACL contingencies: 0
num AC branches with possible violations in DCL contingencies: 0
num AC branches with possible violations in XFR contingencies: 0
t: 9, time: 0.001394510269165039, memory_info: {'rss bytes': 198574080, 'rss human': '189.4M', 'percent': 0.07351108661819827}
v_acl_k: [-0.02286434 -0.02447957]
acl_u[acl_delta_k]: [1 1]
num AC branches with possible violations in ACL contingencies: 0
num AC branches with possible violations in DCL contingencies: 0
num AC branches with possible violations in XFR contingencies: 0
t: 10, time: 0.001390218734741211, memory_info: {'rss bytes': 198574080, 'rss human': '189.4M', 'percent': 0.07351108661819827}
v_acl_k: [-0.02286434 -0.02447957]
acl_u[acl_delta_k]: [1 1]
num AC branches with possible violations in ACL contingencies: 0
num AC branches with possible violations in DCL contingencies: 0
num AC branches with possible violations in XFR contingencies: 0
t: 11, time: 0.0013880729675292969, memory_info: {'rss bytes': 198574080, 'rss human': '189.4M', 'percent': 0.07351108661819827}
v_acl_k: [-0.02286434 -0.02447957]
acl_u[acl_delta_k]: [1 1]
num AC branches with possible violations in ACL contingencies: 0
num AC branches with possible violations in DCL contingencies: 0
num AC branches with possible violations in XFR contingencies: 0
t: 12, time: 0.0013897418975830078, memory_info: {'rss bytes': 198574080, 'rss human': '189.4M', 'percent': 0.07351108661819827}
v_acl_k: [-0.02286434 -0.02447957]
acl_u[acl_delta_k]: [1 1]
num AC branches with possible violations in ACL contingencies: 0
num AC branches with possible violations in DCL contingencies: 0
num AC branches with possible violations in XFR contingencies: 0
t: 13, time: 0.0013849735260009766, memory_info: {'rss bytes': 198574080, 'rss human': '189.4M', 'percent': 0.07351108661819827}
v_acl_k: [-0.02286434 -0.02447957]
acl_u[acl_delta_k]: [1 1]
num AC branches with possible violations in ACL contingencies: 0
num AC branches with possible violations in DCL contingencies: 0
num AC branches with possible violations in XFR contingencies: 0
t: 14, time: 0.0013782978057861328, memory_info: {'rss bytes': 198574080, 'rss human': '189.4M', 'percent': 0.07351108661819827}
v_acl_k: [-0.02286434 -0.02447957]
acl_u[acl_delta_k]: [1 1]
num AC branches with possible violations in ACL contingencies: 0
num AC branches with possible violations in DCL contingencies: 0
num AC branches with possible violations in XFR contingencies: 0
t: 15, time: 0.0013735294342041016, memory_info: {'rss bytes': 198574080, 'rss human': '189.4M', 'percent': 0.07351108661819827}
v_acl_k: [-0.02286434 -0.02447957]
acl_u[acl_delta_k]: [1 1]
num AC branches with possible violations in ACL contingencies: 0
num AC branches with possible violations in DCL contingencies: 0
num AC branches with possible violations in XFR contingencies: 0
t: 16, time: 0.0013778209686279297, memory_info: {'rss bytes': 198574080, 'rss human': '189.4M', 'percent': 0.07351108661819827}
v_acl_k: [-0.02286434 -0.02447957]
acl_u[acl_delta_k]: [1 1]
num AC branches with possible violations in ACL contingencies: 0
num AC branches with possible violations in DCL contingencies: 0
num AC branches with possible violations in XFR contingencies: 0
t: 17, time: 0.0013794898986816406, memory_info: {'rss bytes': 198574080, 'rss human': '189.4M', 'percent': 0.07351108661819827}
v_acl_k: [-0.02286434 -0.02447957]
acl_u[acl_delta_k]: [1 1]
num AC branches with possible violations in ACL contingencies: 0
num AC branches with possible violations in DCL contingencies: 0
num AC branches with possible violations in XFR contingencies: 0
t: 18, time: 0.001379251480102539, memory_info: {'rss bytes': 198574080, 'rss human': '189.4M', 'percent': 0.07351108661819827}
v_acl_k: [-0.02286434 -0.02447957]
acl_u[acl_delta_k]: [1 1]
num AC branches with possible violations in ACL contingencies: 0
num AC branches with possible violations in DCL contingencies: 0
num AC branches with possible violations in XFR contingencies: 0
t: 19, time: 0.0013768672943115234, memory_info: {'rss bytes': 198574080, 'rss human': '189.4M', 'percent': 0.07351108661819827}
v_acl_k: [-0.02286434 -0.02447957]
acl_u[acl_delta_k]: [1 1]
num AC branches with possible violations in ACL contingencies: 0
num AC branches with possible violations in DCL contingencies: 0
num AC branches with possible violations in XFR contingencies: 0
t: 20, time: 0.0013861656188964844, memory_info: {'rss bytes': 198574080, 'rss human': '189.4M', 'percent': 0.07351108661819827}
v_acl_k: [-0.02286434 -0.02447957]
acl_u[acl_delta_k]: [1 1]
num AC branches with possible violations in ACL contingencies: 0
num AC branches with possible violations in DCL contingencies: 0
num AC branches with possible violations in XFR contingencies: 0
t: 21, time: 0.0013773441314697266, memory_info: {'rss bytes': 198574080, 'rss human': '189.4M', 'percent': 0.07351108661819827}
v_acl_k: [-0.02286434 -0.02447957]
acl_u[acl_delta_k]: [1 1]
num AC branches with possible violations in ACL contingencies: 0
num AC branches with possible violations in DCL contingencies: 0
num AC branches with possible violations in XFR contingencies: 0
t: 22, time: 0.0013821125030517578, memory_info: {'rss bytes': 198574080, 'rss human': '189.4M', 'percent': 0.07351108661819827}
v_acl_k: [-0.02286434 -0.02447957]
acl_u[acl_delta_k]: [1 1]
num AC branches with possible violations in ACL contingencies: 0
num AC branches with possible violations in DCL contingencies: 0
num AC branches with possible violations in XFR contingencies: 0
t: 23, time: 0.0013768672943115234, memory_info: {'rss bytes': 198574080, 'rss human': '189.4M', 'percent': 0.07351108661819827}
v_acl_k: [-0.02286434 -0.02447957]
acl_u[acl_delta_k]: [1 1]
num AC branches with possible violations in ACL contingencies: 0
num AC branches with possible violations in DCL contingencies: 0
num AC branches with possible violations in XFR contingencies: 0
t: 24, time: 0.0013854503631591797, memory_info: {'rss bytes': 198574080, 'rss human': '189.4M', 'percent': 0.07351108661819827}
v_acl_k: [-0.02286434 -0.02447957]
acl_u[acl_delta_k]: [1 1]
num AC branches with possible violations in ACL contingencies: 0
num AC branches with possible violations in DCL contingencies: 0
num AC branches with possible violations in XFR contingencies: 0
t: 25, time: 0.0013723373413085938, memory_info: {'rss bytes': 198574080, 'rss human': '189.4M', 'percent': 0.07351108661819827}
v_acl_k: [-0.02286434 -0.02447957]
acl_u[acl_delta_k]: [1 1]
num AC branches with possible violations in ACL contingencies: 0
num AC branches with possible violations in DCL contingencies: 0
num AC branches with possible violations in XFR contingencies: 0
t: 26, time: 0.0013840198516845703, memory_info: {'rss bytes': 198574080, 'rss human': '189.4M', 'percent': 0.07351108661819827}
v_acl_k: [-0.02286434 -0.02447957]
acl_u[acl_delta_k]: [1 1]
num AC branches with possible violations in ACL contingencies: 0
num AC branches with possible violations in DCL contingencies: 0
num AC branches with possible violations in XFR contingencies: 0
t: 27, time: 0.0013687610626220703, memory_info: {'rss bytes': 198574080, 'rss human': '189.4M', 'percent': 0.07351108661819827}
v_acl_k: [-0.02286434 -0.02447957]
acl_u[acl_delta_k]: [1 1]
num AC branches with possible violations in ACL contingencies: 0
num AC branches with possible violations in DCL contingencies: 0
num AC branches with possible violations in XFR contingencies: 0
t: 28, time: 0.0013785362243652344, memory_info: {'rss bytes': 198574080, 'rss human': '189.4M', 'percent': 0.07351108661819827}
v_acl_k: [-0.02286434 -0.02447957]
acl_u[acl_delta_k]: [1 1]
num AC branches with possible violations in ACL contingencies: 0
num AC branches with possible violations in DCL contingencies: 0
num AC branches with possible violations in XFR contingencies: 0
t: 29, time: 0.0013701915740966797, memory_info: {'rss bytes': 198574080, 'rss human': '189.4M', 'percent': 0.07351108661819827}
v_acl_k: [-0.02286434 -0.02447957]
acl_u[acl_delta_k]: [1 1]
num AC branches with possible violations in ACL contingencies: 0
num AC branches with possible violations in DCL contingencies: 0
num AC branches with possible violations in XFR contingencies: 0
t: 30, time: 0.0013897418975830078, memory_info: {'rss bytes': 198574080, 'rss human': '189.4M', 'percent': 0.07351108661819827}
v_acl_k: [-0.02286434 -0.02447957]
acl_u[acl_delta_k]: [1 1]
num AC branches with possible violations in ACL contingencies: 0
num AC branches with possible violations in DCL contingencies: 0
num AC branches with possible violations in XFR contingencies: 0
t: 31, time: 0.0013737678527832031, memory_info: {'rss bytes': 198574080, 'rss human': '189.4M', 'percent': 0.07351108661819827}
v_acl_k: [-0.02286434 -0.02447957]
acl_u[acl_delta_k]: [1 1]
num AC branches with possible violations in ACL contingencies: 0
num AC branches with possible violations in DCL contingencies: 0
num AC branches with possible violations in XFR contingencies: 0
t: 32, time: 0.0013763904571533203, memory_info: {'rss bytes': 198574080, 'rss human': '189.4M', 'percent': 0.07351108661819827}
v_acl_k: [-0.02286434 -0.02447957]
acl_u[acl_delta_k]: [1 1]
num AC branches with possible violations in ACL contingencies: 0
num AC branches with possible violations in DCL contingencies: 0
num AC branches with possible violations in XFR contingencies: 0
t: 33, time: 0.0013811588287353516, memory_info: {'rss bytes': 198574080, 'rss human': '189.4M', 'percent': 0.07351108661819827}
v_acl_k: [-0.02286434 -0.02447957]
acl_u[acl_delta_k]: [1 1]
num AC branches with possible violations in ACL contingencies: 0
num AC branches with possible violations in DCL contingencies: 0
num AC branches with possible violations in XFR contingencies: 0
t: 34, time: 0.0013799667358398438, memory_info: {'rss bytes': 198574080, 'rss human': '189.4M', 'percent': 0.07351108661819827}
v_acl_k: [-0.02286434 -0.02447957]
acl_u[acl_delta_k]: [1 1]
num AC branches with possible violations in ACL contingencies: 0
num AC branches with possible violations in DCL contingencies: 0
num AC branches with possible violations in XFR contingencies: 0
t: 35, time: 0.0013785362243652344, memory_info: {'rss bytes': 198574080, 'rss human': '189.4M', 'percent': 0.07351108661819827}
v_acl_k: [-0.02286434 -0.02447957]
acl_u[acl_delta_k]: [1 1]
num AC branches with possible violations in ACL contingencies: 0
num AC branches with possible violations in DCL contingencies: 0
num AC branches with possible violations in XFR contingencies: 0
t: 36, time: 0.0013811588287353516, memory_info: {'rss bytes': 198574080, 'rss human': '189.4M', 'percent': 0.07351108661819827}
v_acl_k: [-0.02286434 -0.02447957]
acl_u[acl_delta_k]: [1 1]
num AC branches with possible violations in ACL contingencies: 0
num AC branches with possible violations in DCL contingencies: 0
num AC branches with possible violations in XFR contingencies: 0
t: 37, time: 0.001369476318359375, memory_info: {'rss bytes': 198574080, 'rss human': '189.4M', 'percent': 0.07351108661819827}
v_acl_k: [-0.02286434 -0.02447957]
acl_u[acl_delta_k]: [1 1]
num AC branches with possible violations in ACL contingencies: 0
num AC branches with possible violations in DCL contingencies: 0
num AC branches with possible violations in XFR contingencies: 0
t: 38, time: 0.001379251480102539, memory_info: {'rss bytes': 198574080, 'rss human': '189.4M', 'percent': 0.07351108661819827}
v_acl_k: [-0.02286434 -0.02447957]
acl_u[acl_delta_k]: [1 1]
num AC branches with possible violations in ACL contingencies: 0
num AC branches with possible violations in DCL contingencies: 0
num AC branches with possible violations in XFR contingencies: 0
t: 39, time: 0.0013704299926757812, memory_info: {'rss bytes': 198574080, 'rss human': '189.4M', 'percent': 0.07351108661819827}
v_acl_k: [-0.02286434 -0.02447957]
acl_u[acl_delta_k]: [1 1]
num AC branches with possible violations in ACL contingencies: 0
num AC branches with possible violations in DCL contingencies: 0
num AC branches with possible violations in XFR contingencies: 0
t: 40, time: 0.0013840198516845703, memory_info: {'rss bytes': 198574080, 'rss human': '189.4M', 'percent': 0.07351108661819827}
v_acl_k: [-0.02286434 -0.02447957]
acl_u[acl_delta_k]: [1 1]
num AC branches with possible violations in ACL contingencies: 0
num AC branches with possible violations in DCL contingencies: 0
num AC branches with possible violations in XFR contingencies: 0
t: 41, time: 0.001369476318359375, memory_info: {'rss bytes': 198574080, 'rss human': '189.4M', 'percent': 0.07351108661819827}
v_acl_k: [-0.02286434 -0.02447957]
acl_u[acl_delta_k]: [1 1]
num AC branches with possible violations in ACL contingencies: 0
num AC branches with possible violations in DCL contingencies: 0
num AC branches with possible violations in XFR contingencies: 0
t: 42, time: 0.0013804435729980469, memory_info: {'rss bytes': 198574080, 'rss human': '189.4M', 'percent': 0.07351108661819827}
v_acl_k: [-0.02286434 -0.02447957]
acl_u[acl_delta_k]: [1 1]
num AC branches with possible violations in ACL contingencies: 0
num AC branches with possible violations in DCL contingencies: 0
num AC branches with possible violations in XFR contingencies: 0
t: 43, time: 0.0013685226440429688, memory_info: {'rss bytes': 198574080, 'rss human': '189.4M', 'percent': 0.07351108661819827}
v_acl_k: [-0.02286434 -0.02447957]
acl_u[acl_delta_k]: [1 1]
num AC branches with possible violations in ACL contingencies: 0
num AC branches with possible violations in DCL contingencies: 0
num AC branches with possible violations in XFR contingencies: 0
t: 44, time: 0.0013778209686279297, memory_info: {'rss bytes': 198574080, 'rss human': '189.4M', 'percent': 0.07351108661819827}
v_acl_k: [-0.02286434 -0.02447957]
acl_u[acl_delta_k]: [1 1]
num AC branches with possible violations in ACL contingencies: 0
num AC branches with possible violations in DCL contingencies: 0
num AC branches with possible violations in XFR contingencies: 0
t: 45, time: 0.0013689994812011719, memory_info: {'rss bytes': 198574080, 'rss human': '189.4M', 'percent': 0.07351108661819827}
v_acl_k: [-0.02286434 -0.02447957]
acl_u[acl_delta_k]: [1 1]
num AC branches with possible violations in ACL contingencies: 0
num AC branches with possible violations in DCL contingencies: 0
num AC branches with possible violations in XFR contingencies: 0
t: 46, time: 0.001386404037475586, memory_info: {'rss bytes': 198574080, 'rss human': '189.4M', 'percent': 0.07351108661819827}
v_acl_k: [-0.02286434 -0.02447957]
acl_u[acl_delta_k]: [1 1]
num AC branches with possible violations in ACL contingencies: 0
num AC branches with possible violations in DCL contingencies: 0
num AC branches with possible violations in XFR contingencies: 0
t: 47, time: 0.0013699531555175781, memory_info: {'rss bytes': 198574080, 'rss human': '189.4M', 'percent': 0.07351108661819827}
initialize_m_w_time: 0.0004074573516845703
compute_static_w_time: 6.103515625e-05
get_time_varying_branch_characteristics_time: 0.0009107589721679688
construct_a_t_time: 0.014320135116577148
factor_a_t_time: 0.009685516357421875
compute_w_with_t_a_solve_time: 0.001940011978149414
compute_v_t_time: 7.62939453125e-06
compute_w_with_t_smw_time: 5.9604644775390625e-06
compute_v_time: 0.007909059524536133
compute_bus_theta_with_t_a_solve_time: 0.0008244514465332031
compute_bus_theta_with_t_smw_time: 6.9141387939453125e-06
compute_br_p_time: 0.003718137741088867
apply_w_v_wt_time: 0.0006222724914550781
compute_bus_dtheta_rhs_dcl_k_time: 0.004012346267700195
compute_w_v_wt_xfr_k_time: 0.004365205764770508
compute_bus_dtheta_rhs_xfr_k_time: 6.198883056640625e-06
compute_br_acl_delta_k_p_delta_time: 0.002896547317504883
compute_br_dcl_delta_k_p_delta_time: 0.002397298812866211
compute_br_xfr_delta_k_p_delta_time: 0.0023653507232666016
filter_branches_acl_k_time: 0.002440214157104492
filter_branches_dcl_k_time: 0.0010449886322021484
filter_branches_xfr_k_time: 0.0009698867797851562
compute_br_acl_delta_k_p_time: 0.00026988983154296875
compute_br_dcl_delta_k_p_time: 0.00014543533325195312
compute_br_xfr_delta_k_p_time: 0.00013399124145507812
compute_br_acl_delta_k_s_over_time: 0.0014834403991699219
compute_br_dcl_delta_k_s_over_time: 0.0006809234619140625
compute_br_xfr_delta_k_s_over_time: 0.0006480216979980469
zero_out_time: 0.00018334388732910156
get_max_br_acl_delta_k_s_over_time: 0.0013544559478759766
get_max_br_dcl_delta_k_s_over_time: 7.867813110351562e-06
get_max_br_xfr_delta_k_s_over_time: 4.76837158203125e-06
compute_br_k_z_time: 0.0011861324310302734
collect_penalties_into_obj_array_time: 0.0004906654357910156
end of contingency model method 1, memory info: {'rss bytes': 198574080, 'rss human': '189.4M', 'percent': 0.07351108661819827}
function: eval_post_contingency_model, time: 0.14785075187683105
function: eval_post_contingency_model, time: 0.1478583812713623
function: run, time: 0.25942039489746094
after solution_evaluator.run(), memory info: {'rss bytes': 198574080, 'rss human': '189.4M', 'percent': 0.07351108661819827}
evaluation summary:
{'feas': 1,
 'infeas': 0,
 'info_i_i_k_t_disconnected_ctg': {'idx': {0: None, 1: None, 2: None, 3: None},
                                   'val': 0},
 'info_i_i_t_disconnected_base': {'idx': {0: None, 1: None, 2: None}, 'val': 0},
 'phys_feas': 0,
 'sum_acl_t_u_sd': 0,
 'sum_acl_t_u_su': 0,
 'sum_acl_t_z_s': 0.0,
 'sum_acl_t_z_sd': 0.0,
 'sum_acl_t_z_su': 0.0,
 'sum_bus_t_z_p': 4927673711.154619,
 'sum_bus_t_z_q': 3271084770.052825,
 'sum_cs_t_z_p': -0.0,
 'sum_pr_t_z_p': 0.0,
 'sum_prz_t_z_nsc': 264.88171843199996,
 'sum_prz_t_z_rgd': 0.0,
 'sum_prz_t_z_rgu': 0.0,
 'sum_prz_t_z_rrd': 3.928,
 'sum_prz_t_z_rru': 4.067,
 'sum_prz_t_z_scr': 841.551292935,
 'sum_qrz_t_z_qrd': 0.0,
 'sum_qrz_t_z_qru': 0.0,
 'sum_sd_t_sd': 0,
 'sum_sd_t_su': 61,
 'sum_sd_t_z_nsc': 0.0,
 'sum_sd_t_z_on': 0.0,
 'sum_sd_t_z_qrd': 0.0,
 'sum_sd_t_z_qru': 0.0,
 'sum_sd_t_z_rgd': 0.0,
 'sum_sd_t_z_rgu': 0.0,
 'sum_sd_t_z_rrd_off': 0.0,
 'sum_sd_t_z_rrd_on': 0.0,
 'sum_sd_t_z_rru_off': 0.0,
 'sum_sd_t_z_rru_on': 0.0,
 'sum_sd_t_z_scr': 0.0,
 'sum_sd_t_z_sd': 0.0,
 'sum_sd_t_z_su': 0.0,
 'sum_sd_t_z_sus': 0.0,
 'sum_xfr_t_u_sd': 0,
 'sum_xfr_t_u_su': 0,
 'sum_xfr_t_z_s': 0.0,
 'sum_xfr_t_z_sd': 0.0,
 'sum_xfr_t_z_su': 0.0,
 'time_connectedness': 0.08577847480773926,
 'time_post_contingency': 0.1478567123413086,
 'time_run': 0.25941920280456543,
 'total_switches': 0,
 'viol_acl_acl_t_s_max_ctg': {'idx': {0: None, 1: None, 2: None}, 'val': 0.0},
 'viol_acl_dcl_t_s_max_ctg': {'idx': {0: None, 1: None, 2: None}, 'val': 0.0},
 'viol_acl_t_s_max': {'idx': {0: 'acl_000', 1: 0}, 'val': 0.0},
 'viol_acl_t_u_sd_max': {'idx': {0: 'acl_000', 1: 0}, 'val': 0},
 'viol_acl_t_u_su_max': {'idx': {0: 'acl_000', 1: 0}, 'val': 0},
 'viol_acl_xfr_t_s_max_ctg': {'idx': {0: None, 1: None, 2: None}, 'val': 0.0},
 'viol_bus_t_p_balance_max': {'idx': {0: 'bus_55', 1: 0},
                              'val': 6.600014981956657},
 'viol_bus_t_p_balance_min': {'idx': {0: 'bus_19', 1: 0},
                              'val': -2.3249814894347094},
 'viol_bus_t_q_balance_max': {'idx': {0: 'bus_41', 1: 0},
                              'val': 0.8199418027720068},
 'viol_bus_t_q_balance_min': {'idx': {0: 'bus_53', 1: 0},
                              'val': -9.345961455185739},
 'viol_bus_t_v_max': {'idx': {0: 'bus_00', 1: 0}, 'val': 0.0},
 'viol_bus_t_v_min': {'idx': {0: 'bus_00', 1: 0}, 'val': 0.0},
 'viol_cs_t_p_off_max': {'idx': {0: 'sd_154', 1: 0}, 'val': 0.0},
 'viol_cs_t_p_off_min': {'idx': {0: 'sd_154', 1: 0}, 'val': 0.0},
 'viol_cs_t_p_on_max': {'idx': {0: 'sd_154', 1: 0}, 'val': 0.0},
 'viol_cs_t_p_on_min': {'idx': {0: 'sd_154', 1: 0}, 'val': 0.0},
 'viol_cs_t_q_max': {'idx': {0: 'sd_154', 1: 0}, 'val': 0.0},
 'viol_cs_t_q_min': {'idx': {0: 'sd_154', 1: 0}, 'val': 0.0},
 'viol_cs_t_q_p_max': {'idx': {0: None, 1: None}, 'val': None},
 'viol_cs_t_q_p_min': {'idx': {0: None, 1: None}, 'val': None},
 'viol_dcl_t_p_max': {'idx': {0: 'dcl_0', 1: 0}, 'val': 0.0},
 'viol_dcl_t_p_min': {'idx': {0: 'dcl_0', 1: 0}, 'val': 0.0},
 'viol_dcl_t_q_fr_max': {'idx': {0: 'dcl_0', 1: 0}, 'val': 0.0},
 'viol_dcl_t_q_fr_min': {'idx': {0: 'dcl_0', 1: 0}, 'val': 0.0},
 'viol_dcl_t_q_to_max': {'idx': {0: 'dcl_0', 1: 0}, 'val': 0.0},
 'viol_dcl_t_q_to_min': {'idx': {0: 'dcl_0', 1: 0}, 'val': 0.0},
 'viol_pr_t_p_off_max': {'idx': {0: 'sd_000', 1: 0}, 'val': 0.0},
 'viol_pr_t_p_off_min': {'idx': {0: 'sd_000', 1: 0}, 'val': 0.0},
 'viol_pr_t_p_on_max': {'idx': {0: 'sd_000', 1: 0}, 'val': 0.0},
 'viol_pr_t_p_on_min': {'idx': {0: 'sd_000', 1: 0}, 'val': 0.0},
 'viol_pr_t_q_max': {'idx': {0: 'sd_000', 1: 0}, 'val': 0.0},
 'viol_pr_t_q_min': {'idx': {0: 'sd_000', 1: 0}, 'val': 0.0},
 'viol_pr_t_q_p_max': {'idx': {0: None, 1: None}, 'val': None},
 'viol_pr_t_q_p_min': {'idx': {0: None, 1: None}, 'val': None},
 'viol_prz_t_p_nsc_balance': {'idx': {0: 'prz_0', 1: 0},
                              'val': 0.25060837199999997},
 'viol_prz_t_p_rgd_balance': {'idx': {0: 'prz_0', 1: 0}, 'val': 0.0},
 'viol_prz_t_p_rgu_balance': {'idx': {0: 'prz_0', 1: 0}, 'val': 0.0},
 'viol_prz_t_p_rrd_balance': {'idx': {0: 'prz_0', 1: 32},
                              'val': 0.9899999999999999},
 'viol_prz_t_p_rru_balance': {'idx': {0: 'prz_0', 1: 39}, 'val': 1.02},
 'viol_prz_t_p_scr_balance': {'idx': {0: 'prz_0', 1: 0}, 'val': 0.062652093},
 'viol_qrz_t_q_qrd_balance': {'idx': {0: 'qrz_0', 1: 0}, 'val': 0.0},
 'viol_qrz_t_q_qru_balance': {'idx': {0: 'qrz_0', 1: 0}, 'val': 0.0},
 'viol_sd_max_energy_constr': {'idx': {0: 'sd_000', 1: 0}, 'val': 0.0},
 'viol_sd_max_startup_constr': {'idx': {0: 'sd_000', 1: 0}, 'val': 0},
 'viol_sd_min_energy_constr': {'idx': {0: 'sd_000', 1: 0}, 'val': 0.0},
 'viol_sd_t_d_dn_min': {'idx': {0: 'sd_000', 1: 0}, 'val': 0},
 'viol_sd_t_d_up_min': {'idx': {0: 'sd_000', 1: 0}, 'val': 0},
 'viol_sd_t_p_nsc_max': {'idx': {0: 'sd_000', 1: 0}, 'val': 0.0},
 'viol_sd_t_p_nsc_nonneg': {'idx': {0: 'sd_000', 1: 0}, 'val': -0.0},
 'viol_sd_t_p_ramp_dn_max': {'idx': {0: 'sd_000', 1: 0}, 'val': 0.0},
 'viol_sd_t_p_ramp_up_max': {'idx': {0: 'sd_000', 1: 0}, 'val': 0.0},
 'viol_sd_t_p_rgd_max': {'idx': {0: 'sd_000', 1: 0}, 'val': 0.0},
 'viol_sd_t_p_rgd_nonneg': {'idx': {0: 'sd_000', 1: 0}, 'val': -0.0},
 'viol_sd_t_p_rgu_max': {'idx': {0: 'sd_000', 1: 0}, 'val': 0.0},
 'viol_sd_t_p_rgu_nonneg': {'idx': {0: 'sd_000', 1: 0}, 'val': -0.0},
 'viol_sd_t_p_rrd_off_max': {'idx': {0: 'sd_000', 1: 0}, 'val': 0.0},
 'viol_sd_t_p_rrd_off_nonneg': {'idx': {0: 'sd_000', 1: 0}, 'val': -0.0},
 'viol_sd_t_p_rrd_on_max': {'idx': {0: 'sd_000', 1: 0}, 'val': 0.0},
 'viol_sd_t_p_rrd_on_nonneg': {'idx': {0: 'sd_000', 1: 0}, 'val': -0.0},
 'viol_sd_t_p_rru_off_max': {'idx': {0: 'sd_000', 1: 0}, 'val': 0.0},
 'viol_sd_t_p_rru_off_nonneg': {'idx': {0: 'sd_000', 1: 0}, 'val': -0.0},
 'viol_sd_t_p_rru_on_max': {'idx': {0: 'sd_000', 1: 0}, 'val': 0.0},
 'viol_sd_t_p_rru_on_nonneg': {'idx': {0: 'sd_000', 1: 0}, 'val': -0.0},
 'viol_sd_t_p_scr_max': {'idx': {0: 'sd_000', 1: 0}, 'val': 0.0},
 'viol_sd_t_p_scr_nonneg': {'idx': {0: 'sd_000', 1: 0}, 'val': -0.0},
 'viol_sd_t_q_qrd_nonneg': {'idx': {0: 'sd_000', 1: 0}, 'val': -0.0},
 'viol_sd_t_q_qru_nonneg': {'idx': {0: 'sd_000', 1: 0}, 'val': -0.0},
 'viol_sd_t_u_on_max': {'idx': {0: 'sd_000', 1: 0}, 'val': 0},
 'viol_sd_t_u_on_min': {'idx': {0: 'sd_000', 1: 0}, 'val': 0},
 'viol_sh_t_u_st_max': {'idx': {0: 'sh_00', 1: 0}, 'val': 0},
 'viol_sh_t_u_st_min': {'idx': {0: 'sh_00', 1: 0}, 'val': 0},
 'viol_t_connected_base': {'idx': {0: 0}, 'val': 0},
 'viol_t_connected_ctg': {'idx': {0: 0}, 'val': 0},
 'viol_xfr_acl_t_s_max_ctg': {'idx': {0: None, 1: None, 2: None}, 'val': 0.0},
 'viol_xfr_dcl_t_s_max_ctg': {'idx': {0: None, 1: None, 2: None}, 'val': 0.0},
 'viol_xfr_t_phi_max': {'idx': {0: 'xfr_00', 1: 0}, 'val': 0.0},
 'viol_xfr_t_phi_min': {'idx': {0: 'xfr_00', 1: 0}, 'val': 0.0},
 'viol_xfr_t_s_max': {'idx': {0: 'xfr_00', 1: 0}, 'val': 0.0},
 'viol_xfr_t_tau_max': {'idx': {0: 'xfr_00', 1: 0}, 'val': 0.0},
 'viol_xfr_t_tau_min': {'idx': {0: 'xfr_00', 1: 0}, 'val': 0.0},
 'viol_xfr_t_u_sd_max': {'idx': {0: 'xfr_00', 1: 0}, 'val': 0},
 'viol_xfr_t_u_su_max': {'idx': {0: 'xfr_00', 1: 0}, 'val': 0},
 'viol_xfr_xfr_t_s_max_ctg': {'idx': {0: None, 1: None, 2: None}, 'val': 0.0},
 'z': -8198759595.635455,
 'z_base': -8198759595.635455,
 'z_cost': 0.0,
 'z_k_average_case': 0.0,
 'z_k_worst_case': 0.0,
 'z_max_energy': 0.0,
 'z_min_energy': 0.0,
 'z_penalty': 8198759595.635455,
 'z_value': -0.0}
infeasibility summary:
{}
feas: 1
obj: -8198759595.635455
evaluate solution time: 0.2676882743835449
end of check_data(), memory info: {'rss bytes': 199364608, 'rss human': '190.1M', 'percent': 0.07380373595230125}
