/rcfs/dtn/arpacomp/.conda/envs/goc_eval/lib/python3.10/site-packages/scipy/sparse/linalg/_dsolve/linsolve.py:347: SparseEfficiencyWarning: splu converted its input to CSC format
  warn('splu converted its input to CSC format', SparseEfficiencyWarning)
args:
Namespace(problem_opt=None, problem='/qfs/projects/goc/share/data/C3/E3.1/D2//C3E3N00073D2/scenario_231.json_scrubbed.json', solution='/qfs/projects/goc/share/data/C3/E3.1/D2//C3E3N00073D2/scenario_231.json.pop_solution.json', configuration=None, parameters='{}', summary_csv='summary.csv', summary_json='summary.json', data_errors='data_errors.txt', ignored_errors='ignored_errors.txt', solution_errors='solution_errors.txt', pop_solution=None, scrubbed_problem=None)
problem data file: /qfs/projects/goc/share/data/C3/E3.1/D2//C3E3N00073D2/scenario_231.json_scrubbed.json

pop solution data file: None

solution data file: /qfs/projects/goc/share/data/C3/E3.1/D2//C3E3N00073D2/scenario_231.json.pop_solution.json

git info: {'C3DataUtilities': {'branch': 'main', 'commit': '59dd7f47974aa54c2f26998163730b14ab3a6b97', 'date': 'Wed Jun 7 09:10:06 2023 -0700', 'query_return_code': 0, 'query_err': '', 'branch_return_code': 0, 'branch_err': '', 'query_path': '/qfs/projects/goc/share/loadbalancing/src/nonmpi-template/Challenge3/C3DataUtilities/datautilities', 'query_out': 'commit 59dd7f47974aa54c2f26998163730b14ab3a6b97\nAuthor: Jesse T Holzer <jesse.holzer@pnnl.gov>\nDate:   Wed Jun 7 09:10:06 2023 -0700\n\n    add git branch to summary output\n', 'branch_out': '  dev\n* main\n'}, 'Bid-DS-data-model': {'branch': None, 'commit': None, 'date': None, 'query_return_code': 128, 'query_err': 'fatal: Not a git repository (or any parent up to mount point /rcfs)\nStopping at filesystem boundary (GIT_DISCOVERY_ACROSS_FILESYSTEM not set).\n', 'branch_return_code': None, 'branch_err': None, 'query_path': '/rcfs/dtn/arpacomp/.conda/envs/goc_eval/lib/python3.10/site-packages/datamodel', 'query_out': ''}}

after reading problem without validation, memory info: {'rss bytes': 124182528, 'rss human': '118.4M', 'percent': 0.045971722856652956}
read problem data file without validation time: 0.06781840324401855
after reading problem with validation, memory info: {'rss bytes': 144502784, 'rss human': '137.8M', 'percent': 0.05349417542911338}
load time: 0.5154285430908203
{'error_diagnostics': '',
 'general': {'base_norm_mva': 100.0,
             'day_type': None,
             'electricity_demand': None,
             'net_load': None,
             'season': None,
             'solar_availability': None,
             'timestamp_start': None,
             'timestamp_stop': None,
             'vre_availability': None,
             'weather_temperature': None,
             'wind_availability': None},
 'interval durations': [1.0,
                        1.0,
                        1.0,
                        1.0,
                        1.0,
                        1.0,
                        1.0,
                        1.0,
                        1.0,
                        1.0,
                        1.0,
                        1.0,
                        1.0,
                        1.0,
                        1.0,
                        1.0,
                        1.0,
                        1.0,
                        1.0,
                        1.0,
                        1.0,
                        1.0,
                        1.0,
                        1.0,
                        1.0,
                        1.0,
                        1.0,
                        1.0,
                        1.0,
                        1.0,
                        1.0,
                        1.0,
                        1.0,
                        1.0,
                        1.0,
                        1.0,
                        1.0,
                        1.0,
                        1.0,
                        1.0,
                        1.0,
                        1.0,
                        1.0,
                        1.0,
                        1.0,
                        1.0,
                        1.0,
                        1.0],
 'num ac lines': 105,
 'num buses': 73,
 'num consuming devices': 51,
 'num contingencies': 2,
 'num dc lines': 1,
 'num intervals': 48,
 'num producing devices': 154,
 'num reactive power reserve zones': 1,
 'num real power reserve zones': 1,
 'num shunts': 73,
 'num simple dispatchable devices': 205,
 'num transformers': 15,
 'total duration': 48.0,
 'violation costs': {'e_vio_cost': 900000.0,
                     'p_bus_vio_cost': 1000000.0,
                     'q_bus_vio_cost': 1000000.0,
                     's_vio_cost': 500.0}}
after read solution without validation, memory info: {'rss bytes': 148287488, 'rss human': '141.4M', 'percent': 0.0548952530701038}
read solution data file without validation time: 0.0165407657623291
after read solution with validation, memory info: {'rss bytes': 155316224, 'rss human': '148.1M', 'percent': 0.0574972544033717}
solution load time: 0.24644255638122559
after solution_model_checks(), memory info: {'rss bytes': 155316224, 'rss human': '148.1M', 'percent': 0.0574972544033717}
solution model_checks time: 0.0012323856353759766
{'error_diagnostics': ''}
after problem_data_array.set_from_data_model(), memory info: {'rss bytes': 158531584, 'rss human': '151.2M', 'percent': 0.05868756387109624}
convert problem data to numpy arrays time: 0.046756744384765625
after solution_data_array.set_from_data_model(), memory info: {'rss bytes': 159883264, 'rss human': '152.5M', 'percent': 0.05918794874287854}
convert solution data to numpy arrays time: 0.007465839385986328
function: set_summary, time: 0.00015163421630859375
function: set_problem, time: 7.152557373046875e-07
function: set_solution, time: 3.814697265625e-06
function: set_solution_zero, time: 0.00019216537475585938
function: set_work_zero, time: 0.00016880035400390625
function: set_matrices, time: 0.003619670867919922
function: __init__, time: 0.0041615962982177734
function: eval_sd_t_d_up_dn, time: 0.0008344650268554688
function: eval_sd_max_startup, time: 0.00241851806640625
function: eval_sd_t_z_sus, time: 0.0014760494232177734
function: eval_acl_t_p_q_fr_to, time: 0.0003452301025390625
function: eval_xfr_t_p_q_fr_to, time: 0.00012135505676269531
function: eval_sd_t_su_sd_trajectories, time: 0.0001277923583984375
function: eval_sd_max_energy, time: 0.0013077259063720703
function: eval_sd_min_energy, time: 0.0012905597686767578
function: eval_sd_t_z_p, time: 0.011251211166381836
function: eval_bus_t_p, time: 0.0005848407745361328
function: eval_bus_t_q, time: 0.00017762184143066406
sd_t_p_rgu sum: 0.0
prz_sigma_rgu max: 0.03
prz_t_p_rgu_req max: 0.0
sd_t_p_rgd sum: 0.0
prz_sigma_rgd max: 0.03
prz_t_p_rgd_req max: 0.0
sd_t_p_scr sum: 0.0
prz_sigma_scr max: 0.1
prz_t_p_scr_req max: 0.8469999
sd_t_p_nsc sum: 0.0
prz_sigma_nsc max: 0.3
prz_t_p_nsc_req max: 2.5409997
sd_t_p_rru sum: 0.0
prz_t_p_rru_min max: 1.02
sd_t_p_rrd sum: 0.0
prz_t_p_rrd_min max: 0.9899999999999999
sd_t_p_qru sum: 0.0
qrz_t_q_qru_min max: 0.0
sd_t_p_qrd sum: 0.0
qrz_t_q_qrd_min max: 0.0
function: get_connected_components, time: 0.000614166259765625
function: get_bridges, time: 0.001598358154296875
function: get_connected_components, time: 0.0003352165222167969
function: get_bridges, time: 0.0015230178833007812
function: get_connected_components, time: 0.0003311634063720703
function: get_bridges, time: 0.0013592243194580078
function: get_connected_components, time: 0.00032711029052734375
function: get_bridges, time: 0.0013363361358642578
function: get_connected_components, time: 0.0003304481506347656
function: get_bridges, time: 0.0013289451599121094
function: get_connected_components, time: 0.0003268718719482422
function: get_bridges, time: 0.0013318061828613281
function: get_connected_components, time: 0.00032782554626464844
function: get_bridges, time: 0.0013394355773925781
function: get_connected_components, time: 0.0003235340118408203
function: get_bridges, time: 0.0013272762298583984
function: get_connected_components, time: 0.0003266334533691406
function: get_bridges, time: 0.0013277530670166016
function: get_connected_components, time: 0.0003287792205810547
function: get_bridges, time: 0.0013682842254638672
function: get_connected_components, time: 0.0003228187561035156
function: get_bridges, time: 0.0013337135314941406
function: get_connected_components, time: 0.00032448768615722656
function: get_bridges, time: 0.0013353824615478516
function: get_connected_components, time: 0.00032806396484375
function: get_bridges, time: 0.0013358592987060547
function: get_connected_components, time: 0.0003228187561035156
function: get_bridges, time: 0.001495361328125
function: get_connected_components, time: 0.00032639503479003906
function: get_bridges, time: 0.0013332366943359375
function: get_connected_components, time: 0.0003230571746826172
function: get_bridges, time: 0.0013270378112792969
function: get_connected_components, time: 0.0003285408020019531
function: get_bridges, time: 0.0013422966003417969
function: get_connected_components, time: 0.00033020973205566406
function: get_bridges, time: 0.0013692378997802734
function: get_connected_components, time: 0.0003256797790527344
function: get_bridges, time: 0.0013720989227294922
function: get_connected_components, time: 0.0003457069396972656
function: get_bridges, time: 0.001348733901977539
function: get_connected_components, time: 0.00032520294189453125
function: get_bridges, time: 0.0013239383697509766
function: get_connected_components, time: 0.0003285408020019531
function: get_bridges, time: 0.0013244152069091797
function: get_connected_components, time: 0.00032591819763183594
function: get_bridges, time: 0.0013284683227539062
function: get_connected_components, time: 0.00032520294189453125
function: get_bridges, time: 0.0013265609741210938
function: get_connected_components, time: 0.0003275871276855469
function: get_bridges, time: 0.0013260841369628906
function: get_connected_components, time: 0.0003261566162109375
function: get_bridges, time: 0.0014896392822265625
function: get_connected_components, time: 0.0003211498260498047
function: get_bridges, time: 0.0013251304626464844
function: get_connected_components, time: 0.00033020973205566406
function: get_bridges, time: 0.0013155937194824219
function: get_connected_components, time: 0.0003228187561035156
function: get_bridges, time: 0.0013208389282226562
function: get_connected_components, time: 0.00032639503479003906
function: get_bridges, time: 0.001318216323852539
function: get_connected_components, time: 0.00032329559326171875
function: get_bridges, time: 0.0013241767883300781
function: get_connected_components, time: 0.000331878662109375
function: get_bridges, time: 0.0013484954833984375
function: get_connected_components, time: 0.0003254413604736328
function: get_bridges, time: 0.0013153553009033203
function: get_connected_components, time: 0.00032591819763183594
function: get_bridges, time: 0.0013208389282226562
function: get_connected_components, time: 0.0003230571746826172
function: get_bridges, time: 0.001329183578491211
function: get_connected_components, time: 0.0003211498260498047
function: get_bridges, time: 0.0013206005096435547
function: get_connected_components, time: 0.0003273487091064453
function: get_bridges, time: 0.0013246536254882812
function: get_connected_components, time: 0.0003249645233154297
function: get_bridges, time: 0.001486063003540039
function: get_connected_components, time: 0.00032711029052734375
function: get_bridges, time: 0.0013628005981445312
function: get_connected_components, time: 0.0003247261047363281
function: get_bridges, time: 0.001318216323852539
function: get_connected_components, time: 0.00032806396484375
function: get_bridges, time: 0.0013227462768554688
function: get_connected_components, time: 0.0003249645233154297
function: get_bridges, time: 0.001317739486694336
function: get_connected_components, time: 0.00033092498779296875
function: get_bridges, time: 0.0013203620910644531
function: get_connected_components, time: 0.00032401084899902344
function: get_bridges, time: 0.0013244152069091797
function: get_connected_components, time: 0.0003266334533691406
function: get_bridges, time: 0.0013110637664794922
function: get_connected_components, time: 0.00032639503479003906
function: get_bridges, time: 0.0013263225555419922
function: get_connected_components, time: 0.00032138824462890625
function: get_bridges, time: 0.0013191699981689453
function: get_connected_components, time: 0.0003211498260498047
function: get_bridges, time: 0.0013229846954345703
end of eval_connectedness(), memory info: {'rss bytes': 162287616, 'rss human': '154.8M', 'percent': 0.0600780272875337}
function: eval_connectedness, time: 0.0848395824432373
problem dimensions. bus: 73, acl: 105, xfr: 15, dcl: 1, k: 2, t: 48
construct static bus admittance matrix. time: 0.0010213851928710938
factor static bus admittance matrix. time: 0.004821300506591797
t_acl_delta_t: [array([], dtype=int64), array([], dtype=int64), array([], dtype=int64), array([], dtype=int64), array([], dtype=int64), array([], dtype=int64), array([], dtype=int64), array([], dtype=int64), array([], dtype=int64), array([], dtype=int64), array([], dtype=int64), array([], dtype=int64), array([], dtype=int64), array([], dtype=int64), array([], dtype=int64), array([], dtype=int64), array([], dtype=int64), array([], dtype=int64), array([], dtype=int64), array([], dtype=int64), array([], dtype=int64), array([], dtype=int64), array([], dtype=int64), array([], dtype=int64), array([], dtype=int64), array([], dtype=int64), array([], dtype=int64), array([], dtype=int64), array([], dtype=int64), array([], dtype=int64), array([], dtype=int64), array([], dtype=int64), array([], dtype=int64), array([], dtype=int64), array([], dtype=int64), array([], dtype=int64), array([], dtype=int64), array([], dtype=int64), array([], dtype=int64), array([], dtype=int64), array([], dtype=int64), array([], dtype=int64), array([], dtype=int64), array([], dtype=int64), array([], dtype=int64), array([], dtype=int64), array([], dtype=int64), array([], dtype=int64)], t_xfr_delta_t: [array([], dtype=int64), array([], dtype=int64), array([], dtype=int64), array([], dtype=int64), array([], dtype=int64), array([], dtype=int64), array([], dtype=int64), array([], dtype=int64), array([], dtype=int64), array([], dtype=int64), array([], dtype=int64), array([], dtype=int64), array([], dtype=int64), array([], dtype=int64), array([], dtype=int64), array([], dtype=int64), array([], dtype=int64), array([], dtype=int64), array([], dtype=int64), array([], dtype=int64), array([], dtype=int64), array([], dtype=int64), array([], dtype=int64), array([], dtype=int64), array([], dtype=int64), array([], dtype=int64), array([], dtype=int64), array([], dtype=int64), array([], dtype=int64), array([], dtype=int64), array([], dtype=int64), array([], dtype=int64), array([], dtype=int64), array([], dtype=int64), array([], dtype=int64), array([], dtype=int64), array([], dtype=int64), array([], dtype=int64), array([], dtype=int64), array([], dtype=int64), array([], dtype=int64), array([], dtype=int64), array([], dtype=int64), array([], dtype=int64), array([], dtype=int64), array([], dtype=int64), array([], dtype=int64), array([], dtype=int64)], t_br_delta_t: [array([], dtype=int64), array([], dtype=int64), array([], dtype=int64), array([], dtype=int64), array([], dtype=int64), array([], dtype=int64), array([], dtype=int64), array([], dtype=int64), array([], dtype=int64), array([], dtype=int64), array([], dtype=int64), array([], dtype=int64), array([], dtype=int64), array([], dtype=int64), array([], dtype=int64), array([], dtype=int64), array([], dtype=int64), array([], dtype=int64), array([], dtype=int64), array([], dtype=int64), array([], dtype=int64), array([], dtype=int64), array([], dtype=int64), array([], dtype=int64), array([], dtype=int64), array([], dtype=int64), array([], dtype=int64), array([], dtype=int64), array([], dtype=int64), array([], dtype=int64), array([], dtype=int64), array([], dtype=int64), array([], dtype=int64), array([], dtype=int64), array([], dtype=int64), array([], dtype=int64), array([], dtype=int64), array([], dtype=int64), array([], dtype=int64), array([], dtype=int64), array([], dtype=int64), array([], dtype=int64), array([], dtype=int64), array([], dtype=int64), array([], dtype=int64), array([], dtype=int64), array([], dtype=int64), array([], dtype=int64)], acl_delta_t: [], xfr_delta_t: [], br_delta_t: []
contingency delta branches. acl: 2, xfr: 0, dcl: 0
construct bus,t-indexed right hand side. time: 0.00013566017150878906
solve for base case bus,t-indexed theta. time: 0.060675621032714844
v_acl_k: [-0.02286434 -0.02447957]
acl_u[acl_delta_k]: [1 1]
num AC branches with possible violations in ACL contingencies: 2
num AC branches with possible violations in DCL contingencies: 2
num AC branches with possible violations in XFR contingencies: 2
t: 0, time: 0.00400853157043457, memory_info: {'rss bytes': 217604096, 'rss human': '207.5M', 'percent': 0.08055589908577561}
v_acl_k: [-0.02286434 -0.02447957]
acl_u[acl_delta_k]: [1 1]
num AC branches with possible violations in ACL contingencies: 2
num AC branches with possible violations in DCL contingencies: 2
num AC branches with possible violations in XFR contingencies: 2
t: 1, time: 0.0014808177947998047, memory_info: {'rss bytes': 217604096, 'rss human': '207.5M', 'percent': 0.08055589908577561}
v_acl_k: [-0.02286434 -0.02447957]
acl_u[acl_delta_k]: [1 1]
num AC branches with possible violations in ACL contingencies: 2
num AC branches with possible violations in DCL contingencies: 2
num AC branches with possible violations in XFR contingencies: 2
t: 2, time: 0.0014488697052001953, memory_info: {'rss bytes': 217604096, 'rss human': '207.5M', 'percent': 0.08055589908577561}
v_acl_k: [-0.02286434 -0.02447957]
acl_u[acl_delta_k]: [1 1]
num AC branches with possible violations in ACL contingencies: 2
num AC branches with possible violations in DCL contingencies: 2
num AC branches with possible violations in XFR contingencies: 2
t: 3, time: 0.0014278888702392578, memory_info: {'rss bytes': 217604096, 'rss human': '207.5M', 'percent': 0.08055589908577561}
v_acl_k: [-0.02286434 -0.02447957]
acl_u[acl_delta_k]: [1 1]
num AC branches with possible violations in ACL contingencies: 2
num AC branches with possible violations in DCL contingencies: 2
num AC branches with possible violations in XFR contingencies: 2
t: 4, time: 0.0014221668243408203, memory_info: {'rss bytes': 217604096, 'rss human': '207.5M', 'percent': 0.08055589908577561}
v_acl_k: [-0.02286434 -0.02447957]
acl_u[acl_delta_k]: [1 1]
num AC branches with possible violations in ACL contingencies: 2
num AC branches with possible violations in DCL contingencies: 2
num AC branches with possible violations in XFR contingencies: 2
t: 5, time: 0.0014154911041259766, memory_info: {'rss bytes': 217604096, 'rss human': '207.5M', 'percent': 0.08055589908577561}
v_acl_k: [-0.02286434 -0.02447957]
acl_u[acl_delta_k]: [1 1]
num AC branches with possible violations in ACL contingencies: 1
num AC branches with possible violations in DCL contingencies: 1
num AC branches with possible violations in XFR contingencies: 1
t: 6, time: 0.0014071464538574219, memory_info: {'rss bytes': 217604096, 'rss human': '207.5M', 'percent': 0.08055589908577561}
v_acl_k: [-0.02286434 -0.02447957]
acl_u[acl_delta_k]: [1 1]
num AC branches with possible violations in ACL contingencies: 2
num AC branches with possible violations in DCL contingencies: 2
num AC branches with possible violations in XFR contingencies: 2
t: 7, time: 0.011777400970458984, memory_info: {'rss bytes': 217604096, 'rss human': '207.5M', 'percent': 0.08055589908577561}
v_acl_k: [-0.02286434 -0.02447957]
acl_u[acl_delta_k]: [1 1]
num AC branches with possible violations in ACL contingencies: 2
num AC branches with possible violations in DCL contingencies: 2
num AC branches with possible violations in XFR contingencies: 2
t: 8, time: 0.0014116764068603516, memory_info: {'rss bytes': 217604096, 'rss human': '207.5M', 'percent': 0.08055589908577561}
v_acl_k: [-0.02286434 -0.02447957]
acl_u[acl_delta_k]: [1 1]
num AC branches with possible violations in ACL contingencies: 2
num AC branches with possible violations in DCL contingencies: 2
num AC branches with possible violations in XFR contingencies: 2
t: 9, time: 0.001413106918334961, memory_info: {'rss bytes': 217604096, 'rss human': '207.5M', 'percent': 0.08055589908577561}
v_acl_k: [-0.02286434 -0.02447957]
acl_u[acl_delta_k]: [1 1]
num AC branches with possible violations in ACL contingencies: 2
num AC branches with possible violations in DCL contingencies: 2
num AC branches with possible violations in XFR contingencies: 2
t: 10, time: 0.0014109611511230469, memory_info: {'rss bytes': 217604096, 'rss human': '207.5M', 'percent': 0.08055589908577561}
v_acl_k: [-0.02286434 -0.02447957]
acl_u[acl_delta_k]: [1 1]
num AC branches with possible violations in ACL contingencies: 2
num AC branches with possible violations in DCL contingencies: 2
num AC branches with possible violations in XFR contingencies: 2
t: 11, time: 0.001407623291015625, memory_info: {'rss bytes': 217604096, 'rss human': '207.5M', 'percent': 0.08055589908577561}
v_acl_k: [-0.02286434 -0.02447957]
acl_u[acl_delta_k]: [1 1]
num AC branches with possible violations in ACL contingencies: 2
num AC branches with possible violations in DCL contingencies: 2
num AC branches with possible violations in XFR contingencies: 2
t: 12, time: 0.0014109611511230469, memory_info: {'rss bytes': 217604096, 'rss human': '207.5M', 'percent': 0.08055589908577561}
v_acl_k: [-0.02286434 -0.02447957]
acl_u[acl_delta_k]: [1 1]
num AC branches with possible violations in ACL contingencies: 2
num AC branches with possible violations in DCL contingencies: 2
num AC branches with possible violations in XFR contingencies: 2
t: 13, time: 0.0013964176177978516, memory_info: {'rss bytes': 217604096, 'rss human': '207.5M', 'percent': 0.08055589908577561}
v_acl_k: [-0.02286434 -0.02447957]
acl_u[acl_delta_k]: [1 1]
num AC branches with possible violations in ACL contingencies: 2
num AC branches with possible violations in DCL contingencies: 2
num AC branches with possible violations in XFR contingencies: 2
t: 14, time: 0.01204228401184082, memory_info: {'rss bytes': 217604096, 'rss human': '207.5M', 'percent': 0.08055589908577561}
v_acl_k: [-0.02286434 -0.02447957]
acl_u[acl_delta_k]: [1 1]
num AC branches with possible violations in ACL contingencies: 2
num AC branches with possible violations in DCL contingencies: 2
num AC branches with possible violations in XFR contingencies: 2
t: 15, time: 0.00140380859375, memory_info: {'rss bytes': 217604096, 'rss human': '207.5M', 'percent': 0.08055589908577561}
v_acl_k: [-0.02286434 -0.02447957]
acl_u[acl_delta_k]: [1 1]
num AC branches with possible violations in ACL contingencies: 2
num AC branches with possible violations in DCL contingencies: 2
num AC branches with possible violations in XFR contingencies: 2
t: 16, time: 0.001397848129272461, memory_info: {'rss bytes': 217604096, 'rss human': '207.5M', 'percent': 0.08055589908577561}
v_acl_k: [-0.02286434 -0.02447957]
acl_u[acl_delta_k]: [1 1]
num AC branches with possible violations in ACL contingencies: 2
num AC branches with possible violations in DCL contingencies: 2
num AC branches with possible violations in XFR contingencies: 2
t: 17, time: 0.0014004707336425781, memory_info: {'rss bytes': 217604096, 'rss human': '207.5M', 'percent': 0.08055589908577561}
v_acl_k: [-0.02286434 -0.02447957]
acl_u[acl_delta_k]: [1 1]
num AC branches with possible violations in ACL contingencies: 2
num AC branches with possible violations in DCL contingencies: 2
num AC branches with possible violations in XFR contingencies: 2
t: 18, time: 0.0013873577117919922, memory_info: {'rss bytes': 217604096, 'rss human': '207.5M', 'percent': 0.08055589908577561}
v_acl_k: [-0.02286434 -0.02447957]
acl_u[acl_delta_k]: [1 1]
num AC branches with possible violations in ACL contingencies: 2
num AC branches with possible violations in DCL contingencies: 2
num AC branches with possible violations in XFR contingencies: 2
t: 19, time: 0.0013964176177978516, memory_info: {'rss bytes': 217604096, 'rss human': '207.5M', 'percent': 0.08055589908577561}
v_acl_k: [-0.02286434 -0.02447957]
acl_u[acl_delta_k]: [1 1]
num AC branches with possible violations in ACL contingencies: 2
num AC branches with possible violations in DCL contingencies: 2
num AC branches with possible violations in XFR contingencies: 2
t: 20, time: 0.0013849735260009766, memory_info: {'rss bytes': 217604096, 'rss human': '207.5M', 'percent': 0.08055589908577561}
v_acl_k: [-0.02286434 -0.02447957]
acl_u[acl_delta_k]: [1 1]
num AC branches with possible violations in ACL contingencies: 2
num AC branches with possible violations in DCL contingencies: 2
num AC branches with possible violations in XFR contingencies: 2
t: 21, time: 0.011774063110351562, memory_info: {'rss bytes': 217604096, 'rss human': '207.5M', 'percent': 0.08055589908577561}
v_acl_k: [-0.02286434 -0.02447957]
acl_u[acl_delta_k]: [1 1]
num AC branches with possible violations in ACL contingencies: 2
num AC branches with possible violations in DCL contingencies: 2
num AC branches with possible violations in XFR contingencies: 2
t: 22, time: 0.001397848129272461, memory_info: {'rss bytes': 217604096, 'rss human': '207.5M', 'percent': 0.08055589908577561}
v_acl_k: [-0.02286434 -0.02447957]
acl_u[acl_delta_k]: [1 1]
num AC branches with possible violations in ACL contingencies: 2
num AC branches with possible violations in DCL contingencies: 2
num AC branches with possible violations in XFR contingencies: 2
t: 23, time: 0.0013854503631591797, memory_info: {'rss bytes': 217604096, 'rss human': '207.5M', 'percent': 0.08055589908577561}
v_acl_k: [-0.02286434 -0.02447957]
acl_u[acl_delta_k]: [1 1]
num AC branches with possible violations in ACL contingencies: 2
num AC branches with possible violations in DCL contingencies: 2
num AC branches with possible violations in XFR contingencies: 2
t: 24, time: 0.0013952255249023438, memory_info: {'rss bytes': 217604096, 'rss human': '207.5M', 'percent': 0.08055589908577561}
v_acl_k: [-0.02286434 -0.02447957]
acl_u[acl_delta_k]: [1 1]
num AC branches with possible violations in ACL contingencies: 2
num AC branches with possible violations in DCL contingencies: 2
num AC branches with possible violations in XFR contingencies: 2
t: 25, time: 0.0013856887817382812, memory_info: {'rss bytes': 217604096, 'rss human': '207.5M', 'percent': 0.08055589908577561}
v_acl_k: [-0.02286434 -0.02447957]
acl_u[acl_delta_k]: [1 1]
num AC branches with possible violations in ACL contingencies: 2
num AC branches with possible violations in DCL contingencies: 2
num AC branches with possible violations in XFR contingencies: 2
t: 26, time: 0.0013897418975830078, memory_info: {'rss bytes': 217604096, 'rss human': '207.5M', 'percent': 0.08055589908577561}
v_acl_k: [-0.02286434 -0.02447957]
acl_u[acl_delta_k]: [1 1]
num AC branches with possible violations in ACL contingencies: 2
num AC branches with possible violations in DCL contingencies: 2
num AC branches with possible violations in XFR contingencies: 2
t: 27, time: 0.0013856887817382812, memory_info: {'rss bytes': 217604096, 'rss human': '207.5M', 'percent': 0.08055589908577561}
v_acl_k: [-0.02286434 -0.02447957]
acl_u[acl_delta_k]: [1 1]
num AC branches with possible violations in ACL contingencies: 2
num AC branches with possible violations in DCL contingencies: 2
num AC branches with possible violations in XFR contingencies: 2
t: 28, time: 0.012024641036987305, memory_info: {'rss bytes': 217604096, 'rss human': '207.5M', 'percent': 0.08055589908577561}
v_acl_k: [-0.02286434 -0.02447957]
acl_u[acl_delta_k]: [1 1]
num AC branches with possible violations in ACL contingencies: 2
num AC branches with possible violations in DCL contingencies: 2
num AC branches with possible violations in XFR contingencies: 2
t: 29, time: 0.0013976097106933594, memory_info: {'rss bytes': 217604096, 'rss human': '207.5M', 'percent': 0.08055589908577561}
v_acl_k: [-0.02286434 -0.02447957]
acl_u[acl_delta_k]: [1 1]
num AC branches with possible violations in ACL contingencies: 2
num AC branches with possible violations in DCL contingencies: 2
num AC branches with possible violations in XFR contingencies: 2
t: 30, time: 0.0013885498046875, memory_info: {'rss bytes': 217604096, 'rss human': '207.5M', 'percent': 0.08055589908577561}
v_acl_k: [-0.02286434 -0.02447957]
acl_u[acl_delta_k]: [1 1]
num AC branches with possible violations in ACL contingencies: 1
num AC branches with possible violations in DCL contingencies: 1
num AC branches with possible violations in XFR contingencies: 1
t: 31, time: 0.0013947486877441406, memory_info: {'rss bytes': 217604096, 'rss human': '207.5M', 'percent': 0.08055589908577561}
v_acl_k: [-0.02286434 -0.02447957]
acl_u[acl_delta_k]: [1 1]
num AC branches with possible violations in ACL contingencies: 2
num AC branches with possible violations in DCL contingencies: 2
num AC branches with possible violations in XFR contingencies: 2
t: 32, time: 0.0013854503631591797, memory_info: {'rss bytes': 217604096, 'rss human': '207.5M', 'percent': 0.08055589908577561}
v_acl_k: [-0.02286434 -0.02447957]
acl_u[acl_delta_k]: [1 1]
num AC branches with possible violations in ACL contingencies: 2
num AC branches with possible violations in DCL contingencies: 2
num AC branches with possible violations in XFR contingencies: 2
t: 33, time: 0.0013859272003173828, memory_info: {'rss bytes': 217604096, 'rss human': '207.5M', 'percent': 0.08055589908577561}
v_acl_k: [-0.02286434 -0.02447957]
acl_u[acl_delta_k]: [1 1]
num AC branches with possible violations in ACL contingencies: 2
num AC branches with possible violations in DCL contingencies: 2
num AC branches with possible violations in XFR contingencies: 2
t: 34, time: 0.0013823509216308594, memory_info: {'rss bytes': 217604096, 'rss human': '207.5M', 'percent': 0.08055589908577561}
v_acl_k: [-0.02286434 -0.02447957]
acl_u[acl_delta_k]: [1 1]
num AC branches with possible violations in ACL contingencies: 2
num AC branches with possible violations in DCL contingencies: 2
num AC branches with possible violations in XFR contingencies: 2
t: 35, time: 0.0013833045959472656, memory_info: {'rss bytes': 217604096, 'rss human': '207.5M', 'percent': 0.08055589908577561}
v_acl_k: [-0.02286434 -0.02447957]
acl_u[acl_delta_k]: [1 1]
num AC branches with possible violations in ACL contingencies: 2
num AC branches with possible violations in DCL contingencies: 2
num AC branches with possible violations in XFR contingencies: 2
t: 36, time: 0.0013842582702636719, memory_info: {'rss bytes': 217604096, 'rss human': '207.5M', 'percent': 0.08055589908577561}
v_acl_k: [-0.02286434 -0.02447957]
acl_u[acl_delta_k]: [1 1]
num AC branches with possible violations in ACL contingencies: 2
num AC branches with possible violations in DCL contingencies: 2
num AC branches with possible violations in XFR contingencies: 2
t: 37, time: 0.0013751983642578125, memory_info: {'rss bytes': 217604096, 'rss human': '207.5M', 'percent': 0.08055589908577561}
v_acl_k: [-0.02286434 -0.02447957]
acl_u[acl_delta_k]: [1 1]
num AC branches with possible violations in ACL contingencies: 2
num AC branches with possible violations in DCL contingencies: 2
num AC branches with possible violations in XFR contingencies: 2
t: 38, time: 0.0013897418975830078, memory_info: {'rss bytes': 217604096, 'rss human': '207.5M', 'percent': 0.08055589908577561}
v_acl_k: [-0.02286434 -0.02447957]
acl_u[acl_delta_k]: [1 1]
num AC branches with possible violations in ACL contingencies: 2
num AC branches with possible violations in DCL contingencies: 2
num AC branches with possible violations in XFR contingencies: 2
t: 39, time: 0.0013728141784667969, memory_info: {'rss bytes': 217604096, 'rss human': '207.5M', 'percent': 0.08055589908577561}
v_acl_k: [-0.02286434 -0.02447957]
acl_u[acl_delta_k]: [1 1]
num AC branches with possible violations in ACL contingencies: 2
num AC branches with possible violations in DCL contingencies: 2
num AC branches with possible violations in XFR contingencies: 2
t: 40, time: 0.001394510269165039, memory_info: {'rss bytes': 217604096, 'rss human': '207.5M', 'percent': 0.08055589908577561}
v_acl_k: [-0.02286434 -0.02447957]
acl_u[acl_delta_k]: [1 1]
num AC branches with possible violations in ACL contingencies: 2
num AC branches with possible violations in DCL contingencies: 2
num AC branches with possible violations in XFR contingencies: 2
t: 41, time: 0.0013799667358398438, memory_info: {'rss bytes': 217604096, 'rss human': '207.5M', 'percent': 0.08055589908577561}
v_acl_k: [-0.02286434 -0.02447957]
acl_u[acl_delta_k]: [1 1]
num AC branches with possible violations in ACL contingencies: 2
num AC branches with possible violations in DCL contingencies: 2
num AC branches with possible violations in XFR contingencies: 2
t: 42, time: 0.01203012466430664, memory_info: {'rss bytes': 217604096, 'rss human': '207.5M', 'percent': 0.08055589908577561}
v_acl_k: [-0.02286434 -0.02447957]
acl_u[acl_delta_k]: [1 1]
num AC branches with possible violations in ACL contingencies: 2
num AC branches with possible violations in DCL contingencies: 2
num AC branches with possible violations in XFR contingencies: 2
t: 43, time: 0.0013875961303710938, memory_info: {'rss bytes': 217604096, 'rss human': '207.5M', 'percent': 0.08055589908577561}
v_acl_k: [-0.02286434 -0.02447957]
acl_u[acl_delta_k]: [1 1]
num AC branches with possible violations in ACL contingencies: 2
num AC branches with possible violations in DCL contingencies: 2
num AC branches with possible violations in XFR contingencies: 2
t: 44, time: 0.0013880729675292969, memory_info: {'rss bytes': 217604096, 'rss human': '207.5M', 'percent': 0.08055589908577561}
v_acl_k: [-0.02286434 -0.02447957]
acl_u[acl_delta_k]: [1 1]
num AC branches with possible violations in ACL contingencies: 2
num AC branches with possible violations in DCL contingencies: 2
num AC branches with possible violations in XFR contingencies: 2
t: 45, time: 0.0013840198516845703, memory_info: {'rss bytes': 217604096, 'rss human': '207.5M', 'percent': 0.08055589908577561}
v_acl_k: [-0.02286434 -0.02447957]
acl_u[acl_delta_k]: [1 1]
num AC branches with possible violations in ACL contingencies: 2
num AC branches with possible violations in DCL contingencies: 2
num AC branches with possible violations in XFR contingencies: 2
t: 46, time: 0.0013852119445800781, memory_info: {'rss bytes': 217604096, 'rss human': '207.5M', 'percent': 0.08055589908577561}
v_acl_k: [-0.02286434 -0.02447957]
acl_u[acl_delta_k]: [1 1]
num AC branches with possible violations in ACL contingencies: 2
num AC branches with possible violations in DCL contingencies: 2
num AC branches with possible violations in XFR contingencies: 2
t: 47, time: 0.0013816356658935547, memory_info: {'rss bytes': 217604096, 'rss human': '207.5M', 'percent': 0.08055589908577561}
initialize_m_w_time: 0.00040531158447265625
compute_static_w_time: 6.151199340820312e-05
get_time_varying_branch_characteristics_time: 0.0008966922760009766
construct_a_t_time: 0.06712174415588379
factor_a_t_time: 0.00973367691040039
compute_w_with_t_a_solve_time: 0.0018897056579589844
compute_v_t_time: 5.9604644775390625e-06
compute_w_with_t_smw_time: 5.245208740234375e-06
compute_v_time: 0.007946014404296875
compute_bus_theta_with_t_a_solve_time: 0.0007877349853515625
compute_bus_theta_with_t_smw_time: 6.9141387939453125e-06
compute_br_p_time: 0.005013227462768555
apply_w_v_wt_time: 0.0006086826324462891
compute_bus_dtheta_rhs_dcl_k_time: 0.004079103469848633
compute_w_v_wt_xfr_k_time: 0.004443645477294922
compute_bus_dtheta_rhs_xfr_k_time: 2.86102294921875e-06
compute_br_acl_delta_k_p_delta_time: 0.002896547317504883
compute_br_dcl_delta_k_p_delta_time: 0.002399444580078125
compute_br_xfr_delta_k_p_delta_time: 0.002398967742919922
filter_branches_acl_k_time: 0.0025010108947753906
filter_branches_dcl_k_time: 0.0010919570922851562
filter_branches_xfr_k_time: 0.0009975433349609375
compute_br_acl_delta_k_p_time: 0.0002636909484863281
compute_br_dcl_delta_k_p_time: 0.0001506805419921875
compute_br_xfr_delta_k_p_time: 0.00013589859008789062
compute_br_acl_delta_k_s_over_time: 0.0015461444854736328
compute_br_dcl_delta_k_s_over_time: 0.0006971359252929688
compute_br_xfr_delta_k_s_over_time: 0.0006630420684814453
zero_out_time: 0.0001747608184814453
get_max_br_acl_delta_k_s_over_time: 0.0013523101806640625
get_max_br_dcl_delta_k_s_over_time: 8.106231689453125e-06
get_max_br_xfr_delta_k_s_over_time: 5.4836273193359375e-06
compute_br_k_z_time: 0.0012102127075195312
collect_penalties_into_obj_array_time: 0.0004944801330566406
end of contingency model method 1, memory info: {'rss bytes': 217604096, 'rss human': '207.5M', 'percent': 0.08055589908577561}
function: eval_post_contingency_model, time: 0.2108297348022461
function: eval_post_contingency_model, time: 0.21083593368530273
function: run, time: 0.32134580612182617
after solution_evaluator.run(), memory info: {'rss bytes': 217604096, 'rss human': '207.5M', 'percent': 0.08055589908577561}
evaluation summary:
{'feas': 1,
 'infeas': 0,
 'info_i_i_k_t_disconnected_ctg': {'idx': {0: None, 1: None, 2: None, 3: None},
                                   'val': 0},
 'info_i_i_t_disconnected_base': {'idx': {0: None, 1: None, 2: None}, 'val': 0},
 'phys_feas': 0,
 'sum_acl_t_u_sd': 0,
 'sum_acl_t_u_su': 0,
 'sum_acl_t_z_s': 0.0,
 'sum_acl_t_z_sd': 0.0,
 'sum_acl_t_z_su': 0.0,
 'sum_bus_t_z_p': 5319424342.329686,
 'sum_bus_t_z_q': 3271084770.052825,
 'sum_cs_t_z_p': -0.0,
 'sum_pr_t_z_p': 0.0,
 'sum_prz_t_z_nsc': 3889.8244704,
 'sum_prz_t_z_rgd': 0.0,
 'sum_prz_t_z_rgu': 0.0,
 'sum_prz_t_z_rrd': 3.928,
 'sum_prz_t_z_rru': 4.067,
 'sum_prz_t_z_scr': 12358.296494499999,
 'sum_qrz_t_z_qrd': 0.0,
 'sum_qrz_t_z_qru': 0.0,
 'sum_sd_t_sd': 0,
 'sum_sd_t_su': 61,
 'sum_sd_t_z_nsc': 0.0,
 'sum_sd_t_z_on': 0.0,
 'sum_sd_t_z_qrd': 0.0,
 'sum_sd_t_z_qru': 0.0,
 'sum_sd_t_z_rgd': 0.0,
 'sum_sd_t_z_rgu': 0.0,
 'sum_sd_t_z_rrd_off': 0.0,
 'sum_sd_t_z_rrd_on': 0.0,
 'sum_sd_t_z_rru_off': 0.0,
 'sum_sd_t_z_rru_on': 0.0,
 'sum_sd_t_z_scr': 0.0,
 'sum_sd_t_z_sd': 0.0,
 'sum_sd_t_z_su': 0.0,
 'sum_sd_t_z_sus': 0.0,
 'sum_xfr_t_u_sd': 0,
 'sum_xfr_t_u_su': 0,
 'sum_xfr_t_z_s': 0.0,
 'sum_xfr_t_z_sd': 0.0,
 'sum_xfr_t_z_su': 0.0,
 'time_connectedness': 0.08468222618103027,
 'time_post_contingency': 0.21083426475524902,
 'time_run': 0.32134413719177246,
 'total_switches': 0,
 'viol_acl_acl_t_s_max_ctg': {'idx': {0: 'acl_100', 1: 'acl_102', 2: 32},
                              'val': 0.931344250202121},
 'viol_acl_dcl_t_s_max_ctg': {'idx': {0: None, 1: None, 2: None}, 'val': 0.0},
 'viol_acl_t_s_max': {'idx': {0: 'acl_000', 1: 0}, 'val': 0.0},
 'viol_acl_t_u_sd_max': {'idx': {0: 'acl_000', 1: 0}, 'val': 0},
 'viol_acl_t_u_su_max': {'idx': {0: 'acl_000', 1: 0}, 'val': 0},
 'viol_acl_xfr_t_s_max_ctg': {'idx': {0: None, 1: None, 2: None}, 'val': 0.0},
 'viol_bus_t_p_balance_max': {'idx': {0: 'bus_55', 1: 0},
                              'val': 6.600014981956657},
 'viol_bus_t_p_balance_min': {'idx': {0: 'bus_19', 1: 0},
                              'val': -10.269986059434709},
 'viol_bus_t_q_balance_max': {'idx': {0: 'bus_41', 1: 0},
                              'val': 0.8199418027720068},
 'viol_bus_t_q_balance_min': {'idx': {0: 'bus_53', 1: 0},
                              'val': -9.345961455185739},
 'viol_bus_t_v_max': {'idx': {0: 'bus_00', 1: 0}, 'val': 0.0},
 'viol_bus_t_v_min': {'idx': {0: 'bus_00', 1: 0}, 'val': 0.0},
 'viol_cs_t_p_off_max': {'idx': {0: 'sd_154', 1: 0}, 'val': 0.0},
 'viol_cs_t_p_off_min': {'idx': {0: 'sd_154', 1: 0}, 'val': 0.0},
 'viol_cs_t_p_on_max': {'idx': {0: 'sd_154', 1: 0}, 'val': 0.0},
 'viol_cs_t_p_on_min': {'idx': {0: 'sd_154', 1: 0}, 'val': 0.0},
 'viol_cs_t_q_max': {'idx': {0: 'sd_154', 1: 0}, 'val': 0.0},
 'viol_cs_t_q_min': {'idx': {0: 'sd_154', 1: 0}, 'val': 0.0},
 'viol_cs_t_q_p_max': {'idx': {0: None, 1: None}, 'val': None},
 'viol_cs_t_q_p_min': {'idx': {0: None, 1: None}, 'val': None},
 'viol_dcl_t_p_max': {'idx': {0: 'dcl_0', 1: 0}, 'val': 0.0},
 'viol_dcl_t_p_min': {'idx': {0: 'dcl_0', 1: 0}, 'val': 0.0},
 'viol_dcl_t_q_fr_max': {'idx': {0: 'dcl_0', 1: 0}, 'val': 0.0},
 'viol_dcl_t_q_fr_min': {'idx': {0: 'dcl_0', 1: 0}, 'val': 0.0},
 'viol_dcl_t_q_to_max': {'idx': {0: 'dcl_0', 1: 0}, 'val': 0.0},
 'viol_dcl_t_q_to_min': {'idx': {0: 'dcl_0', 1: 0}, 'val': 0.0},
 'viol_pr_t_p_off_max': {'idx': {0: 'sd_000', 1: 0}, 'val': 0.0},
 'viol_pr_t_p_off_min': {'idx': {0: 'sd_000', 1: 0}, 'val': 0.0},
 'viol_pr_t_p_on_max': {'idx': {0: 'sd_000', 1: 0}, 'val': 0.0},
 'viol_pr_t_p_on_min': {'idx': {0: 'sd_000', 1: 0}, 'val': 0.0},
 'viol_pr_t_q_max': {'idx': {0: 'sd_000', 1: 0}, 'val': 0.0},
 'viol_pr_t_q_min': {'idx': {0: 'sd_000', 1: 0}, 'val': 0.0},
 'viol_pr_t_q_p_max': {'idx': {0: None, 1: None}, 'val': None},
 'viol_pr_t_q_p_min': {'idx': {0: None, 1: None}, 'val': None},
 'viol_prz_t_p_nsc_balance': {'idx': {0: 'prz_0', 1: 0}, 'val': 3.3879996},
 'viol_prz_t_p_rgd_balance': {'idx': {0: 'prz_0', 1: 0}, 'val': 0.0},
 'viol_prz_t_p_rgu_balance': {'idx': {0: 'prz_0', 1: 0}, 'val': 0.0},
 'viol_prz_t_p_rrd_balance': {'idx': {0: 'prz_0', 1: 32},
                              'val': 0.9899999999999999},
 'viol_prz_t_p_rru_balance': {'idx': {0: 'prz_0', 1: 39}, 'val': 1.02},
 'viol_prz_t_p_scr_balance': {'idx': {0: 'prz_0', 1: 0}, 'val': 0.8469999},
 'viol_qrz_t_q_qrd_balance': {'idx': {0: 'qrz_0', 1: 0}, 'val': 0.0},
 'viol_qrz_t_q_qru_balance': {'idx': {0: 'qrz_0', 1: 0}, 'val': 0.0},
 'viol_sd_max_energy_constr': {'idx': {0: 'sd_000', 1: 0}, 'val': 0.0},
 'viol_sd_max_startup_constr': {'idx': {0: 'sd_000', 1: 0}, 'val': 0},
 'viol_sd_min_energy_constr': {'idx': {0: 'sd_000', 1: 0}, 'val': 0.0},
 'viol_sd_t_d_dn_min': {'idx': {0: 'sd_000', 1: 0}, 'val': 0},
 'viol_sd_t_d_up_min': {'idx': {0: 'sd_000', 1: 0}, 'val': 0},
 'viol_sd_t_p_nsc_max': {'idx': {0: 'sd_000', 1: 0}, 'val': 0.0},
 'viol_sd_t_p_nsc_nonneg': {'idx': {0: 'sd_000', 1: 0}, 'val': -0.0},
 'viol_sd_t_p_ramp_dn_max': {'idx': {0: 'sd_000', 1: 0}, 'val': 0.0},
 'viol_sd_t_p_ramp_up_max': {'idx': {0: 'sd_000', 1: 0}, 'val': 0.0},
 'viol_sd_t_p_rgd_max': {'idx': {0: 'sd_000', 1: 0}, 'val': 0.0},
 'viol_sd_t_p_rgd_nonneg': {'idx': {0: 'sd_000', 1: 0}, 'val': -0.0},
 'viol_sd_t_p_rgu_max': {'idx': {0: 'sd_000', 1: 0}, 'val': 0.0},
 'viol_sd_t_p_rgu_nonneg': {'idx': {0: 'sd_000', 1: 0}, 'val': -0.0},
 'viol_sd_t_p_rrd_off_max': {'idx': {0: 'sd_000', 1: 0}, 'val': 0.0},
 'viol_sd_t_p_rrd_off_nonneg': {'idx': {0: 'sd_000', 1: 0}, 'val': -0.0},
 'viol_sd_t_p_rrd_on_max': {'idx': {0: 'sd_000', 1: 0}, 'val': 0.0},
 'viol_sd_t_p_rrd_on_nonneg': {'idx': {0: 'sd_000', 1: 0}, 'val': -0.0},
 'viol_sd_t_p_rru_off_max': {'idx': {0: 'sd_000', 1: 0}, 'val': 0.0},
 'viol_sd_t_p_rru_off_nonneg': {'idx': {0: 'sd_000', 1: 0}, 'val': -0.0},
 'viol_sd_t_p_rru_on_max': {'idx': {0: 'sd_000', 1: 0}, 'val': 0.0},
 'viol_sd_t_p_rru_on_nonneg': {'idx': {0: 'sd_000', 1: 0}, 'val': -0.0},
 'viol_sd_t_p_scr_max': {'idx': {0: 'sd_000', 1: 0}, 'val': 0.0},
 'viol_sd_t_p_scr_nonneg': {'idx': {0: 'sd_000', 1: 0}, 'val': -0.0},
 'viol_sd_t_q_qrd_nonneg': {'idx': {0: 'sd_000', 1: 0}, 'val': -0.0},
 'viol_sd_t_q_qru_nonneg': {'idx': {0: 'sd_000', 1: 0}, 'val': -0.0},
 'viol_sd_t_u_on_max': {'idx': {0: 'sd_000', 1: 0}, 'val': 0},
 'viol_sd_t_u_on_min': {'idx': {0: 'sd_000', 1: 0}, 'val': 0},
 'viol_sh_t_u_st_max': {'idx': {0: 'sh_00', 1: 0}, 'val': 0},
 'viol_sh_t_u_st_min': {'idx': {0: 'sh_00', 1: 0}, 'val': 0},
 'viol_t_connected_base': {'idx': {0: 0}, 'val': 0},
 'viol_t_connected_ctg': {'idx': {0: 0}, 'val': 0},
 'viol_xfr_acl_t_s_max_ctg': {'idx': {0: None, 1: None, 2: None}, 'val': 0.0},
 'viol_xfr_dcl_t_s_max_ctg': {'idx': {0: None, 1: None, 2: None}, 'val': 0.0},
 'viol_xfr_t_phi_max': {'idx': {0: 'xfr_00', 1: 0}, 'val': 0.0},
 'viol_xfr_t_phi_min': {'idx': {0: 'xfr_00', 1: 0}, 'val': 0.0},
 'viol_xfr_t_s_max': {'idx': {0: 'xfr_00', 1: 0}, 'val': 0.0},
 'viol_xfr_t_tau_max': {'idx': {0: 'xfr_00', 1: 0}, 'val': 0.0},
 'viol_xfr_t_tau_min': {'idx': {0: 'xfr_00', 1: 0}, 'val': 0.0},
 'viol_xfr_t_u_sd_max': {'idx': {0: 'xfr_00', 1: 0}, 'val': 0},
 'viol_xfr_t_u_su_max': {'idx': {0: 'xfr_00', 1: 0}, 'val': 0},
 'viol_xfr_xfr_t_s_max_ctg': {'idx': {0: None, 1: None, 2: None}, 'val': 0.0},
 'z': -8590574070.311647,
 'z_base': -8590525368.498476,
 'z_cost': 0.0,
 'z_k_average_case': -24335.674691837623,
 'z_k_worst_case': -24366.138479992693,
 'z_max_energy': 0.0,
 'z_min_energy': 0.0,
 'z_penalty': 8590525368.498476,
 'z_value': -0.0}
infeasibility summary:
{}
feas: 1
obj: -8590574070.311647
evaluate solution time: 0.3389854431152344
end of check_data(), memory info: {'rss bytes': 218406912, 'rss human': '208.3M', 'percent': 0.08085309737325842}
