/rcfs/dtn/arpacomp/.conda/envs/goc_eval/lib/python3.10/site-packages/scipy/sparse/linalg/_dsolve/linsolve.py:347: SparseEfficiencyWarning: splu converted its input to CSC format
  warn('splu converted its input to CSC format', SparseEfficiencyWarning)
args:
Namespace(problem_opt=None, problem='/qfs/projects/goc/share/data/C3/E3.1/D2//C3E3N00073D2/scenario_243.json_scrubbed.json', solution='/qfs/projects/goc/share/data/C3/E3.1/D2//C3E3N00073D2/scenario_243.json.pop_solution.json', configuration=None, parameters='{}', summary_csv='summary.csv', summary_json='summary.json', data_errors='data_errors.txt', ignored_errors='ignored_errors.txt', solution_errors='solution_errors.txt', pop_solution=None, scrubbed_problem=None)
problem data file: /qfs/projects/goc/share/data/C3/E3.1/D2//C3E3N00073D2/scenario_243.json_scrubbed.json

pop solution data file: None

solution data file: /qfs/projects/goc/share/data/C3/E3.1/D2//C3E3N00073D2/scenario_243.json.pop_solution.json

git info: {'C3DataUtilities': {'branch': 'main', 'commit': '59dd7f47974aa54c2f26998163730b14ab3a6b97', 'date': 'Wed Jun 7 09:10:06 2023 -0700', 'query_return_code': 0, 'query_err': '', 'branch_return_code': 0, 'branch_err': '', 'query_path': '/qfs/projects/goc/share/loadbalancing/src/nonmpi-template/Challenge3/C3DataUtilities/datautilities', 'query_out': 'commit 59dd7f47974aa54c2f26998163730b14ab3a6b97\nAuthor: Jesse T Holzer <jesse.holzer@pnnl.gov>\nDate:   Wed Jun 7 09:10:06 2023 -0700\n\n    add git branch to summary output\n', 'branch_out': '  dev\n* main\n'}, 'Bid-DS-data-model': {'branch': None, 'commit': None, 'date': None, 'query_return_code': 128, 'query_err': 'fatal: Not a git repository (or any parent up to mount point /rcfs)\nStopping at filesystem boundary (GIT_DISCOVERY_ACROSS_FILESYSTEM not set).\n', 'branch_return_code': None, 'branch_err': None, 'query_path': '/rcfs/dtn/arpacomp/.conda/envs/goc_eval/lib/python3.10/site-packages/datamodel', 'query_out': ''}}

after reading problem without validation, memory info: {'rss bytes': 122105856, 'rss human': '116.4M', 'percent': 0.045202949735460164}
read problem data file without validation time: 0.06626462936401367
after reading problem with validation, memory info: {'rss bytes': 142426112, 'rss human': '135.8M', 'percent': 0.052725402307920596}
load time: 0.5158863067626953
{'error_diagnostics': '',
 'general': {'base_norm_mva': 100.0,
             'day_type': None,
             'electricity_demand': None,
             'net_load': None,
             'season': None,
             'solar_availability': None,
             'timestamp_start': None,
             'timestamp_stop': None,
             'vre_availability': None,
             'weather_temperature': None,
             'wind_availability': None},
 'interval durations': [1.0,
                        1.0,
                        1.0,
                        1.0,
                        1.0,
                        1.0,
                        1.0,
                        1.0,
                        1.0,
                        1.0,
                        1.0,
                        1.0,
                        1.0,
                        1.0,
                        1.0,
                        1.0,
                        1.0,
                        1.0,
                        1.0,
                        1.0,
                        1.0,
                        1.0,
                        1.0,
                        1.0,
                        1.0,
                        1.0,
                        1.0,
                        1.0,
                        1.0,
                        1.0,
                        1.0,
                        1.0,
                        1.0,
                        1.0,
                        1.0,
                        1.0,
                        1.0,
                        1.0,
                        1.0,
                        1.0,
                        1.0,
                        1.0,
                        1.0,
                        1.0,
                        1.0,
                        1.0,
                        1.0,
                        1.0],
 'num ac lines': 105,
 'num buses': 73,
 'num consuming devices': 51,
 'num contingencies': 2,
 'num dc lines': 1,
 'num intervals': 48,
 'num producing devices': 154,
 'num reactive power reserve zones': 1,
 'num real power reserve zones': 1,
 'num shunts': 73,
 'num simple dispatchable devices': 205,
 'num transformers': 15,
 'total duration': 48.0,
 'violation costs': {'e_vio_cost': 900000.0,
                     'p_bus_vio_cost': 1000000.0,
                     'q_bus_vio_cost': 1000000.0,
                     's_vio_cost': 500.0}}
after read solution without validation, memory info: {'rss bytes': 146210816, 'rss human': '139.4M', 'percent': 0.05412647994891101}
read solution data file without validation time: 0.016663312911987305
after read solution with validation, memory info: {'rss bytes': 153239552, 'rss human': '146.1M', 'percent': 0.056728481282178916}
solution load time: 0.24725937843322754
after solution_model_checks(), memory info: {'rss bytes': 153239552, 'rss human': '146.1M', 'percent': 0.056728481282178916}
solution model_checks time: 0.0012061595916748047
{'error_diagnostics': ''}
after problem_data_array.set_from_data_model(), memory info: {'rss bytes': 156454912, 'rss human': '149.2M', 'percent': 0.05791879074990346}
convert problem data to numpy arrays time: 0.047266244888305664
after solution_data_array.set_from_data_model(), memory info: {'rss bytes': 157806592, 'rss human': '150.5M', 'percent': 0.05841917562168574}
convert solution data to numpy arrays time: 0.007536172866821289
function: set_summary, time: 0.00015473365783691406
function: set_problem, time: 7.152557373046875e-07
function: set_solution, time: 4.5299530029296875e-06
function: set_solution_zero, time: 0.00018787384033203125
function: set_work_zero, time: 0.00017213821411132812
function: set_matrices, time: 0.003209352493286133
function: __init__, time: 0.003754138946533203
function: eval_sd_t_d_up_dn, time: 0.0008530616760253906
function: eval_sd_max_startup, time: 0.002510547637939453
function: eval_sd_t_z_sus, time: 0.0015404224395751953
function: eval_acl_t_p_q_fr_to, time: 0.0003514289855957031
function: eval_xfr_t_p_q_fr_to, time: 0.00012254714965820312
function: eval_sd_t_su_sd_trajectories, time: 0.00012564659118652344
function: eval_sd_max_energy, time: 0.0013661384582519531
function: eval_sd_min_energy, time: 0.0013518333435058594
function: eval_sd_t_z_p, time: 0.011768341064453125
function: eval_bus_t_p, time: 0.000993490219116211
function: eval_bus_t_q, time: 0.0001671314239501953
sd_t_p_rgu sum: 0.0
prz_sigma_rgu max: 0.03
prz_t_p_rgu_req max: 0.0
sd_t_p_rgd sum: 0.0
prz_sigma_rgd max: 0.03
prz_t_p_rgd_req max: 0.0
sd_t_p_scr sum: 0.0
prz_sigma_scr max: 0.1
prz_t_p_scr_req max: 0.33089411
sd_t_p_nsc sum: 0.0
prz_sigma_nsc max: 0.3
prz_t_p_nsc_req max: 0.9926823300000001
sd_t_p_rru sum: 0.0
prz_t_p_rru_min max: 1.02
sd_t_p_rrd sum: 0.0
prz_t_p_rrd_min max: 0.9899999999999999
sd_t_p_qru sum: 0.0
qrz_t_q_qru_min max: 0.0
sd_t_p_qrd sum: 0.0
qrz_t_q_qrd_min max: 0.0
function: get_connected_components, time: 0.0006403923034667969
function: get_bridges, time: 0.001642465591430664
function: get_connected_components, time: 0.0003306865692138672
function: get_bridges, time: 0.0015687942504882812
function: get_connected_components, time: 0.0003781318664550781
function: get_bridges, time: 0.0013556480407714844
function: get_connected_components, time: 0.000324249267578125
function: get_bridges, time: 0.0013422966003417969
function: get_connected_components, time: 0.0003230571746826172
function: get_bridges, time: 0.001329660415649414
function: get_connected_components, time: 0.0003275871276855469
function: get_bridges, time: 0.0013282299041748047
function: get_connected_components, time: 0.0003287792205810547
function: get_bridges, time: 0.0013349056243896484
function: get_connected_components, time: 0.00032067298889160156
function: get_bridges, time: 0.0013346672058105469
function: get_connected_components, time: 0.0003216266632080078
function: get_bridges, time: 0.0013301372528076172
function: get_connected_components, time: 0.00032448768615722656
function: get_bridges, time: 0.0013358592987060547
function: get_connected_components, time: 0.0003218650817871094
function: get_bridges, time: 0.0013353824615478516
function: get_connected_components, time: 0.00032019615173339844
function: get_bridges, time: 0.0013382434844970703
function: get_connected_components, time: 0.0003185272216796875
function: get_bridges, time: 0.0013418197631835938
function: get_connected_components, time: 0.0003237724304199219
function: get_bridges, time: 0.0014908313751220703
function: get_connected_components, time: 0.0003304481506347656
function: get_bridges, time: 0.001329660415649414
function: get_connected_components, time: 0.0003192424774169922
function: get_bridges, time: 0.0013234615325927734
function: get_connected_components, time: 0.00032019615173339844
function: get_bridges, time: 0.0013225078582763672
function: get_connected_components, time: 0.0003235340118408203
function: get_bridges, time: 0.0013227462768554688
function: get_connected_components, time: 0.0003209114074707031
function: get_bridges, time: 0.0013279914855957031
function: get_connected_components, time: 0.0003199577331542969
function: get_bridges, time: 0.0013284683227539062
function: get_connected_components, time: 0.0003204345703125
function: get_bridges, time: 0.0013284683227539062
function: get_connected_components, time: 0.0003237724304199219
function: get_bridges, time: 0.0013227462768554688
function: get_connected_components, time: 0.0003192424774169922
function: get_bridges, time: 0.001336812973022461
function: get_connected_components, time: 0.0003218650817871094
function: get_bridges, time: 0.0013279914855957031
function: get_connected_components, time: 0.0003209114074707031
function: get_bridges, time: 0.0013179779052734375
function: get_connected_components, time: 0.0003247261047363281
function: get_bridges, time: 0.0014848709106445312
function: get_connected_components, time: 0.0003192424774169922
function: get_bridges, time: 0.0013248920440673828
function: get_connected_components, time: 0.00031876564025878906
function: get_bridges, time: 0.0013256072998046875
function: get_connected_components, time: 0.00032138824462890625
function: get_bridges, time: 0.0013265609741210938
function: get_connected_components, time: 0.0003254413604736328
function: get_bridges, time: 0.0013234615325927734
function: get_connected_components, time: 0.00032591819763183594
function: get_bridges, time: 0.001322031021118164
function: get_connected_components, time: 0.00031876564025878906
function: get_bridges, time: 0.0013298988342285156
function: get_connected_components, time: 0.0003247261047363281
function: get_bridges, time: 0.0013227462768554688
function: get_connected_components, time: 0.0003249645233154297
function: get_bridges, time: 0.0013270378112792969
function: get_connected_components, time: 0.0003211498260498047
function: get_bridges, time: 0.0013270378112792969
function: get_connected_components, time: 0.0003211498260498047
function: get_bridges, time: 0.0013306140899658203
function: get_connected_components, time: 0.0003235340118408203
function: get_bridges, time: 0.0013206005096435547
function: get_connected_components, time: 0.0003190040588378906
function: get_bridges, time: 0.0014777183532714844
function: get_connected_components, time: 0.00032067298889160156
function: get_bridges, time: 0.0013279914855957031
function: get_connected_components, time: 0.0003190040588378906
function: get_bridges, time: 0.001331329345703125
function: get_connected_components, time: 0.000324249267578125
function: get_bridges, time: 0.0013346672058105469
function: get_connected_components, time: 0.00032067298889160156
function: get_bridges, time: 0.0013315677642822266
function: get_connected_components, time: 0.0003218650817871094
function: get_bridges, time: 0.001332998275756836
function: get_connected_components, time: 0.00032067298889160156
function: get_bridges, time: 0.0013306140899658203
function: get_connected_components, time: 0.00032401084899902344
function: get_bridges, time: 0.0013184547424316406
function: get_connected_components, time: 0.0003190040588378906
function: get_bridges, time: 0.0013263225555419922
function: get_connected_components, time: 0.00031828880310058594
function: get_bridges, time: 0.0013365745544433594
function: get_connected_components, time: 0.0003211498260498047
function: get_bridges, time: 0.0013222694396972656
end of eval_connectedness(), memory info: {'rss bytes': 160210944, 'rss human': '152.8M', 'percent': 0.05930925416634091}
function: eval_connectedness, time: 0.08466005325317383
problem dimensions. bus: 73, acl: 105, xfr: 15, dcl: 1, k: 2, t: 48
construct static bus admittance matrix. time: 0.0009429454803466797
factor static bus admittance matrix. time: 0.004312276840209961
t_acl_delta_t: [array([], dtype=int64), array([], dtype=int64), array([], dtype=int64), array([], dtype=int64), array([], dtype=int64), array([], dtype=int64), array([], dtype=int64), array([], dtype=int64), array([], dtype=int64), array([], dtype=int64), array([], dtype=int64), array([], dtype=int64), array([], dtype=int64), array([], dtype=int64), array([], dtype=int64), array([], dtype=int64), array([], dtype=int64), array([], dtype=int64), array([], dtype=int64), array([], dtype=int64), array([], dtype=int64), array([], dtype=int64), array([], dtype=int64), array([], dtype=int64), array([], dtype=int64), array([], dtype=int64), array([], dtype=int64), array([], dtype=int64), array([], dtype=int64), array([], dtype=int64), array([], dtype=int64), array([], dtype=int64), array([], dtype=int64), array([], dtype=int64), array([], dtype=int64), array([], dtype=int64), array([], dtype=int64), array([], dtype=int64), array([], dtype=int64), array([], dtype=int64), array([], dtype=int64), array([], dtype=int64), array([], dtype=int64), array([], dtype=int64), array([], dtype=int64), array([], dtype=int64), array([], dtype=int64), array([], dtype=int64)], t_xfr_delta_t: [array([], dtype=int64), array([], dtype=int64), array([], dtype=int64), array([], dtype=int64), array([], dtype=int64), array([], dtype=int64), array([], dtype=int64), array([], dtype=int64), array([], dtype=int64), array([], dtype=int64), array([], dtype=int64), array([], dtype=int64), array([], dtype=int64), array([], dtype=int64), array([], dtype=int64), array([], dtype=int64), array([], dtype=int64), array([], dtype=int64), array([], dtype=int64), array([], dtype=int64), array([], dtype=int64), array([], dtype=int64), array([], dtype=int64), array([], dtype=int64), array([], dtype=int64), array([], dtype=int64), array([], dtype=int64), array([], dtype=int64), array([], dtype=int64), array([], dtype=int64), array([], dtype=int64), array([], dtype=int64), array([], dtype=int64), array([], dtype=int64), array([], dtype=int64), array([], dtype=int64), array([], dtype=int64), array([], dtype=int64), array([], dtype=int64), array([], dtype=int64), array([], dtype=int64), array([], dtype=int64), array([], dtype=int64), array([], dtype=int64), array([], dtype=int64), array([], dtype=int64), array([], dtype=int64), array([], dtype=int64)], t_br_delta_t: [array([], dtype=int64), array([], dtype=int64), array([], dtype=int64), array([], dtype=int64), array([], dtype=int64), array([], dtype=int64), array([], dtype=int64), array([], dtype=int64), array([], dtype=int64), array([], dtype=int64), array([], dtype=int64), array([], dtype=int64), array([], dtype=int64), array([], dtype=int64), array([], dtype=int64), array([], dtype=int64), array([], dtype=int64), array([], dtype=int64), array([], dtype=int64), array([], dtype=int64), array([], dtype=int64), array([], dtype=int64), array([], dtype=int64), array([], dtype=int64), array([], dtype=int64), array([], dtype=int64), array([], dtype=int64), array([], dtype=int64), array([], dtype=int64), array([], dtype=int64), array([], dtype=int64), array([], dtype=int64), array([], dtype=int64), array([], dtype=int64), array([], dtype=int64), array([], dtype=int64), array([], dtype=int64), array([], dtype=int64), array([], dtype=int64), array([], dtype=int64), array([], dtype=int64), array([], dtype=int64), array([], dtype=int64), array([], dtype=int64), array([], dtype=int64), array([], dtype=int64), array([], dtype=int64), array([], dtype=int64)], acl_delta_t: [], xfr_delta_t: [], br_delta_t: []
contingency delta branches. acl: 2, xfr: 0, dcl: 0
construct bus,t-indexed right hand side. time: 0.00013446807861328125
solve for base case bus,t-indexed theta. time: 0.09102249145507812
v_acl_k: [-0.02286434 -0.02447957]
acl_u[acl_delta_k]: [1 1]
num AC branches with possible violations in ACL contingencies: 0
num AC branches with possible violations in DCL contingencies: 0
num AC branches with possible violations in XFR contingencies: 0
t: 0, time: 0.0040094852447509766, memory_info: {'rss bytes': 198766592, 'rss human': '189.6M', 'percent': 0.07358235355448242}
v_acl_k: [-0.02286434 -0.02447957]
acl_u[acl_delta_k]: [1 1]
num AC branches with possible violations in ACL contingencies: 0
num AC branches with possible violations in DCL contingencies: 0
num AC branches with possible violations in XFR contingencies: 0
t: 1, time: 0.0014524459838867188, memory_info: {'rss bytes': 198766592, 'rss human': '189.6M', 'percent': 0.07358235355448242}
v_acl_k: [-0.02286434 -0.02447957]
acl_u[acl_delta_k]: [1 1]
num AC branches with possible violations in ACL contingencies: 0
num AC branches with possible violations in DCL contingencies: 0
num AC branches with possible violations in XFR contingencies: 0
t: 2, time: 0.0014317035675048828, memory_info: {'rss bytes': 198766592, 'rss human': '189.6M', 'percent': 0.07358235355448242}
v_acl_k: [-0.02286434 -0.02447957]
acl_u[acl_delta_k]: [1 1]
num AC branches with possible violations in ACL contingencies: 0
num AC branches with possible violations in DCL contingencies: 0
num AC branches with possible violations in XFR contingencies: 0
t: 3, time: 0.001415252685546875, memory_info: {'rss bytes': 198766592, 'rss human': '189.6M', 'percent': 0.07358235355448242}
v_acl_k: [-0.02286434 -0.02447957]
acl_u[acl_delta_k]: [1 1]
num AC branches with possible violations in ACL contingencies: 0
num AC branches with possible violations in DCL contingencies: 0
num AC branches with possible violations in XFR contingencies: 0
t: 4, time: 0.001394510269165039, memory_info: {'rss bytes': 198766592, 'rss human': '189.6M', 'percent': 0.07358235355448242}
v_acl_k: [-0.02286434 -0.02447957]
acl_u[acl_delta_k]: [1 1]
num AC branches with possible violations in ACL contingencies: 0
num AC branches with possible violations in DCL contingencies: 0
num AC branches with possible violations in XFR contingencies: 0
t: 5, time: 0.0014007091522216797, memory_info: {'rss bytes': 198766592, 'rss human': '189.6M', 'percent': 0.07358235355448242}
v_acl_k: [-0.02286434 -0.02447957]
acl_u[acl_delta_k]: [1 1]
num AC branches with possible violations in ACL contingencies: 0
num AC branches with possible violations in DCL contingencies: 0
num AC branches with possible violations in XFR contingencies: 0
t: 6, time: 0.0014014244079589844, memory_info: {'rss bytes': 198766592, 'rss human': '189.6M', 'percent': 0.07358235355448242}
v_acl_k: [-0.02286434 -0.02447957]
acl_u[acl_delta_k]: [1 1]
num AC branches with possible violations in ACL contingencies: 0
num AC branches with possible violations in DCL contingencies: 0
num AC branches with possible violations in XFR contingencies: 0
t: 7, time: 0.011638402938842773, memory_info: {'rss bytes': 198766592, 'rss human': '189.6M', 'percent': 0.07358235355448242}
v_acl_k: [-0.02286434 -0.02447957]
acl_u[acl_delta_k]: [1 1]
num AC branches with possible violations in ACL contingencies: 0
num AC branches with possible violations in DCL contingencies: 0
num AC branches with possible violations in XFR contingencies: 0
t: 8, time: 0.0013964176177978516, memory_info: {'rss bytes': 198766592, 'rss human': '189.6M', 'percent': 0.07358235355448242}
v_acl_k: [-0.02286434 -0.02447957]
acl_u[acl_delta_k]: [1 1]
num AC branches with possible violations in ACL contingencies: 0
num AC branches with possible violations in DCL contingencies: 0
num AC branches with possible violations in XFR contingencies: 0
t: 9, time: 0.0014123916625976562, memory_info: {'rss bytes': 198766592, 'rss human': '189.6M', 'percent': 0.07358235355448242}
v_acl_k: [-0.02286434 -0.02447957]
acl_u[acl_delta_k]: [1 1]
num AC branches with possible violations in ACL contingencies: 0
num AC branches with possible violations in DCL contingencies: 0
num AC branches with possible violations in XFR contingencies: 0
t: 10, time: 0.0013921260833740234, memory_info: {'rss bytes': 198766592, 'rss human': '189.6M', 'percent': 0.07358235355448242}
v_acl_k: [-0.02286434 -0.02447957]
acl_u[acl_delta_k]: [1 1]
num AC branches with possible violations in ACL contingencies: 0
num AC branches with possible violations in DCL contingencies: 0
num AC branches with possible violations in XFR contingencies: 0
t: 11, time: 0.0014052391052246094, memory_info: {'rss bytes': 198766592, 'rss human': '189.6M', 'percent': 0.07358235355448242}
v_acl_k: [-0.02286434 -0.02447957]
acl_u[acl_delta_k]: [1 1]
num AC branches with possible violations in ACL contingencies: 0
num AC branches with possible violations in DCL contingencies: 0
num AC branches with possible violations in XFR contingencies: 0
t: 12, time: 0.0013971328735351562, memory_info: {'rss bytes': 198766592, 'rss human': '189.6M', 'percent': 0.07358235355448242}
v_acl_k: [-0.02286434 -0.02447957]
acl_u[acl_delta_k]: [1 1]
num AC branches with possible violations in ACL contingencies: 0
num AC branches with possible violations in DCL contingencies: 0
num AC branches with possible violations in XFR contingencies: 0
t: 13, time: 0.0013995170593261719, memory_info: {'rss bytes': 198766592, 'rss human': '189.6M', 'percent': 0.07358235355448242}
v_acl_k: [-0.02286434 -0.02447957]
acl_u[acl_delta_k]: [1 1]
num AC branches with possible violations in ACL contingencies: 0
num AC branches with possible violations in DCL contingencies: 0
num AC branches with possible violations in XFR contingencies: 0
t: 14, time: 0.01217341423034668, memory_info: {'rss bytes': 198766592, 'rss human': '189.6M', 'percent': 0.07358235355448242}
v_acl_k: [-0.02286434 -0.02447957]
acl_u[acl_delta_k]: [1 1]
num AC branches with possible violations in ACL contingencies: 0
num AC branches with possible violations in DCL contingencies: 0
num AC branches with possible violations in XFR contingencies: 0
t: 15, time: 0.0013854503631591797, memory_info: {'rss bytes': 198766592, 'rss human': '189.6M', 'percent': 0.07358235355448242}
v_acl_k: [-0.02286434 -0.02447957]
acl_u[acl_delta_k]: [1 1]
num AC branches with possible violations in ACL contingencies: 0
num AC branches with possible violations in DCL contingencies: 0
num AC branches with possible violations in XFR contingencies: 0
t: 16, time: 0.0013871192932128906, memory_info: {'rss bytes': 198766592, 'rss human': '189.6M', 'percent': 0.07358235355448242}
v_acl_k: [-0.02286434 -0.02447957]
acl_u[acl_delta_k]: [1 1]
num AC branches with possible violations in ACL contingencies: 0
num AC branches with possible violations in DCL contingencies: 0
num AC branches with possible violations in XFR contingencies: 0
t: 17, time: 0.0013837814331054688, memory_info: {'rss bytes': 198766592, 'rss human': '189.6M', 'percent': 0.07358235355448242}
v_acl_k: [-0.02286434 -0.02447957]
acl_u[acl_delta_k]: [1 1]
num AC branches with possible violations in ACL contingencies: 0
num AC branches with possible violations in DCL contingencies: 0
num AC branches with possible violations in XFR contingencies: 0
t: 18, time: 0.001379251480102539, memory_info: {'rss bytes': 198766592, 'rss human': '189.6M', 'percent': 0.07358235355448242}
v_acl_k: [-0.02286434 -0.02447957]
acl_u[acl_delta_k]: [1 1]
num AC branches with possible violations in ACL contingencies: 0
num AC branches with possible violations in DCL contingencies: 0
num AC branches with possible violations in XFR contingencies: 0
t: 19, time: 0.0013921260833740234, memory_info: {'rss bytes': 198766592, 'rss human': '189.6M', 'percent': 0.07358235355448242}
v_acl_k: [-0.02286434 -0.02447957]
acl_u[acl_delta_k]: [1 1]
num AC branches with possible violations in ACL contingencies: 0
num AC branches with possible violations in DCL contingencies: 0
num AC branches with possible violations in XFR contingencies: 0
t: 20, time: 0.0013725757598876953, memory_info: {'rss bytes': 198766592, 'rss human': '189.6M', 'percent': 0.07358235355448242}
v_acl_k: [-0.02286434 -0.02447957]
acl_u[acl_delta_k]: [1 1]
num AC branches with possible violations in ACL contingencies: 0
num AC branches with possible violations in DCL contingencies: 0
num AC branches with possible violations in XFR contingencies: 0
t: 21, time: 0.011626720428466797, memory_info: {'rss bytes': 198766592, 'rss human': '189.6M', 'percent': 0.07358235355448242}
v_acl_k: [-0.02286434 -0.02447957]
acl_u[acl_delta_k]: [1 1]
num AC branches with possible violations in ACL contingencies: 0
num AC branches with possible violations in DCL contingencies: 0
num AC branches with possible violations in XFR contingencies: 0
t: 22, time: 0.0013840198516845703, memory_info: {'rss bytes': 198766592, 'rss human': '189.6M', 'percent': 0.07358235355448242}
v_acl_k: [-0.02286434 -0.02447957]
acl_u[acl_delta_k]: [1 1]
num AC branches with possible violations in ACL contingencies: 0
num AC branches with possible violations in DCL contingencies: 0
num AC branches with possible violations in XFR contingencies: 0
t: 23, time: 0.0013816356658935547, memory_info: {'rss bytes': 198766592, 'rss human': '189.6M', 'percent': 0.07358235355448242}
v_acl_k: [-0.02286434 -0.02447957]
acl_u[acl_delta_k]: [1 1]
num AC branches with possible violations in ACL contingencies: 0
num AC branches with possible violations in DCL contingencies: 0
num AC branches with possible violations in XFR contingencies: 0
t: 24, time: 0.0013768672943115234, memory_info: {'rss bytes': 198766592, 'rss human': '189.6M', 'percent': 0.07358235355448242}
v_acl_k: [-0.02286434 -0.02447957]
acl_u[acl_delta_k]: [1 1]
num AC branches with possible violations in ACL contingencies: 0
num AC branches with possible violations in DCL contingencies: 0
num AC branches with possible violations in XFR contingencies: 0
t: 25, time: 0.0013856887817382812, memory_info: {'rss bytes': 198766592, 'rss human': '189.6M', 'percent': 0.07358235355448242}
v_acl_k: [-0.02286434 -0.02447957]
acl_u[acl_delta_k]: [1 1]
num AC branches with possible violations in ACL contingencies: 0
num AC branches with possible violations in DCL contingencies: 0
num AC branches with possible violations in XFR contingencies: 0
t: 26, time: 0.0013842582702636719, memory_info: {'rss bytes': 198766592, 'rss human': '189.6M', 'percent': 0.07358235355448242}
v_acl_k: [-0.02286434 -0.02447957]
acl_u[acl_delta_k]: [1 1]
num AC branches with possible violations in ACL contingencies: 0
num AC branches with possible violations in DCL contingencies: 0
num AC branches with possible violations in XFR contingencies: 0
t: 27, time: 0.0013885498046875, memory_info: {'rss bytes': 198766592, 'rss human': '189.6M', 'percent': 0.07358235355448242}
v_acl_k: [-0.02286434 -0.02447957]
acl_u[acl_delta_k]: [1 1]
num AC branches with possible violations in ACL contingencies: 0
num AC branches with possible violations in DCL contingencies: 0
num AC branches with possible violations in XFR contingencies: 0
t: 28, time: 0.012161016464233398, memory_info: {'rss bytes': 198766592, 'rss human': '189.6M', 'percent': 0.07358235355448242}
v_acl_k: [-0.02286434 -0.02447957]
acl_u[acl_delta_k]: [1 1]
num AC branches with possible violations in ACL contingencies: 0
num AC branches with possible violations in DCL contingencies: 0
num AC branches with possible violations in XFR contingencies: 0
t: 29, time: 0.0013854503631591797, memory_info: {'rss bytes': 198766592, 'rss human': '189.6M', 'percent': 0.07358235355448242}
v_acl_k: [-0.02286434 -0.02447957]
acl_u[acl_delta_k]: [1 1]
num AC branches with possible violations in ACL contingencies: 0
num AC branches with possible violations in DCL contingencies: 0
num AC branches with possible violations in XFR contingencies: 0
t: 30, time: 0.0013835430145263672, memory_info: {'rss bytes': 198766592, 'rss human': '189.6M', 'percent': 0.07358235355448242}
v_acl_k: [-0.02286434 -0.02447957]
acl_u[acl_delta_k]: [1 1]
num AC branches with possible violations in ACL contingencies: 0
num AC branches with possible violations in DCL contingencies: 0
num AC branches with possible violations in XFR contingencies: 0
t: 31, time: 0.0013904571533203125, memory_info: {'rss bytes': 198766592, 'rss human': '189.6M', 'percent': 0.07358235355448242}
v_acl_k: [-0.02286434 -0.02447957]
acl_u[acl_delta_k]: [1 1]
num AC branches with possible violations in ACL contingencies: 0
num AC branches with possible violations in DCL contingencies: 0
num AC branches with possible violations in XFR contingencies: 0
t: 32, time: 0.0013828277587890625, memory_info: {'rss bytes': 198766592, 'rss human': '189.6M', 'percent': 0.07358235355448242}
v_acl_k: [-0.02286434 -0.02447957]
acl_u[acl_delta_k]: [1 1]
num AC branches with possible violations in ACL contingencies: 0
num AC branches with possible violations in DCL contingencies: 0
num AC branches with possible violations in XFR contingencies: 0
t: 33, time: 0.0013833045959472656, memory_info: {'rss bytes': 198766592, 'rss human': '189.6M', 'percent': 0.07358235355448242}
v_acl_k: [-0.02286434 -0.02447957]
acl_u[acl_delta_k]: [1 1]
num AC branches with possible violations in ACL contingencies: 0
num AC branches with possible violations in DCL contingencies: 0
num AC branches with possible violations in XFR contingencies: 0
t: 34, time: 0.0013821125030517578, memory_info: {'rss bytes': 198766592, 'rss human': '189.6M', 'percent': 0.07358235355448242}
v_acl_k: [-0.02286434 -0.02447957]
acl_u[acl_delta_k]: [1 1]
num AC branches with possible violations in ACL contingencies: 0
num AC branches with possible violations in DCL contingencies: 0
num AC branches with possible violations in XFR contingencies: 0
t: 35, time: 0.011614084243774414, memory_info: {'rss bytes': 198766592, 'rss human': '189.6M', 'percent': 0.07358235355448242}
v_acl_k: [-0.02286434 -0.02447957]
acl_u[acl_delta_k]: [1 1]
num AC branches with possible violations in ACL contingencies: 0
num AC branches with possible violations in DCL contingencies: 0
num AC branches with possible violations in XFR contingencies: 0
t: 36, time: 0.001377105712890625, memory_info: {'rss bytes': 198766592, 'rss human': '189.6M', 'percent': 0.07358235355448242}
v_acl_k: [-0.02286434 -0.02447957]
acl_u[acl_delta_k]: [1 1]
num AC branches with possible violations in ACL contingencies: 0
num AC branches with possible violations in DCL contingencies: 0
num AC branches with possible violations in XFR contingencies: 0
t: 37, time: 0.0013813972473144531, memory_info: {'rss bytes': 198766592, 'rss human': '189.6M', 'percent': 0.07358235355448242}
v_acl_k: [-0.02286434 -0.02447957]
acl_u[acl_delta_k]: [1 1]
num AC branches with possible violations in ACL contingencies: 0
num AC branches with possible violations in DCL contingencies: 0
num AC branches with possible violations in XFR contingencies: 0
t: 38, time: 0.0013794898986816406, memory_info: {'rss bytes': 198766592, 'rss human': '189.6M', 'percent': 0.07358235355448242}
v_acl_k: [-0.02286434 -0.02447957]
acl_u[acl_delta_k]: [1 1]
num AC branches with possible violations in ACL contingencies: 0
num AC branches with possible violations in DCL contingencies: 0
num AC branches with possible violations in XFR contingencies: 0
t: 39, time: 0.001378774642944336, memory_info: {'rss bytes': 198766592, 'rss human': '189.6M', 'percent': 0.07358235355448242}
v_acl_k: [-0.02286434 -0.02447957]
acl_u[acl_delta_k]: [1 1]
num AC branches with possible violations in ACL contingencies: 0
num AC branches with possible violations in DCL contingencies: 0
num AC branches with possible violations in XFR contingencies: 0
t: 40, time: 0.0013794898986816406, memory_info: {'rss bytes': 198766592, 'rss human': '189.6M', 'percent': 0.07358235355448242}
v_acl_k: [-0.02286434 -0.02447957]
acl_u[acl_delta_k]: [1 1]
num AC branches with possible violations in ACL contingencies: 0
num AC branches with possible violations in DCL contingencies: 0
num AC branches with possible violations in XFR contingencies: 0
t: 41, time: 0.0013844966888427734, memory_info: {'rss bytes': 198766592, 'rss human': '189.6M', 'percent': 0.07358235355448242}
v_acl_k: [-0.02286434 -0.02447957]
acl_u[acl_delta_k]: [1 1]
num AC branches with possible violations in ACL contingencies: 0
num AC branches with possible violations in DCL contingencies: 0
num AC branches with possible violations in XFR contingencies: 0
t: 42, time: 0.012165069580078125, memory_info: {'rss bytes': 198766592, 'rss human': '189.6M', 'percent': 0.07358235355448242}
v_acl_k: [-0.02286434 -0.02447957]
acl_u[acl_delta_k]: [1 1]
num AC branches with possible violations in ACL contingencies: 0
num AC branches with possible violations in DCL contingencies: 0
num AC branches with possible violations in XFR contingencies: 0
t: 43, time: 0.0013806819915771484, memory_info: {'rss bytes': 198766592, 'rss human': '189.6M', 'percent': 0.07358235355448242}
v_acl_k: [-0.02286434 -0.02447957]
acl_u[acl_delta_k]: [1 1]
num AC branches with possible violations in ACL contingencies: 0
num AC branches with possible violations in DCL contingencies: 0
num AC branches with possible violations in XFR contingencies: 0
t: 44, time: 0.0013849735260009766, memory_info: {'rss bytes': 198766592, 'rss human': '189.6M', 'percent': 0.07358235355448242}
v_acl_k: [-0.02286434 -0.02447957]
acl_u[acl_delta_k]: [1 1]
num AC branches with possible violations in ACL contingencies: 0
num AC branches with possible violations in DCL contingencies: 0
num AC branches with possible violations in XFR contingencies: 0
t: 45, time: 0.001384735107421875, memory_info: {'rss bytes': 198766592, 'rss human': '189.6M', 'percent': 0.07358235355448242}
v_acl_k: [-0.02286434 -0.02447957]
acl_u[acl_delta_k]: [1 1]
num AC branches with possible violations in ACL contingencies: 0
num AC branches with possible violations in DCL contingencies: 0
num AC branches with possible violations in XFR contingencies: 0
t: 46, time: 0.001375436782836914, memory_info: {'rss bytes': 198766592, 'rss human': '189.6M', 'percent': 0.07358235355448242}
v_acl_k: [-0.02286434 -0.02447957]
acl_u[acl_delta_k]: [1 1]
num AC branches with possible violations in ACL contingencies: 0
num AC branches with possible violations in DCL contingencies: 0
num AC branches with possible violations in XFR contingencies: 0
t: 47, time: 0.0013735294342041016, memory_info: {'rss bytes': 198766592, 'rss human': '189.6M', 'percent': 0.07358235355448242}
initialize_m_w_time: 0.000396728515625
compute_static_w_time: 6.246566772460938e-05
get_time_varying_branch_characteristics_time: 0.000896453857421875
construct_a_t_time: 0.024660348892211914
factor_a_t_time: 0.0408015251159668
compute_w_with_t_a_solve_time: 0.0018987655639648438
compute_v_t_time: 7.3909759521484375e-06
compute_w_with_t_smw_time: 5.9604644775390625e-06
compute_v_time: 0.029435396194458008
compute_bus_theta_with_t_a_solve_time: 0.0008072853088378906
compute_bus_theta_with_t_smw_time: 4.291534423828125e-06
compute_br_p_time: 0.004991292953491211
apply_w_v_wt_time: 0.0006339550018310547
compute_bus_dtheta_rhs_dcl_k_time: 0.004099130630493164
compute_w_v_wt_xfr_k_time: 0.0044307708740234375
compute_bus_dtheta_rhs_xfr_k_time: 3.5762786865234375e-06
compute_br_acl_delta_k_p_delta_time: 0.0029048919677734375
compute_br_dcl_delta_k_p_delta_time: 0.002393484115600586
compute_br_xfr_delta_k_p_delta_time: 0.002339601516723633
filter_branches_acl_k_time: 0.002464771270751953
filter_branches_dcl_k_time: 0.0010683536529541016
filter_branches_xfr_k_time: 0.0009794235229492188
compute_br_acl_delta_k_p_time: 0.0002703666687011719
compute_br_dcl_delta_k_p_time: 0.0001456737518310547
compute_br_xfr_delta_k_p_time: 0.00013303756713867188
compute_br_acl_delta_k_s_over_time: 0.0015113353729248047
compute_br_dcl_delta_k_s_over_time: 0.0006835460662841797
compute_br_xfr_delta_k_s_over_time: 0.0006616115570068359
zero_out_time: 0.0001823902130126953
get_max_br_acl_delta_k_s_over_time: 0.0013666152954101562
get_max_br_dcl_delta_k_s_over_time: 5.7220458984375e-06
get_max_br_xfr_delta_k_s_over_time: 3.5762786865234375e-06
compute_br_k_z_time: 0.0012171268463134766
collect_penalties_into_obj_array_time: 0.000507354736328125
end of contingency model method 1, memory info: {'rss bytes': 198766592, 'rss human': '189.6M', 'percent': 0.07358235355448242}
function: eval_post_contingency_model, time: 0.23933720588684082
function: eval_post_contingency_model, time: 0.23934388160705566
function: run, time: 0.35102391242980957
after solution_evaluator.run(), memory info: {'rss bytes': 198766592, 'rss human': '189.6M', 'percent': 0.07358235355448242}
evaluation summary:
{'feas': 1,
 'infeas': 0,
 'info_i_i_k_t_disconnected_ctg': {'idx': {0: None, 1: None, 2: None, 3: None},
                                   'val': 0},
 'info_i_i_t_disconnected_base': {'idx': {0: None, 1: None, 2: None}, 'val': 0},
 'phys_feas': 0,
 'sum_acl_t_u_sd': 0,
 'sum_acl_t_u_su': 0,
 'sum_acl_t_z_s': 0.0,
 'sum_acl_t_z_sd': 0.0,
 'sum_acl_t_z_su': 0.0,
 'sum_bus_t_z_p': 4790390948.529495,
 'sum_bus_t_z_q': 3271084770.052825,
 'sum_cs_t_z_p': -0.0,
 'sum_pr_t_z_p': 0.0,
 'sum_prz_t_z_nsc': 1524.76005888,
 'sum_prz_t_z_rgd': 0.0,
 'sum_prz_t_z_rgu': 0.0,
 'sum_prz_t_z_rrd': 3.928,
 'sum_prz_t_z_rru': 4.067,
 'sum_prz_t_z_scr': 4844.289770400001,
 'sum_qrz_t_z_qrd': 0.0,
 'sum_qrz_t_z_qru': 0.0,
 'sum_sd_t_sd': 0,
 'sum_sd_t_su': 61,
 'sum_sd_t_z_nsc': 0.0,
 'sum_sd_t_z_on': 0.0,
 'sum_sd_t_z_qrd': 0.0,
 'sum_sd_t_z_qru': 0.0,
 'sum_sd_t_z_rgd': 0.0,
 'sum_sd_t_z_rgu': 0.0,
 'sum_sd_t_z_rrd_off': 0.0,
 'sum_sd_t_z_rrd_on': 0.0,
 'sum_sd_t_z_rru_off': 0.0,
 'sum_sd_t_z_rru_on': 0.0,
 'sum_sd_t_z_scr': 0.0,
 'sum_sd_t_z_sd': 0.0,
 'sum_sd_t_z_su': 0.0,
 'sum_sd_t_z_sus': 0.0,
 'sum_xfr_t_u_sd': 0,
 'sum_xfr_t_u_su': 0,
 'sum_xfr_t_z_s': 0.0,
 'sum_xfr_t_z_sd': 0.0,
 'sum_xfr_t_z_su': 0.0,
 'time_connectedness': 0.0845024585723877,
 'time_post_contingency': 0.23934221267700195,
 'time_run': 0.35102272033691406,
 'total_switches': 0,
 'viol_acl_acl_t_s_max_ctg': {'idx': {0: None, 1: None, 2: None}, 'val': 0.0},
 'viol_acl_dcl_t_s_max_ctg': {'idx': {0: None, 1: None, 2: None}, 'val': 0.0},
 'viol_acl_t_s_max': {'idx': {0: 'acl_000', 1: 0}, 'val': 0.0},
 'viol_acl_t_u_sd_max': {'idx': {0: 'acl_000', 1: 0}, 'val': 0},
 'viol_acl_t_u_su_max': {'idx': {0: 'acl_000', 1: 0}, 'val': 0},
 'viol_acl_xfr_t_s_max_ctg': {'idx': {0: None, 1: None, 2: None}, 'val': 0.0},
 'viol_bus_t_p_balance_max': {'idx': {0: 'bus_55', 1: 0},
                              'val': 6.600014981956657},
 'viol_bus_t_p_balance_min': {'idx': {0: 'bus_41', 1: 0},
                              'val': -1.950002106625102},
 'viol_bus_t_q_balance_max': {'idx': {0: 'bus_41', 1: 0},
                              'val': 0.8199418027720068},
 'viol_bus_t_q_balance_min': {'idx': {0: 'bus_53', 1: 0},
                              'val': -9.345961455185739},
 'viol_bus_t_v_max': {'idx': {0: 'bus_00', 1: 0}, 'val': 0.0},
 'viol_bus_t_v_min': {'idx': {0: 'bus_00', 1: 0}, 'val': 0.0},
 'viol_cs_t_p_off_max': {'idx': {0: 'sd_154', 1: 0}, 'val': 0.0},
 'viol_cs_t_p_off_min': {'idx': {0: 'sd_154', 1: 0}, 'val': 0.0},
 'viol_cs_t_p_on_max': {'idx': {0: 'sd_154', 1: 0}, 'val': 0.0},
 'viol_cs_t_p_on_min': {'idx': {0: 'sd_154', 1: 0}, 'val': 0.0},
 'viol_cs_t_q_max': {'idx': {0: 'sd_154', 1: 0}, 'val': 0.0},
 'viol_cs_t_q_min': {'idx': {0: 'sd_154', 1: 0}, 'val': 0.0},
 'viol_cs_t_q_p_max': {'idx': {0: None, 1: None}, 'val': None},
 'viol_cs_t_q_p_min': {'idx': {0: None, 1: None}, 'val': None},
 'viol_dcl_t_p_max': {'idx': {0: 'dcl_0', 1: 0}, 'val': 0.0},
 'viol_dcl_t_p_min': {'idx': {0: 'dcl_0', 1: 0}, 'val': 0.0},
 'viol_dcl_t_q_fr_max': {'idx': {0: 'dcl_0', 1: 0}, 'val': 0.0},
 'viol_dcl_t_q_fr_min': {'idx': {0: 'dcl_0', 1: 0}, 'val': 0.0},
 'viol_dcl_t_q_to_max': {'idx': {0: 'dcl_0', 1: 0}, 'val': 0.0},
 'viol_dcl_t_q_to_min': {'idx': {0: 'dcl_0', 1: 0}, 'val': 0.0},
 'viol_pr_t_p_off_max': {'idx': {0: 'sd_000', 1: 0}, 'val': 0.0},
 'viol_pr_t_p_off_min': {'idx': {0: 'sd_000', 1: 0}, 'val': 0.0},
 'viol_pr_t_p_on_max': {'idx': {0: 'sd_000', 1: 0}, 'val': 0.0},
 'viol_pr_t_p_on_min': {'idx': {0: 'sd_000', 1: 0}, 'val': 0.0},
 'viol_pr_t_q_max': {'idx': {0: 'sd_000', 1: 0}, 'val': 0.0},
 'viol_pr_t_q_min': {'idx': {0: 'sd_000', 1: 0}, 'val': 0.0},
 'viol_pr_t_q_p_max': {'idx': {0: None, 1: None}, 'val': None},
 'viol_pr_t_q_p_min': {'idx': {0: None, 1: None}, 'val': None},
 'viol_prz_t_p_nsc_balance': {'idx': {0: 'prz_0', 1: 0}, 'val': 1.32357644},
 'viol_prz_t_p_rgd_balance': {'idx': {0: 'prz_0', 1: 0}, 'val': 0.0},
 'viol_prz_t_p_rgu_balance': {'idx': {0: 'prz_0', 1: 0}, 'val': 0.0},
 'viol_prz_t_p_rrd_balance': {'idx': {0: 'prz_0', 1: 32},
                              'val': 0.9899999999999999},
 'viol_prz_t_p_rru_balance': {'idx': {0: 'prz_0', 1: 39}, 'val': 1.02},
 'viol_prz_t_p_scr_balance': {'idx': {0: 'prz_0', 1: 0}, 'val': 0.33089411},
 'viol_qrz_t_q_qrd_balance': {'idx': {0: 'qrz_0', 1: 0}, 'val': 0.0},
 'viol_qrz_t_q_qru_balance': {'idx': {0: 'qrz_0', 1: 0}, 'val': 0.0},
 'viol_sd_max_energy_constr': {'idx': {0: 'sd_000', 1: 0}, 'val': 0.0},
 'viol_sd_max_startup_constr': {'idx': {0: 'sd_000', 1: 0}, 'val': 0},
 'viol_sd_min_energy_constr': {'idx': {0: 'sd_000', 1: 0}, 'val': 0.0},
 'viol_sd_t_d_dn_min': {'idx': {0: 'sd_000', 1: 0}, 'val': 0},
 'viol_sd_t_d_up_min': {'idx': {0: 'sd_000', 1: 0}, 'val': 0},
 'viol_sd_t_p_nsc_max': {'idx': {0: 'sd_000', 1: 0}, 'val': 0.0},
 'viol_sd_t_p_nsc_nonneg': {'idx': {0: 'sd_000', 1: 0}, 'val': -0.0},
 'viol_sd_t_p_ramp_dn_max': {'idx': {0: 'sd_000', 1: 0}, 'val': 0.0},
 'viol_sd_t_p_ramp_up_max': {'idx': {0: 'sd_000', 1: 0}, 'val': 0.0},
 'viol_sd_t_p_rgd_max': {'idx': {0: 'sd_000', 1: 0}, 'val': 0.0},
 'viol_sd_t_p_rgd_nonneg': {'idx': {0: 'sd_000', 1: 0}, 'val': -0.0},
 'viol_sd_t_p_rgu_max': {'idx': {0: 'sd_000', 1: 0}, 'val': 0.0},
 'viol_sd_t_p_rgu_nonneg': {'idx': {0: 'sd_000', 1: 0}, 'val': -0.0},
 'viol_sd_t_p_rrd_off_max': {'idx': {0: 'sd_000', 1: 0}, 'val': 0.0},
 'viol_sd_t_p_rrd_off_nonneg': {'idx': {0: 'sd_000', 1: 0}, 'val': -0.0},
 'viol_sd_t_p_rrd_on_max': {'idx': {0: 'sd_000', 1: 0}, 'val': 0.0},
 'viol_sd_t_p_rrd_on_nonneg': {'idx': {0: 'sd_000', 1: 0}, 'val': -0.0},
 'viol_sd_t_p_rru_off_max': {'idx': {0: 'sd_000', 1: 0}, 'val': 0.0},
 'viol_sd_t_p_rru_off_nonneg': {'idx': {0: 'sd_000', 1: 0}, 'val': -0.0},
 'viol_sd_t_p_rru_on_max': {'idx': {0: 'sd_000', 1: 0}, 'val': 0.0},
 'viol_sd_t_p_rru_on_nonneg': {'idx': {0: 'sd_000', 1: 0}, 'val': -0.0},
 'viol_sd_t_p_scr_max': {'idx': {0: 'sd_000', 1: 0}, 'val': 0.0},
 'viol_sd_t_p_scr_nonneg': {'idx': {0: 'sd_000', 1: 0}, 'val': -0.0},
 'viol_sd_t_q_qrd_nonneg': {'idx': {0: 'sd_000', 1: 0}, 'val': -0.0},
 'viol_sd_t_q_qru_nonneg': {'idx': {0: 'sd_000', 1: 0}, 'val': -0.0},
 'viol_sd_t_u_on_max': {'idx': {0: 'sd_000', 1: 0}, 'val': 0},
 'viol_sd_t_u_on_min': {'idx': {0: 'sd_000', 1: 0}, 'val': 0},
 'viol_sh_t_u_st_max': {'idx': {0: 'sh_00', 1: 0}, 'val': 0},
 'viol_sh_t_u_st_min': {'idx': {0: 'sh_00', 1: 0}, 'val': 0},
 'viol_t_connected_base': {'idx': {0: 0}, 'val': 0},
 'viol_t_connected_ctg': {'idx': {0: 0}, 'val': 0},
 'viol_xfr_acl_t_s_max_ctg': {'idx': {0: None, 1: None, 2: None}, 'val': 0.0},
 'viol_xfr_dcl_t_s_max_ctg': {'idx': {0: None, 1: None, 2: None}, 'val': 0.0},
 'viol_xfr_t_phi_max': {'idx': {0: 'xfr_00', 1: 0}, 'val': 0.0},
 'viol_xfr_t_phi_min': {'idx': {0: 'xfr_00', 1: 0}, 'val': 0.0},
 'viol_xfr_t_s_max': {'idx': {0: 'xfr_00', 1: 0}, 'val': 0.0},
 'viol_xfr_t_tau_max': {'idx': {0: 'xfr_00', 1: 0}, 'val': 0.0},
 'viol_xfr_t_tau_min': {'idx': {0: 'xfr_00', 1: 0}, 'val': 0.0},
 'viol_xfr_t_u_sd_max': {'idx': {0: 'xfr_00', 1: 0}, 'val': 0},
 'viol_xfr_t_u_su_max': {'idx': {0: 'xfr_00', 1: 0}, 'val': 0},
 'viol_xfr_xfr_t_s_max_ctg': {'idx': {0: None, 1: None, 2: None}, 'val': 0.0},
 'z': -8061482095.6271515,
 'z_base': -8061482095.6271515,
 'z_cost': 0.0,
 'z_k_average_case': 0.0,
 'z_k_worst_case': 0.0,
 'z_max_energy': 0.0,
 'z_min_energy': 0.0,
 'z_penalty': 8061482095.62715,
 'z_value': -0.0}
infeasibility summary:
{}
feas: 1
obj: -8061482095.6271515
evaluate solution time: 0.3681666851043701
end of check_data(), memory info: {'rss bytes': 199569408, 'rss human': '190.3M', 'percent': 0.07387955184196524}
