/rcfs/dtn/arpacomp/.conda/envs/goc_eval/lib/python3.10/site-packages/scipy/sparse/linalg/_dsolve/linsolve.py:347: SparseEfficiencyWarning: splu converted its input to CSC format
  warn('splu converted its input to CSC format', SparseEfficiencyWarning)
args:
Namespace(problem_opt=None, problem='/qfs/projects/goc/share/data/C3/E3.1/D2//C3E3N00073D2/scenario_237.json_scrubbed.json', solution='/qfs/projects/goc/share/data/C3/E3.1/D2//C3E3N00073D2/scenario_237.json.pop_solution.json', configuration=None, parameters='{}', summary_csv='summary.csv', summary_json='summary.json', data_errors='data_errors.txt', ignored_errors='ignored_errors.txt', solution_errors='solution_errors.txt', pop_solution=None, scrubbed_problem=None)
problem data file: /qfs/projects/goc/share/data/C3/E3.1/D2//C3E3N00073D2/scenario_237.json_scrubbed.json

pop solution data file: None

solution data file: /qfs/projects/goc/share/data/C3/E3.1/D2//C3E3N00073D2/scenario_237.json.pop_solution.json

git info: {'C3DataUtilities': {'branch': 'main', 'commit': '59dd7f47974aa54c2f26998163730b14ab3a6b97', 'date': 'Wed Jun 7 09:10:06 2023 -0700', 'query_return_code': 0, 'query_err': '', 'branch_return_code': 0, 'branch_err': '', 'query_path': '/qfs/projects/goc/share/loadbalancing/src/nonmpi-template/Challenge3/C3DataUtilities/datautilities', 'query_out': 'commit 59dd7f47974aa54c2f26998163730b14ab3a6b97\nAuthor: Jesse T Holzer <jesse.holzer@pnnl.gov>\nDate:   Wed Jun 7 09:10:06 2023 -0700\n\n    add git branch to summary output\n', 'branch_out': '  dev\n* main\n'}, 'Bid-DS-data-model': {'branch': None, 'commit': None, 'date': None, 'query_return_code': 128, 'query_err': 'fatal: Not a git repository (or any parent up to mount point /rcfs)\nStopping at filesystem boundary (GIT_DISCOVERY_ACROSS_FILESYSTEM not set).\n', 'branch_return_code': None, 'branch_err': None, 'query_path': '/rcfs/dtn/arpacomp/.conda/envs/goc_eval/lib/python3.10/site-packages/datamodel', 'query_out': ''}}

after reading problem without validation, memory info: {'rss bytes': 134635520, 'rss human': '128.4M', 'percent': 0.04984136586510267}
read problem data file without validation time: 0.06620287895202637
after reading problem with validation, memory info: {'rss bytes': 154955776, 'rss human': '147.8M', 'percent': 0.0573638184375631}
load time: 0.5197234153747559
{'error_diagnostics': '',
 'general': {'base_norm_mva': 100.0,
             'day_type': None,
             'electricity_demand': None,
             'net_load': None,
             'season': None,
             'solar_availability': None,
             'timestamp_start': None,
             'timestamp_stop': None,
             'vre_availability': None,
             'weather_temperature': None,
             'wind_availability': None},
 'interval durations': [1.0,
                        1.0,
                        1.0,
                        1.0,
                        1.0,
                        1.0,
                        1.0,
                        1.0,
                        1.0,
                        1.0,
                        1.0,
                        1.0,
                        1.0,
                        1.0,
                        1.0,
                        1.0,
                        1.0,
                        1.0,
                        1.0,
                        1.0,
                        1.0,
                        1.0,
                        1.0,
                        1.0,
                        1.0,
                        1.0,
                        1.0,
                        1.0,
                        1.0,
                        1.0,
                        1.0,
                        1.0,
                        1.0,
                        1.0,
                        1.0,
                        1.0,
                        1.0,
                        1.0,
                        1.0,
                        1.0,
                        1.0,
                        1.0,
                        1.0,
                        1.0,
                        1.0,
                        1.0,
                        1.0,
                        1.0],
 'num ac lines': 105,
 'num buses': 73,
 'num consuming devices': 51,
 'num contingencies': 2,
 'num dc lines': 1,
 'num intervals': 48,
 'num producing devices': 154,
 'num reactive power reserve zones': 1,
 'num real power reserve zones': 1,
 'num shunts': 73,
 'num simple dispatchable devices': 205,
 'num transformers': 15,
 'total duration': 48.0,
 'violation costs': {'e_vio_cost': 900000.0,
                     'p_bus_vio_cost': 1000000.0,
                     'q_bus_vio_cost': 1000000.0,
                     's_vio_cost': 500.0}}
after read solution without validation, memory info: {'rss bytes': 158740480, 'rss human': '151.4M', 'percent': 0.05876489607855351}
read solution data file without validation time: 0.016699552536010742
after read solution with validation, memory info: {'rss bytes': 165769216, 'rss human': '158.1M', 'percent': 0.06136689741182142}
solution load time: 0.24729108810424805
after solution_model_checks(), memory info: {'rss bytes': 165769216, 'rss human': '158.1M', 'percent': 0.06136689741182142}
solution model_checks time: 0.0012364387512207031
{'error_diagnostics': ''}
after problem_data_array.set_from_data_model(), memory info: {'rss bytes': 168984576, 'rss human': '161.2M', 'percent': 0.06255720687954595}
convert problem data to numpy arrays time: 0.047344207763671875
after solution_data_array.set_from_data_model(), memory info: {'rss bytes': 170336256, 'rss human': '162.4M', 'percent': 0.06305759175132825}
convert solution data to numpy arrays time: 0.007486104965209961
function: set_summary, time: 0.0001513957977294922
function: set_problem, time: 4.76837158203125e-07
function: set_solution, time: 4.76837158203125e-06
function: set_solution_zero, time: 0.0001983642578125
function: set_work_zero, time: 0.000171661376953125
function: set_matrices, time: 0.003952503204345703
function: __init__, time: 0.004502534866333008
function: eval_sd_t_d_up_dn, time: 0.0008542537689208984
function: eval_sd_max_startup, time: 0.0024747848510742188
function: eval_sd_t_z_sus, time: 0.001506805419921875
function: eval_acl_t_p_q_fr_to, time: 0.0003502368927001953
function: eval_xfr_t_p_q_fr_to, time: 0.00012230873107910156
function: eval_sd_t_su_sd_trajectories, time: 0.00012826919555664062
function: eval_sd_max_energy, time: 0.0013353824615478516
function: eval_sd_min_energy, time: 0.001325368881225586
function: eval_sd_t_z_p, time: 0.011182785034179688
function: eval_bus_t_p, time: 0.0009920597076416016
function: eval_bus_t_q, time: 0.0001671314239501953
sd_t_p_rgu sum: 0.0
prz_sigma_rgu max: 0.03
prz_t_p_rgu_req max: 0.0
sd_t_p_rgd sum: 0.0
prz_sigma_rgd max: 0.03
prz_t_p_rgd_req max: 0.0
sd_t_p_scr sum: 0.0
prz_sigma_scr max: 0.1
prz_t_p_scr_req max: 0.7135
sd_t_p_nsc sum: 0.0
prz_sigma_nsc max: 0.3
prz_t_p_nsc_req max: 2.1405
sd_t_p_rru sum: 0.0
prz_t_p_rru_min max: 1.02
sd_t_p_rrd sum: 0.0
prz_t_p_rrd_min max: 0.9899999999999999
sd_t_p_qru sum: 0.0
qrz_t_q_qru_min max: 0.0
sd_t_p_qrd sum: 0.0
qrz_t_q_qrd_min max: 0.0
function: get_connected_components, time: 0.000629425048828125
function: get_bridges, time: 0.0015938282012939453
function: get_connected_components, time: 0.000339508056640625
function: get_bridges, time: 0.0015146732330322266
function: get_connected_components, time: 0.0003371238708496094
function: get_bridges, time: 0.0013382434844970703
function: get_connected_components, time: 0.0003337860107421875
function: get_bridges, time: 0.0013403892517089844
function: get_connected_components, time: 0.0003261566162109375
function: get_bridges, time: 0.0013413429260253906
function: get_connected_components, time: 0.00032830238342285156
function: get_bridges, time: 0.0013277530670166016
function: get_connected_components, time: 0.0003311634063720703
function: get_bridges, time: 0.0013327598571777344
function: get_connected_components, time: 0.000324249267578125
function: get_bridges, time: 0.0013241767883300781
function: get_connected_components, time: 0.00032591819763183594
function: get_bridges, time: 0.0013246536254882812
function: get_connected_components, time: 0.0003254413604736328
function: get_bridges, time: 0.001332998275756836
function: get_connected_components, time: 0.00032711029052734375
function: get_bridges, time: 0.0013279914855957031
function: get_connected_components, time: 0.0003285408020019531
function: get_bridges, time: 0.0013327598571777344
function: get_connected_components, time: 0.00032520294189453125
function: get_bridges, time: 0.0013287067413330078
function: get_connected_components, time: 0.00032520294189453125
function: get_bridges, time: 0.0014958381652832031
function: get_connected_components, time: 0.0003287792205810547
function: get_bridges, time: 0.0013189315795898438
function: get_connected_components, time: 0.0003247261047363281
function: get_bridges, time: 0.0013251304626464844
function: get_connected_components, time: 0.00032973289489746094
function: get_bridges, time: 0.0013194084167480469
function: get_connected_components, time: 0.0003256797790527344
function: get_bridges, time: 0.0013217926025390625
function: get_connected_components, time: 0.00032901763916015625
function: get_bridges, time: 0.0013163089752197266
function: get_connected_components, time: 0.0003275871276855469
function: get_bridges, time: 0.0013267993927001953
function: get_connected_components, time: 0.0003237724304199219
function: get_bridges, time: 0.0013210773468017578
function: get_connected_components, time: 0.0003285408020019531
function: get_bridges, time: 0.0013165473937988281
function: get_connected_components, time: 0.00032830238342285156
function: get_bridges, time: 0.0013246536254882812
function: get_connected_components, time: 0.00033020973205566406
function: get_bridges, time: 0.0013213157653808594
function: get_connected_components, time: 0.0003254413604736328
function: get_bridges, time: 0.0013251304626464844
function: get_connected_components, time: 0.0003261566162109375
function: get_bridges, time: 0.0014927387237548828
function: get_connected_components, time: 0.0003275871276855469
function: get_bridges, time: 0.0013234615325927734
function: get_connected_components, time: 0.00032448768615722656
function: get_bridges, time: 0.0013277530670166016
function: get_connected_components, time: 0.0003256797790527344
function: get_bridges, time: 0.0013153553009033203
function: get_connected_components, time: 0.0003306865692138672
function: get_bridges, time: 0.0013549327850341797
function: get_connected_components, time: 0.0003311634063720703
function: get_bridges, time: 0.0013196468353271484
function: get_connected_components, time: 0.0003654956817626953
function: get_bridges, time: 0.0013582706451416016
function: get_connected_components, time: 0.0003249645233154297
function: get_bridges, time: 0.0013158321380615234
function: get_connected_components, time: 0.00032448768615722656
function: get_bridges, time: 0.0013194084167480469
function: get_connected_components, time: 0.0003292560577392578
function: get_bridges, time: 0.0013613700866699219
function: get_connected_components, time: 0.0003635883331298828
function: get_bridges, time: 0.001316070556640625
function: get_connected_components, time: 0.00032210350036621094
function: get_bridges, time: 0.0013241767883300781
function: get_connected_components, time: 0.00032639503479003906
function: get_bridges, time: 0.0014836788177490234
function: get_connected_components, time: 0.0003273487091064453
function: get_bridges, time: 0.001317739486694336
function: get_connected_components, time: 0.0003287792205810547
function: get_bridges, time: 0.0013086795806884766
function: get_connected_components, time: 0.000324249267578125
function: get_bridges, time: 0.0013244152069091797
function: get_connected_components, time: 0.00032591819763183594
function: get_bridges, time: 0.0013108253479003906
function: get_connected_components, time: 0.00032901763916015625
function: get_bridges, time: 0.0013120174407958984
function: get_connected_components, time: 0.00032591819763183594
function: get_bridges, time: 0.0013234615325927734
function: get_connected_components, time: 0.00032258033752441406
function: get_bridges, time: 0.0013186931610107422
function: get_connected_components, time: 0.00032591819763183594
function: get_bridges, time: 0.0013234615325927734
function: get_connected_components, time: 0.00032901763916015625
function: get_bridges, time: 0.0013189315795898438
function: get_connected_components, time: 0.00032591819763183594
function: get_bridges, time: 0.0013310909271240234
end of eval_connectedness(), memory info: {'rss bytes': 172740608, 'rss human': '164.7M', 'percent': 0.06394767029598342}
function: eval_connectedness, time: 0.08471250534057617
problem dimensions. bus: 73, acl: 105, xfr: 15, dcl: 1, k: 2, t: 48
construct static bus admittance matrix. time: 0.0010004043579101562
factor static bus admittance matrix. time: 0.006019115447998047
t_acl_delta_t: [array([], dtype=int64), array([], dtype=int64), array([], dtype=int64), array([], dtype=int64), array([], dtype=int64), array([], dtype=int64), array([], dtype=int64), array([], dtype=int64), array([], dtype=int64), array([], dtype=int64), array([], dtype=int64), array([], dtype=int64), array([], dtype=int64), array([], dtype=int64), array([], dtype=int64), array([], dtype=int64), array([], dtype=int64), array([], dtype=int64), array([], dtype=int64), array([], dtype=int64), array([], dtype=int64), array([], dtype=int64), array([], dtype=int64), array([], dtype=int64), array([], dtype=int64), array([], dtype=int64), array([], dtype=int64), array([], dtype=int64), array([], dtype=int64), array([], dtype=int64), array([], dtype=int64), array([], dtype=int64), array([], dtype=int64), array([], dtype=int64), array([], dtype=int64), array([], dtype=int64), array([], dtype=int64), array([], dtype=int64), array([], dtype=int64), array([], dtype=int64), array([], dtype=int64), array([], dtype=int64), array([], dtype=int64), array([], dtype=int64), array([], dtype=int64), array([], dtype=int64), array([], dtype=int64), array([], dtype=int64)], t_xfr_delta_t: [array([], dtype=int64), array([], dtype=int64), array([], dtype=int64), array([], dtype=int64), array([], dtype=int64), array([], dtype=int64), array([], dtype=int64), array([], dtype=int64), array([], dtype=int64), array([], dtype=int64), array([], dtype=int64), array([], dtype=int64), array([], dtype=int64), array([], dtype=int64), array([], dtype=int64), array([], dtype=int64), array([], dtype=int64), array([], dtype=int64), array([], dtype=int64), array([], dtype=int64), array([], dtype=int64), array([], dtype=int64), array([], dtype=int64), array([], dtype=int64), array([], dtype=int64), array([], dtype=int64), array([], dtype=int64), array([], dtype=int64), array([], dtype=int64), array([], dtype=int64), array([], dtype=int64), array([], dtype=int64), array([], dtype=int64), array([], dtype=int64), array([], dtype=int64), array([], dtype=int64), array([], dtype=int64), array([], dtype=int64), array([], dtype=int64), array([], dtype=int64), array([], dtype=int64), array([], dtype=int64), array([], dtype=int64), array([], dtype=int64), array([], dtype=int64), array([], dtype=int64), array([], dtype=int64), array([], dtype=int64)], t_br_delta_t: [array([], dtype=int64), array([], dtype=int64), array([], dtype=int64), array([], dtype=int64), array([], dtype=int64), array([], dtype=int64), array([], dtype=int64), array([], dtype=int64), array([], dtype=int64), array([], dtype=int64), array([], dtype=int64), array([], dtype=int64), array([], dtype=int64), array([], dtype=int64), array([], dtype=int64), array([], dtype=int64), array([], dtype=int64), array([], dtype=int64), array([], dtype=int64), array([], dtype=int64), array([], dtype=int64), array([], dtype=int64), array([], dtype=int64), array([], dtype=int64), array([], dtype=int64), array([], dtype=int64), array([], dtype=int64), array([], dtype=int64), array([], dtype=int64), array([], dtype=int64), array([], dtype=int64), array([], dtype=int64), array([], dtype=int64), array([], dtype=int64), array([], dtype=int64), array([], dtype=int64), array([], dtype=int64), array([], dtype=int64), array([], dtype=int64), array([], dtype=int64), array([], dtype=int64), array([], dtype=int64), array([], dtype=int64), array([], dtype=int64), array([], dtype=int64), array([], dtype=int64), array([], dtype=int64), array([], dtype=int64)], acl_delta_t: [], xfr_delta_t: [], br_delta_t: []
contingency delta branches. acl: 2, xfr: 0, dcl: 0
construct bus,t-indexed right hand side. time: 0.00013637542724609375
solve for base case bus,t-indexed theta. time: 0.08042097091674805
v_acl_k: [-0.02286434 -0.02447957]
acl_u[acl_delta_k]: [1 1]
num AC branches with possible violations in ACL contingencies: 0
num AC branches with possible violations in DCL contingencies: 0
num AC branches with possible violations in XFR contingencies: 0
t: 0, time: 0.0027463436126708984, memory_info: {'rss bytes': 230096896, 'rss human': '219.4M', 'percent': 0.0851806683552786}
v_acl_k: [-0.02286434 -0.02447957]
acl_u[acl_delta_k]: [1 1]
num AC branches with possible violations in ACL contingencies: 0
num AC branches with possible violations in DCL contingencies: 0
num AC branches with possible violations in XFR contingencies: 0
t: 1, time: 0.0015087127685546875, memory_info: {'rss bytes': 230096896, 'rss human': '219.4M', 'percent': 0.0851806683552786}
v_acl_k: [-0.02286434 -0.02447957]
acl_u[acl_delta_k]: [1 1]
num AC branches with possible violations in ACL contingencies: 0
num AC branches with possible violations in DCL contingencies: 0
num AC branches with possible violations in XFR contingencies: 0
t: 2, time: 0.0014717578887939453, memory_info: {'rss bytes': 230096896, 'rss human': '219.4M', 'percent': 0.0851806683552786}
v_acl_k: [-0.02286434 -0.02447957]
acl_u[acl_delta_k]: [1 1]
num AC branches with possible violations in ACL contingencies: 0
num AC branches with possible violations in DCL contingencies: 0
num AC branches with possible violations in XFR contingencies: 0
t: 3, time: 0.0014247894287109375, memory_info: {'rss bytes': 230096896, 'rss human': '219.4M', 'percent': 0.0851806683552786}
v_acl_k: [-0.02286434 -0.02447957]
acl_u[acl_delta_k]: [1 1]
num AC branches with possible violations in ACL contingencies: 0
num AC branches with possible violations in DCL contingencies: 0
num AC branches with possible violations in XFR contingencies: 0
t: 4, time: 0.0014286041259765625, memory_info: {'rss bytes': 230096896, 'rss human': '219.4M', 'percent': 0.0851806683552786}
v_acl_k: [-0.02286434 -0.02447957]
acl_u[acl_delta_k]: [1 1]
num AC branches with possible violations in ACL contingencies: 0
num AC branches with possible violations in DCL contingencies: 0
num AC branches with possible violations in XFR contingencies: 0
t: 5, time: 0.0014085769653320312, memory_info: {'rss bytes': 230096896, 'rss human': '219.4M', 'percent': 0.0851806683552786}
v_acl_k: [-0.02286434 -0.02447957]
acl_u[acl_delta_k]: [1 1]
num AC branches with possible violations in ACL contingencies: 0
num AC branches with possible violations in DCL contingencies: 0
num AC branches with possible violations in XFR contingencies: 0
t: 6, time: 0.0014281272888183594, memory_info: {'rss bytes': 230096896, 'rss human': '219.4M', 'percent': 0.0851806683552786}
v_acl_k: [-0.02286434 -0.02447957]
acl_u[acl_delta_k]: [1 1]
num AC branches with possible violations in ACL contingencies: 0
num AC branches with possible violations in DCL contingencies: 0
num AC branches with possible violations in XFR contingencies: 0
t: 7, time: 0.0014047622680664062, memory_info: {'rss bytes': 230096896, 'rss human': '219.4M', 'percent': 0.0851806683552786}
v_acl_k: [-0.02286434 -0.02447957]
acl_u[acl_delta_k]: [1 1]
num AC branches with possible violations in ACL contingencies: 0
num AC branches with possible violations in DCL contingencies: 0
num AC branches with possible violations in XFR contingencies: 0
t: 8, time: 0.0014247894287109375, memory_info: {'rss bytes': 230096896, 'rss human': '219.4M', 'percent': 0.0851806683552786}
v_acl_k: [-0.02286434 -0.02447957]
acl_u[acl_delta_k]: [1 1]
num AC branches with possible violations in ACL contingencies: 0
num AC branches with possible violations in DCL contingencies: 0
num AC branches with possible violations in XFR contingencies: 0
t: 9, time: 0.0014188289642333984, memory_info: {'rss bytes': 230096896, 'rss human': '219.4M', 'percent': 0.0851806683552786}
v_acl_k: [-0.02286434 -0.02447957]
acl_u[acl_delta_k]: [1 1]
num AC branches with possible violations in ACL contingencies: 0
num AC branches with possible violations in DCL contingencies: 0
num AC branches with possible violations in XFR contingencies: 0
t: 10, time: 0.0014195442199707031, memory_info: {'rss bytes': 230096896, 'rss human': '219.4M', 'percent': 0.0851806683552786}
v_acl_k: [-0.02286434 -0.02447957]
acl_u[acl_delta_k]: [1 1]
num AC branches with possible violations in ACL contingencies: 0
num AC branches with possible violations in DCL contingencies: 0
num AC branches with possible violations in XFR contingencies: 0
t: 11, time: 0.0014185905456542969, memory_info: {'rss bytes': 230096896, 'rss human': '219.4M', 'percent': 0.0851806683552786}
v_acl_k: [-0.02286434 -0.02447957]
acl_u[acl_delta_k]: [1 1]
num AC branches with possible violations in ACL contingencies: 1
num AC branches with possible violations in DCL contingencies: 0
num AC branches with possible violations in XFR contingencies: 0
t: 12, time: 0.0014171600341796875, memory_info: {'rss bytes': 230096896, 'rss human': '219.4M', 'percent': 0.0851806683552786}
v_acl_k: [-0.02286434 -0.02447957]
acl_u[acl_delta_k]: [1 1]
num AC branches with possible violations in ACL contingencies: 0
num AC branches with possible violations in DCL contingencies: 0
num AC branches with possible violations in XFR contingencies: 0
t: 13, time: 0.0014069080352783203, memory_info: {'rss bytes': 230096896, 'rss human': '219.4M', 'percent': 0.0851806683552786}
v_acl_k: [-0.02286434 -0.02447957]
acl_u[acl_delta_k]: [1 1]
num AC branches with possible violations in ACL contingencies: 0
num AC branches with possible violations in DCL contingencies: 0
num AC branches with possible violations in XFR contingencies: 0
t: 14, time: 0.001405954360961914, memory_info: {'rss bytes': 230096896, 'rss human': '219.4M', 'percent': 0.0851806683552786}
v_acl_k: [-0.02286434 -0.02447957]
acl_u[acl_delta_k]: [1 1]
num AC branches with possible violations in ACL contingencies: 0
num AC branches with possible violations in DCL contingencies: 0
num AC branches with possible violations in XFR contingencies: 0
t: 15, time: 0.0013976097106933594, memory_info: {'rss bytes': 230096896, 'rss human': '219.4M', 'percent': 0.0851806683552786}
v_acl_k: [-0.02286434 -0.02447957]
acl_u[acl_delta_k]: [1 1]
num AC branches with possible violations in ACL contingencies: 0
num AC branches with possible violations in DCL contingencies: 0
num AC branches with possible violations in XFR contingencies: 0
t: 16, time: 0.0014009475708007812, memory_info: {'rss bytes': 230096896, 'rss human': '219.4M', 'percent': 0.0851806683552786}
v_acl_k: [-0.02286434 -0.02447957]
acl_u[acl_delta_k]: [1 1]
num AC branches with possible violations in ACL contingencies: 0
num AC branches with possible violations in DCL contingencies: 0
num AC branches with possible violations in XFR contingencies: 0
t: 17, time: 0.0013980865478515625, memory_info: {'rss bytes': 230096896, 'rss human': '219.4M', 'percent': 0.0851806683552786}
v_acl_k: [-0.02286434 -0.02447957]
acl_u[acl_delta_k]: [1 1]
num AC branches with possible violations in ACL contingencies: 0
num AC branches with possible violations in DCL contingencies: 0
num AC branches with possible violations in XFR contingencies: 0
t: 18, time: 0.0013942718505859375, memory_info: {'rss bytes': 230096896, 'rss human': '219.4M', 'percent': 0.0851806683552786}
v_acl_k: [-0.02286434 -0.02447957]
acl_u[acl_delta_k]: [1 1]
num AC branches with possible violations in ACL contingencies: 0
num AC branches with possible violations in DCL contingencies: 0
num AC branches with possible violations in XFR contingencies: 0
t: 19, time: 0.001405477523803711, memory_info: {'rss bytes': 230096896, 'rss human': '219.4M', 'percent': 0.0851806683552786}
v_acl_k: [-0.02286434 -0.02447957]
acl_u[acl_delta_k]: [1 1]
num AC branches with possible violations in ACL contingencies: 0
num AC branches with possible violations in DCL contingencies: 0
num AC branches with possible violations in XFR contingencies: 0
t: 20, time: 0.0014009475708007812, memory_info: {'rss bytes': 230096896, 'rss human': '219.4M', 'percent': 0.0851806683552786}
v_acl_k: [-0.02286434 -0.02447957]
acl_u[acl_delta_k]: [1 1]
num AC branches with possible violations in ACL contingencies: 0
num AC branches with possible violations in DCL contingencies: 0
num AC branches with possible violations in XFR contingencies: 0
t: 21, time: 0.001407623291015625, memory_info: {'rss bytes': 230096896, 'rss human': '219.4M', 'percent': 0.0851806683552786}
v_acl_k: [-0.02286434 -0.02447957]
acl_u[acl_delta_k]: [1 1]
num AC branches with possible violations in ACL contingencies: 0
num AC branches with possible violations in DCL contingencies: 0
num AC branches with possible violations in XFR contingencies: 0
t: 22, time: 0.0013971328735351562, memory_info: {'rss bytes': 230096896, 'rss human': '219.4M', 'percent': 0.0851806683552786}
v_acl_k: [-0.02286434 -0.02447957]
acl_u[acl_delta_k]: [1 1]
num AC branches with possible violations in ACL contingencies: 0
num AC branches with possible violations in DCL contingencies: 0
num AC branches with possible violations in XFR contingencies: 0
t: 23, time: 0.0014071464538574219, memory_info: {'rss bytes': 230096896, 'rss human': '219.4M', 'percent': 0.0851806683552786}
v_acl_k: [-0.02286434 -0.02447957]
acl_u[acl_delta_k]: [1 1]
num AC branches with possible violations in ACL contingencies: 0
num AC branches with possible violations in DCL contingencies: 0
num AC branches with possible violations in XFR contingencies: 0
t: 24, time: 0.0013861656188964844, memory_info: {'rss bytes': 230096896, 'rss human': '219.4M', 'percent': 0.0851806683552786}
v_acl_k: [-0.02286434 -0.02447957]
acl_u[acl_delta_k]: [1 1]
num AC branches with possible violations in ACL contingencies: 0
num AC branches with possible violations in DCL contingencies: 0
num AC branches with possible violations in XFR contingencies: 0
t: 25, time: 0.0013973712921142578, memory_info: {'rss bytes': 230096896, 'rss human': '219.4M', 'percent': 0.0851806683552786}
v_acl_k: [-0.02286434 -0.02447957]
acl_u[acl_delta_k]: [1 1]
num AC branches with possible violations in ACL contingencies: 0
num AC branches with possible violations in DCL contingencies: 0
num AC branches with possible violations in XFR contingencies: 0
t: 26, time: 0.0013937950134277344, memory_info: {'rss bytes': 230096896, 'rss human': '219.4M', 'percent': 0.0851806683552786}
v_acl_k: [-0.02286434 -0.02447957]
acl_u[acl_delta_k]: [1 1]
num AC branches with possible violations in ACL contingencies: 0
num AC branches with possible violations in DCL contingencies: 0
num AC branches with possible violations in XFR contingencies: 0
t: 27, time: 0.0013980865478515625, memory_info: {'rss bytes': 230096896, 'rss human': '219.4M', 'percent': 0.0851806683552786}
v_acl_k: [-0.02286434 -0.02447957]
acl_u[acl_delta_k]: [1 1]
num AC branches with possible violations in ACL contingencies: 0
num AC branches with possible violations in DCL contingencies: 0
num AC branches with possible violations in XFR contingencies: 0
t: 28, time: 0.0013959407806396484, memory_info: {'rss bytes': 230096896, 'rss human': '219.4M', 'percent': 0.0851806683552786}
v_acl_k: [-0.02286434 -0.02447957]
acl_u[acl_delta_k]: [1 1]
num AC branches with possible violations in ACL contingencies: 0
num AC branches with possible violations in DCL contingencies: 0
num AC branches with possible violations in XFR contingencies: 0
t: 29, time: 0.0013968944549560547, memory_info: {'rss bytes': 230096896, 'rss human': '219.4M', 'percent': 0.0851806683552786}
v_acl_k: [-0.02286434 -0.02447957]
acl_u[acl_delta_k]: [1 1]
num AC branches with possible violations in ACL contingencies: 0
num AC branches with possible violations in DCL contingencies: 0
num AC branches with possible violations in XFR contingencies: 0
t: 30, time: 0.0014002323150634766, memory_info: {'rss bytes': 230096896, 'rss human': '219.4M', 'percent': 0.0851806683552786}
v_acl_k: [-0.02286434 -0.02447957]
acl_u[acl_delta_k]: [1 1]
num AC branches with possible violations in ACL contingencies: 0
num AC branches with possible violations in DCL contingencies: 0
num AC branches with possible violations in XFR contingencies: 0
t: 31, time: 0.0014007091522216797, memory_info: {'rss bytes': 230096896, 'rss human': '219.4M', 'percent': 0.0851806683552786}
v_acl_k: [-0.02286434 -0.02447957]
acl_u[acl_delta_k]: [1 1]
num AC branches with possible violations in ACL contingencies: 0
num AC branches with possible violations in DCL contingencies: 0
num AC branches with possible violations in XFR contingencies: 0
t: 32, time: 0.0013875961303710938, memory_info: {'rss bytes': 230096896, 'rss human': '219.4M', 'percent': 0.0851806683552786}
v_acl_k: [-0.02286434 -0.02447957]
acl_u[acl_delta_k]: [1 1]
num AC branches with possible violations in ACL contingencies: 0
num AC branches with possible violations in DCL contingencies: 0
num AC branches with possible violations in XFR contingencies: 0
t: 33, time: 0.0014047622680664062, memory_info: {'rss bytes': 230096896, 'rss human': '219.4M', 'percent': 0.0851806683552786}
v_acl_k: [-0.02286434 -0.02447957]
acl_u[acl_delta_k]: [1 1]
num AC branches with possible violations in ACL contingencies: 0
num AC branches with possible violations in DCL contingencies: 0
num AC branches with possible violations in XFR contingencies: 0
t: 34, time: 0.0013964176177978516, memory_info: {'rss bytes': 230096896, 'rss human': '219.4M', 'percent': 0.0851806683552786}
v_acl_k: [-0.02286434 -0.02447957]
acl_u[acl_delta_k]: [1 1]
num AC branches with possible violations in ACL contingencies: 0
num AC branches with possible violations in DCL contingencies: 0
num AC branches with possible violations in XFR contingencies: 0
t: 35, time: 0.0013997554779052734, memory_info: {'rss bytes': 230096896, 'rss human': '219.4M', 'percent': 0.0851806683552786}
v_acl_k: [-0.02286434 -0.02447957]
acl_u[acl_delta_k]: [1 1]
num AC branches with possible violations in ACL contingencies: 0
num AC branches with possible violations in DCL contingencies: 0
num AC branches with possible violations in XFR contingencies: 0
t: 36, time: 0.0013899803161621094, memory_info: {'rss bytes': 230096896, 'rss human': '219.4M', 'percent': 0.0851806683552786}
v_acl_k: [-0.02286434 -0.02447957]
acl_u[acl_delta_k]: [1 1]
num AC branches with possible violations in ACL contingencies: 0
num AC branches with possible violations in DCL contingencies: 0
num AC branches with possible violations in XFR contingencies: 0
t: 37, time: 0.0014004707336425781, memory_info: {'rss bytes': 230096896, 'rss human': '219.4M', 'percent': 0.0851806683552786}
v_acl_k: [-0.02286434 -0.02447957]
acl_u[acl_delta_k]: [1 1]
num AC branches with possible violations in ACL contingencies: 0
num AC branches with possible violations in DCL contingencies: 0
num AC branches with possible violations in XFR contingencies: 0
t: 38, time: 0.0013899803161621094, memory_info: {'rss bytes': 230096896, 'rss human': '219.4M', 'percent': 0.0851806683552786}
v_acl_k: [-0.02286434 -0.02447957]
acl_u[acl_delta_k]: [1 1]
num AC branches with possible violations in ACL contingencies: 0
num AC branches with possible violations in DCL contingencies: 0
num AC branches with possible violations in XFR contingencies: 0
t: 39, time: 0.0013966560363769531, memory_info: {'rss bytes': 230096896, 'rss human': '219.4M', 'percent': 0.0851806683552786}
v_acl_k: [-0.02286434 -0.02447957]
acl_u[acl_delta_k]: [1 1]
num AC branches with possible violations in ACL contingencies: 0
num AC branches with possible violations in DCL contingencies: 0
num AC branches with possible violations in XFR contingencies: 0
t: 40, time: 0.0013947486877441406, memory_info: {'rss bytes': 230096896, 'rss human': '219.4M', 'percent': 0.0851806683552786}
v_acl_k: [-0.02286434 -0.02447957]
acl_u[acl_delta_k]: [1 1]
num AC branches with possible violations in ACL contingencies: 0
num AC branches with possible violations in DCL contingencies: 0
num AC branches with possible violations in XFR contingencies: 0
t: 41, time: 0.001447916030883789, memory_info: {'rss bytes': 230096896, 'rss human': '219.4M', 'percent': 0.0851806683552786}
v_acl_k: [-0.02286434 -0.02447957]
acl_u[acl_delta_k]: [1 1]
num AC branches with possible violations in ACL contingencies: 0
num AC branches with possible violations in DCL contingencies: 0
num AC branches with possible violations in XFR contingencies: 0
t: 42, time: 0.0013895034790039062, memory_info: {'rss bytes': 230096896, 'rss human': '219.4M', 'percent': 0.0851806683552786}
v_acl_k: [-0.02286434 -0.02447957]
acl_u[acl_delta_k]: [1 1]
num AC branches with possible violations in ACL contingencies: 0
num AC branches with possible violations in DCL contingencies: 0
num AC branches with possible violations in XFR contingencies: 0
t: 43, time: 0.0013988018035888672, memory_info: {'rss bytes': 230096896, 'rss human': '219.4M', 'percent': 0.0851806683552786}
v_acl_k: [-0.02286434 -0.02447957]
acl_u[acl_delta_k]: [1 1]
num AC branches with possible violations in ACL contingencies: 0
num AC branches with possible violations in DCL contingencies: 0
num AC branches with possible violations in XFR contingencies: 0
t: 44, time: 0.0013875961303710938, memory_info: {'rss bytes': 230096896, 'rss human': '219.4M', 'percent': 0.0851806683552786}
v_acl_k: [-0.02286434 -0.02447957]
acl_u[acl_delta_k]: [1 1]
num AC branches with possible violations in ACL contingencies: 0
num AC branches with possible violations in DCL contingencies: 0
num AC branches with possible violations in XFR contingencies: 0
t: 45, time: 0.0013928413391113281, memory_info: {'rss bytes': 230096896, 'rss human': '219.4M', 'percent': 0.0851806683552786}
v_acl_k: [-0.02286434 -0.02447957]
acl_u[acl_delta_k]: [1 1]
num AC branches with possible violations in ACL contingencies: 0
num AC branches with possible violations in DCL contingencies: 0
num AC branches with possible violations in XFR contingencies: 0
t: 46, time: 0.0013852119445800781, memory_info: {'rss bytes': 230096896, 'rss human': '219.4M', 'percent': 0.0851806683552786}
v_acl_k: [-0.02286434 -0.02447957]
acl_u[acl_delta_k]: [1 1]
num AC branches with possible violations in ACL contingencies: 0
num AC branches with possible violations in DCL contingencies: 0
num AC branches with possible violations in XFR contingencies: 0
t: 47, time: 0.0013914108276367188, memory_info: {'rss bytes': 230096896, 'rss human': '219.4M', 'percent': 0.0851806683552786}
initialize_m_w_time: 0.00038433074951171875
compute_static_w_time: 6.699562072753906e-05
get_time_varying_branch_characteristics_time: 0.0008957386016845703
construct_a_t_time: 0.014523506164550781
factor_a_t_time: 0.009674310684204102
compute_w_with_t_a_solve_time: 0.001901388168334961
compute_v_t_time: 4.5299530029296875e-06
compute_w_with_t_smw_time: 2.6226043701171875e-06
compute_v_time: 0.007958412170410156
compute_bus_theta_with_t_a_solve_time: 0.0007922649383544922
compute_bus_theta_with_t_smw_time: 5.4836273193359375e-06
compute_br_p_time: 0.0038344860076904297
apply_w_v_wt_time: 0.0006427764892578125
compute_bus_dtheta_rhs_dcl_k_time: 0.004145622253417969
compute_w_v_wt_xfr_k_time: 0.004452228546142578
compute_bus_dtheta_rhs_xfr_k_time: 3.0994415283203125e-06
compute_br_acl_delta_k_p_delta_time: 0.0029075145721435547
compute_br_dcl_delta_k_p_delta_time: 0.002428770065307617
compute_br_xfr_delta_k_p_delta_time: 0.002391338348388672
filter_branches_acl_k_time: 0.0024559497833251953
filter_branches_dcl_k_time: 0.0011179447174072266
filter_branches_xfr_k_time: 0.0010073184967041016
compute_br_acl_delta_k_p_time: 0.0002803802490234375
compute_br_dcl_delta_k_p_time: 0.00015616416931152344
compute_br_xfr_delta_k_p_time: 0.00014209747314453125
compute_br_acl_delta_k_s_over_time: 0.0015528202056884766
compute_br_dcl_delta_k_s_over_time: 0.0007164478302001953
compute_br_xfr_delta_k_s_over_time: 0.0006802082061767578
zero_out_time: 0.00018835067749023438
get_max_br_acl_delta_k_s_over_time: 0.0014107227325439453
get_max_br_dcl_delta_k_s_over_time: 6.67572021484375e-06
get_max_br_xfr_delta_k_s_over_time: 5.0067901611328125e-06
compute_br_k_z_time: 0.001230001449584961
collect_penalties_into_obj_array_time: 0.0005071163177490234
end of contingency model method 1, memory info: {'rss bytes': 230096896, 'rss human': '219.4M', 'percent': 0.0851806683552786}
function: eval_post_contingency_model, time: 0.16720032691955566
function: eval_post_contingency_model, time: 0.1672072410583496
function: run, time: 0.2782399654388428
after solution_evaluator.run(), memory info: {'rss bytes': 230096896, 'rss human': '219.4M', 'percent': 0.0851806683552786}
evaluation summary:
{'feas': 1,
 'infeas': 0,
 'info_i_i_k_t_disconnected_ctg': {'idx': {0: None, 1: None, 2: None, 3: None},
                                   'val': 0},
 'info_i_i_t_disconnected_base': {'idx': {0: None, 1: None, 2: None}, 'val': 0},
 'phys_feas': 0,
 'sum_acl_t_u_sd': 0,
 'sum_acl_t_u_su': 0,
 'sum_acl_t_z_s': 0.0,
 'sum_acl_t_z_sd': 0.0,
 'sum_acl_t_z_su': 0.0,
 'sum_bus_t_z_p': 5085642381.62376,
 'sum_bus_t_z_q': 3271084770.052825,
 'sum_cs_t_z_p': -0.0,
 'sum_pr_t_z_p': 0.0,
 'sum_prz_t_z_nsc': 1848.4295861232001,
 'sum_prz_t_z_rgd': 0.0,
 'sum_prz_t_z_rgu': 0.0,
 'sum_prz_t_z_rrd': 3.928,
 'sum_prz_t_z_rru': 4.067,
 'sum_prz_t_z_scr': 5872.61483091225,
 'sum_qrz_t_z_qrd': 0.0,
 'sum_qrz_t_z_qru': 0.0,
 'sum_sd_t_sd': 0,
 'sum_sd_t_su': 61,
 'sum_sd_t_z_nsc': 0.0,
 'sum_sd_t_z_on': 0.0,
 'sum_sd_t_z_qrd': 0.0,
 'sum_sd_t_z_qru': 0.0,
 'sum_sd_t_z_rgd': 0.0,
 'sum_sd_t_z_rgu': 0.0,
 'sum_sd_t_z_rrd_off': 0.0,
 'sum_sd_t_z_rrd_on': 0.0,
 'sum_sd_t_z_rru_off': 0.0,
 'sum_sd_t_z_rru_on': 0.0,
 'sum_sd_t_z_scr': 0.0,
 'sum_sd_t_z_sd': 0.0,
 'sum_sd_t_z_su': 0.0,
 'sum_sd_t_z_sus': 0.0,
 'sum_xfr_t_u_sd': 0,
 'sum_xfr_t_u_su': 0,
 'sum_xfr_t_z_s': 0.0,
 'sum_xfr_t_z_sd': 0.0,
 'sum_xfr_t_z_su': 0.0,
 'time_connectedness': 0.0845494270324707,
 'time_post_contingency': 0.167205810546875,
 'time_run': 0.27823877334594727,
 'total_switches': 0,
 'viol_acl_acl_t_s_max_ctg': {'idx': {0: 'acl_100', 1: 'acl_102', 2: 12},
                              'val': 0.0006907419140154136},
 'viol_acl_dcl_t_s_max_ctg': {'idx': {0: None, 1: None, 2: None}, 'val': 0.0},
 'viol_acl_t_s_max': {'idx': {0: 'acl_000', 1: 0}, 'val': 0.0},
 'viol_acl_t_u_sd_max': {'idx': {0: 'acl_000', 1: 0}, 'val': 0},
 'viol_acl_t_u_su_max': {'idx': {0: 'acl_000', 1: 0}, 'val': 0},
 'viol_acl_xfr_t_s_max_ctg': {'idx': {0: None, 1: None, 2: None}, 'val': 0.0},
 'viol_bus_t_p_balance_max': {'idx': {0: 'bus_55', 1: 0},
                              'val': 6.600014981956657},
 'viol_bus_t_p_balance_min': {'idx': {0: 'bus_19', 1: 0},
                              'val': -6.910624759434709},
 'viol_bus_t_q_balance_max': {'idx': {0: 'bus_41', 1: 0},
                              'val': 0.8199418027720068},
 'viol_bus_t_q_balance_min': {'idx': {0: 'bus_53', 1: 0},
                              'val': -9.345961455185739},
 'viol_bus_t_v_max': {'idx': {0: 'bus_00', 1: 0}, 'val': 0.0},
 'viol_bus_t_v_min': {'idx': {0: 'bus_00', 1: 0}, 'val': 0.0},
 'viol_cs_t_p_off_max': {'idx': {0: 'sd_154', 1: 0}, 'val': 0.0},
 'viol_cs_t_p_off_min': {'idx': {0: 'sd_154', 1: 0}, 'val': 0.0},
 'viol_cs_t_p_on_max': {'idx': {0: 'sd_154', 1: 0}, 'val': 0.0},
 'viol_cs_t_p_on_min': {'idx': {0: 'sd_154', 1: 0}, 'val': 0.0},
 'viol_cs_t_q_max': {'idx': {0: 'sd_154', 1: 0}, 'val': 0.0},
 'viol_cs_t_q_min': {'idx': {0: 'sd_154', 1: 0}, 'val': 0.0},
 'viol_cs_t_q_p_max': {'idx': {0: None, 1: None}, 'val': None},
 'viol_cs_t_q_p_min': {'idx': {0: None, 1: None}, 'val': None},
 'viol_dcl_t_p_max': {'idx': {0: 'dcl_0', 1: 0}, 'val': 0.0},
 'viol_dcl_t_p_min': {'idx': {0: 'dcl_0', 1: 0}, 'val': 0.0},
 'viol_dcl_t_q_fr_max': {'idx': {0: 'dcl_0', 1: 0}, 'val': 0.0},
 'viol_dcl_t_q_fr_min': {'idx': {0: 'dcl_0', 1: 0}, 'val': 0.0},
 'viol_dcl_t_q_to_max': {'idx': {0: 'dcl_0', 1: 0}, 'val': 0.0},
 'viol_dcl_t_q_to_min': {'idx': {0: 'dcl_0', 1: 0}, 'val': 0.0},
 'viol_pr_t_p_off_max': {'idx': {0: 'sd_000', 1: 0}, 'val': 0.0},
 'viol_pr_t_p_off_min': {'idx': {0: 'sd_000', 1: 0}, 'val': 0.0},
 'viol_pr_t_p_on_max': {'idx': {0: 'sd_000', 1: 0}, 'val': 0.0},
 'viol_pr_t_p_on_min': {'idx': {0: 'sd_000', 1: 0}, 'val': 0.0},
 'viol_pr_t_q_max': {'idx': {0: 'sd_000', 1: 0}, 'val': 0.0},
 'viol_pr_t_q_min': {'idx': {0: 'sd_000', 1: 0}, 'val': 0.0},
 'viol_pr_t_q_p_max': {'idx': {0: None, 1: None}, 'val': None},
 'viol_pr_t_q_p_min': {'idx': {0: None, 1: None}, 'val': None},
 'viol_prz_t_p_nsc_balance': {'idx': {0: 'prz_0', 1: 0}, 'val': 2.854},
 'viol_prz_t_p_rgd_balance': {'idx': {0: 'prz_0', 1: 0}, 'val': 0.0},
 'viol_prz_t_p_rgu_balance': {'idx': {0: 'prz_0', 1: 0}, 'val': 0.0},
 'viol_prz_t_p_rrd_balance': {'idx': {0: 'prz_0', 1: 32},
                              'val': 0.9899999999999999},
 'viol_prz_t_p_rru_balance': {'idx': {0: 'prz_0', 1: 39}, 'val': 1.02},
 'viol_prz_t_p_scr_balance': {'idx': {0: 'prz_0', 1: 0}, 'val': 0.7135},
 'viol_qrz_t_q_qrd_balance': {'idx': {0: 'qrz_0', 1: 0}, 'val': 0.0},
 'viol_qrz_t_q_qru_balance': {'idx': {0: 'qrz_0', 1: 0}, 'val': 0.0},
 'viol_sd_max_energy_constr': {'idx': {0: 'sd_000', 1: 0}, 'val': 0.0},
 'viol_sd_max_startup_constr': {'idx': {0: 'sd_000', 1: 0}, 'val': 0},
 'viol_sd_min_energy_constr': {'idx': {0: 'sd_000', 1: 0}, 'val': 0.0},
 'viol_sd_t_d_dn_min': {'idx': {0: 'sd_000', 1: 0}, 'val': 0},
 'viol_sd_t_d_up_min': {'idx': {0: 'sd_000', 1: 0}, 'val': 0},
 'viol_sd_t_p_nsc_max': {'idx': {0: 'sd_000', 1: 0}, 'val': 0.0},
 'viol_sd_t_p_nsc_nonneg': {'idx': {0: 'sd_000', 1: 0}, 'val': -0.0},
 'viol_sd_t_p_ramp_dn_max': {'idx': {0: 'sd_000', 1: 0}, 'val': 0.0},
 'viol_sd_t_p_ramp_up_max': {'idx': {0: 'sd_000', 1: 0}, 'val': 0.0},
 'viol_sd_t_p_rgd_max': {'idx': {0: 'sd_000', 1: 0}, 'val': 0.0},
 'viol_sd_t_p_rgd_nonneg': {'idx': {0: 'sd_000', 1: 0}, 'val': -0.0},
 'viol_sd_t_p_rgu_max': {'idx': {0: 'sd_000', 1: 0}, 'val': 0.0},
 'viol_sd_t_p_rgu_nonneg': {'idx': {0: 'sd_000', 1: 0}, 'val': -0.0},
 'viol_sd_t_p_rrd_off_max': {'idx': {0: 'sd_000', 1: 0}, 'val': 0.0},
 'viol_sd_t_p_rrd_off_nonneg': {'idx': {0: 'sd_000', 1: 0}, 'val': -0.0},
 'viol_sd_t_p_rrd_on_max': {'idx': {0: 'sd_000', 1: 0}, 'val': 0.0},
 'viol_sd_t_p_rrd_on_nonneg': {'idx': {0: 'sd_000', 1: 0}, 'val': -0.0},
 'viol_sd_t_p_rru_off_max': {'idx': {0: 'sd_000', 1: 0}, 'val': 0.0},
 'viol_sd_t_p_rru_off_nonneg': {'idx': {0: 'sd_000', 1: 0}, 'val': -0.0},
 'viol_sd_t_p_rru_on_max': {'idx': {0: 'sd_000', 1: 0}, 'val': 0.0},
 'viol_sd_t_p_rru_on_nonneg': {'idx': {0: 'sd_000', 1: 0}, 'val': -0.0},
 'viol_sd_t_p_scr_max': {'idx': {0: 'sd_000', 1: 0}, 'val': 0.0},
 'viol_sd_t_p_scr_nonneg': {'idx': {0: 'sd_000', 1: 0}, 'val': -0.0},
 'viol_sd_t_q_qrd_nonneg': {'idx': {0: 'sd_000', 1: 0}, 'val': -0.0},
 'viol_sd_t_q_qru_nonneg': {'idx': {0: 'sd_000', 1: 0}, 'val': -0.0},
 'viol_sd_t_u_on_max': {'idx': {0: 'sd_000', 1: 0}, 'val': 0},
 'viol_sd_t_u_on_min': {'idx': {0: 'sd_000', 1: 0}, 'val': 0},
 'viol_sh_t_u_st_max': {'idx': {0: 'sh_00', 1: 0}, 'val': 0},
 'viol_sh_t_u_st_min': {'idx': {0: 'sh_00', 1: 0}, 'val': 0},
 'viol_t_connected_base': {'idx': {0: 0}, 'val': 0},
 'viol_t_connected_ctg': {'idx': {0: 0}, 'val': 0},
 'viol_xfr_acl_t_s_max_ctg': {'idx': {0: None, 1: None, 2: None}, 'val': 0.0},
 'viol_xfr_dcl_t_s_max_ctg': {'idx': {0: None, 1: None, 2: None}, 'val': 0.0},
 'viol_xfr_t_phi_max': {'idx': {0: 'xfr_00', 1: 0}, 'val': 0.0},
 'viol_xfr_t_phi_min': {'idx': {0: 'xfr_00', 1: 0}, 'val': 0.0},
 'viol_xfr_t_s_max': {'idx': {0: 'xfr_00', 1: 0}, 'val': 0.0},
 'viol_xfr_t_tau_max': {'idx': {0: 'xfr_00', 1: 0}, 'val': 0.0},
 'viol_xfr_t_tau_min': {'idx': {0: 'xfr_00', 1: 0}, 'val': 0.0},
 'viol_xfr_t_u_sd_max': {'idx': {0: 'xfr_00', 1: 0}, 'val': 0},
 'viol_xfr_t_u_su_max': {'idx': {0: 'xfr_00', 1: 0}, 'val': 0},
 'viol_xfr_xfr_t_s_max_ctg': {'idx': {0: None, 1: None, 2: None}, 'val': 0.0},
 'z': -8356734881.234058,
 'z_base': -8356734880.716002,
 'z_cost': 0.0,
 'z_k_average_case': -0.1726854785038534,
 'z_k_worst_case': -0.3453709570077068,
 'z_max_energy': 0.0,
 'z_min_energy': 0.0,
 'z_penalty': 8356734880.716002,
 'z_value': -0.0}
infeasibility summary:
{}
feas: 1
obj: -8356734881.234058
evaluate solution time: 0.2859196662902832
end of check_data(), memory info: {'rss bytes': 230617088, 'rss human': '219.9M', 'percent': 0.08537324071502511}
