/rcfs/dtn/arpacomp/.conda/envs/goc_eval/lib/python3.10/site-packages/scipy/sparse/linalg/_dsolve/linsolve.py:347: SparseEfficiencyWarning: splu converted its input to CSC format
  warn('splu converted its input to CSC format', SparseEfficiencyWarning)
args:
Namespace(problem_opt=None, problem='/qfs/projects/goc/share/data/C3/E3.1/D2//C3E3N00073D2/scenario_246.json_scrubbed.json', solution='/qfs/projects/goc/share/data/C3/E3.1/D2//C3E3N00073D2/scenario_246.json.pop_solution.json', configuration=None, parameters='{}', summary_csv='summary.csv', summary_json='summary.json', data_errors='data_errors.txt', ignored_errors='ignored_errors.txt', solution_errors='solution_errors.txt', pop_solution=None, scrubbed_problem=None)
problem data file: /qfs/projects/goc/share/data/C3/E3.1/D2//C3E3N00073D2/scenario_246.json_scrubbed.json

pop solution data file: None

solution data file: /qfs/projects/goc/share/data/C3/E3.1/D2//C3E3N00073D2/scenario_246.json.pop_solution.json

git info: {'C3DataUtilities': {'branch': 'main', 'commit': '59dd7f47974aa54c2f26998163730b14ab3a6b97', 'date': 'Wed Jun 7 09:10:06 2023 -0700', 'query_return_code': 0, 'query_err': '', 'branch_return_code': 0, 'branch_err': '', 'query_path': '/qfs/projects/goc/share/loadbalancing/src/nonmpi-template/Challenge3/C3DataUtilities/datautilities', 'query_out': 'commit 59dd7f47974aa54c2f26998163730b14ab3a6b97\nAuthor: Jesse T Holzer <jesse.holzer@pnnl.gov>\nDate:   Wed Jun 7 09:10:06 2023 -0700\n\n    add git branch to summary output\n', 'branch_out': '  dev\n* main\n'}, 'Bid-DS-data-model': {'branch': None, 'commit': None, 'date': None, 'query_return_code': 128, 'query_err': 'fatal: Not a git repository (or any parent up to mount point /rcfs)\nStopping at filesystem boundary (GIT_DISCOVERY_ACROSS_FILESYSTEM not set).\n', 'branch_return_code': None, 'branch_err': None, 'query_path': '/rcfs/dtn/arpacomp/.conda/envs/goc_eval/lib/python3.10/site-packages/datamodel', 'query_out': ''}}

after reading problem without validation, memory info: {'rss bytes': 126287872, 'rss human': '120.4M', 'percent': 0.04675111020239871}
read problem data file without validation time: 0.06670403480529785
after reading problem with validation, memory info: {'rss bytes': 146604032, 'rss human': '139.8M', 'percent': 0.054272046457065855}
load time: 0.5151181221008301
{'error_diagnostics': '',
 'general': {'base_norm_mva': 100.0,
             'day_type': None,
             'electricity_demand': None,
             'net_load': None,
             'season': None,
             'solar_availability': None,
             'timestamp_start': None,
             'timestamp_stop': None,
             'vre_availability': None,
             'weather_temperature': None,
             'wind_availability': None},
 'interval durations': [1.0,
                        1.0,
                        1.0,
                        1.0,
                        1.0,
                        1.0,
                        1.0,
                        1.0,
                        1.0,
                        1.0,
                        1.0,
                        1.0,
                        1.0,
                        1.0,
                        1.0,
                        1.0,
                        1.0,
                        1.0,
                        1.0,
                        1.0,
                        1.0,
                        1.0,
                        1.0,
                        1.0,
                        1.0,
                        1.0,
                        1.0,
                        1.0,
                        1.0,
                        1.0,
                        1.0,
                        1.0,
                        1.0,
                        1.0,
                        1.0,
                        1.0,
                        1.0,
                        1.0,
                        1.0,
                        1.0,
                        1.0,
                        1.0,
                        1.0,
                        1.0,
                        1.0,
                        1.0,
                        1.0,
                        1.0],
 'num ac lines': 105,
 'num buses': 73,
 'num consuming devices': 51,
 'num contingencies': 2,
 'num dc lines': 1,
 'num intervals': 48,
 'num producing devices': 154,
 'num reactive power reserve zones': 1,
 'num real power reserve zones': 1,
 'num shunts': 73,
 'num simple dispatchable devices': 205,
 'num transformers': 15,
 'total duration': 48.0,
 'violation costs': {'e_vio_cost': 900000.0,
                     'p_bus_vio_cost': 1000000.0,
                     'q_bus_vio_cost': 1000000.0,
                     's_vio_cost': 500.0}}
after read solution without validation, memory info: {'rss bytes': 150388736, 'rss human': '143.4M', 'percent': 0.05567312409805626}
read solution data file without validation time: 0.01676464080810547
after read solution with validation, memory info: {'rss bytes': 157417472, 'rss human': '150.1M', 'percent': 0.058275125431324175}
solution load time: 0.24533653259277344
after solution_model_checks(), memory info: {'rss bytes': 157417472, 'rss human': '150.1M', 'percent': 0.058275125431324175}
solution model_checks time: 0.0011982917785644531
{'error_diagnostics': ''}
after problem_data_array.set_from_data_model(), memory info: {'rss bytes': 160632832, 'rss human': '153.2M', 'percent': 0.059465434899048715}
convert problem data to numpy arrays time: 0.0469357967376709
after solution_data_array.set_from_data_model(), memory info: {'rss bytes': 161984512, 'rss human': '154.5M', 'percent': 0.059965819770831014}
convert solution data to numpy arrays time: 0.007652997970581055
function: set_summary, time: 0.0001556873321533203
function: set_problem, time: 1.1920928955078125e-06
function: set_solution, time: 4.0531158447265625e-06
function: set_solution_zero, time: 0.0001990795135498047
function: set_work_zero, time: 0.00017309188842773438
function: set_matrices, time: 0.003454446792602539
function: __init__, time: 0.004010438919067383
function: eval_sd_t_d_up_dn, time: 0.0008594989776611328
function: eval_sd_max_startup, time: 0.0025010108947753906
function: eval_sd_t_z_sus, time: 0.0015401840209960938
function: eval_acl_t_p_q_fr_to, time: 0.0003504753112792969
function: eval_xfr_t_p_q_fr_to, time: 0.00012135505676269531
function: eval_sd_t_su_sd_trajectories, time: 0.0001456737518310547
function: eval_sd_max_energy, time: 0.00136566162109375
function: eval_sd_min_energy, time: 0.0013103485107421875
function: eval_sd_t_z_p, time: 0.011576414108276367
function: eval_bus_t_p, time: 0.0007395744323730469
function: eval_bus_t_q, time: 0.00016236305236816406
sd_t_p_rgu sum: 0.0
prz_sigma_rgu max: 0.03
prz_t_p_rgu_req max: 0.0
sd_t_p_rgd sum: 0.0
prz_sigma_rgd max: 0.03
prz_t_p_rgd_req max: 0.0
sd_t_p_scr sum: 0.0
prz_sigma_scr max: 0.1
prz_t_p_scr_req max: 0.062652093
sd_t_p_nsc sum: 0.0
prz_sigma_nsc max: 0.3
prz_t_p_nsc_req max: 0.18795627899999998
sd_t_p_rru sum: 0.0
prz_t_p_rru_min max: 1.02
sd_t_p_rrd sum: 0.0
prz_t_p_rrd_min max: 0.9899999999999999
sd_t_p_qru sum: 0.0
qrz_t_q_qru_min max: 0.0
sd_t_p_qrd sum: 0.0
qrz_t_q_qrd_min max: 0.0
function: get_connected_components, time: 0.0006339550018310547
function: get_bridges, time: 0.001596212387084961
function: get_connected_components, time: 0.0003402233123779297
function: get_bridges, time: 0.0015380382537841797
function: get_connected_components, time: 0.0003364086151123047
function: get_bridges, time: 0.0013692378997802734
function: get_connected_components, time: 0.0003371238708496094
function: get_bridges, time: 0.0013642311096191406
function: get_connected_components, time: 0.00036025047302246094
function: get_bridges, time: 0.0013918876647949219
function: get_connected_components, time: 0.0003306865692138672
function: get_bridges, time: 0.0013556480407714844
function: get_connected_components, time: 0.0003311634063720703
function: get_bridges, time: 0.0013523101806640625
function: get_connected_components, time: 0.0003306865692138672
function: get_bridges, time: 0.001341104507446289
function: get_connected_components, time: 0.0003256797790527344
function: get_bridges, time: 0.0013427734375
function: get_connected_components, time: 0.0003771781921386719
function: get_bridges, time: 0.0013530254364013672
function: get_connected_components, time: 0.00032973289489746094
function: get_bridges, time: 0.0013494491577148438
function: get_connected_components, time: 0.00032901763916015625
function: get_bridges, time: 0.001354217529296875
function: get_connected_components, time: 0.00032901763916015625
function: get_bridges, time: 0.001402139663696289
function: get_connected_components, time: 0.00033020973205566406
function: get_bridges, time: 0.001523733139038086
function: get_connected_components, time: 0.0003304481506347656
function: get_bridges, time: 0.001352548599243164
function: get_connected_components, time: 0.000331878662109375
function: get_bridges, time: 0.001382589340209961
function: get_connected_components, time: 0.00033020973205566406
function: get_bridges, time: 0.0013422966003417969
function: get_connected_components, time: 0.0003311634063720703
function: get_bridges, time: 0.001394510269165039
function: get_connected_components, time: 0.0003256797790527344
function: get_bridges, time: 0.0013432502746582031
function: get_connected_components, time: 0.00037598609924316406
function: get_bridges, time: 0.0013439655303955078
function: get_connected_components, time: 0.0003247261047363281
function: get_bridges, time: 0.0013885498046875
function: get_connected_components, time: 0.00032973289489746094
function: get_bridges, time: 0.0013420581817626953
function: get_connected_components, time: 0.00032901763916015625
function: get_bridges, time: 0.0013892650604248047
function: get_connected_components, time: 0.00033020973205566406
function: get_bridges, time: 0.0013391971588134766
function: get_connected_components, time: 0.0003647804260253906
function: get_bridges, time: 0.0013508796691894531
function: get_connected_components, time: 0.00032591819763183594
function: get_bridges, time: 0.0015347003936767578
function: get_connected_components, time: 0.0003299713134765625
function: get_bridges, time: 0.0013468265533447266
function: get_connected_components, time: 0.0003299713134765625
function: get_bridges, time: 0.0013403892517089844
function: get_connected_components, time: 0.00033283233642578125
function: get_bridges, time: 0.0013375282287597656
function: get_connected_components, time: 0.0003285408020019531
function: get_bridges, time: 0.0013358592987060547
function: get_connected_components, time: 0.0003311634063720703
function: get_bridges, time: 0.0013408660888671875
function: get_connected_components, time: 0.0003294944763183594
function: get_bridges, time: 0.0013377666473388672
function: get_connected_components, time: 0.0003333091735839844
function: get_bridges, time: 0.0013322830200195312
function: get_connected_components, time: 0.0003237724304199219
function: get_bridges, time: 0.0013391971588134766
function: get_connected_components, time: 0.0003287792205810547
function: get_bridges, time: 0.001338958740234375
function: get_connected_components, time: 0.00033020973205566406
function: get_bridges, time: 0.001332998275756836
function: get_connected_components, time: 0.0003323554992675781
function: get_bridges, time: 0.0013380050659179688
function: get_connected_components, time: 0.0003223419189453125
function: get_bridges, time: 0.0015044212341308594
function: get_connected_components, time: 0.00032520294189453125
function: get_bridges, time: 0.0013494491577148438
function: get_connected_components, time: 0.0003311634063720703
function: get_bridges, time: 0.0013222694396972656
function: get_connected_components, time: 0.0003268718719482422
function: get_bridges, time: 0.0013358592987060547
function: get_connected_components, time: 0.0003299713134765625
function: get_bridges, time: 0.0013306140899658203
function: get_connected_components, time: 0.0003254413604736328
function: get_bridges, time: 0.0013289451599121094
function: get_connected_components, time: 0.0003294944763183594
function: get_bridges, time: 0.0013339519500732422
function: get_connected_components, time: 0.0003254413604736328
function: get_bridges, time: 0.0013303756713867188
function: get_connected_components, time: 0.0003292560577392578
function: get_bridges, time: 0.0013375282287597656
function: get_connected_components, time: 0.0003273487091064453
function: get_bridges, time: 0.0013430118560791016
function: get_connected_components, time: 0.0003306865692138672
function: get_bridges, time: 0.0013403892517089844
end of eval_connectedness(), memory info: {'rss bytes': 164122624, 'rss human': '156.5M', 'percent': 0.06075733765892299}
function: eval_connectedness, time: 0.08604931831359863
problem dimensions. bus: 73, acl: 105, xfr: 15, dcl: 1, k: 2, t: 48
construct static bus admittance matrix. time: 0.0011751651763916016
factor static bus admittance matrix. time: 0.005059957504272461
t_acl_delta_t: [array([], dtype=int64), array([], dtype=int64), array([], dtype=int64), array([], dtype=int64), array([], dtype=int64), array([], dtype=int64), array([], dtype=int64), array([], dtype=int64), array([], dtype=int64), array([], dtype=int64), array([], dtype=int64), array([], dtype=int64), array([], dtype=int64), array([], dtype=int64), array([], dtype=int64), array([], dtype=int64), array([], dtype=int64), array([], dtype=int64), array([], dtype=int64), array([], dtype=int64), array([], dtype=int64), array([], dtype=int64), array([], dtype=int64), array([], dtype=int64), array([], dtype=int64), array([], dtype=int64), array([], dtype=int64), array([], dtype=int64), array([], dtype=int64), array([], dtype=int64), array([], dtype=int64), array([], dtype=int64), array([], dtype=int64), array([], dtype=int64), array([], dtype=int64), array([], dtype=int64), array([], dtype=int64), array([], dtype=int64), array([], dtype=int64), array([], dtype=int64), array([], dtype=int64), array([], dtype=int64), array([], dtype=int64), array([], dtype=int64), array([], dtype=int64), array([], dtype=int64), array([], dtype=int64), array([], dtype=int64)], t_xfr_delta_t: [array([], dtype=int64), array([], dtype=int64), array([], dtype=int64), array([], dtype=int64), array([], dtype=int64), array([], dtype=int64), array([], dtype=int64), array([], dtype=int64), array([], dtype=int64), array([], dtype=int64), array([], dtype=int64), array([], dtype=int64), array([], dtype=int64), array([], dtype=int64), array([], dtype=int64), array([], dtype=int64), array([], dtype=int64), array([], dtype=int64), array([], dtype=int64), array([], dtype=int64), array([], dtype=int64), array([], dtype=int64), array([], dtype=int64), array([], dtype=int64), array([], dtype=int64), array([], dtype=int64), array([], dtype=int64), array([], dtype=int64), array([], dtype=int64), array([], dtype=int64), array([], dtype=int64), array([], dtype=int64), array([], dtype=int64), array([], dtype=int64), array([], dtype=int64), array([], dtype=int64), array([], dtype=int64), array([], dtype=int64), array([], dtype=int64), array([], dtype=int64), array([], dtype=int64), array([], dtype=int64), array([], dtype=int64), array([], dtype=int64), array([], dtype=int64), array([], dtype=int64), array([], dtype=int64), array([], dtype=int64)], t_br_delta_t: [array([], dtype=int64), array([], dtype=int64), array([], dtype=int64), array([], dtype=int64), array([], dtype=int64), array([], dtype=int64), array([], dtype=int64), array([], dtype=int64), array([], dtype=int64), array([], dtype=int64), array([], dtype=int64), array([], dtype=int64), array([], dtype=int64), array([], dtype=int64), array([], dtype=int64), array([], dtype=int64), array([], dtype=int64), array([], dtype=int64), array([], dtype=int64), array([], dtype=int64), array([], dtype=int64), array([], dtype=int64), array([], dtype=int64), array([], dtype=int64), array([], dtype=int64), array([], dtype=int64), array([], dtype=int64), array([], dtype=int64), array([], dtype=int64), array([], dtype=int64), array([], dtype=int64), array([], dtype=int64), array([], dtype=int64), array([], dtype=int64), array([], dtype=int64), array([], dtype=int64), array([], dtype=int64), array([], dtype=int64), array([], dtype=int64), array([], dtype=int64), array([], dtype=int64), array([], dtype=int64), array([], dtype=int64), array([], dtype=int64), array([], dtype=int64), array([], dtype=int64), array([], dtype=int64), array([], dtype=int64)], acl_delta_t: [], xfr_delta_t: [], br_delta_t: []
contingency delta branches. acl: 2, xfr: 0, dcl: 0
construct bus,t-indexed right hand side. time: 0.00013375282287597656
solve for base case bus,t-indexed theta. time: 0.10367226600646973
v_acl_k: [-0.02286434 -0.02447957]
acl_u[acl_delta_k]: [1 1]
num AC branches with possible violations in ACL contingencies: 0
num AC branches with possible violations in DCL contingencies: 0
num AC branches with possible violations in XFR contingencies: 0
t: 0, time: 0.0024785995483398438, memory_info: {'rss bytes': 227921920, 'rss human': '217.4M', 'percent': 0.08437550360704708}
v_acl_k: [-0.02286434 -0.02447957]
acl_u[acl_delta_k]: [1 1]
num AC branches with possible violations in ACL contingencies: 0
num AC branches with possible violations in DCL contingencies: 0
num AC branches with possible violations in XFR contingencies: 0
t: 1, time: 0.0014829635620117188, memory_info: {'rss bytes': 227921920, 'rss human': '217.4M', 'percent': 0.08437550360704708}
v_acl_k: [-0.02286434 -0.02447957]
acl_u[acl_delta_k]: [1 1]
num AC branches with possible violations in ACL contingencies: 0
num AC branches with possible violations in DCL contingencies: 0
num AC branches with possible violations in XFR contingencies: 0
t: 2, time: 0.001422882080078125, memory_info: {'rss bytes': 227921920, 'rss human': '217.4M', 'percent': 0.08437550360704708}
v_acl_k: [-0.02286434 -0.02447957]
acl_u[acl_delta_k]: [1 1]
num AC branches with possible violations in ACL contingencies: 0
num AC branches with possible violations in DCL contingencies: 0
num AC branches with possible violations in XFR contingencies: 0
t: 3, time: 0.0014252662658691406, memory_info: {'rss bytes': 227921920, 'rss human': '217.4M', 'percent': 0.08437550360704708}
v_acl_k: [-0.02286434 -0.02447957]
acl_u[acl_delta_k]: [1 1]
num AC branches with possible violations in ACL contingencies: 0
num AC branches with possible violations in DCL contingencies: 0
num AC branches with possible violations in XFR contingencies: 0
t: 4, time: 0.0014071464538574219, memory_info: {'rss bytes': 227921920, 'rss human': '217.4M', 'percent': 0.08437550360704708}
v_acl_k: [-0.02286434 -0.02447957]
acl_u[acl_delta_k]: [1 1]
num AC branches with possible violations in ACL contingencies: 0
num AC branches with possible violations in DCL contingencies: 0
num AC branches with possible violations in XFR contingencies: 0
t: 5, time: 0.0014019012451171875, memory_info: {'rss bytes': 227921920, 'rss human': '217.4M', 'percent': 0.08437550360704708}
v_acl_k: [-0.02286434 -0.02447957]
acl_u[acl_delta_k]: [1 1]
num AC branches with possible violations in ACL contingencies: 0
num AC branches with possible violations in DCL contingencies: 0
num AC branches with possible violations in XFR contingencies: 0
t: 6, time: 0.0013942718505859375, memory_info: {'rss bytes': 227921920, 'rss human': '217.4M', 'percent': 0.08437550360704708}
v_acl_k: [-0.02286434 -0.02447957]
acl_u[acl_delta_k]: [1 1]
num AC branches with possible violations in ACL contingencies: 0
num AC branches with possible violations in DCL contingencies: 0
num AC branches with possible violations in XFR contingencies: 0
t: 7, time: 0.0013980865478515625, memory_info: {'rss bytes': 227921920, 'rss human': '217.4M', 'percent': 0.08437550360704708}
v_acl_k: [-0.02286434 -0.02447957]
acl_u[acl_delta_k]: [1 1]
num AC branches with possible violations in ACL contingencies: 0
num AC branches with possible violations in DCL contingencies: 0
num AC branches with possible violations in XFR contingencies: 0
t: 8, time: 0.0014019012451171875, memory_info: {'rss bytes': 227921920, 'rss human': '217.4M', 'percent': 0.08437550360704708}
v_acl_k: [-0.02286434 -0.02447957]
acl_u[acl_delta_k]: [1 1]
num AC branches with possible violations in ACL contingencies: 0
num AC branches with possible violations in DCL contingencies: 0
num AC branches with possible violations in XFR contingencies: 0
t: 9, time: 0.00140380859375, memory_info: {'rss bytes': 227921920, 'rss human': '217.4M', 'percent': 0.08437550360704708}
v_acl_k: [-0.02286434 -0.02447957]
acl_u[acl_delta_k]: [1 1]
num AC branches with possible violations in ACL contingencies: 0
num AC branches with possible violations in DCL contingencies: 0
num AC branches with possible violations in XFR contingencies: 0
t: 10, time: 0.001399993896484375, memory_info: {'rss bytes': 227921920, 'rss human': '217.4M', 'percent': 0.08437550360704708}
v_acl_k: [-0.02286434 -0.02447957]
acl_u[acl_delta_k]: [1 1]
num AC branches with possible violations in ACL contingencies: 0
num AC branches with possible violations in DCL contingencies: 0
num AC branches with possible violations in XFR contingencies: 0
t: 11, time: 0.001407623291015625, memory_info: {'rss bytes': 227921920, 'rss human': '217.4M', 'percent': 0.08437550360704708}
v_acl_k: [-0.02286434 -0.02447957]
acl_u[acl_delta_k]: [1 1]
num AC branches with possible violations in ACL contingencies: 0
num AC branches with possible violations in DCL contingencies: 0
num AC branches with possible violations in XFR contingencies: 0
t: 12, time: 0.001399993896484375, memory_info: {'rss bytes': 227921920, 'rss human': '217.4M', 'percent': 0.08437550360704708}
v_acl_k: [-0.02286434 -0.02447957]
acl_u[acl_delta_k]: [1 1]
num AC branches with possible violations in ACL contingencies: 0
num AC branches with possible violations in DCL contingencies: 0
num AC branches with possible violations in XFR contingencies: 0
t: 13, time: 0.0013976097106933594, memory_info: {'rss bytes': 227921920, 'rss human': '217.4M', 'percent': 0.08437550360704708}
v_acl_k: [-0.02286434 -0.02447957]
acl_u[acl_delta_k]: [1 1]
num AC branches with possible violations in ACL contingencies: 0
num AC branches with possible violations in DCL contingencies: 0
num AC branches with possible violations in XFR contingencies: 0
t: 14, time: 0.0013866424560546875, memory_info: {'rss bytes': 227921920, 'rss human': '217.4M', 'percent': 0.08437550360704708}
v_acl_k: [-0.02286434 -0.02447957]
acl_u[acl_delta_k]: [1 1]
num AC branches with possible violations in ACL contingencies: 0
num AC branches with possible violations in DCL contingencies: 0
num AC branches with possible violations in XFR contingencies: 0
t: 15, time: 0.0013856887817382812, memory_info: {'rss bytes': 227921920, 'rss human': '217.4M', 'percent': 0.08437550360704708}
v_acl_k: [-0.02286434 -0.02447957]
acl_u[acl_delta_k]: [1 1]
num AC branches with possible violations in ACL contingencies: 0
num AC branches with possible violations in DCL contingencies: 0
num AC branches with possible violations in XFR contingencies: 0
t: 16, time: 0.001386880874633789, memory_info: {'rss bytes': 227921920, 'rss human': '217.4M', 'percent': 0.08437550360704708}
v_acl_k: [-0.02286434 -0.02447957]
acl_u[acl_delta_k]: [1 1]
num AC branches with possible violations in ACL contingencies: 0
num AC branches with possible violations in DCL contingencies: 0
num AC branches with possible violations in XFR contingencies: 0
t: 17, time: 0.0013918876647949219, memory_info: {'rss bytes': 227921920, 'rss human': '217.4M', 'percent': 0.08437550360704708}
v_acl_k: [-0.02286434 -0.02447957]
acl_u[acl_delta_k]: [1 1]
num AC branches with possible violations in ACL contingencies: 0
num AC branches with possible violations in DCL contingencies: 0
num AC branches with possible violations in XFR contingencies: 0
t: 18, time: 0.0013811588287353516, memory_info: {'rss bytes': 227921920, 'rss human': '217.4M', 'percent': 0.08437550360704708}
v_acl_k: [-0.02286434 -0.02447957]
acl_u[acl_delta_k]: [1 1]
num AC branches with possible violations in ACL contingencies: 0
num AC branches with possible violations in DCL contingencies: 0
num AC branches with possible violations in XFR contingencies: 0
t: 19, time: 0.0013885498046875, memory_info: {'rss bytes': 227921920, 'rss human': '217.4M', 'percent': 0.08437550360704708}
v_acl_k: [-0.02286434 -0.02447957]
acl_u[acl_delta_k]: [1 1]
num AC branches with possible violations in ACL contingencies: 0
num AC branches with possible violations in DCL contingencies: 0
num AC branches with possible violations in XFR contingencies: 0
t: 20, time: 0.0013856887817382812, memory_info: {'rss bytes': 227921920, 'rss human': '217.4M', 'percent': 0.08437550360704708}
v_acl_k: [-0.02286434 -0.02447957]
acl_u[acl_delta_k]: [1 1]
num AC branches with possible violations in ACL contingencies: 0
num AC branches with possible violations in DCL contingencies: 0
num AC branches with possible violations in XFR contingencies: 0
t: 21, time: 0.0013892650604248047, memory_info: {'rss bytes': 227921920, 'rss human': '217.4M', 'percent': 0.08437550360704708}
v_acl_k: [-0.02286434 -0.02447957]
acl_u[acl_delta_k]: [1 1]
num AC branches with possible violations in ACL contingencies: 0
num AC branches with possible violations in DCL contingencies: 0
num AC branches with possible violations in XFR contingencies: 0
t: 22, time: 0.0013804435729980469, memory_info: {'rss bytes': 227921920, 'rss human': '217.4M', 'percent': 0.08437550360704708}
v_acl_k: [-0.02286434 -0.02447957]
acl_u[acl_delta_k]: [1 1]
num AC branches with possible violations in ACL contingencies: 0
num AC branches with possible violations in DCL contingencies: 0
num AC branches with possible violations in XFR contingencies: 0
t: 23, time: 0.0013821125030517578, memory_info: {'rss bytes': 227921920, 'rss human': '217.4M', 'percent': 0.08437550360704708}
v_acl_k: [-0.02286434 -0.02447957]
acl_u[acl_delta_k]: [1 1]
num AC branches with possible violations in ACL contingencies: 0
num AC branches with possible violations in DCL contingencies: 0
num AC branches with possible violations in XFR contingencies: 0
t: 24, time: 0.0013818740844726562, memory_info: {'rss bytes': 227921920, 'rss human': '217.4M', 'percent': 0.08437550360704708}
v_acl_k: [-0.02286434 -0.02447957]
acl_u[acl_delta_k]: [1 1]
num AC branches with possible violations in ACL contingencies: 0
num AC branches with possible violations in DCL contingencies: 0
num AC branches with possible violations in XFR contingencies: 0
t: 25, time: 0.0013833045959472656, memory_info: {'rss bytes': 227921920, 'rss human': '217.4M', 'percent': 0.08437550360704708}
v_acl_k: [-0.02286434 -0.02447957]
acl_u[acl_delta_k]: [1 1]
num AC branches with possible violations in ACL contingencies: 0
num AC branches with possible violations in DCL contingencies: 0
num AC branches with possible violations in XFR contingencies: 0
t: 26, time: 0.0013811588287353516, memory_info: {'rss bytes': 227921920, 'rss human': '217.4M', 'percent': 0.08437550360704708}
v_acl_k: [-0.02286434 -0.02447957]
acl_u[acl_delta_k]: [1 1]
num AC branches with possible violations in ACL contingencies: 0
num AC branches with possible violations in DCL contingencies: 0
num AC branches with possible violations in XFR contingencies: 0
t: 27, time: 0.0013842582702636719, memory_info: {'rss bytes': 227921920, 'rss human': '217.4M', 'percent': 0.08437550360704708}
v_acl_k: [-0.02286434 -0.02447957]
acl_u[acl_delta_k]: [1 1]
num AC branches with possible violations in ACL contingencies: 0
num AC branches with possible violations in DCL contingencies: 0
num AC branches with possible violations in XFR contingencies: 0
t: 28, time: 0.0013756752014160156, memory_info: {'rss bytes': 227921920, 'rss human': '217.4M', 'percent': 0.08437550360704708}
v_acl_k: [-0.02286434 -0.02447957]
acl_u[acl_delta_k]: [1 1]
num AC branches with possible violations in ACL contingencies: 0
num AC branches with possible violations in DCL contingencies: 0
num AC branches with possible violations in XFR contingencies: 0
t: 29, time: 0.0013799667358398438, memory_info: {'rss bytes': 227921920, 'rss human': '217.4M', 'percent': 0.08437550360704708}
v_acl_k: [-0.02286434 -0.02447957]
acl_u[acl_delta_k]: [1 1]
num AC branches with possible violations in ACL contingencies: 0
num AC branches with possible violations in DCL contingencies: 0
num AC branches with possible violations in XFR contingencies: 0
t: 30, time: 0.0013737678527832031, memory_info: {'rss bytes': 227921920, 'rss human': '217.4M', 'percent': 0.08437550360704708}
v_acl_k: [-0.02286434 -0.02447957]
acl_u[acl_delta_k]: [1 1]
num AC branches with possible violations in ACL contingencies: 0
num AC branches with possible violations in DCL contingencies: 0
num AC branches with possible violations in XFR contingencies: 0
t: 31, time: 0.0013802051544189453, memory_info: {'rss bytes': 227921920, 'rss human': '217.4M', 'percent': 0.08437550360704708}
v_acl_k: [-0.02286434 -0.02447957]
acl_u[acl_delta_k]: [1 1]
num AC branches with possible violations in ACL contingencies: 0
num AC branches with possible violations in DCL contingencies: 0
num AC branches with possible violations in XFR contingencies: 0
t: 32, time: 0.0013747215270996094, memory_info: {'rss bytes': 227921920, 'rss human': '217.4M', 'percent': 0.08437550360704708}
v_acl_k: [-0.02286434 -0.02447957]
acl_u[acl_delta_k]: [1 1]
num AC branches with possible violations in ACL contingencies: 0
num AC branches with possible violations in DCL contingencies: 0
num AC branches with possible violations in XFR contingencies: 0
t: 33, time: 0.0013701915740966797, memory_info: {'rss bytes': 227921920, 'rss human': '217.4M', 'percent': 0.08437550360704708}
v_acl_k: [-0.02286434 -0.02447957]
acl_u[acl_delta_k]: [1 1]
num AC branches with possible violations in ACL contingencies: 0
num AC branches with possible violations in DCL contingencies: 0
num AC branches with possible violations in XFR contingencies: 0
t: 34, time: 0.001367330551147461, memory_info: {'rss bytes': 227921920, 'rss human': '217.4M', 'percent': 0.08437550360704708}
v_acl_k: [-0.02286434 -0.02447957]
acl_u[acl_delta_k]: [1 1]
num AC branches with possible violations in ACL contingencies: 0
num AC branches with possible violations in DCL contingencies: 0
num AC branches with possible violations in XFR contingencies: 0
t: 35, time: 0.0013685226440429688, memory_info: {'rss bytes': 227921920, 'rss human': '217.4M', 'percent': 0.08437550360704708}
v_acl_k: [-0.02286434 -0.02447957]
acl_u[acl_delta_k]: [1 1]
num AC branches with possible violations in ACL contingencies: 0
num AC branches with possible violations in DCL contingencies: 0
num AC branches with possible violations in XFR contingencies: 0
t: 36, time: 0.0013685226440429688, memory_info: {'rss bytes': 227921920, 'rss human': '217.4M', 'percent': 0.08437550360704708}
v_acl_k: [-0.02286434 -0.02447957]
acl_u[acl_delta_k]: [1 1]
num AC branches with possible violations in ACL contingencies: 0
num AC branches with possible violations in DCL contingencies: 0
num AC branches with possible violations in XFR contingencies: 0
t: 37, time: 0.001371622085571289, memory_info: {'rss bytes': 227921920, 'rss human': '217.4M', 'percent': 0.08437550360704708}
v_acl_k: [-0.02286434 -0.02447957]
acl_u[acl_delta_k]: [1 1]
num AC branches with possible violations in ACL contingencies: 0
num AC branches with possible violations in DCL contingencies: 0
num AC branches with possible violations in XFR contingencies: 0
t: 38, time: 0.0013775825500488281, memory_info: {'rss bytes': 227921920, 'rss human': '217.4M', 'percent': 0.08437550360704708}
v_acl_k: [-0.02286434 -0.02447957]
acl_u[acl_delta_k]: [1 1]
num AC branches with possible violations in ACL contingencies: 0
num AC branches with possible violations in DCL contingencies: 0
num AC branches with possible violations in XFR contingencies: 0
t: 39, time: 0.0013685226440429688, memory_info: {'rss bytes': 227921920, 'rss human': '217.4M', 'percent': 0.08437550360704708}
v_acl_k: [-0.02286434 -0.02447957]
acl_u[acl_delta_k]: [1 1]
num AC branches with possible violations in ACL contingencies: 0
num AC branches with possible violations in DCL contingencies: 0
num AC branches with possible violations in XFR contingencies: 0
t: 40, time: 0.0013804435729980469, memory_info: {'rss bytes': 227921920, 'rss human': '217.4M', 'percent': 0.08437550360704708}
v_acl_k: [-0.02286434 -0.02447957]
acl_u[acl_delta_k]: [1 1]
num AC branches with possible violations in ACL contingencies: 0
num AC branches with possible violations in DCL contingencies: 0
num AC branches with possible violations in XFR contingencies: 0
t: 41, time: 0.0013780593872070312, memory_info: {'rss bytes': 227921920, 'rss human': '217.4M', 'percent': 0.08437550360704708}
v_acl_k: [-0.02286434 -0.02447957]
acl_u[acl_delta_k]: [1 1]
num AC branches with possible violations in ACL contingencies: 0
num AC branches with possible violations in DCL contingencies: 0
num AC branches with possible violations in XFR contingencies: 0
t: 42, time: 0.0013799667358398438, memory_info: {'rss bytes': 227921920, 'rss human': '217.4M', 'percent': 0.08437550360704708}
v_acl_k: [-0.02286434 -0.02447957]
acl_u[acl_delta_k]: [1 1]
num AC branches with possible violations in ACL contingencies: 0
num AC branches with possible violations in DCL contingencies: 0
num AC branches with possible violations in XFR contingencies: 0
t: 43, time: 0.0013704299926757812, memory_info: {'rss bytes': 227921920, 'rss human': '217.4M', 'percent': 0.08437550360704708}
v_acl_k: [-0.02286434 -0.02447957]
acl_u[acl_delta_k]: [1 1]
num AC branches with possible violations in ACL contingencies: 0
num AC branches with possible violations in DCL contingencies: 0
num AC branches with possible violations in XFR contingencies: 0
t: 44, time: 0.0013785362243652344, memory_info: {'rss bytes': 227921920, 'rss human': '217.4M', 'percent': 0.08437550360704708}
v_acl_k: [-0.02286434 -0.02447957]
acl_u[acl_delta_k]: [1 1]
num AC branches with possible violations in ACL contingencies: 0
num AC branches with possible violations in DCL contingencies: 0
num AC branches with possible violations in XFR contingencies: 0
t: 45, time: 0.0013730525970458984, memory_info: {'rss bytes': 227921920, 'rss human': '217.4M', 'percent': 0.08437550360704708}
v_acl_k: [-0.02286434 -0.02447957]
acl_u[acl_delta_k]: [1 1]
num AC branches with possible violations in ACL contingencies: 0
num AC branches with possible violations in DCL contingencies: 0
num AC branches with possible violations in XFR contingencies: 0
t: 46, time: 0.0013866424560546875, memory_info: {'rss bytes': 227921920, 'rss human': '217.4M', 'percent': 0.08437550360704708}
v_acl_k: [-0.02286434 -0.02447957]
acl_u[acl_delta_k]: [1 1]
num AC branches with possible violations in ACL contingencies: 0
num AC branches with possible violations in DCL contingencies: 0
num AC branches with possible violations in XFR contingencies: 0
t: 47, time: 0.0013666152954101562, memory_info: {'rss bytes': 227921920, 'rss human': '217.4M', 'percent': 0.08437550360704708}
initialize_m_w_time: 0.00037097930908203125
compute_static_w_time: 6.031990051269531e-05
get_time_varying_branch_characteristics_time: 0.0009019374847412109
construct_a_t_time: 0.01431131362915039
factor_a_t_time: 0.009736776351928711
compute_w_with_t_a_solve_time: 0.001890420913696289
compute_v_t_time: 7.152557373046875e-06
compute_w_with_t_smw_time: 4.76837158203125e-06
compute_v_time: 0.007822513580322266
compute_bus_theta_with_t_a_solve_time: 0.0008015632629394531
compute_bus_theta_with_t_smw_time: 5.4836273193359375e-06
compute_br_p_time: 0.0035576820373535156
apply_w_v_wt_time: 0.0006289482116699219
compute_bus_dtheta_rhs_dcl_k_time: 0.0040781497955322266
compute_w_v_wt_xfr_k_time: 0.004389762878417969
compute_bus_dtheta_rhs_xfr_k_time: 6.4373016357421875e-06
compute_br_acl_delta_k_p_delta_time: 0.0028905868530273438
compute_br_dcl_delta_k_p_delta_time: 0.0023827552795410156
compute_br_xfr_delta_k_p_delta_time: 0.0023365020751953125
filter_branches_acl_k_time: 0.002438068389892578
filter_branches_dcl_k_time: 0.0010368824005126953
filter_branches_xfr_k_time: 0.0009746551513671875
compute_br_acl_delta_k_p_time: 0.0002684593200683594
compute_br_dcl_delta_k_p_time: 0.00015354156494140625
compute_br_xfr_delta_k_p_time: 0.0001361370086669922
compute_br_acl_delta_k_s_over_time: 0.0015058517456054688
compute_br_dcl_delta_k_s_over_time: 0.0006947517395019531
compute_br_xfr_delta_k_s_over_time: 0.0006561279296875
zero_out_time: 0.0001933574676513672
get_max_br_acl_delta_k_s_over_time: 0.0013625621795654297
get_max_br_dcl_delta_k_s_over_time: 6.198883056640625e-06
get_max_br_xfr_delta_k_s_over_time: 3.814697265625e-06
compute_br_k_z_time: 0.0011775493621826172
collect_penalties_into_obj_array_time: 0.0005071163177490234
end of contingency model method 1, memory info: {'rss bytes': 227921920, 'rss human': '217.4M', 'percent': 0.08437550360704708}
function: eval_post_contingency_model, time: 0.18840932846069336
function: eval_post_contingency_model, time: 0.1884164810180664
function: run, time: 0.30107569694519043
after solution_evaluator.run(), memory info: {'rss bytes': 227921920, 'rss human': '217.4M', 'percent': 0.08437550360704708}
evaluation summary:
{'feas': 1,
 'infeas': 0,
 'info_i_i_k_t_disconnected_ctg': {'idx': {0: None, 1: None, 2: None, 3: None},
                                   'val': 0},
 'info_i_i_t_disconnected_base': {'idx': {0: None, 1: None, 2: None}, 'val': 0},
 'phys_feas': 0,
 'sum_acl_t_u_sd': 0,
 'sum_acl_t_u_su': 0,
 'sum_acl_t_z_s': 0.0,
 'sum_acl_t_z_sd': 0.0,
 'sum_acl_t_z_su': 0.0,
 'sum_bus_t_z_p': 4927673711.154619,
 'sum_bus_t_z_q': 3271084770.052825,
 'sum_cs_t_z_p': -0.0,
 'sum_pr_t_z_p': 0.0,
 'sum_prz_t_z_nsc': 264.88171843199996,
 'sum_prz_t_z_rgd': 0.0,
 'sum_prz_t_z_rgu': 0.0,
 'sum_prz_t_z_rrd': 3.928,
 'sum_prz_t_z_rru': 4.067,
 'sum_prz_t_z_scr': 841.551292935,
 'sum_qrz_t_z_qrd': 0.0,
 'sum_qrz_t_z_qru': 0.0,
 'sum_sd_t_sd': 0,
 'sum_sd_t_su': 61,
 'sum_sd_t_z_nsc': 0.0,
 'sum_sd_t_z_on': 0.0,
 'sum_sd_t_z_qrd': 0.0,
 'sum_sd_t_z_qru': 0.0,
 'sum_sd_t_z_rgd': 0.0,
 'sum_sd_t_z_rgu': 0.0,
 'sum_sd_t_z_rrd_off': 0.0,
 'sum_sd_t_z_rrd_on': 0.0,
 'sum_sd_t_z_rru_off': 0.0,
 'sum_sd_t_z_rru_on': 0.0,
 'sum_sd_t_z_scr': 0.0,
 'sum_sd_t_z_sd': 0.0,
 'sum_sd_t_z_su': 0.0,
 'sum_sd_t_z_sus': 0.0,
 'sum_xfr_t_u_sd': 0,
 'sum_xfr_t_u_su': 0,
 'sum_xfr_t_z_s': 0.0,
 'sum_xfr_t_z_sd': 0.0,
 'sum_xfr_t_z_su': 0.0,
 'time_connectedness': 0.08589434623718262,
 'time_post_contingency': 0.1884148120880127,
 'time_run': 0.3010742664337158,
 'total_switches': 0,
 'viol_acl_acl_t_s_max_ctg': {'idx': {0: None, 1: None, 2: None}, 'val': 0.0},
 'viol_acl_dcl_t_s_max_ctg': {'idx': {0: None, 1: None, 2: None}, 'val': 0.0},
 'viol_acl_t_s_max': {'idx': {0: 'acl_000', 1: 0}, 'val': 0.0},
 'viol_acl_t_u_sd_max': {'idx': {0: 'acl_000', 1: 0}, 'val': 0},
 'viol_acl_t_u_su_max': {'idx': {0: 'acl_000', 1: 0}, 'val': 0},
 'viol_acl_xfr_t_s_max_ctg': {'idx': {0: None, 1: None, 2: None}, 'val': 0.0},
 'viol_bus_t_p_balance_max': {'idx': {0: 'bus_55', 1: 0},
                              'val': 6.600014981956657},
 'viol_bus_t_p_balance_min': {'idx': {0: 'bus_19', 1: 0},
                              'val': -2.3249814894347094},
 'viol_bus_t_q_balance_max': {'idx': {0: 'bus_41', 1: 0},
                              'val': 0.8199418027720068},
 'viol_bus_t_q_balance_min': {'idx': {0: 'bus_53', 1: 0},
                              'val': -9.345961455185739},
 'viol_bus_t_v_max': {'idx': {0: 'bus_00', 1: 0}, 'val': 0.0},
 'viol_bus_t_v_min': {'idx': {0: 'bus_00', 1: 0}, 'val': 0.0},
 'viol_cs_t_p_off_max': {'idx': {0: 'sd_154', 1: 0}, 'val': 0.0},
 'viol_cs_t_p_off_min': {'idx': {0: 'sd_154', 1: 0}, 'val': 0.0},
 'viol_cs_t_p_on_max': {'idx': {0: 'sd_154', 1: 0}, 'val': 0.0},
 'viol_cs_t_p_on_min': {'idx': {0: 'sd_154', 1: 0}, 'val': 0.0},
 'viol_cs_t_q_max': {'idx': {0: 'sd_154', 1: 0}, 'val': 0.0},
 'viol_cs_t_q_min': {'idx': {0: 'sd_154', 1: 0}, 'val': 0.0},
 'viol_cs_t_q_p_max': {'idx': {0: None, 1: None}, 'val': None},
 'viol_cs_t_q_p_min': {'idx': {0: None, 1: None}, 'val': None},
 'viol_dcl_t_p_max': {'idx': {0: 'dcl_0', 1: 0}, 'val': 0.0},
 'viol_dcl_t_p_min': {'idx': {0: 'dcl_0', 1: 0}, 'val': 0.0},
 'viol_dcl_t_q_fr_max': {'idx': {0: 'dcl_0', 1: 0}, 'val': 0.0},
 'viol_dcl_t_q_fr_min': {'idx': {0: 'dcl_0', 1: 0}, 'val': 0.0},
 'viol_dcl_t_q_to_max': {'idx': {0: 'dcl_0', 1: 0}, 'val': 0.0},
 'viol_dcl_t_q_to_min': {'idx': {0: 'dcl_0', 1: 0}, 'val': 0.0},
 'viol_pr_t_p_off_max': {'idx': {0: 'sd_000', 1: 0}, 'val': 0.0},
 'viol_pr_t_p_off_min': {'idx': {0: 'sd_000', 1: 0}, 'val': 0.0},
 'viol_pr_t_p_on_max': {'idx': {0: 'sd_000', 1: 0}, 'val': 0.0},
 'viol_pr_t_p_on_min': {'idx': {0: 'sd_000', 1: 0}, 'val': 0.0},
 'viol_pr_t_q_max': {'idx': {0: 'sd_000', 1: 0}, 'val': 0.0},
 'viol_pr_t_q_min': {'idx': {0: 'sd_000', 1: 0}, 'val': 0.0},
 'viol_pr_t_q_p_max': {'idx': {0: None, 1: None}, 'val': None},
 'viol_pr_t_q_p_min': {'idx': {0: None, 1: None}, 'val': None},
 'viol_prz_t_p_nsc_balance': {'idx': {0: 'prz_0', 1: 0},
                              'val': 0.25060837199999997},
 'viol_prz_t_p_rgd_balance': {'idx': {0: 'prz_0', 1: 0}, 'val': 0.0},
 'viol_prz_t_p_rgu_balance': {'idx': {0: 'prz_0', 1: 0}, 'val': 0.0},
 'viol_prz_t_p_rrd_balance': {'idx': {0: 'prz_0', 1: 32},
                              'val': 0.9899999999999999},
 'viol_prz_t_p_rru_balance': {'idx': {0: 'prz_0', 1: 39}, 'val': 1.02},
 'viol_prz_t_p_scr_balance': {'idx': {0: 'prz_0', 1: 0}, 'val': 0.062652093},
 'viol_qrz_t_q_qrd_balance': {'idx': {0: 'qrz_0', 1: 0}, 'val': 0.0},
 'viol_qrz_t_q_qru_balance': {'idx': {0: 'qrz_0', 1: 0}, 'val': 0.0},
 'viol_sd_max_energy_constr': {'idx': {0: 'sd_000', 1: 0}, 'val': 0.0},
 'viol_sd_max_startup_constr': {'idx': {0: 'sd_000', 1: 0}, 'val': 0},
 'viol_sd_min_energy_constr': {'idx': {0: 'sd_000', 1: 0}, 'val': 0.0},
 'viol_sd_t_d_dn_min': {'idx': {0: 'sd_000', 1: 0}, 'val': 0},
 'viol_sd_t_d_up_min': {'idx': {0: 'sd_000', 1: 0}, 'val': 0},
 'viol_sd_t_p_nsc_max': {'idx': {0: 'sd_000', 1: 0}, 'val': 0.0},
 'viol_sd_t_p_nsc_nonneg': {'idx': {0: 'sd_000', 1: 0}, 'val': -0.0},
 'viol_sd_t_p_ramp_dn_max': {'idx': {0: 'sd_000', 1: 0}, 'val': 0.0},
 'viol_sd_t_p_ramp_up_max': {'idx': {0: 'sd_000', 1: 0}, 'val': 0.0},
 'viol_sd_t_p_rgd_max': {'idx': {0: 'sd_000', 1: 0}, 'val': 0.0},
 'viol_sd_t_p_rgd_nonneg': {'idx': {0: 'sd_000', 1: 0}, 'val': -0.0},
 'viol_sd_t_p_rgu_max': {'idx': {0: 'sd_000', 1: 0}, 'val': 0.0},
 'viol_sd_t_p_rgu_nonneg': {'idx': {0: 'sd_000', 1: 0}, 'val': -0.0},
 'viol_sd_t_p_rrd_off_max': {'idx': {0: 'sd_000', 1: 0}, 'val': 0.0},
 'viol_sd_t_p_rrd_off_nonneg': {'idx': {0: 'sd_000', 1: 0}, 'val': -0.0},
 'viol_sd_t_p_rrd_on_max': {'idx': {0: 'sd_000', 1: 0}, 'val': 0.0},
 'viol_sd_t_p_rrd_on_nonneg': {'idx': {0: 'sd_000', 1: 0}, 'val': -0.0},
 'viol_sd_t_p_rru_off_max': {'idx': {0: 'sd_000', 1: 0}, 'val': 0.0},
 'viol_sd_t_p_rru_off_nonneg': {'idx': {0: 'sd_000', 1: 0}, 'val': -0.0},
 'viol_sd_t_p_rru_on_max': {'idx': {0: 'sd_000', 1: 0}, 'val': 0.0},
 'viol_sd_t_p_rru_on_nonneg': {'idx': {0: 'sd_000', 1: 0}, 'val': -0.0},
 'viol_sd_t_p_scr_max': {'idx': {0: 'sd_000', 1: 0}, 'val': 0.0},
 'viol_sd_t_p_scr_nonneg': {'idx': {0: 'sd_000', 1: 0}, 'val': -0.0},
 'viol_sd_t_q_qrd_nonneg': {'idx': {0: 'sd_000', 1: 0}, 'val': -0.0},
 'viol_sd_t_q_qru_nonneg': {'idx': {0: 'sd_000', 1: 0}, 'val': -0.0},
 'viol_sd_t_u_on_max': {'idx': {0: 'sd_000', 1: 0}, 'val': 0},
 'viol_sd_t_u_on_min': {'idx': {0: 'sd_000', 1: 0}, 'val': 0},
 'viol_sh_t_u_st_max': {'idx': {0: 'sh_00', 1: 0}, 'val': 0},
 'viol_sh_t_u_st_min': {'idx': {0: 'sh_00', 1: 0}, 'val': 0},
 'viol_t_connected_base': {'idx': {0: 0}, 'val': 0},
 'viol_t_connected_ctg': {'idx': {0: 0}, 'val': 0},
 'viol_xfr_acl_t_s_max_ctg': {'idx': {0: None, 1: None, 2: None}, 'val': 0.0},
 'viol_xfr_dcl_t_s_max_ctg': {'idx': {0: None, 1: None, 2: None}, 'val': 0.0},
 'viol_xfr_t_phi_max': {'idx': {0: 'xfr_00', 1: 0}, 'val': 0.0},
 'viol_xfr_t_phi_min': {'idx': {0: 'xfr_00', 1: 0}, 'val': 0.0},
 'viol_xfr_t_s_max': {'idx': {0: 'xfr_00', 1: 0}, 'val': 0.0},
 'viol_xfr_t_tau_max': {'idx': {0: 'xfr_00', 1: 0}, 'val': 0.0},
 'viol_xfr_t_tau_min': {'idx': {0: 'xfr_00', 1: 0}, 'val': 0.0},
 'viol_xfr_t_u_sd_max': {'idx': {0: 'xfr_00', 1: 0}, 'val': 0},
 'viol_xfr_t_u_su_max': {'idx': {0: 'xfr_00', 1: 0}, 'val': 0},
 'viol_xfr_xfr_t_s_max_ctg': {'idx': {0: None, 1: None, 2: None}, 'val': 0.0},
 'z': -8198759595.635455,
 'z_base': -8198759595.635455,
 'z_cost': 0.0,
 'z_k_average_case': 0.0,
 'z_k_worst_case': 0.0,
 'z_max_energy': 0.0,
 'z_min_energy': 0.0,
 'z_penalty': 8198759595.635455,
 'z_value': -0.0}
infeasibility summary:
{}
feas: 1
obj: -8198759595.635455
evaluate solution time: 0.3082268238067627
end of check_data(), memory info: {'rss bytes': 228712448, 'rss human': '218.1M', 'percent': 0.08466815294115007}
