/rcfs/dtn/arpacomp/.conda/envs/goc_eval/lib/python3.10/site-packages/scipy/sparse/linalg/_dsolve/linsolve.py:347: SparseEfficiencyWarning: splu converted its input to CSC format
  warn('splu converted its input to CSC format', SparseEfficiencyWarning)
args:
Namespace(problem_opt=None, problem='/qfs/projects/goc/share/data/C3/E3.1/D3//C3E3N00073D3/scenario_233.json_scrubbed.json', solution='/qfs/projects/goc/share/data/C3/E3.1/D3//C3E3N00073D3/scenario_233.json.pop_solution.json', configuration=None, parameters='{}', summary_csv='summary.csv', summary_json='summary.json', data_errors='data_errors.txt', ignored_errors='ignored_errors.txt', solution_errors='solution_errors.txt', pop_solution=None, scrubbed_problem=None)
problem data file: /qfs/projects/goc/share/data/C3/E3.1/D3//C3E3N00073D3/scenario_233.json_scrubbed.json

pop solution data file: None

solution data file: /qfs/projects/goc/share/data/C3/E3.1/D3//C3E3N00073D3/scenario_233.json.pop_solution.json

git info: {'C3DataUtilities': {'branch': 'main', 'commit': '59dd7f47974aa54c2f26998163730b14ab3a6b97', 'date': 'Wed Jun 7 09:10:06 2023 -0700', 'query_return_code': 0, 'query_err': '', 'branch_return_code': 0, 'branch_err': '', 'query_path': '/qfs/projects/goc/share/loadbalancing/src/nonmpi-template/Challenge3/C3DataUtilities/datautilities', 'query_out': 'commit 59dd7f47974aa54c2f26998163730b14ab3a6b97\nAuthor: Jesse T Holzer <jesse.holzer@pnnl.gov>\nDate:   Wed Jun 7 09:10:06 2023 -0700\n\n    add git branch to summary output\n', 'branch_out': '  dev\n* main\n'}, 'Bid-DS-data-model': {'branch': None, 'commit': None, 'date': None, 'query_return_code': 128, 'query_err': 'fatal: Not a git repository (or any parent up to mount point /rcfs)\nStopping at filesystem boundary (GIT_DISCOVERY_ACROSS_FILESYSTEM not set).\n', 'branch_return_code': None, 'branch_err': None, 'query_path': '/rcfs/dtn/arpacomp/.conda/envs/goc_eval/lib/python3.10/site-packages/datamodel', 'query_out': ''}}

after reading problem without validation, memory info: {'rss bytes': 129118208, 'rss human': '123.1M', 'percent': 0.04779888579755495}
read problem data file without validation time: 0.06155657768249512
after reading problem with validation, memory info: {'rss bytes': 147824640, 'rss human': '141.0M', 'percent': 0.0547239091594632}
load time: 0.4645519256591797
{'error_diagnostics': '',
 'general': {'base_norm_mva': 100.0,
             'day_type': None,
             'electricity_demand': None,
             'net_load': None,
             'season': None,
             'solar_availability': None,
             'timestamp_start': None,
             'timestamp_stop': None,
             'vre_availability': None,
             'weather_temperature': None,
             'wind_availability': None},
 'interval durations': [4.0,
                        4.0,
                        4.0,
                        4.0,
                        4.0,
                        4.0,
                        4.0,
                        4.0,
                        4.0,
                        4.0,
                        4.0,
                        4.0,
                        4.0,
                        4.0,
                        4.0,
                        4.0,
                        4.0,
                        4.0,
                        4.0,
                        4.0,
                        4.0,
                        4.0,
                        4.0,
                        4.0,
                        4.0,
                        4.0,
                        4.0,
                        4.0,
                        4.0,
                        4.0,
                        4.0,
                        4.0,
                        4.0,
                        4.0,
                        4.0,
                        4.0,
                        4.0,
                        4.0,
                        4.0,
                        4.0,
                        4.0,
                        4.0],
 'num ac lines': 105,
 'num buses': 73,
 'num consuming devices': 51,
 'num contingencies': 2,
 'num dc lines': 1,
 'num intervals': 42,
 'num producing devices': 154,
 'num reactive power reserve zones': 1,
 'num real power reserve zones': 1,
 'num shunts': 73,
 'num simple dispatchable devices': 205,
 'num transformers': 15,
 'total duration': 168.0,
 'violation costs': {'e_vio_cost': 900000.0,
                     'p_bus_vio_cost': 1000000.0,
                     'q_bus_vio_cost': 1000000.0,
                     's_vio_cost': 500.0}}
after read solution without validation, memory info: {'rss bytes': 151068672, 'rss human': '144.1M', 'percent': 0.055924832851740686}
read solution data file without validation time: 0.014531850814819336
after read solution with validation, memory info: {'rss bytes': 157556736, 'rss human': '150.3M', 'percent': 0.05832668023629568}
solution load time: 0.22060155868530273
after solution_model_checks(), memory info: {'rss bytes': 157556736, 'rss human': '150.3M', 'percent': 0.05832668023629568}
solution model_checks time: 0.0012590885162353516
{'error_diagnostics': ''}
after problem_data_array.set_from_data_model(), memory info: {'rss bytes': 160501760, 'rss human': '153.1M', 'percent': 0.05941691272966377}
convert problem data to numpy arrays time: 0.04211163520812988
after solution_data_array.set_from_data_model(), memory info: {'rss bytes': 161312768, 'rss human': '153.8M', 'percent': 0.05971714365273314}
convert solution data to numpy arrays time: 0.0067844390869140625
function: set_summary, time: 0.00015592575073242188
function: set_problem, time: 1.1920928955078125e-06
function: set_solution, time: 3.814697265625e-06
function: set_solution_zero, time: 0.0001621246337890625
function: set_work_zero, time: 0.00015282630920410156
function: set_matrices, time: 0.003400087356567383
function: __init__, time: 0.003899812698364258
function: eval_sd_t_d_up_dn, time: 0.0007898807525634766
function: eval_sd_max_startup, time: 0.0025234222412109375
function: eval_sd_t_z_sus, time: 0.0015239715576171875
function: eval_acl_t_p_q_fr_to, time: 0.0003390312194824219
function: eval_xfr_t_p_q_fr_to, time: 0.0001399517059326172
function: eval_sd_t_su_sd_trajectories, time: 0.00012111663818359375
function: eval_sd_max_energy, time: 0.0014107227325439453
function: eval_sd_min_energy, time: 0.0013051033020019531
function: eval_sd_t_z_p, time: 0.010281085968017578
function: eval_bus_t_p, time: 0.000583648681640625
function: eval_bus_t_q, time: 0.00015783309936523438
sd_t_p_rgu sum: 0.0
prz_sigma_rgu max: 0.03
prz_t_p_rgu_req max: 0.0
sd_t_p_rgd sum: 0.0
prz_sigma_rgd max: 0.03
prz_t_p_rgd_req max: 0.0
sd_t_p_scr sum: 0.0
prz_sigma_scr max: 0.1
prz_t_p_scr_req max: 0.5745184
sd_t_p_nsc sum: 0.0
prz_sigma_nsc max: 0.3
prz_t_p_nsc_req max: 1.7235552
sd_t_p_rru sum: 0.0
prz_t_p_rru_min max: 1.02
sd_t_p_rrd sum: 0.0
prz_t_p_rrd_min max: 0.9774999999999999
sd_t_p_qru sum: 0.0
qrz_t_q_qru_min max: 0.0
sd_t_p_qrd sum: 0.0
qrz_t_q_qrd_min max: 0.0
function: get_connected_components, time: 0.0006604194641113281
function: get_bridges, time: 0.0016520023345947266
function: get_connected_components, time: 0.0003364086151123047
function: get_bridges, time: 0.0013737678527832031
function: get_connected_components, time: 0.00033020973205566406
function: get_bridges, time: 0.0013675689697265625
function: get_connected_components, time: 0.00032806396484375
function: get_bridges, time: 0.0013892650604248047
function: get_connected_components, time: 0.0003256797790527344
function: get_bridges, time: 0.0015208721160888672
function: get_connected_components, time: 0.00032973289489746094
function: get_bridges, time: 0.0013728141784667969
function: get_connected_components, time: 0.00032806396484375
function: get_bridges, time: 0.0013687610626220703
function: get_connected_components, time: 0.00032210350036621094
function: get_bridges, time: 0.0013387203216552734
function: get_connected_components, time: 0.00032210350036621094
function: get_bridges, time: 0.0013384819030761719
function: get_connected_components, time: 0.0003209114074707031
function: get_bridges, time: 0.0013442039489746094
function: get_connected_components, time: 0.0003249645233154297
function: get_bridges, time: 0.0013811588287353516
function: get_connected_components, time: 0.00032138824462890625
function: get_bridges, time: 0.0013430118560791016
function: get_connected_components, time: 0.0003578662872314453
function: get_bridges, time: 0.0013377666473388672
function: get_connected_components, time: 0.0003249645233154297
function: get_bridges, time: 0.001386404037475586
function: get_connected_components, time: 0.0003247261047363281
function: get_bridges, time: 0.0013418197631835938
function: get_connected_components, time: 0.0003223419189453125
function: get_bridges, time: 0.001369476318359375
function: get_connected_components, time: 0.0003342628479003906
function: get_bridges, time: 0.001516103744506836
function: get_connected_components, time: 0.00034928321838378906
function: get_bridges, time: 0.0013301372528076172
function: get_connected_components, time: 0.0003554821014404297
function: get_bridges, time: 0.0013816356658935547
function: get_connected_components, time: 0.0003249645233154297
function: get_bridges, time: 0.0013415813446044922
function: get_connected_components, time: 0.0003237724304199219
function: get_bridges, time: 0.0013723373413085938
function: get_connected_components, time: 0.0003230571746826172
function: get_bridges, time: 0.0013427734375
function: get_connected_components, time: 0.00036215782165527344
function: get_bridges, time: 0.0013377666473388672
function: get_connected_components, time: 0.0003249645233154297
function: get_bridges, time: 0.0013401508331298828
function: get_connected_components, time: 0.00032591819763183594
function: get_bridges, time: 0.0013394355773925781
function: get_connected_components, time: 0.0003209114074707031
function: get_bridges, time: 0.0013451576232910156
function: get_connected_components, time: 0.0003261566162109375
function: get_bridges, time: 0.0013284683227539062
function: get_connected_components, time: 0.0003218650817871094
function: get_bridges, time: 0.001375436782836914
function: get_connected_components, time: 0.0003218650817871094
function: get_bridges, time: 0.001544952392578125
function: get_connected_components, time: 0.0003211498260498047
function: get_bridges, time: 0.0013391971588134766
function: get_connected_components, time: 0.0003218650817871094
function: get_bridges, time: 0.0013420581817626953
function: get_connected_components, time: 0.00032639503479003906
function: get_bridges, time: 0.0013332366943359375
function: get_connected_components, time: 0.00032639503479003906
function: get_bridges, time: 0.0013790130615234375
function: get_connected_components, time: 0.0003209114074707031
function: get_bridges, time: 0.0013310909271240234
function: get_connected_components, time: 0.0003256797790527344
function: get_bridges, time: 0.0013437271118164062
function: get_connected_components, time: 0.0003211498260498047
function: get_bridges, time: 0.0013415813446044922
function: get_connected_components, time: 0.00032520294189453125
function: get_bridges, time: 0.0013399124145507812
function: get_connected_components, time: 0.0003192424774169922
function: get_bridges, time: 0.0013434886932373047
function: get_connected_components, time: 0.0003254413604736328
function: get_bridges, time: 0.0013244152069091797
function: get_connected_components, time: 0.0003192424774169922
function: get_bridges, time: 0.0013384819030761719
function: get_connected_components, time: 0.000324249267578125
function: get_bridges, time: 0.0014958381652832031
function: get_connected_components, time: 0.0003256797790527344
function: get_bridges, time: 0.0013277530670166016
end of eval_connectedness(), memory info: {'rss bytes': 163721216, 'rss human': '156.1M', 'percent': 0.06060873851518159}
function: eval_connectedness, time: 0.0753324031829834
problem dimensions. bus: 73, acl: 105, xfr: 15, dcl: 1, k: 2, t: 42
construct static bus admittance matrix. time: 0.0010118484497070312
factor static bus admittance matrix. time: 0.004667758941650391
t_acl_delta_t: [array([], dtype=int64), array([], dtype=int64), array([], dtype=int64), array([], dtype=int64), array([], dtype=int64), array([], dtype=int64), array([], dtype=int64), array([], dtype=int64), array([], dtype=int64), array([], dtype=int64), array([], dtype=int64), array([], dtype=int64), array([], dtype=int64), array([], dtype=int64), array([], dtype=int64), array([], dtype=int64), array([], dtype=int64), array([], dtype=int64), array([], dtype=int64), array([], dtype=int64), array([], dtype=int64), array([], dtype=int64), array([], dtype=int64), array([], dtype=int64), array([], dtype=int64), array([], dtype=int64), array([], dtype=int64), array([], dtype=int64), array([], dtype=int64), array([], dtype=int64), array([], dtype=int64), array([], dtype=int64), array([], dtype=int64), array([], dtype=int64), array([], dtype=int64), array([], dtype=int64), array([], dtype=int64), array([], dtype=int64), array([], dtype=int64), array([], dtype=int64), array([], dtype=int64), array([], dtype=int64)], t_xfr_delta_t: [array([], dtype=int64), array([], dtype=int64), array([], dtype=int64), array([], dtype=int64), array([], dtype=int64), array([], dtype=int64), array([], dtype=int64), array([], dtype=int64), array([], dtype=int64), array([], dtype=int64), array([], dtype=int64), array([], dtype=int64), array([], dtype=int64), array([], dtype=int64), array([], dtype=int64), array([], dtype=int64), array([], dtype=int64), array([], dtype=int64), array([], dtype=int64), array([], dtype=int64), array([], dtype=int64), array([], dtype=int64), array([], dtype=int64), array([], dtype=int64), array([], dtype=int64), array([], dtype=int64), array([], dtype=int64), array([], dtype=int64), array([], dtype=int64), array([], dtype=int64), array([], dtype=int64), array([], dtype=int64), array([], dtype=int64), array([], dtype=int64), array([], dtype=int64), array([], dtype=int64), array([], dtype=int64), array([], dtype=int64), array([], dtype=int64), array([], dtype=int64), array([], dtype=int64), array([], dtype=int64)], t_br_delta_t: [array([], dtype=int64), array([], dtype=int64), array([], dtype=int64), array([], dtype=int64), array([], dtype=int64), array([], dtype=int64), array([], dtype=int64), array([], dtype=int64), array([], dtype=int64), array([], dtype=int64), array([], dtype=int64), array([], dtype=int64), array([], dtype=int64), array([], dtype=int64), array([], dtype=int64), array([], dtype=int64), array([], dtype=int64), array([], dtype=int64), array([], dtype=int64), array([], dtype=int64), array([], dtype=int64), array([], dtype=int64), array([], dtype=int64), array([], dtype=int64), array([], dtype=int64), array([], dtype=int64), array([], dtype=int64), array([], dtype=int64), array([], dtype=int64), array([], dtype=int64), array([], dtype=int64), array([], dtype=int64), array([], dtype=int64), array([], dtype=int64), array([], dtype=int64), array([], dtype=int64), array([], dtype=int64), array([], dtype=int64), array([], dtype=int64), array([], dtype=int64), array([], dtype=int64), array([], dtype=int64)], acl_delta_t: [], xfr_delta_t: [], br_delta_t: []
contingency delta branches. acl: 2, xfr: 0, dcl: 0
construct bus,t-indexed right hand side. time: 0.0001304149627685547
solve for base case bus,t-indexed theta. time: 0.08959341049194336
v_acl_k: [-0.02286434 -0.02447957]
acl_u[acl_delta_k]: [1 1]
num AC branches with possible violations in ACL contingencies: 2
num AC branches with possible violations in DCL contingencies: 2
num AC branches with possible violations in XFR contingencies: 2
t: 0, time: 0.0023851394653320312, memory_info: {'rss bytes': 206376960, 'rss human': '196.8M', 'percent': 0.07639967201439604}
v_acl_k: [-0.02286434 -0.02447957]
acl_u[acl_delta_k]: [1 1]
num AC branches with possible violations in ACL contingencies: 0
num AC branches with possible violations in DCL contingencies: 0
num AC branches with possible violations in XFR contingencies: 0
t: 1, time: 0.0014829635620117188, memory_info: {'rss bytes': 206376960, 'rss human': '196.8M', 'percent': 0.07639967201439604}
v_acl_k: [-0.02286434 -0.02447957]
acl_u[acl_delta_k]: [1 1]
num AC branches with possible violations in ACL contingencies: 0
num AC branches with possible violations in DCL contingencies: 0
num AC branches with possible violations in XFR contingencies: 0
t: 2, time: 0.0014252662658691406, memory_info: {'rss bytes': 206376960, 'rss human': '196.8M', 'percent': 0.07639967201439604}
v_acl_k: [-0.02286434 -0.02447957]
acl_u[acl_delta_k]: [1 1]
num AC branches with possible violations in ACL contingencies: 0
num AC branches with possible violations in DCL contingencies: 0
num AC branches with possible violations in XFR contingencies: 0
t: 3, time: 0.0014078617095947266, memory_info: {'rss bytes': 206376960, 'rss human': '196.8M', 'percent': 0.07639967201439604}
v_acl_k: [-0.02286434 -0.02447957]
acl_u[acl_delta_k]: [1 1]
num AC branches with possible violations in ACL contingencies: 2
num AC branches with possible violations in DCL contingencies: 2
num AC branches with possible violations in XFR contingencies: 2
t: 4, time: 0.001425027847290039, memory_info: {'rss bytes': 206376960, 'rss human': '196.8M', 'percent': 0.07639967201439604}
v_acl_k: [-0.02286434 -0.02447957]
acl_u[acl_delta_k]: [1 1]
num AC branches with possible violations in ACL contingencies: 1
num AC branches with possible violations in DCL contingencies: 1
num AC branches with possible violations in XFR contingencies: 1
t: 5, time: 0.0014138221740722656, memory_info: {'rss bytes': 206376960, 'rss human': '196.8M', 'percent': 0.07639967201439604}
v_acl_k: [-0.02286434 -0.02447957]
acl_u[acl_delta_k]: [1 1]
num AC branches with possible violations in ACL contingencies: 1
num AC branches with possible violations in DCL contingencies: 1
num AC branches with possible violations in XFR contingencies: 1
t: 6, time: 0.0014188289642333984, memory_info: {'rss bytes': 206376960, 'rss human': '196.8M', 'percent': 0.07639967201439604}
v_acl_k: [-0.02286434 -0.02447957]
acl_u[acl_delta_k]: [1 1]
num AC branches with possible violations in ACL contingencies: 0
num AC branches with possible violations in DCL contingencies: 0
num AC branches with possible violations in XFR contingencies: 0
t: 7, time: 0.010435819625854492, memory_info: {'rss bytes': 206376960, 'rss human': '196.8M', 'percent': 0.07639967201439604}
v_acl_k: [-0.02286434 -0.02447957]
acl_u[acl_delta_k]: [1 1]
num AC branches with possible violations in ACL contingencies: 0
num AC branches with possible violations in DCL contingencies: 0
num AC branches with possible violations in XFR contingencies: 0
t: 8, time: 0.0014116764068603516, memory_info: {'rss bytes': 206376960, 'rss human': '196.8M', 'percent': 0.07639967201439604}
v_acl_k: [-0.02286434 -0.02447957]
acl_u[acl_delta_k]: [1 1]
num AC branches with possible violations in ACL contingencies: 0
num AC branches with possible violations in DCL contingencies: 0
num AC branches with possible violations in XFR contingencies: 0
t: 9, time: 0.0014002323150634766, memory_info: {'rss bytes': 206376960, 'rss human': '196.8M', 'percent': 0.07639967201439604}
v_acl_k: [-0.02286434 -0.02447957]
acl_u[acl_delta_k]: [1 1]
num AC branches with possible violations in ACL contingencies: 2
num AC branches with possible violations in DCL contingencies: 2
num AC branches with possible violations in XFR contingencies: 2
t: 10, time: 0.0014100074768066406, memory_info: {'rss bytes': 206376960, 'rss human': '196.8M', 'percent': 0.07639967201439604}
v_acl_k: [-0.02286434 -0.02447957]
acl_u[acl_delta_k]: [1 1]
num AC branches with possible violations in ACL contingencies: 2
num AC branches with possible violations in DCL contingencies: 2
num AC branches with possible violations in XFR contingencies: 2
t: 11, time: 0.0014052391052246094, memory_info: {'rss bytes': 206376960, 'rss human': '196.8M', 'percent': 0.07639967201439604}
v_acl_k: [-0.02286434 -0.02447957]
acl_u[acl_delta_k]: [1 1]
num AC branches with possible violations in ACL contingencies: 2
num AC branches with possible violations in DCL contingencies: 2
num AC branches with possible violations in XFR contingencies: 2
t: 12, time: 0.0014081001281738281, memory_info: {'rss bytes': 206376960, 'rss human': '196.8M', 'percent': 0.07639967201439604}
v_acl_k: [-0.02286434 -0.02447957]
acl_u[acl_delta_k]: [1 1]
num AC branches with possible violations in ACL contingencies: 0
num AC branches with possible violations in DCL contingencies: 0
num AC branches with possible violations in XFR contingencies: 0
t: 13, time: 0.0013895034790039062, memory_info: {'rss bytes': 206376960, 'rss human': '196.8M', 'percent': 0.07639967201439604}
v_acl_k: [-0.02286434 -0.02447957]
acl_u[acl_delta_k]: [1 1]
num AC branches with possible violations in ACL contingencies: 0
num AC branches with possible violations in DCL contingencies: 0
num AC branches with possible violations in XFR contingencies: 0
t: 14, time: 0.012375593185424805, memory_info: {'rss bytes': 206376960, 'rss human': '196.8M', 'percent': 0.07639967201439604}
v_acl_k: [-0.02286434 -0.02447957]
acl_u[acl_delta_k]: [1 1]
num AC branches with possible violations in ACL contingencies: 0
num AC branches with possible violations in DCL contingencies: 0
num AC branches with possible violations in XFR contingencies: 0
t: 15, time: 0.0013926029205322266, memory_info: {'rss bytes': 206376960, 'rss human': '196.8M', 'percent': 0.07639967201439604}
v_acl_k: [-0.02286434 -0.02447957]
acl_u[acl_delta_k]: [1 1]
num AC branches with possible violations in ACL contingencies: 0
num AC branches with possible violations in DCL contingencies: 0
num AC branches with possible violations in XFR contingencies: 0
t: 16, time: 0.0013899803161621094, memory_info: {'rss bytes': 206376960, 'rss human': '196.8M', 'percent': 0.07639967201439604}
v_acl_k: [-0.02286434 -0.02447957]
acl_u[acl_delta_k]: [1 1]
num AC branches with possible violations in ACL contingencies: 2
num AC branches with possible violations in DCL contingencies: 2
num AC branches with possible violations in XFR contingencies: 2
t: 17, time: 0.0013875961303710938, memory_info: {'rss bytes': 206376960, 'rss human': '196.8M', 'percent': 0.07639967201439604}
v_acl_k: [-0.02286434 -0.02447957]
acl_u[acl_delta_k]: [1 1]
num AC branches with possible violations in ACL contingencies: 2
num AC branches with possible violations in DCL contingencies: 2
num AC branches with possible violations in XFR contingencies: 2
t: 18, time: 0.0013995170593261719, memory_info: {'rss bytes': 206376960, 'rss human': '196.8M', 'percent': 0.07639967201439604}
v_acl_k: [-0.02286434 -0.02447957]
acl_u[acl_delta_k]: [1 1]
num AC branches with possible violations in ACL contingencies: 0
num AC branches with possible violations in DCL contingencies: 0
num AC branches with possible violations in XFR contingencies: 0
t: 19, time: 0.0013840198516845703, memory_info: {'rss bytes': 206376960, 'rss human': '196.8M', 'percent': 0.07639967201439604}
v_acl_k: [-0.02286434 -0.02447957]
acl_u[acl_delta_k]: [1 1]
num AC branches with possible violations in ACL contingencies: 0
num AC branches with possible violations in DCL contingencies: 0
num AC branches with possible violations in XFR contingencies: 0
t: 20, time: 0.0013890266418457031, memory_info: {'rss bytes': 206376960, 'rss human': '196.8M', 'percent': 0.07639967201439604}
v_acl_k: [-0.02286434 -0.02447957]
acl_u[acl_delta_k]: [1 1]
num AC branches with possible violations in ACL contingencies: 0
num AC branches with possible violations in DCL contingencies: 0
num AC branches with possible violations in XFR contingencies: 0
t: 21, time: 0.011436700820922852, memory_info: {'rss bytes': 206376960, 'rss human': '196.8M', 'percent': 0.07639967201439604}
v_acl_k: [-0.02286434 -0.02447957]
acl_u[acl_delta_k]: [1 1]
num AC branches with possible violations in ACL contingencies: 1
num AC branches with possible violations in DCL contingencies: 1
num AC branches with possible violations in XFR contingencies: 1
t: 22, time: 0.0013966560363769531, memory_info: {'rss bytes': 206376960, 'rss human': '196.8M', 'percent': 0.07639967201439604}
v_acl_k: [-0.02286434 -0.02447957]
acl_u[acl_delta_k]: [1 1]
num AC branches with possible violations in ACL contingencies: 2
num AC branches with possible violations in DCL contingencies: 2
num AC branches with possible violations in XFR contingencies: 2
t: 23, time: 0.001382589340209961, memory_info: {'rss bytes': 206376960, 'rss human': '196.8M', 'percent': 0.07639967201439604}
v_acl_k: [-0.02286434 -0.02447957]
acl_u[acl_delta_k]: [1 1]
num AC branches with possible violations in ACL contingencies: 0
num AC branches with possible violations in DCL contingencies: 0
num AC branches with possible violations in XFR contingencies: 0
t: 24, time: 0.001397848129272461, memory_info: {'rss bytes': 206376960, 'rss human': '196.8M', 'percent': 0.07639967201439604}
v_acl_k: [-0.02286434 -0.02447957]
acl_u[acl_delta_k]: [1 1]
num AC branches with possible violations in ACL contingencies: 0
num AC branches with possible violations in DCL contingencies: 0
num AC branches with possible violations in XFR contingencies: 0
t: 25, time: 0.0013804435729980469, memory_info: {'rss bytes': 206376960, 'rss human': '196.8M', 'percent': 0.07639967201439604}
v_acl_k: [-0.02286434 -0.02447957]
acl_u[acl_delta_k]: [1 1]
num AC branches with possible violations in ACL contingencies: 0
num AC branches with possible violations in DCL contingencies: 0
num AC branches with possible violations in XFR contingencies: 0
t: 26, time: 0.0013885498046875, memory_info: {'rss bytes': 206376960, 'rss human': '196.8M', 'percent': 0.07639967201439604}
v_acl_k: [-0.02286434 -0.02447957]
acl_u[acl_delta_k]: [1 1]
num AC branches with possible violations in ACL contingencies: 0
num AC branches with possible violations in DCL contingencies: 0
num AC branches with possible violations in XFR contingencies: 0
t: 27, time: 0.001378774642944336, memory_info: {'rss bytes': 206376960, 'rss human': '196.8M', 'percent': 0.07639967201439604}
v_acl_k: [-0.02286434 -0.02447957]
acl_u[acl_delta_k]: [1 1]
num AC branches with possible violations in ACL contingencies: 2
num AC branches with possible violations in DCL contingencies: 2
num AC branches with possible violations in XFR contingencies: 2
t: 28, time: 0.012352943420410156, memory_info: {'rss bytes': 206376960, 'rss human': '196.8M', 'percent': 0.07639967201439604}
v_acl_k: [-0.02286434 -0.02447957]
acl_u[acl_delta_k]: [1 1]
num AC branches with possible violations in ACL contingencies: 0
num AC branches with possible violations in DCL contingencies: 0
num AC branches with possible violations in XFR contingencies: 0
t: 29, time: 0.001379251480102539, memory_info: {'rss bytes': 206376960, 'rss human': '196.8M', 'percent': 0.07639967201439604}
v_acl_k: [-0.02286434 -0.02447957]
acl_u[acl_delta_k]: [1 1]
num AC branches with possible violations in ACL contingencies: 0
num AC branches with possible violations in DCL contingencies: 0
num AC branches with possible violations in XFR contingencies: 0
t: 30, time: 0.0013952255249023438, memory_info: {'rss bytes': 206376960, 'rss human': '196.8M', 'percent': 0.07639967201439604}
v_acl_k: [-0.02286434 -0.02447957]
acl_u[acl_delta_k]: [1 1]
num AC branches with possible violations in ACL contingencies: 0
num AC branches with possible violations in DCL contingencies: 0
num AC branches with possible violations in XFR contingencies: 0
t: 31, time: 0.0013709068298339844, memory_info: {'rss bytes': 206376960, 'rss human': '196.8M', 'percent': 0.07639967201439604}
v_acl_k: [-0.02286434 -0.02447957]
acl_u[acl_delta_k]: [1 1]
num AC branches with possible violations in ACL contingencies: 0
num AC branches with possible violations in DCL contingencies: 0
num AC branches with possible violations in XFR contingencies: 0
t: 32, time: 0.001390218734741211, memory_info: {'rss bytes': 206376960, 'rss human': '196.8M', 'percent': 0.07639967201439604}
v_acl_k: [-0.02286434 -0.02447957]
acl_u[acl_delta_k]: [1 1]
num AC branches with possible violations in ACL contingencies: 0
num AC branches with possible violations in DCL contingencies: 0
num AC branches with possible violations in XFR contingencies: 0
t: 33, time: 0.0013840198516845703, memory_info: {'rss bytes': 206376960, 'rss human': '196.8M', 'percent': 0.07639967201439604}
v_acl_k: [-0.02286434 -0.02447957]
acl_u[acl_delta_k]: [1 1]
num AC branches with possible violations in ACL contingencies: 2
num AC branches with possible violations in DCL contingencies: 2
num AC branches with possible violations in XFR contingencies: 2
t: 34, time: 0.0013878345489501953, memory_info: {'rss bytes': 206376960, 'rss human': '196.8M', 'percent': 0.07639967201439604}
v_acl_k: [-0.02286434 -0.02447957]
acl_u[acl_delta_k]: [1 1]
num AC branches with possible violations in ACL contingencies: 2
num AC branches with possible violations in DCL contingencies: 2
num AC branches with possible violations in XFR contingencies: 2
t: 35, time: 0.011433601379394531, memory_info: {'rss bytes': 206376960, 'rss human': '196.8M', 'percent': 0.07639967201439604}
v_acl_k: [-0.02286434 -0.02447957]
acl_u[acl_delta_k]: [1 1]
num AC branches with possible violations in ACL contingencies: 2
num AC branches with possible violations in DCL contingencies: 2
num AC branches with possible violations in XFR contingencies: 2
t: 36, time: 0.0013861656188964844, memory_info: {'rss bytes': 206376960, 'rss human': '196.8M', 'percent': 0.07639967201439604}
v_acl_k: [-0.02286434 -0.02447957]
acl_u[acl_delta_k]: [1 1]
num AC branches with possible violations in ACL contingencies: 0
num AC branches with possible violations in DCL contingencies: 0
num AC branches with possible violations in XFR contingencies: 0
t: 37, time: 0.0013833045959472656, memory_info: {'rss bytes': 206376960, 'rss human': '196.8M', 'percent': 0.07639967201439604}
v_acl_k: [-0.02286434 -0.02447957]
acl_u[acl_delta_k]: [1 1]
num AC branches with possible violations in ACL contingencies: 0
num AC branches with possible violations in DCL contingencies: 0
num AC branches with possible violations in XFR contingencies: 0
t: 38, time: 0.001386880874633789, memory_info: {'rss bytes': 206376960, 'rss human': '196.8M', 'percent': 0.07639967201439604}
v_acl_k: [-0.02286434 -0.02447957]
acl_u[acl_delta_k]: [1 1]
num AC branches with possible violations in ACL contingencies: 0
num AC branches with possible violations in DCL contingencies: 0
num AC branches with possible violations in XFR contingencies: 0
t: 39, time: 0.0013790130615234375, memory_info: {'rss bytes': 206376960, 'rss human': '196.8M', 'percent': 0.07639967201439604}
v_acl_k: [-0.02286434 -0.02447957]
acl_u[acl_delta_k]: [1 1]
num AC branches with possible violations in ACL contingencies: 2
num AC branches with possible violations in DCL contingencies: 2
num AC branches with possible violations in XFR contingencies: 2
t: 40, time: 0.001386880874633789, memory_info: {'rss bytes': 206376960, 'rss human': '196.8M', 'percent': 0.07639967201439604}
v_acl_k: [-0.02286434 -0.02447957]
acl_u[acl_delta_k]: [1 1]
num AC branches with possible violations in ACL contingencies: 1
num AC branches with possible violations in DCL contingencies: 1
num AC branches with possible violations in XFR contingencies: 1
t: 41, time: 0.0013835430145263672, memory_info: {'rss bytes': 206376960, 'rss human': '196.8M', 'percent': 0.07639967201439604}
initialize_m_w_time: 0.00038504600524902344
compute_static_w_time: 6.175041198730469e-05
get_time_varying_branch_characteristics_time: 0.0008170604705810547
construct_a_t_time: 0.01260828971862793
factor_a_t_time: 0.008386373519897461
compute_w_with_t_a_solve_time: 0.0016505718231201172
compute_v_t_time: 5.0067901611328125e-06
compute_w_with_t_smw_time: 4.76837158203125e-06
compute_v_time: 0.027147531509399414
compute_bus_theta_with_t_a_solve_time: 0.009741544723510742
compute_bus_theta_with_t_smw_time: 7.152557373046875e-06
compute_br_p_time: 0.0030853748321533203
apply_w_v_wt_time: 0.0005500316619873047
compute_bus_dtheta_rhs_dcl_k_time: 0.0035605430603027344
compute_w_v_wt_xfr_k_time: 0.003840923309326172
compute_bus_dtheta_rhs_xfr_k_time: 4.0531158447265625e-06
compute_br_acl_delta_k_p_delta_time: 0.0024945735931396484
compute_br_dcl_delta_k_p_delta_time: 0.024024486541748047
compute_br_xfr_delta_k_p_delta_time: 0.0021257400512695312
filter_branches_acl_k_time: 0.002215147018432617
filter_branches_dcl_k_time: 0.0009548664093017578
filter_branches_xfr_k_time: 0.000873565673828125
compute_br_acl_delta_k_p_time: 0.00023698806762695312
compute_br_dcl_delta_k_p_time: 0.00012946128845214844
compute_br_xfr_delta_k_p_time: 0.00011944770812988281
compute_br_acl_delta_k_s_over_time: 0.001333475112915039
compute_br_dcl_delta_k_s_over_time: 0.0006158351898193359
compute_br_xfr_delta_k_s_over_time: 0.0005846023559570312
zero_out_time: 0.0001583099365234375
get_max_br_acl_delta_k_s_over_time: 0.0011987686157226562
get_max_br_dcl_delta_k_s_over_time: 7.152557373046875e-06
get_max_br_xfr_delta_k_s_over_time: 5.245208740234375e-06
compute_br_k_z_time: 0.0010552406311035156
collect_penalties_into_obj_array_time: 0.0004291534423828125
end of contingency model method 1, memory info: {'rss bytes': 206376960, 'rss human': '196.8M', 'percent': 0.07639967201439604}
function: eval_post_contingency_model, time: 0.21547842025756836
function: eval_post_contingency_model, time: 0.2154843807220459
function: run, time: 0.31555914878845215
after solution_evaluator.run(), memory info: {'rss bytes': 206376960, 'rss human': '196.8M', 'percent': 0.07639967201439604}
evaluation summary:
{'feas': 1,
 'infeas': 0,
 'info_i_i_k_t_disconnected_ctg': {'idx': {0: None, 1: None, 2: None, 3: None},
                                   'val': 0},
 'info_i_i_t_disconnected_base': {'idx': {0: None, 1: None, 2: None}, 'val': 0},
 'phys_feas': 0,
 'sum_acl_t_u_sd': 0,
 'sum_acl_t_u_su': 0,
 'sum_acl_t_z_s': 0.0,
 'sum_acl_t_z_sd': 0.0,
 'sum_acl_t_z_su': 0.0,
 'sum_bus_t_z_p': 19382422091.98656,
 'sum_bus_t_z_q': 11448796695.184887,
 'sum_cs_t_z_p': -0.0,
 'sum_pr_t_z_p': 0.0,
 'sum_prz_t_z_nsc': 8781.112008959999,
 'sum_prz_t_z_rgd': 0.0,
 'sum_prz_t_z_rgu': 0.0,
 'sum_prz_t_z_rrd': 11.373000000000001,
 'sum_prz_t_z_rru': 12.511000000000001,
 'sum_prz_t_z_scr': 27898.3246118,
 'sum_qrz_t_z_qrd': 0.0,
 'sum_qrz_t_z_qru': 0.0,
 'sum_sd_t_sd': 0,
 'sum_sd_t_su': 61,
 'sum_sd_t_z_nsc': 0.0,
 'sum_sd_t_z_on': 0.0,
 'sum_sd_t_z_qrd': 0.0,
 'sum_sd_t_z_qru': 0.0,
 'sum_sd_t_z_rgd': 0.0,
 'sum_sd_t_z_rgu': 0.0,
 'sum_sd_t_z_rrd_off': 0.0,
 'sum_sd_t_z_rrd_on': 0.0,
 'sum_sd_t_z_rru_off': 0.0,
 'sum_sd_t_z_rru_on': 0.0,
 'sum_sd_t_z_scr': 0.0,
 'sum_sd_t_z_sd': 0.0,
 'sum_sd_t_z_su': 0.0,
 'sum_sd_t_z_sus': 0.0,
 'sum_xfr_t_u_sd': 0,
 'sum_xfr_t_u_su': 0,
 'sum_xfr_t_z_s': 0.0,
 'sum_xfr_t_z_sd': 0.0,
 'sum_xfr_t_z_su': 0.0,
 'time_connectedness': 0.07518434524536133,
 'time_post_contingency': 0.2154827117919922,
 'time_run': 0.31555795669555664,
 'total_switches': 0,
 'viol_acl_acl_t_s_max_ctg': {'idx': {0: 'acl_065', 1: 'acl_003', 2: 12},
                              'val': 1.5570968625624753},
 'viol_acl_dcl_t_s_max_ctg': {'idx': {0: None, 1: None, 2: None}, 'val': 0.0},
 'viol_acl_t_s_max': {'idx': {0: 'acl_000', 1: 0}, 'val': 0.0},
 'viol_acl_t_u_sd_max': {'idx': {0: 'acl_000', 1: 0}, 'val': 0},
 'viol_acl_t_u_su_max': {'idx': {0: 'acl_000', 1: 0}, 'val': 0},
 'viol_acl_xfr_t_s_max_ctg': {'idx': {0: None, 1: None, 2: None}, 'val': 0.0},
 'viol_bus_t_p_balance_max': {'idx': {0: 'bus_55', 1: 0},
                              'val': 6.600014981956657},
 'viol_bus_t_p_balance_min': {'idx': {0: 'bus_19', 1: 0},
                              'val': -7.5451710594347094},
 'viol_bus_t_q_balance_max': {'idx': {0: 'bus_41', 1: 0},
                              'val': 0.8199418027720068},
 'viol_bus_t_q_balance_min': {'idx': {0: 'bus_53', 1: 0},
                              'val': -9.345961455185739},
 'viol_bus_t_v_max': {'idx': {0: 'bus_00', 1: 0}, 'val': 0.0},
 'viol_bus_t_v_min': {'idx': {0: 'bus_00', 1: 0}, 'val': 0.0},
 'viol_cs_t_p_off_max': {'idx': {0: 'sd_154', 1: 0}, 'val': 0.0},
 'viol_cs_t_p_off_min': {'idx': {0: 'sd_154', 1: 0}, 'val': 0.0},
 'viol_cs_t_p_on_max': {'idx': {0: 'sd_154', 1: 0}, 'val': 0.0},
 'viol_cs_t_p_on_min': {'idx': {0: 'sd_154', 1: 0}, 'val': 0.0},
 'viol_cs_t_q_max': {'idx': {0: 'sd_154', 1: 0}, 'val': 0.0},
 'viol_cs_t_q_min': {'idx': {0: 'sd_154', 1: 0}, 'val': 0.0},
 'viol_cs_t_q_p_max': {'idx': {0: None, 1: None}, 'val': None},
 'viol_cs_t_q_p_min': {'idx': {0: None, 1: None}, 'val': None},
 'viol_dcl_t_p_max': {'idx': {0: 'dcl_0', 1: 0}, 'val': 0.0},
 'viol_dcl_t_p_min': {'idx': {0: 'dcl_0', 1: 0}, 'val': 0.0},
 'viol_dcl_t_q_fr_max': {'idx': {0: 'dcl_0', 1: 0}, 'val': 0.0},
 'viol_dcl_t_q_fr_min': {'idx': {0: 'dcl_0', 1: 0}, 'val': 0.0},
 'viol_dcl_t_q_to_max': {'idx': {0: 'dcl_0', 1: 0}, 'val': 0.0},
 'viol_dcl_t_q_to_min': {'idx': {0: 'dcl_0', 1: 0}, 'val': 0.0},
 'viol_pr_t_p_off_max': {'idx': {0: 'sd_000', 1: 0}, 'val': 0.0},
 'viol_pr_t_p_off_min': {'idx': {0: 'sd_000', 1: 0}, 'val': 0.0},
 'viol_pr_t_p_on_max': {'idx': {0: 'sd_000', 1: 0}, 'val': 0.0},
 'viol_pr_t_p_on_min': {'idx': {0: 'sd_000', 1: 0}, 'val': 0.0},
 'viol_pr_t_q_max': {'idx': {0: 'sd_000', 1: 0}, 'val': 0.0},
 'viol_pr_t_q_min': {'idx': {0: 'sd_000', 1: 0}, 'val': 0.0},
 'viol_pr_t_q_p_max': {'idx': {0: None, 1: None}, 'val': None},
 'viol_pr_t_q_p_min': {'idx': {0: None, 1: None}, 'val': None},
 'viol_prz_t_p_nsc_balance': {'idx': {0: 'prz_0', 1: 0}, 'val': 2.2980736},
 'viol_prz_t_p_rgd_balance': {'idx': {0: 'prz_0', 1: 0}, 'val': 0.0},
 'viol_prz_t_p_rgu_balance': {'idx': {0: 'prz_0', 1: 0}, 'val': 0.0},
 'viol_prz_t_p_rrd_balance': {'idx': {0: 'prz_0', 1: 8},
                              'val': 0.9774999999999999},
 'viol_prz_t_p_rru_balance': {'idx': {0: 'prz_0', 1: 15}, 'val': 1.02},
 'viol_prz_t_p_scr_balance': {'idx': {0: 'prz_0', 1: 0}, 'val': 0.5745184},
 'viol_qrz_t_q_qrd_balance': {'idx': {0: 'qrz_0', 1: 0}, 'val': 0.0},
 'viol_qrz_t_q_qru_balance': {'idx': {0: 'qrz_0', 1: 0}, 'val': 0.0},
 'viol_sd_max_energy_constr': {'idx': {0: 'sd_000', 1: 0}, 'val': 0.0},
 'viol_sd_max_startup_constr': {'idx': {0: 'sd_000', 1: 0}, 'val': 0},
 'viol_sd_min_energy_constr': {'idx': {0: 'sd_000', 1: 0}, 'val': 0.0},
 'viol_sd_t_d_dn_min': {'idx': {0: 'sd_000', 1: 0}, 'val': 0},
 'viol_sd_t_d_up_min': {'idx': {0: 'sd_000', 1: 0}, 'val': 0},
 'viol_sd_t_p_nsc_max': {'idx': {0: 'sd_000', 1: 0}, 'val': 0.0},
 'viol_sd_t_p_nsc_nonneg': {'idx': {0: 'sd_000', 1: 0}, 'val': -0.0},
 'viol_sd_t_p_ramp_dn_max': {'idx': {0: 'sd_000', 1: 0}, 'val': 0.0},
 'viol_sd_t_p_ramp_up_max': {'idx': {0: 'sd_000', 1: 0}, 'val': 0.0},
 'viol_sd_t_p_rgd_max': {'idx': {0: 'sd_000', 1: 0}, 'val': 0.0},
 'viol_sd_t_p_rgd_nonneg': {'idx': {0: 'sd_000', 1: 0}, 'val': -0.0},
 'viol_sd_t_p_rgu_max': {'idx': {0: 'sd_000', 1: 0}, 'val': 0.0},
 'viol_sd_t_p_rgu_nonneg': {'idx': {0: 'sd_000', 1: 0}, 'val': -0.0},
 'viol_sd_t_p_rrd_off_max': {'idx': {0: 'sd_000', 1: 0}, 'val': 0.0},
 'viol_sd_t_p_rrd_off_nonneg': {'idx': {0: 'sd_000', 1: 0}, 'val': -0.0},
 'viol_sd_t_p_rrd_on_max': {'idx': {0: 'sd_000', 1: 0}, 'val': 0.0},
 'viol_sd_t_p_rrd_on_nonneg': {'idx': {0: 'sd_000', 1: 0}, 'val': -0.0},
 'viol_sd_t_p_rru_off_max': {'idx': {0: 'sd_000', 1: 0}, 'val': 0.0},
 'viol_sd_t_p_rru_off_nonneg': {'idx': {0: 'sd_000', 1: 0}, 'val': -0.0},
 'viol_sd_t_p_rru_on_max': {'idx': {0: 'sd_000', 1: 0}, 'val': 0.0},
 'viol_sd_t_p_rru_on_nonneg': {'idx': {0: 'sd_000', 1: 0}, 'val': -0.0},
 'viol_sd_t_p_scr_max': {'idx': {0: 'sd_000', 1: 0}, 'val': 0.0},
 'viol_sd_t_p_scr_nonneg': {'idx': {0: 'sd_000', 1: 0}, 'val': -0.0},
 'viol_sd_t_q_qrd_nonneg': {'idx': {0: 'sd_000', 1: 0}, 'val': -0.0},
 'viol_sd_t_q_qru_nonneg': {'idx': {0: 'sd_000', 1: 0}, 'val': -0.0},
 'viol_sd_t_u_on_max': {'idx': {0: 'sd_000', 1: 0}, 'val': 0},
 'viol_sd_t_u_on_min': {'idx': {0: 'sd_000', 1: 0}, 'val': 0},
 'viol_sh_t_u_st_max': {'idx': {0: 'sh_00', 1: 0}, 'val': 0},
 'viol_sh_t_u_st_min': {'idx': {0: 'sh_00', 1: 0}, 'val': 0},
 'viol_t_connected_base': {'idx': {0: 0}, 'val': 0},
 'viol_t_connected_ctg': {'idx': {0: 0}, 'val': 0},
 'viol_xfr_acl_t_s_max_ctg': {'idx': {0: 'xfr_04', 1: 'acl_102', 2: 28},
                              'val': 1.1169580001974282},
 'viol_xfr_dcl_t_s_max_ctg': {'idx': {0: None, 1: None, 2: None}, 'val': 0.0},
 'viol_xfr_t_phi_max': {'idx': {0: 'xfr_00', 1: 0}, 'val': 0.0},
 'viol_xfr_t_phi_min': {'idx': {0: 'xfr_00', 1: 0}, 'val': 0.0},
 'viol_xfr_t_s_max': {'idx': {0: 'xfr_00', 1: 0}, 'val': 0.0},
 'viol_xfr_t_tau_max': {'idx': {0: 'xfr_00', 1: 0}, 'val': 0.0},
 'viol_xfr_t_tau_min': {'idx': {0: 'xfr_00', 1: 0}, 'val': 0.0},
 'viol_xfr_t_u_sd_max': {'idx': {0: 'xfr_00', 1: 0}, 'val': 0},
 'viol_xfr_t_u_su_max': {'idx': {0: 'xfr_00', 1: 0}, 'val': 0},
 'viol_xfr_xfr_t_s_max_ctg': {'idx': {0: None, 1: None, 2: None}, 'val': 0.0},
 'z': -30831368733.605724,
 'z_base': -30831255490.49207,
 'z_cost': 0.0,
 'z_k_average_case': -56506.58032684913,
 'z_k_worst_case': -56736.53332330846,
 'z_max_energy': 0.0,
 'z_min_energy': 0.0,
 'z_penalty': 30831255490.49207,
 'z_value': -0.0}
infeasibility summary:
{}
feas: 1
obj: -30831368733.605724
evaluate solution time: 0.33356213569641113
end of check_data(), memory info: {'rss bytes': 206905344, 'rss human': '197.3M', 'percent': 0.07659527700972912}
