/rcfs/dtn/arpacomp/.conda/envs/goc_eval/lib/python3.10/site-packages/scipy/sparse/linalg/_dsolve/linsolve.py:347: SparseEfficiencyWarning: splu converted its input to CSC format
  warn('splu converted its input to CSC format', SparseEfficiencyWarning)
args:
Namespace(problem_opt=None, problem='/qfs/projects/goc/share/data/C3/E3.1/D3//C3E3N00073D3/scenario_246.json_scrubbed.json', solution='/qfs/projects/goc/share/data/C3/E3.1/D3//C3E3N00073D3/scenario_246.json.pop_solution.json', configuration=None, parameters='{}', summary_csv='summary.csv', summary_json='summary.json', data_errors='data_errors.txt', ignored_errors='ignored_errors.txt', solution_errors='solution_errors.txt', pop_solution=None, scrubbed_problem=None)
problem data file: /qfs/projects/goc/share/data/C3/E3.1/D3//C3E3N00073D3/scenario_246.json_scrubbed.json

pop solution data file: None

solution data file: /qfs/projects/goc/share/data/C3/E3.1/D3//C3E3N00073D3/scenario_246.json.pop_solution.json

git info: {'C3DataUtilities': {'branch': 'main', 'commit': '59dd7f47974aa54c2f26998163730b14ab3a6b97', 'date': 'Wed Jun 7 09:10:06 2023 -0700', 'query_return_code': 0, 'query_err': '', 'branch_return_code': 0, 'branch_err': '', 'query_path': '/qfs/projects/goc/share/loadbalancing/src/nonmpi-template/Challenge3/C3DataUtilities/datautilities', 'query_out': 'commit 59dd7f47974aa54c2f26998163730b14ab3a6b97\nAuthor: Jesse T Holzer <jesse.holzer@pnnl.gov>\nDate:   Wed Jun 7 09:10:06 2023 -0700\n\n    add git branch to summary output\n', 'branch_out': '  dev\n* main\n'}, 'Bid-DS-data-model': {'branch': None, 'commit': None, 'date': None, 'query_return_code': 128, 'query_err': 'fatal: Not a git repository (or any parent up to mount point /rcfs)\nStopping at filesystem boundary (GIT_DISCOVERY_ACROSS_FILESYSTEM not set).\n', 'branch_return_code': None, 'branch_err': None, 'query_path': '/rcfs/dtn/arpacomp/.conda/envs/goc_eval/lib/python3.10/site-packages/datamodel', 'query_out': ''}}

after reading problem without validation, memory info: {'rss bytes': 135376896, 'rss human': '129.1M', 'percent': 0.05011581938568629}
read problem data file without validation time: 0.0630342960357666
after reading problem with validation, memory info: {'rss bytes': 154083328, 'rss human': '146.9M', 'percent': 0.05704084274759453}
load time: 0.46604442596435547
{'error_diagnostics': '',
 'general': {'base_norm_mva': 100.0,
             'day_type': None,
             'electricity_demand': None,
             'net_load': None,
             'season': None,
             'solar_availability': None,
             'timestamp_start': None,
             'timestamp_stop': None,
             'vre_availability': None,
             'weather_temperature': None,
             'wind_availability': None},
 'interval durations': [4.0,
                        4.0,
                        4.0,
                        4.0,
                        4.0,
                        4.0,
                        4.0,
                        4.0,
                        4.0,
                        4.0,
                        4.0,
                        4.0,
                        4.0,
                        4.0,
                        4.0,
                        4.0,
                        4.0,
                        4.0,
                        4.0,
                        4.0,
                        4.0,
                        4.0,
                        4.0,
                        4.0,
                        4.0,
                        4.0,
                        4.0,
                        4.0,
                        4.0,
                        4.0,
                        4.0,
                        4.0,
                        4.0,
                        4.0,
                        4.0,
                        4.0,
                        4.0,
                        4.0,
                        4.0,
                        4.0,
                        4.0,
                        4.0],
 'num ac lines': 105,
 'num buses': 73,
 'num consuming devices': 51,
 'num contingencies': 2,
 'num dc lines': 1,
 'num intervals': 42,
 'num producing devices': 154,
 'num reactive power reserve zones': 1,
 'num real power reserve zones': 1,
 'num shunts': 73,
 'num simple dispatchable devices': 205,
 'num transformers': 15,
 'total duration': 168.0,
 'violation costs': {'e_vio_cost': 900000.0,
                     'p_bus_vio_cost': 1000000.0,
                     'q_bus_vio_cost': 1000000.0,
                     's_vio_cost': 500.0}}
after read solution without validation, memory info: {'rss bytes': 157327360, 'rss human': '150.0M', 'percent': 0.05824176643987203}
read solution data file without validation time: 0.014341354370117188
after read solution with validation, memory info: {'rss bytes': 163815424, 'rss human': '156.2M', 'percent': 0.06064361382442702}
solution load time: 0.21633052825927734
after solution_model_checks(), memory info: {'rss bytes': 163815424, 'rss human': '156.2M', 'percent': 0.06064361382442702}
solution model_checks time: 0.001233816146850586
{'error_diagnostics': ''}
after problem_data_array.set_from_data_model(), memory info: {'rss bytes': 166760448, 'rss human': '159.0M', 'percent': 0.0617338463177951}
convert problem data to numpy arrays time: 0.042321205139160156
after solution_data_array.set_from_data_model(), memory info: {'rss bytes': 167571456, 'rss human': '159.8M', 'percent': 0.06203407724086447}
convert solution data to numpy arrays time: 0.006732463836669922
function: set_summary, time: 0.0001678466796875
function: set_problem, time: 9.5367431640625e-07
function: set_solution, time: 4.5299530029296875e-06
function: set_solution_zero, time: 0.00016188621520996094
function: set_work_zero, time: 0.00015401840209960938
function: set_matrices, time: 0.003416299819946289
function: __init__, time: 0.003931522369384766
function: eval_sd_t_d_up_dn, time: 0.0007686614990234375
function: eval_sd_max_startup, time: 0.0023832321166992188
function: eval_sd_t_z_sus, time: 0.001474142074584961
function: eval_acl_t_p_q_fr_to, time: 0.0003161430358886719
function: eval_xfr_t_p_q_fr_to, time: 0.00012826919555664062
function: eval_sd_t_su_sd_trajectories, time: 0.00011157989501953125
function: eval_sd_max_energy, time: 0.0013208389282226562
function: eval_sd_min_energy, time: 0.0013136863708496094
function: eval_sd_t_z_p, time: 0.01006317138671875
function: eval_bus_t_p, time: 0.0005748271942138672
function: eval_bus_t_q, time: 0.0001571178436279297
sd_t_p_rgu sum: 0.0
prz_sigma_rgu max: 0.03
prz_t_p_rgu_req max: 0.0
sd_t_p_rgd sum: 0.0
prz_sigma_rgd max: 0.03
prz_t_p_rgd_req max: 0.0
sd_t_p_scr sum: 0.0
prz_sigma_scr max: 0.1
prz_t_p_scr_req max: 0.062652093
sd_t_p_nsc sum: 0.0
prz_sigma_nsc max: 0.3
prz_t_p_nsc_req max: 0.18795627899999998
sd_t_p_rru sum: 0.0
prz_t_p_rru_min max: 1.02
sd_t_p_rrd sum: 0.0
prz_t_p_rrd_min max: 0.9774999999999999
sd_t_p_qru sum: 0.0
qrz_t_q_qru_min max: 0.0
sd_t_p_qrd sum: 0.0
qrz_t_q_qrd_min max: 0.0
function: get_connected_components, time: 0.0006756782531738281
function: get_bridges, time: 0.0015933513641357422
function: get_connected_components, time: 0.00033855438232421875
function: get_bridges, time: 0.0013513565063476562
function: get_connected_components, time: 0.00033092498779296875
function: get_bridges, time: 0.0013475418090820312
function: get_connected_components, time: 0.00033283233642578125
function: get_bridges, time: 0.0013396739959716797
function: get_connected_components, time: 0.00033092498779296875
function: get_bridges, time: 0.0015192031860351562
function: get_connected_components, time: 0.00033020973205566406
function: get_bridges, time: 0.0013246536254882812
function: get_connected_components, time: 0.00033211708068847656
function: get_bridges, time: 0.0013303756713867188
function: get_connected_components, time: 0.00032782554626464844
function: get_bridges, time: 0.0013327598571777344
function: get_connected_components, time: 0.0003330707550048828
function: get_bridges, time: 0.001367330551147461
function: get_connected_components, time: 0.0003337860107421875
function: get_bridges, time: 0.0013580322265625
function: get_connected_components, time: 0.0003294944763183594
function: get_bridges, time: 0.0014057159423828125
function: get_connected_components, time: 0.0003254413604736328
function: get_bridges, time: 0.0013310909271240234
function: get_connected_components, time: 0.00035834312438964844
function: get_bridges, time: 0.0013802051544189453
function: get_connected_components, time: 0.00032639503479003906
function: get_bridges, time: 0.0013446807861328125
function: get_connected_components, time: 0.0003285408020019531
function: get_bridges, time: 0.0013365745544433594
function: get_connected_components, time: 0.00032520294189453125
function: get_bridges, time: 0.001386404037475586
function: get_connected_components, time: 0.0003299713134765625
function: get_bridges, time: 0.0014910697937011719
function: get_connected_components, time: 0.0003516674041748047
function: get_bridges, time: 0.0013551712036132812
function: get_connected_components, time: 0.0003247261047363281
function: get_bridges, time: 0.0013663768768310547
function: get_connected_components, time: 0.00032973289489746094
function: get_bridges, time: 0.0013637542724609375
function: get_connected_components, time: 0.0003285408020019531
function: get_bridges, time: 0.0013265609741210938
function: get_connected_components, time: 0.00032591819763183594
function: get_bridges, time: 0.001329183578491211
function: get_connected_components, time: 0.0003247261047363281
function: get_bridges, time: 0.0013234615325927734
function: get_connected_components, time: 0.0003292560577392578
function: get_bridges, time: 0.0013241767883300781
function: get_connected_components, time: 0.00032401084899902344
function: get_bridges, time: 0.0013241767883300781
function: get_connected_components, time: 0.00034928321838378906
function: get_bridges, time: 0.0013263225555419922
function: get_connected_components, time: 0.0003294944763183594
function: get_bridges, time: 0.0013654232025146484
function: get_connected_components, time: 0.0003268718719482422
function: get_bridges, time: 0.0013592243194580078
function: get_connected_components, time: 0.0003266334533691406
function: get_bridges, time: 0.001531362533569336
function: get_connected_components, time: 0.00032448768615722656
function: get_bridges, time: 0.0013289451599121094
function: get_connected_components, time: 0.0003292560577392578
function: get_bridges, time: 0.0013270378112792969
function: get_connected_components, time: 0.000324249267578125
function: get_bridges, time: 0.0013267993927001953
function: get_connected_components, time: 0.00032901763916015625
function: get_bridges, time: 0.0013282299041748047
function: get_connected_components, time: 0.0003230571746826172
function: get_bridges, time: 0.0013337135314941406
function: get_connected_components, time: 0.0003247261047363281
function: get_bridges, time: 0.0013208389282226562
function: get_connected_components, time: 0.00032448768615722656
function: get_bridges, time: 0.0013315677642822266
function: get_connected_components, time: 0.00032711029052734375
function: get_bridges, time: 0.0013289451599121094
function: get_connected_components, time: 0.000324249267578125
function: get_bridges, time: 0.0013322830200195312
function: get_connected_components, time: 0.0003705024719238281
function: get_bridges, time: 0.001371622085571289
function: get_connected_components, time: 0.0003218650817871094
function: get_bridges, time: 0.0013227462768554688
function: get_connected_components, time: 0.0003273487091064453
function: get_bridges, time: 0.001516580581665039
function: get_connected_components, time: 0.00032448768615722656
function: get_bridges, time: 0.0013201236724853516
end of eval_connectedness(), memory info: {'rss bytes': 169979904, 'rss human': '162.1M', 'percent': 0.06292567210331292}
function: eval_connectedness, time: 0.07517409324645996
problem dimensions. bus: 73, acl: 105, xfr: 15, dcl: 1, k: 2, t: 42
construct static bus admittance matrix. time: 0.0008845329284667969
factor static bus admittance matrix. time: 0.004791975021362305
t_acl_delta_t: [array([], dtype=int64), array([], dtype=int64), array([], dtype=int64), array([], dtype=int64), array([], dtype=int64), array([], dtype=int64), array([], dtype=int64), array([], dtype=int64), array([], dtype=int64), array([], dtype=int64), array([], dtype=int64), array([], dtype=int64), array([], dtype=int64), array([], dtype=int64), array([], dtype=int64), array([], dtype=int64), array([], dtype=int64), array([], dtype=int64), array([], dtype=int64), array([], dtype=int64), array([], dtype=int64), array([], dtype=int64), array([], dtype=int64), array([], dtype=int64), array([], dtype=int64), array([], dtype=int64), array([], dtype=int64), array([], dtype=int64), array([], dtype=int64), array([], dtype=int64), array([], dtype=int64), array([], dtype=int64), array([], dtype=int64), array([], dtype=int64), array([], dtype=int64), array([], dtype=int64), array([], dtype=int64), array([], dtype=int64), array([], dtype=int64), array([], dtype=int64), array([], dtype=int64), array([], dtype=int64)], t_xfr_delta_t: [array([], dtype=int64), array([], dtype=int64), array([], dtype=int64), array([], dtype=int64), array([], dtype=int64), array([], dtype=int64), array([], dtype=int64), array([], dtype=int64), array([], dtype=int64), array([], dtype=int64), array([], dtype=int64), array([], dtype=int64), array([], dtype=int64), array([], dtype=int64), array([], dtype=int64), array([], dtype=int64), array([], dtype=int64), array([], dtype=int64), array([], dtype=int64), array([], dtype=int64), array([], dtype=int64), array([], dtype=int64), array([], dtype=int64), array([], dtype=int64), array([], dtype=int64), array([], dtype=int64), array([], dtype=int64), array([], dtype=int64), array([], dtype=int64), array([], dtype=int64), array([], dtype=int64), array([], dtype=int64), array([], dtype=int64), array([], dtype=int64), array([], dtype=int64), array([], dtype=int64), array([], dtype=int64), array([], dtype=int64), array([], dtype=int64), array([], dtype=int64), array([], dtype=int64), array([], dtype=int64)], t_br_delta_t: [array([], dtype=int64), array([], dtype=int64), array([], dtype=int64), array([], dtype=int64), array([], dtype=int64), array([], dtype=int64), array([], dtype=int64), array([], dtype=int64), array([], dtype=int64), array([], dtype=int64), array([], dtype=int64), array([], dtype=int64), array([], dtype=int64), array([], dtype=int64), array([], dtype=int64), array([], dtype=int64), array([], dtype=int64), array([], dtype=int64), array([], dtype=int64), array([], dtype=int64), array([], dtype=int64), array([], dtype=int64), array([], dtype=int64), array([], dtype=int64), array([], dtype=int64), array([], dtype=int64), array([], dtype=int64), array([], dtype=int64), array([], dtype=int64), array([], dtype=int64), array([], dtype=int64), array([], dtype=int64), array([], dtype=int64), array([], dtype=int64), array([], dtype=int64), array([], dtype=int64), array([], dtype=int64), array([], dtype=int64), array([], dtype=int64), array([], dtype=int64), array([], dtype=int64), array([], dtype=int64)], acl_delta_t: [], xfr_delta_t: [], br_delta_t: []
contingency delta branches. acl: 2, xfr: 0, dcl: 0
construct bus,t-indexed right hand side. time: 0.00013017654418945312
solve for base case bus,t-indexed theta. time: 0.07876777648925781
v_acl_k: [-0.02286434 -0.02447957]
acl_u[acl_delta_k]: [1 1]
num AC branches with possible violations in ACL contingencies: 0
num AC branches with possible violations in DCL contingencies: 0
num AC branches with possible violations in XFR contingencies: 0
t: 0, time: 0.0024051666259765625, memory_info: {'rss bytes': 218914816, 'rss human': '208.8M', 'percent': 0.08104112077962511}
v_acl_k: [-0.02286434 -0.02447957]
acl_u[acl_delta_k]: [1 1]
num AC branches with possible violations in ACL contingencies: 0
num AC branches with possible violations in DCL contingencies: 0
num AC branches with possible violations in XFR contingencies: 0
t: 1, time: 0.0015115737915039062, memory_info: {'rss bytes': 218914816, 'rss human': '208.8M', 'percent': 0.08104112077962511}
v_acl_k: [-0.02286434 -0.02447957]
acl_u[acl_delta_k]: [1 1]
num AC branches with possible violations in ACL contingencies: 0
num AC branches with possible violations in DCL contingencies: 0
num AC branches with possible violations in XFR contingencies: 0
t: 2, time: 0.001436471939086914, memory_info: {'rss bytes': 218914816, 'rss human': '208.8M', 'percent': 0.08104112077962511}
v_acl_k: [-0.02286434 -0.02447957]
acl_u[acl_delta_k]: [1 1]
num AC branches with possible violations in ACL contingencies: 0
num AC branches with possible violations in DCL contingencies: 0
num AC branches with possible violations in XFR contingencies: 0
t: 3, time: 0.0014216899871826172, memory_info: {'rss bytes': 218914816, 'rss human': '208.8M', 'percent': 0.08104112077962511}
v_acl_k: [-0.02286434 -0.02447957]
acl_u[acl_delta_k]: [1 1]
num AC branches with possible violations in ACL contingencies: 0
num AC branches with possible violations in DCL contingencies: 0
num AC branches with possible violations in XFR contingencies: 0
t: 4, time: 0.0014216899871826172, memory_info: {'rss bytes': 218914816, 'rss human': '208.8M', 'percent': 0.08104112077962511}
v_acl_k: [-0.02286434 -0.02447957]
acl_u[acl_delta_k]: [1 1]
num AC branches with possible violations in ACL contingencies: 0
num AC branches with possible violations in DCL contingencies: 0
num AC branches with possible violations in XFR contingencies: 0
t: 5, time: 0.0014126300811767578, memory_info: {'rss bytes': 218914816, 'rss human': '208.8M', 'percent': 0.08104112077962511}
v_acl_k: [-0.02286434 -0.02447957]
acl_u[acl_delta_k]: [1 1]
num AC branches with possible violations in ACL contingencies: 0
num AC branches with possible violations in DCL contingencies: 0
num AC branches with possible violations in XFR contingencies: 0
t: 6, time: 0.001422882080078125, memory_info: {'rss bytes': 218914816, 'rss human': '208.8M', 'percent': 0.08104112077962511}
v_acl_k: [-0.02286434 -0.02447957]
acl_u[acl_delta_k]: [1 1]
num AC branches with possible violations in ACL contingencies: 0
num AC branches with possible violations in DCL contingencies: 0
num AC branches with possible violations in XFR contingencies: 0
t: 7, time: 0.0014066696166992188, memory_info: {'rss bytes': 218914816, 'rss human': '208.8M', 'percent': 0.08104112077962511}
v_acl_k: [-0.02286434 -0.02447957]
acl_u[acl_delta_k]: [1 1]
num AC branches with possible violations in ACL contingencies: 0
num AC branches with possible violations in DCL contingencies: 0
num AC branches with possible violations in XFR contingencies: 0
t: 8, time: 0.008473634719848633, memory_info: {'rss bytes': 218914816, 'rss human': '208.8M', 'percent': 0.08104112077962511}
v_acl_k: [-0.02286434 -0.02447957]
acl_u[acl_delta_k]: [1 1]
num AC branches with possible violations in ACL contingencies: 0
num AC branches with possible violations in DCL contingencies: 0
num AC branches with possible violations in XFR contingencies: 0
t: 9, time: 0.001407623291015625, memory_info: {'rss bytes': 218914816, 'rss human': '208.8M', 'percent': 0.08104112077962511}
v_acl_k: [-0.02286434 -0.02447957]
acl_u[acl_delta_k]: [1 1]
num AC branches with possible violations in ACL contingencies: 0
num AC branches with possible violations in DCL contingencies: 0
num AC branches with possible violations in XFR contingencies: 0
t: 10, time: 0.0013988018035888672, memory_info: {'rss bytes': 218914816, 'rss human': '208.8M', 'percent': 0.08104112077962511}
v_acl_k: [-0.02286434 -0.02447957]
acl_u[acl_delta_k]: [1 1]
num AC branches with possible violations in ACL contingencies: 0
num AC branches with possible violations in DCL contingencies: 0
num AC branches with possible violations in XFR contingencies: 0
t: 11, time: 0.0014088153839111328, memory_info: {'rss bytes': 218914816, 'rss human': '208.8M', 'percent': 0.08104112077962511}
v_acl_k: [-0.02286434 -0.02447957]
acl_u[acl_delta_k]: [1 1]
num AC branches with possible violations in ACL contingencies: 0
num AC branches with possible violations in DCL contingencies: 0
num AC branches with possible violations in XFR contingencies: 0
t: 12, time: 0.001407623291015625, memory_info: {'rss bytes': 218914816, 'rss human': '208.8M', 'percent': 0.08104112077962511}
v_acl_k: [-0.02286434 -0.02447957]
acl_u[acl_delta_k]: [1 1]
num AC branches with possible violations in ACL contingencies: 0
num AC branches with possible violations in DCL contingencies: 0
num AC branches with possible violations in XFR contingencies: 0
t: 13, time: 0.0014069080352783203, memory_info: {'rss bytes': 218914816, 'rss human': '208.8M', 'percent': 0.08104112077962511}
v_acl_k: [-0.02286434 -0.02447957]
acl_u[acl_delta_k]: [1 1]
num AC branches with possible violations in ACL contingencies: 0
num AC branches with possible violations in DCL contingencies: 0
num AC branches with possible violations in XFR contingencies: 0
t: 14, time: 0.001394033432006836, memory_info: {'rss bytes': 218914816, 'rss human': '208.8M', 'percent': 0.08104112077962511}
v_acl_k: [-0.02286434 -0.02447957]
acl_u[acl_delta_k]: [1 1]
num AC branches with possible violations in ACL contingencies: 0
num AC branches with possible violations in DCL contingencies: 0
num AC branches with possible violations in XFR contingencies: 0
t: 15, time: 0.012343645095825195, memory_info: {'rss bytes': 218914816, 'rss human': '208.8M', 'percent': 0.08104112077962511}
v_acl_k: [-0.02286434 -0.02447957]
acl_u[acl_delta_k]: [1 1]
num AC branches with possible violations in ACL contingencies: 0
num AC branches with possible violations in DCL contingencies: 0
num AC branches with possible violations in XFR contingencies: 0
t: 16, time: 0.0013890266418457031, memory_info: {'rss bytes': 218914816, 'rss human': '208.8M', 'percent': 0.08104112077962511}
v_acl_k: [-0.02286434 -0.02447957]
acl_u[acl_delta_k]: [1 1]
num AC branches with possible violations in ACL contingencies: 0
num AC branches with possible violations in DCL contingencies: 0
num AC branches with possible violations in XFR contingencies: 0
t: 17, time: 0.0013890266418457031, memory_info: {'rss bytes': 218914816, 'rss human': '208.8M', 'percent': 0.08104112077962511}
v_acl_k: [-0.02286434 -0.02447957]
acl_u[acl_delta_k]: [1 1]
num AC branches with possible violations in ACL contingencies: 0
num AC branches with possible violations in DCL contingencies: 0
num AC branches with possible violations in XFR contingencies: 0
t: 18, time: 0.0013935565948486328, memory_info: {'rss bytes': 218914816, 'rss human': '208.8M', 'percent': 0.08104112077962511}
v_acl_k: [-0.02286434 -0.02447957]
acl_u[acl_delta_k]: [1 1]
num AC branches with possible violations in ACL contingencies: 0
num AC branches with possible violations in DCL contingencies: 0
num AC branches with possible violations in XFR contingencies: 0
t: 19, time: 0.001397848129272461, memory_info: {'rss bytes': 218914816, 'rss human': '208.8M', 'percent': 0.08104112077962511}
v_acl_k: [-0.02286434 -0.02447957]
acl_u[acl_delta_k]: [1 1]
num AC branches with possible violations in ACL contingencies: 0
num AC branches with possible violations in DCL contingencies: 0
num AC branches with possible violations in XFR contingencies: 0
t: 20, time: 0.0013933181762695312, memory_info: {'rss bytes': 218914816, 'rss human': '208.8M', 'percent': 0.08104112077962511}
v_acl_k: [-0.02286434 -0.02447957]
acl_u[acl_delta_k]: [1 1]
num AC branches with possible violations in ACL contingencies: 0
num AC branches with possible violations in DCL contingencies: 0
num AC branches with possible violations in XFR contingencies: 0
t: 21, time: 0.0013933181762695312, memory_info: {'rss bytes': 218914816, 'rss human': '208.8M', 'percent': 0.08104112077962511}
v_acl_k: [-0.02286434 -0.02447957]
acl_u[acl_delta_k]: [1 1]
num AC branches with possible violations in ACL contingencies: 0
num AC branches with possible violations in DCL contingencies: 0
num AC branches with possible violations in XFR contingencies: 0
t: 22, time: 0.011456012725830078, memory_info: {'rss bytes': 218914816, 'rss human': '208.8M', 'percent': 0.08104112077962511}
v_acl_k: [-0.02286434 -0.02447957]
acl_u[acl_delta_k]: [1 1]
num AC branches with possible violations in ACL contingencies: 0
num AC branches with possible violations in DCL contingencies: 0
num AC branches with possible violations in XFR contingencies: 0
t: 23, time: 0.0013911724090576172, memory_info: {'rss bytes': 218914816, 'rss human': '208.8M', 'percent': 0.08104112077962511}
v_acl_k: [-0.02286434 -0.02447957]
acl_u[acl_delta_k]: [1 1]
num AC branches with possible violations in ACL contingencies: 0
num AC branches with possible violations in DCL contingencies: 0
num AC branches with possible violations in XFR contingencies: 0
t: 24, time: 0.0013916492462158203, memory_info: {'rss bytes': 218914816, 'rss human': '208.8M', 'percent': 0.08104112077962511}
v_acl_k: [-0.02286434 -0.02447957]
acl_u[acl_delta_k]: [1 1]
num AC branches with possible violations in ACL contingencies: 0
num AC branches with possible violations in DCL contingencies: 0
num AC branches with possible violations in XFR contingencies: 0
t: 25, time: 0.0013899803161621094, memory_info: {'rss bytes': 218914816, 'rss human': '208.8M', 'percent': 0.08104112077962511}
v_acl_k: [-0.02286434 -0.02447957]
acl_u[acl_delta_k]: [1 1]
num AC branches with possible violations in ACL contingencies: 0
num AC branches with possible violations in DCL contingencies: 0
num AC branches with possible violations in XFR contingencies: 0
t: 26, time: 0.0013790130615234375, memory_info: {'rss bytes': 218914816, 'rss human': '208.8M', 'percent': 0.08104112077962511}
v_acl_k: [-0.02286434 -0.02447957]
acl_u[acl_delta_k]: [1 1]
num AC branches with possible violations in ACL contingencies: 0
num AC branches with possible violations in DCL contingencies: 0
num AC branches with possible violations in XFR contingencies: 0
t: 27, time: 0.0013835430145263672, memory_info: {'rss bytes': 218914816, 'rss human': '208.8M', 'percent': 0.08104112077962511}
v_acl_k: [-0.02286434 -0.02447957]
acl_u[acl_delta_k]: [1 1]
num AC branches with possible violations in ACL contingencies: 0
num AC branches with possible violations in DCL contingencies: 0
num AC branches with possible violations in XFR contingencies: 0
t: 28, time: 0.0013821125030517578, memory_info: {'rss bytes': 218914816, 'rss human': '208.8M', 'percent': 0.08104112077962511}
v_acl_k: [-0.02286434 -0.02447957]
acl_u[acl_delta_k]: [1 1]
num AC branches with possible violations in ACL contingencies: 0
num AC branches with possible violations in DCL contingencies: 0
num AC branches with possible violations in XFR contingencies: 0
t: 29, time: 0.01233363151550293, memory_info: {'rss bytes': 218914816, 'rss human': '208.8M', 'percent': 0.08104112077962511}
v_acl_k: [-0.02286434 -0.02447957]
acl_u[acl_delta_k]: [1 1]
num AC branches with possible violations in ACL contingencies: 0
num AC branches with possible violations in DCL contingencies: 0
num AC branches with possible violations in XFR contingencies: 0
t: 30, time: 0.0013880729675292969, memory_info: {'rss bytes': 218914816, 'rss human': '208.8M', 'percent': 0.08104112077962511}
v_acl_k: [-0.02286434 -0.02447957]
acl_u[acl_delta_k]: [1 1]
num AC branches with possible violations in ACL contingencies: 0
num AC branches with possible violations in DCL contingencies: 0
num AC branches with possible violations in XFR contingencies: 0
t: 31, time: 0.0013875961303710938, memory_info: {'rss bytes': 218914816, 'rss human': '208.8M', 'percent': 0.08104112077962511}
v_acl_k: [-0.02286434 -0.02447957]
acl_u[acl_delta_k]: [1 1]
num AC branches with possible violations in ACL contingencies: 0
num AC branches with possible violations in DCL contingencies: 0
num AC branches with possible violations in XFR contingencies: 0
t: 32, time: 0.0013892650604248047, memory_info: {'rss bytes': 218914816, 'rss human': '208.8M', 'percent': 0.08104112077962511}
v_acl_k: [-0.02286434 -0.02447957]
acl_u[acl_delta_k]: [1 1]
num AC branches with possible violations in ACL contingencies: 0
num AC branches with possible violations in DCL contingencies: 0
num AC branches with possible violations in XFR contingencies: 0
t: 33, time: 0.0013911724090576172, memory_info: {'rss bytes': 218914816, 'rss human': '208.8M', 'percent': 0.08104112077962511}
v_acl_k: [-0.02286434 -0.02447957]
acl_u[acl_delta_k]: [1 1]
num AC branches with possible violations in ACL contingencies: 0
num AC branches with possible violations in DCL contingencies: 0
num AC branches with possible violations in XFR contingencies: 0
t: 34, time: 0.0013890266418457031, memory_info: {'rss bytes': 218914816, 'rss human': '208.8M', 'percent': 0.08104112077962511}
v_acl_k: [-0.02286434 -0.02447957]
acl_u[acl_delta_k]: [1 1]
num AC branches with possible violations in ACL contingencies: 0
num AC branches with possible violations in DCL contingencies: 0
num AC branches with possible violations in XFR contingencies: 0
t: 35, time: 0.001386404037475586, memory_info: {'rss bytes': 218914816, 'rss human': '208.8M', 'percent': 0.08104112077962511}
v_acl_k: [-0.02286434 -0.02447957]
acl_u[acl_delta_k]: [1 1]
num AC branches with possible violations in ACL contingencies: 0
num AC branches with possible violations in DCL contingencies: 0
num AC branches with possible violations in XFR contingencies: 0
t: 36, time: 0.01145625114440918, memory_info: {'rss bytes': 218914816, 'rss human': '208.8M', 'percent': 0.08104112077962511}
v_acl_k: [-0.02286434 -0.02447957]
acl_u[acl_delta_k]: [1 1]
num AC branches with possible violations in ACL contingencies: 0
num AC branches with possible violations in DCL contingencies: 0
num AC branches with possible violations in XFR contingencies: 0
t: 37, time: 0.0013883113861083984, memory_info: {'rss bytes': 218914816, 'rss human': '208.8M', 'percent': 0.08104112077962511}
v_acl_k: [-0.02286434 -0.02447957]
acl_u[acl_delta_k]: [1 1]
num AC branches with possible violations in ACL contingencies: 0
num AC branches with possible violations in DCL contingencies: 0
num AC branches with possible violations in XFR contingencies: 0
t: 38, time: 0.0013899803161621094, memory_info: {'rss bytes': 218914816, 'rss human': '208.8M', 'percent': 0.08104112077962511}
v_acl_k: [-0.02286434 -0.02447957]
acl_u[acl_delta_k]: [1 1]
num AC branches with possible violations in ACL contingencies: 0
num AC branches with possible violations in DCL contingencies: 0
num AC branches with possible violations in XFR contingencies: 0
t: 39, time: 0.0013802051544189453, memory_info: {'rss bytes': 218914816, 'rss human': '208.8M', 'percent': 0.08104112077962511}
v_acl_k: [-0.02286434 -0.02447957]
acl_u[acl_delta_k]: [1 1]
num AC branches with possible violations in ACL contingencies: 0
num AC branches with possible violations in DCL contingencies: 0
num AC branches with possible violations in XFR contingencies: 0
t: 40, time: 0.0013849735260009766, memory_info: {'rss bytes': 218914816, 'rss human': '208.8M', 'percent': 0.08104112077962511}
v_acl_k: [-0.02286434 -0.02447957]
acl_u[acl_delta_k]: [1 1]
num AC branches with possible violations in ACL contingencies: 0
num AC branches with possible violations in DCL contingencies: 0
num AC branches with possible violations in XFR contingencies: 0
t: 41, time: 0.0013885498046875, memory_info: {'rss bytes': 218914816, 'rss human': '208.8M', 'percent': 0.08104112077962511}
initialize_m_w_time: 0.0003714561462402344
compute_static_w_time: 5.817413330078125e-05
get_time_varying_branch_characteristics_time: 0.0007843971252441406
construct_a_t_time: 0.012673616409301758
factor_a_t_time: 0.008556127548217773
compute_w_with_t_a_solve_time: 0.0016472339630126953
compute_v_t_time: 4.5299530029296875e-06
compute_w_with_t_smw_time: 3.0994415283203125e-06
compute_v_time: 0.006892204284667969
compute_bus_theta_with_t_a_solve_time: 0.0006887912750244141
compute_bus_theta_with_t_smw_time: 5.245208740234375e-06
compute_br_p_time: 0.0031087398529052734
apply_w_v_wt_time: 0.0005495548248291016
compute_bus_dtheta_rhs_dcl_k_time: 0.023760080337524414
compute_w_v_wt_xfr_k_time: 0.0038576126098632812
compute_bus_dtheta_rhs_xfr_k_time: 3.814697265625e-06
compute_br_acl_delta_k_p_delta_time: 0.009583234786987305
compute_br_dcl_delta_k_p_delta_time: 0.0021109580993652344
compute_br_xfr_delta_k_p_delta_time: 0.0020685195922851562
filter_branches_acl_k_time: 0.002172231674194336
filter_branches_dcl_k_time: 0.0009450912475585938
filter_branches_xfr_k_time: 0.0008752346038818359
compute_br_acl_delta_k_p_time: 0.00023818016052246094
compute_br_dcl_delta_k_p_time: 0.00013113021850585938
compute_br_xfr_delta_k_p_time: 0.00011873245239257812
compute_br_acl_delta_k_s_over_time: 0.0013175010681152344
compute_br_dcl_delta_k_s_over_time: 0.0006074905395507812
compute_br_xfr_delta_k_s_over_time: 0.011540651321411133
zero_out_time: 0.00015878677368164062
get_max_br_acl_delta_k_s_over_time: 0.0012249946594238281
get_max_br_dcl_delta_k_s_over_time: 6.198883056640625e-06
get_max_br_xfr_delta_k_s_over_time: 3.814697265625e-06
compute_br_k_z_time: 0.012022972106933594
collect_penalties_into_obj_array_time: 0.0004525184631347656
end of contingency model method 1, memory info: {'rss bytes': 218914816, 'rss human': '208.8M', 'percent': 0.08104112077962511}
function: eval_post_contingency_model, time: 0.2028360366821289
function: eval_post_contingency_model, time: 0.20284318923950195
function: run, time: 0.3021669387817383
after solution_evaluator.run(), memory info: {'rss bytes': 218914816, 'rss human': '208.8M', 'percent': 0.08104112077962511}
evaluation summary:
{'feas': 1,
 'infeas': 0,
 'info_i_i_k_t_disconnected_ctg': {'idx': {0: None, 1: None, 2: None, 3: None},
                                   'val': 0},
 'info_i_i_t_disconnected_base': {'idx': {0: None, 1: None, 2: None}, 'val': 0},
 'phys_feas': 0,
 'sum_acl_t_u_sd': 0,
 'sum_acl_t_u_su': 0,
 'sum_acl_t_z_s': 0.0,
 'sum_acl_t_z_sd': 0.0,
 'sum_acl_t_z_su': 0.0,
 'sum_bus_t_z_p': 17233504135.26687,
 'sum_bus_t_z_q': 11448796695.184887,
 'sum_cs_t_z_p': -0.0,
 'sum_pr_t_z_p': 0.0,
 'sum_prz_t_z_nsc': 933.5858864639999,
 'sum_prz_t_z_rgd': 0.0,
 'sum_prz_t_z_rgu': 0.0,
 'sum_prz_t_z_rrd': 11.373000000000001,
 'sum_prz_t_z_rru': 12.511000000000001,
 'sum_prz_t_z_scr': 2966.080160120001,
 'sum_qrz_t_z_qrd': 0.0,
 'sum_qrz_t_z_qru': 0.0,
 'sum_sd_t_sd': 0,
 'sum_sd_t_su': 61,
 'sum_sd_t_z_nsc': 0.0,
 'sum_sd_t_z_on': 0.0,
 'sum_sd_t_z_qrd': 0.0,
 'sum_sd_t_z_qru': 0.0,
 'sum_sd_t_z_rgd': 0.0,
 'sum_sd_t_z_rgu': 0.0,
 'sum_sd_t_z_rrd_off': 0.0,
 'sum_sd_t_z_rrd_on': 0.0,
 'sum_sd_t_z_rru_off': 0.0,
 'sum_sd_t_z_rru_on': 0.0,
 'sum_sd_t_z_scr': 0.0,
 'sum_sd_t_z_sd': 0.0,
 'sum_sd_t_z_su': 0.0,
 'sum_sd_t_z_sus': 0.0,
 'sum_xfr_t_u_sd': 0,
 'sum_xfr_t_u_su': 0,
 'sum_xfr_t_z_s': 0.0,
 'sum_xfr_t_z_sd': 0.0,
 'sum_xfr_t_z_su': 0.0,
 'time_connectedness': 0.07500886917114258,
 'time_post_contingency': 0.20284152030944824,
 'time_run': 0.3021659851074219,
 'total_switches': 0,
 'viol_acl_acl_t_s_max_ctg': {'idx': {0: None, 1: None, 2: None}, 'val': 0.0},
 'viol_acl_dcl_t_s_max_ctg': {'idx': {0: None, 1: None, 2: None}, 'val': 0.0},
 'viol_acl_t_s_max': {'idx': {0: 'acl_000', 1: 0}, 'val': 0.0},
 'viol_acl_t_u_sd_max': {'idx': {0: 'acl_000', 1: 0}, 'val': 0},
 'viol_acl_t_u_su_max': {'idx': {0: 'acl_000', 1: 0}, 'val': 0},
 'viol_acl_xfr_t_s_max_ctg': {'idx': {0: None, 1: None, 2: None}, 'val': 0.0},
 'viol_bus_t_p_balance_max': {'idx': {0: 'bus_55', 1: 0},
                              'val': 6.600014981956657},
 'viol_bus_t_p_balance_min': {'idx': {0: 'bus_19', 1: 0},
                              'val': -2.3249814894347094},
 'viol_bus_t_q_balance_max': {'idx': {0: 'bus_41', 1: 0},
                              'val': 0.8199418027720068},
 'viol_bus_t_q_balance_min': {'idx': {0: 'bus_53', 1: 0},
                              'val': -9.345961455185739},
 'viol_bus_t_v_max': {'idx': {0: 'bus_00', 1: 0}, 'val': 0.0},
 'viol_bus_t_v_min': {'idx': {0: 'bus_00', 1: 0}, 'val': 0.0},
 'viol_cs_t_p_off_max': {'idx': {0: 'sd_154', 1: 0}, 'val': 0.0},
 'viol_cs_t_p_off_min': {'idx': {0: 'sd_154', 1: 0}, 'val': 0.0},
 'viol_cs_t_p_on_max': {'idx': {0: 'sd_154', 1: 0}, 'val': 0.0},
 'viol_cs_t_p_on_min': {'idx': {0: 'sd_154', 1: 0}, 'val': 0.0},
 'viol_cs_t_q_max': {'idx': {0: 'sd_154', 1: 0}, 'val': 0.0},
 'viol_cs_t_q_min': {'idx': {0: 'sd_154', 1: 0}, 'val': 0.0},
 'viol_cs_t_q_p_max': {'idx': {0: None, 1: None}, 'val': None},
 'viol_cs_t_q_p_min': {'idx': {0: None, 1: None}, 'val': None},
 'viol_dcl_t_p_max': {'idx': {0: 'dcl_0', 1: 0}, 'val': 0.0},
 'viol_dcl_t_p_min': {'idx': {0: 'dcl_0', 1: 0}, 'val': 0.0},
 'viol_dcl_t_q_fr_max': {'idx': {0: 'dcl_0', 1: 0}, 'val': 0.0},
 'viol_dcl_t_q_fr_min': {'idx': {0: 'dcl_0', 1: 0}, 'val': 0.0},
 'viol_dcl_t_q_to_max': {'idx': {0: 'dcl_0', 1: 0}, 'val': 0.0},
 'viol_dcl_t_q_to_min': {'idx': {0: 'dcl_0', 1: 0}, 'val': 0.0},
 'viol_pr_t_p_off_max': {'idx': {0: 'sd_000', 1: 0}, 'val': 0.0},
 'viol_pr_t_p_off_min': {'idx': {0: 'sd_000', 1: 0}, 'val': 0.0},
 'viol_pr_t_p_on_max': {'idx': {0: 'sd_000', 1: 0}, 'val': 0.0},
 'viol_pr_t_p_on_min': {'idx': {0: 'sd_000', 1: 0}, 'val': 0.0},
 'viol_pr_t_q_max': {'idx': {0: 'sd_000', 1: 0}, 'val': 0.0},
 'viol_pr_t_q_min': {'idx': {0: 'sd_000', 1: 0}, 'val': 0.0},
 'viol_pr_t_q_p_max': {'idx': {0: None, 1: None}, 'val': None},
 'viol_pr_t_q_p_min': {'idx': {0: None, 1: None}, 'val': None},
 'viol_prz_t_p_nsc_balance': {'idx': {0: 'prz_0', 1: 0},
                              'val': 0.25060837199999997},
 'viol_prz_t_p_rgd_balance': {'idx': {0: 'prz_0', 1: 0}, 'val': 0.0},
 'viol_prz_t_p_rgu_balance': {'idx': {0: 'prz_0', 1: 0}, 'val': 0.0},
 'viol_prz_t_p_rrd_balance': {'idx': {0: 'prz_0', 1: 8},
                              'val': 0.9774999999999999},
 'viol_prz_t_p_rru_balance': {'idx': {0: 'prz_0', 1: 15}, 'val': 1.02},
 'viol_prz_t_p_scr_balance': {'idx': {0: 'prz_0', 1: 0}, 'val': 0.062652093},
 'viol_qrz_t_q_qrd_balance': {'idx': {0: 'qrz_0', 1: 0}, 'val': 0.0},
 'viol_qrz_t_q_qru_balance': {'idx': {0: 'qrz_0', 1: 0}, 'val': 0.0},
 'viol_sd_max_energy_constr': {'idx': {0: 'sd_000', 1: 0}, 'val': 0.0},
 'viol_sd_max_startup_constr': {'idx': {0: 'sd_000', 1: 0}, 'val': 0},
 'viol_sd_min_energy_constr': {'idx': {0: 'sd_000', 1: 0}, 'val': 0.0},
 'viol_sd_t_d_dn_min': {'idx': {0: 'sd_000', 1: 0}, 'val': 0},
 'viol_sd_t_d_up_min': {'idx': {0: 'sd_000', 1: 0}, 'val': 0},
 'viol_sd_t_p_nsc_max': {'idx': {0: 'sd_000', 1: 0}, 'val': 0.0},
 'viol_sd_t_p_nsc_nonneg': {'idx': {0: 'sd_000', 1: 0}, 'val': -0.0},
 'viol_sd_t_p_ramp_dn_max': {'idx': {0: 'sd_000', 1: 0}, 'val': 0.0},
 'viol_sd_t_p_ramp_up_max': {'idx': {0: 'sd_000', 1: 0}, 'val': 0.0},
 'viol_sd_t_p_rgd_max': {'idx': {0: 'sd_000', 1: 0}, 'val': 0.0},
 'viol_sd_t_p_rgd_nonneg': {'idx': {0: 'sd_000', 1: 0}, 'val': -0.0},
 'viol_sd_t_p_rgu_max': {'idx': {0: 'sd_000', 1: 0}, 'val': 0.0},
 'viol_sd_t_p_rgu_nonneg': {'idx': {0: 'sd_000', 1: 0}, 'val': -0.0},
 'viol_sd_t_p_rrd_off_max': {'idx': {0: 'sd_000', 1: 0}, 'val': 0.0},
 'viol_sd_t_p_rrd_off_nonneg': {'idx': {0: 'sd_000', 1: 0}, 'val': -0.0},
 'viol_sd_t_p_rrd_on_max': {'idx': {0: 'sd_000', 1: 0}, 'val': 0.0},
 'viol_sd_t_p_rrd_on_nonneg': {'idx': {0: 'sd_000', 1: 0}, 'val': -0.0},
 'viol_sd_t_p_rru_off_max': {'idx': {0: 'sd_000', 1: 0}, 'val': 0.0},
 'viol_sd_t_p_rru_off_nonneg': {'idx': {0: 'sd_000', 1: 0}, 'val': -0.0},
 'viol_sd_t_p_rru_on_max': {'idx': {0: 'sd_000', 1: 0}, 'val': 0.0},
 'viol_sd_t_p_rru_on_nonneg': {'idx': {0: 'sd_000', 1: 0}, 'val': -0.0},
 'viol_sd_t_p_scr_max': {'idx': {0: 'sd_000', 1: 0}, 'val': 0.0},
 'viol_sd_t_p_scr_nonneg': {'idx': {0: 'sd_000', 1: 0}, 'val': -0.0},
 'viol_sd_t_q_qrd_nonneg': {'idx': {0: 'sd_000', 1: 0}, 'val': -0.0},
 'viol_sd_t_q_qru_nonneg': {'idx': {0: 'sd_000', 1: 0}, 'val': -0.0},
 'viol_sd_t_u_on_max': {'idx': {0: 'sd_000', 1: 0}, 'val': 0},
 'viol_sd_t_u_on_min': {'idx': {0: 'sd_000', 1: 0}, 'val': 0},
 'viol_sh_t_u_st_max': {'idx': {0: 'sh_00', 1: 0}, 'val': 0},
 'viol_sh_t_u_st_min': {'idx': {0: 'sh_00', 1: 0}, 'val': 0},
 'viol_t_connected_base': {'idx': {0: 0}, 'val': 0},
 'viol_t_connected_ctg': {'idx': {0: 0}, 'val': 0},
 'viol_xfr_acl_t_s_max_ctg': {'idx': {0: None, 1: None, 2: None}, 'val': 0.0},
 'viol_xfr_dcl_t_s_max_ctg': {'idx': {0: None, 1: None, 2: None}, 'val': 0.0},
 'viol_xfr_t_phi_max': {'idx': {0: 'xfr_00', 1: 0}, 'val': 0.0},
 'viol_xfr_t_phi_min': {'idx': {0: 'xfr_00', 1: 0}, 'val': 0.0},
 'viol_xfr_t_s_max': {'idx': {0: 'xfr_00', 1: 0}, 'val': 0.0},
 'viol_xfr_t_tau_max': {'idx': {0: 'xfr_00', 1: 0}, 'val': 0.0},
 'viol_xfr_t_tau_min': {'idx': {0: 'xfr_00', 1: 0}, 'val': 0.0},
 'viol_xfr_t_u_sd_max': {'idx': {0: 'xfr_00', 1: 0}, 'val': 0},
 'viol_xfr_t_u_su_max': {'idx': {0: 'xfr_00', 1: 0}, 'val': 0},
 'viol_xfr_xfr_t_s_max_ctg': {'idx': {0: None, 1: None, 2: None}, 'val': 0.0},
 'z': -28682304754.001804,
 'z_base': -28682304754.001804,
 'z_cost': 0.0,
 'z_k_average_case': 0.0,
 'z_k_worst_case': 0.0,
 'z_max_energy': 0.0,
 'z_min_energy': 0.0,
 'z_penalty': 28682304754.0018,
 'z_value': -0.0}
infeasibility summary:
{}
feas: 1
obj: -28682304754.001804
evaluate solution time: 0.32016682624816895
end of check_data(), memory info: {'rss bytes': 219443200, 'rss human': '209.3M', 'percent': 0.08123672577495818}
