/rcfs/dtn/arpacomp/.conda/envs/goc_eval/lib/python3.10/site-packages/scipy/sparse/linalg/_dsolve/linsolve.py:347: SparseEfficiencyWarning: splu converted its input to CSC format
  warn('splu converted its input to CSC format', SparseEfficiencyWarning)
args:
Namespace(problem_opt=None, problem='/qfs/projects/goc/share/data/C3/E3.1/D3//C3E3N00073D3/scenario_236.json_scrubbed.json', solution='/qfs/projects/goc/share/data/C3/E3.1/D3//C3E3N00073D3/scenario_236.json.pop_solution.json', configuration=None, parameters='{}', summary_csv='summary.csv', summary_json='summary.json', data_errors='data_errors.txt', ignored_errors='ignored_errors.txt', solution_errors='solution_errors.txt', pop_solution=None, scrubbed_problem=None)
problem data file: /qfs/projects/goc/share/data/C3/E3.1/D3//C3E3N00073D3/scenario_236.json_scrubbed.json

pop solution data file: None

solution data file: /qfs/projects/goc/share/data/C3/E3.1/D3//C3E3N00073D3/scenario_236.json.pop_solution.json

git info: {'C3DataUtilities': {'branch': 'main', 'commit': '59dd7f47974aa54c2f26998163730b14ab3a6b97', 'date': 'Wed Jun 7 09:10:06 2023 -0700', 'query_return_code': 0, 'query_err': '', 'branch_return_code': 0, 'branch_err': '', 'query_path': '/qfs/projects/goc/share/loadbalancing/src/nonmpi-template/Challenge3/C3DataUtilities/datautilities', 'query_out': 'commit 59dd7f47974aa54c2f26998163730b14ab3a6b97\nAuthor: Jesse T Holzer <jesse.holzer@pnnl.gov>\nDate:   Wed Jun 7 09:10:06 2023 -0700\n\n    add git branch to summary output\n', 'branch_out': '  dev\n* main\n'}, 'Bid-DS-data-model': {'branch': None, 'commit': None, 'date': None, 'query_return_code': 128, 'query_err': 'fatal: Not a git repository (or any parent up to mount point /rcfs)\nStopping at filesystem boundary (GIT_DISCOVERY_ACROSS_FILESYSTEM not set).\n', 'branch_return_code': None, 'branch_err': None, 'query_path': '/rcfs/dtn/arpacomp/.conda/envs/goc_eval/lib/python3.10/site-packages/datamodel', 'query_out': ''}}

after reading problem without validation, memory info: {'rss bytes': 114499584, 'rss human': '109.2M', 'percent': 0.04238714759333982}
read problem data file without validation time: 0.06288695335388184
after reading problem with validation, memory info: {'rss bytes': 133206016, 'rss human': '127.0M', 'percent': 0.04931217095524807}
load time: 0.46762609481811523
{'error_diagnostics': '',
 'general': {'base_norm_mva': 100.0,
             'day_type': None,
             'electricity_demand': None,
             'net_load': None,
             'season': None,
             'solar_availability': None,
             'timestamp_start': None,
             'timestamp_stop': None,
             'vre_availability': None,
             'weather_temperature': None,
             'wind_availability': None},
 'interval durations': [4.0,
                        4.0,
                        4.0,
                        4.0,
                        4.0,
                        4.0,
                        4.0,
                        4.0,
                        4.0,
                        4.0,
                        4.0,
                        4.0,
                        4.0,
                        4.0,
                        4.0,
                        4.0,
                        4.0,
                        4.0,
                        4.0,
                        4.0,
                        4.0,
                        4.0,
                        4.0,
                        4.0,
                        4.0,
                        4.0,
                        4.0,
                        4.0,
                        4.0,
                        4.0,
                        4.0,
                        4.0,
                        4.0,
                        4.0,
                        4.0,
                        4.0,
                        4.0,
                        4.0,
                        4.0,
                        4.0,
                        4.0,
                        4.0],
 'num ac lines': 105,
 'num buses': 73,
 'num consuming devices': 51,
 'num contingencies': 2,
 'num dc lines': 1,
 'num intervals': 42,
 'num producing devices': 154,
 'num reactive power reserve zones': 1,
 'num real power reserve zones': 1,
 'num shunts': 73,
 'num simple dispatchable devices': 205,
 'num transformers': 15,
 'total duration': 168.0,
 'violation costs': {'e_vio_cost': 900000.0,
                     'p_bus_vio_cost': 1000000.0,
                     'q_bus_vio_cost': 1000000.0,
                     's_vio_cost': 500.0}}
after read solution without validation, memory info: {'rss bytes': 136450048, 'rss human': '130.1M', 'percent': 0.05051309464752556}
read solution data file without validation time: 0.01433253288269043
after read solution with validation, memory info: {'rss bytes': 142938112, 'rss human': '136.3M', 'percent': 0.05291494203208055}
solution load time: 0.22296857833862305
after solution_model_checks(), memory info: {'rss bytes': 142938112, 'rss human': '136.3M', 'percent': 0.05291494203208055}
solution model_checks time: 0.0012345314025878906
{'error_diagnostics': ''}
after problem_data_array.set_from_data_model(), memory info: {'rss bytes': 145883136, 'rss human': '139.1M', 'percent': 0.05400517452544863}
convert problem data to numpy arrays time: 0.04211997985839844
after solution_data_array.set_from_data_model(), memory info: {'rss bytes': 146694144, 'rss human': '139.9M', 'percent': 0.05430540544851801}
convert solution data to numpy arrays time: 0.006711483001708984
function: set_summary, time: 0.00016450881958007812
function: set_problem, time: 7.152557373046875e-07
function: set_solution, time: 5.4836273193359375e-06
function: set_solution_zero, time: 0.00017118453979492188
function: set_work_zero, time: 0.00016260147094726562
function: set_matrices, time: 0.003439188003540039
function: __init__, time: 0.003968477249145508
function: eval_sd_t_d_up_dn, time: 0.0007607936859130859
function: eval_sd_max_startup, time: 0.002413034439086914
function: eval_sd_t_z_sus, time: 0.0015099048614501953
function: eval_acl_t_p_q_fr_to, time: 0.00031876564025878906
function: eval_xfr_t_p_q_fr_to, time: 0.00011873245239257812
function: eval_sd_t_su_sd_trajectories, time: 0.00011944770812988281
function: eval_sd_max_energy, time: 0.0013170242309570312
function: eval_sd_min_energy, time: 0.0013017654418945312
function: eval_sd_t_z_p, time: 0.009816169738769531
function: eval_bus_t_p, time: 0.0005877017974853516
function: eval_bus_t_q, time: 0.0001571178436279297
sd_t_p_rgu sum: 0.0
prz_sigma_rgu max: 0.03
prz_t_p_rgu_req max: 0.0
sd_t_p_rgd sum: 0.0
prz_sigma_rgd max: 0.03
prz_t_p_rgd_req max: 0.0
sd_t_p_scr sum: 0.0
prz_sigma_scr max: 0.1
prz_t_p_scr_req max: 0.062652093
sd_t_p_nsc sum: 0.0
prz_sigma_nsc max: 0.3
prz_t_p_nsc_req max: 0.18795627899999998
sd_t_p_rru sum: 0.0
prz_t_p_rru_min max: 1.02
sd_t_p_rrd sum: 0.0
prz_t_p_rrd_min max: 0.9774999999999999
sd_t_p_qru sum: 0.0
qrz_t_q_qru_min max: 0.0
sd_t_p_qrd sum: 0.0
qrz_t_q_qrd_min max: 0.0
function: get_connected_components, time: 0.0006744861602783203
function: get_bridges, time: 0.0015897750854492188
function: get_connected_components, time: 0.0003304481506347656
function: get_bridges, time: 0.0013415813446044922
function: get_connected_components, time: 0.0003376007080078125
function: get_bridges, time: 0.001337289810180664
function: get_connected_components, time: 0.0003294944763183594
function: get_bridges, time: 0.0013508796691894531
function: get_connected_components, time: 0.0003256797790527344
function: get_bridges, time: 0.0015194416046142578
function: get_connected_components, time: 0.00032711029052734375
function: get_bridges, time: 0.0013301372528076172
function: get_connected_components, time: 0.0003268718719482422
function: get_bridges, time: 0.0013272762298583984
function: get_connected_components, time: 0.0003466606140136719
function: get_bridges, time: 0.0013377666473388672
function: get_connected_components, time: 0.00032329559326171875
function: get_bridges, time: 0.0013337135314941406
function: get_connected_components, time: 0.0003223419189453125
function: get_bridges, time: 0.0013272762298583984
function: get_connected_components, time: 0.0003268718719482422
function: get_bridges, time: 0.0013632774353027344
function: get_connected_components, time: 0.00032520294189453125
function: get_bridges, time: 0.0013263225555419922
function: get_connected_components, time: 0.0003223419189453125
function: get_bridges, time: 0.001344919204711914
function: get_connected_components, time: 0.00032210350036621094
function: get_bridges, time: 0.0013298988342285156
function: get_connected_components, time: 0.0003266334533691406
function: get_bridges, time: 0.0013301372528076172
function: get_connected_components, time: 0.00032782554626464844
function: get_bridges, time: 0.0013294219970703125
function: get_connected_components, time: 0.00032329559326171875
function: get_bridges, time: 0.0014815330505371094
function: get_connected_components, time: 0.00032067298889160156
function: get_bridges, time: 0.0013127326965332031
function: get_connected_components, time: 0.0003273487091064453
function: get_bridges, time: 0.0013120174407958984
function: get_connected_components, time: 0.00033164024353027344
function: get_bridges, time: 0.0013110637664794922
function: get_connected_components, time: 0.00032258033752441406
function: get_bridges, time: 0.0013158321380615234
function: get_connected_components, time: 0.0003230571746826172
function: get_bridges, time: 0.0013151168823242188
function: get_connected_components, time: 0.0003256797790527344
function: get_bridges, time: 0.0013175010681152344
function: get_connected_components, time: 0.0003204345703125
function: get_bridges, time: 0.0013282299041748047
function: get_connected_components, time: 0.0003199577331542969
function: get_bridges, time: 0.0013229846954345703
function: get_connected_components, time: 0.0003266334533691406
function: get_bridges, time: 0.0013256072998046875
function: get_connected_components, time: 0.00032806396484375
function: get_bridges, time: 0.0013232231140136719
function: get_connected_components, time: 0.0003199577331542969
function: get_bridges, time: 0.0013270378112792969
function: get_connected_components, time: 0.0003216266632080078
function: get_bridges, time: 0.0014808177947998047
function: get_connected_components, time: 0.00032401084899902344
function: get_bridges, time: 0.001322031021118164
function: get_connected_components, time: 0.0003261566162109375
function: get_bridges, time: 0.0013241767883300781
function: get_connected_components, time: 0.000324249267578125
function: get_bridges, time: 0.0013339519500732422
function: get_connected_components, time: 0.0003216266632080078
function: get_bridges, time: 0.001333475112915039
function: get_connected_components, time: 0.00032711029052734375
function: get_bridges, time: 0.0013227462768554688
function: get_connected_components, time: 0.0003266334533691406
function: get_bridges, time: 0.0013573169708251953
function: get_connected_components, time: 0.00032067298889160156
function: get_bridges, time: 0.0013234615325927734
function: get_connected_components, time: 0.00032329559326171875
function: get_bridges, time: 0.0013604164123535156
function: get_connected_components, time: 0.00032019615173339844
function: get_bridges, time: 0.001355886459350586
function: get_connected_components, time: 0.0003540515899658203
function: get_bridges, time: 0.0013344287872314453
function: get_connected_components, time: 0.00032019615173339844
function: get_bridges, time: 0.0014088153839111328
function: get_connected_components, time: 0.00032067298889160156
function: get_bridges, time: 0.0015256404876708984
function: get_connected_components, time: 0.00032210350036621094
function: get_bridges, time: 0.0013606548309326172
end of eval_connectedness(), memory info: {'rss bytes': 149102592, 'rss human': '142.2M', 'percent': 0.05519700031096645}
function: eval_connectedness, time: 0.07448339462280273
problem dimensions. bus: 73, acl: 105, xfr: 15, dcl: 1, k: 2, t: 42
construct static bus admittance matrix. time: 0.0010814666748046875
factor static bus admittance matrix. time: 0.004358053207397461
t_acl_delta_t: [array([], dtype=int64), array([], dtype=int64), array([], dtype=int64), array([], dtype=int64), array([], dtype=int64), array([], dtype=int64), array([], dtype=int64), array([], dtype=int64), array([], dtype=int64), array([], dtype=int64), array([], dtype=int64), array([], dtype=int64), array([], dtype=int64), array([], dtype=int64), array([], dtype=int64), array([], dtype=int64), array([], dtype=int64), array([], dtype=int64), array([], dtype=int64), array([], dtype=int64), array([], dtype=int64), array([], dtype=int64), array([], dtype=int64), array([], dtype=int64), array([], dtype=int64), array([], dtype=int64), array([], dtype=int64), array([], dtype=int64), array([], dtype=int64), array([], dtype=int64), array([], dtype=int64), array([], dtype=int64), array([], dtype=int64), array([], dtype=int64), array([], dtype=int64), array([], dtype=int64), array([], dtype=int64), array([], dtype=int64), array([], dtype=int64), array([], dtype=int64), array([], dtype=int64), array([], dtype=int64)], t_xfr_delta_t: [array([], dtype=int64), array([], dtype=int64), array([], dtype=int64), array([], dtype=int64), array([], dtype=int64), array([], dtype=int64), array([], dtype=int64), array([], dtype=int64), array([], dtype=int64), array([], dtype=int64), array([], dtype=int64), array([], dtype=int64), array([], dtype=int64), array([], dtype=int64), array([], dtype=int64), array([], dtype=int64), array([], dtype=int64), array([], dtype=int64), array([], dtype=int64), array([], dtype=int64), array([], dtype=int64), array([], dtype=int64), array([], dtype=int64), array([], dtype=int64), array([], dtype=int64), array([], dtype=int64), array([], dtype=int64), array([], dtype=int64), array([], dtype=int64), array([], dtype=int64), array([], dtype=int64), array([], dtype=int64), array([], dtype=int64), array([], dtype=int64), array([], dtype=int64), array([], dtype=int64), array([], dtype=int64), array([], dtype=int64), array([], dtype=int64), array([], dtype=int64), array([], dtype=int64), array([], dtype=int64)], t_br_delta_t: [array([], dtype=int64), array([], dtype=int64), array([], dtype=int64), array([], dtype=int64), array([], dtype=int64), array([], dtype=int64), array([], dtype=int64), array([], dtype=int64), array([], dtype=int64), array([], dtype=int64), array([], dtype=int64), array([], dtype=int64), array([], dtype=int64), array([], dtype=int64), array([], dtype=int64), array([], dtype=int64), array([], dtype=int64), array([], dtype=int64), array([], dtype=int64), array([], dtype=int64), array([], dtype=int64), array([], dtype=int64), array([], dtype=int64), array([], dtype=int64), array([], dtype=int64), array([], dtype=int64), array([], dtype=int64), array([], dtype=int64), array([], dtype=int64), array([], dtype=int64), array([], dtype=int64), array([], dtype=int64), array([], dtype=int64), array([], dtype=int64), array([], dtype=int64), array([], dtype=int64), array([], dtype=int64), array([], dtype=int64), array([], dtype=int64), array([], dtype=int64), array([], dtype=int64), array([], dtype=int64)], acl_delta_t: [], xfr_delta_t: [], br_delta_t: []
contingency delta branches. acl: 2, xfr: 0, dcl: 0
construct bus,t-indexed right hand side. time: 0.00012826919555664062
solve for base case bus,t-indexed theta. time: 0.0640878677368164
v_acl_k: [-0.02286434 -0.02447957]
acl_u[acl_delta_k]: [1 1]
num AC branches with possible violations in ACL contingencies: 0
num AC branches with possible violations in DCL contingencies: 0
num AC branches with possible violations in XFR contingencies: 0
t: 0, time: 0.002442598342895508, memory_info: {'rss bytes': 210620416, 'rss human': '200.9M', 'percent': 0.07797057724823378}
v_acl_k: [-0.02286434 -0.02447957]
acl_u[acl_delta_k]: [1 1]
num AC branches with possible violations in ACL contingencies: 0
num AC branches with possible violations in DCL contingencies: 0
num AC branches with possible violations in XFR contingencies: 0
t: 1, time: 0.0014986991882324219, memory_info: {'rss bytes': 210620416, 'rss human': '200.9M', 'percent': 0.07797057724823378}
v_acl_k: [-0.02286434 -0.02447957]
acl_u[acl_delta_k]: [1 1]
num AC branches with possible violations in ACL contingencies: 0
num AC branches with possible violations in DCL contingencies: 0
num AC branches with possible violations in XFR contingencies: 0
t: 2, time: 0.0014257431030273438, memory_info: {'rss bytes': 210620416, 'rss human': '200.9M', 'percent': 0.07797057724823378}
v_acl_k: [-0.02286434 -0.02447957]
acl_u[acl_delta_k]: [1 1]
num AC branches with possible violations in ACL contingencies: 0
num AC branches with possible violations in DCL contingencies: 0
num AC branches with possible violations in XFR contingencies: 0
t: 3, time: 0.0014233589172363281, memory_info: {'rss bytes': 210620416, 'rss human': '200.9M', 'percent': 0.07797057724823378}
v_acl_k: [-0.02286434 -0.02447957]
acl_u[acl_delta_k]: [1 1]
num AC branches with possible violations in ACL contingencies: 0
num AC branches with possible violations in DCL contingencies: 0
num AC branches with possible violations in XFR contingencies: 0
t: 4, time: 0.0014195442199707031, memory_info: {'rss bytes': 210620416, 'rss human': '200.9M', 'percent': 0.07797057724823378}
v_acl_k: [-0.02286434 -0.02447957]
acl_u[acl_delta_k]: [1 1]
num AC branches with possible violations in ACL contingencies: 0
num AC branches with possible violations in DCL contingencies: 0
num AC branches with possible violations in XFR contingencies: 0
t: 5, time: 0.0014119148254394531, memory_info: {'rss bytes': 210620416, 'rss human': '200.9M', 'percent': 0.07797057724823378}
v_acl_k: [-0.02286434 -0.02447957]
acl_u[acl_delta_k]: [1 1]
num AC branches with possible violations in ACL contingencies: 0
num AC branches with possible violations in DCL contingencies: 0
num AC branches with possible violations in XFR contingencies: 0
t: 6, time: 0.0014183521270751953, memory_info: {'rss bytes': 210620416, 'rss human': '200.9M', 'percent': 0.07797057724823378}
v_acl_k: [-0.02286434 -0.02447957]
acl_u[acl_delta_k]: [1 1]
num AC branches with possible violations in ACL contingencies: 0
num AC branches with possible violations in DCL contingencies: 0
num AC branches with possible violations in XFR contingencies: 0
t: 7, time: 0.0014033317565917969, memory_info: {'rss bytes': 210620416, 'rss human': '200.9M', 'percent': 0.07797057724823378}
v_acl_k: [-0.02286434 -0.02447957]
acl_u[acl_delta_k]: [1 1]
num AC branches with possible violations in ACL contingencies: 0
num AC branches with possible violations in DCL contingencies: 0
num AC branches with possible violations in XFR contingencies: 0
t: 8, time: 0.0014200210571289062, memory_info: {'rss bytes': 210620416, 'rss human': '200.9M', 'percent': 0.07797057724823378}
v_acl_k: [-0.02286434 -0.02447957]
acl_u[acl_delta_k]: [1 1]
num AC branches with possible violations in ACL contingencies: 0
num AC branches with possible violations in DCL contingencies: 0
num AC branches with possible violations in XFR contingencies: 0
t: 9, time: 0.0014050006866455078, memory_info: {'rss bytes': 210620416, 'rss human': '200.9M', 'percent': 0.07797057724823378}
v_acl_k: [-0.02286434 -0.02447957]
acl_u[acl_delta_k]: [1 1]
num AC branches with possible violations in ACL contingencies: 0
num AC branches with possible violations in DCL contingencies: 0
num AC branches with possible violations in XFR contingencies: 0
t: 10, time: 0.0014166831970214844, memory_info: {'rss bytes': 210620416, 'rss human': '200.9M', 'percent': 0.07797057724823378}
v_acl_k: [-0.02286434 -0.02447957]
acl_u[acl_delta_k]: [1 1]
num AC branches with possible violations in ACL contingencies: 0
num AC branches with possible violations in DCL contingencies: 0
num AC branches with possible violations in XFR contingencies: 0
t: 11, time: 0.0014033317565917969, memory_info: {'rss bytes': 210620416, 'rss human': '200.9M', 'percent': 0.07797057724823378}
v_acl_k: [-0.02286434 -0.02447957]
acl_u[acl_delta_k]: [1 1]
num AC branches with possible violations in ACL contingencies: 0
num AC branches with possible violations in DCL contingencies: 0
num AC branches with possible violations in XFR contingencies: 0
t: 12, time: 0.0014088153839111328, memory_info: {'rss bytes': 210620416, 'rss human': '200.9M', 'percent': 0.07797057724823378}
v_acl_k: [-0.02286434 -0.02447957]
acl_u[acl_delta_k]: [1 1]
num AC branches with possible violations in ACL contingencies: 0
num AC branches with possible violations in DCL contingencies: 0
num AC branches with possible violations in XFR contingencies: 0
t: 13, time: 0.0013935565948486328, memory_info: {'rss bytes': 210620416, 'rss human': '200.9M', 'percent': 0.07797057724823378}
v_acl_k: [-0.02286434 -0.02447957]
acl_u[acl_delta_k]: [1 1]
num AC branches with possible violations in ACL contingencies: 0
num AC branches with possible violations in DCL contingencies: 0
num AC branches with possible violations in XFR contingencies: 0
t: 14, time: 0.001409292221069336, memory_info: {'rss bytes': 210620416, 'rss human': '200.9M', 'percent': 0.07797057724823378}
v_acl_k: [-0.02286434 -0.02447957]
acl_u[acl_delta_k]: [1 1]
num AC branches with possible violations in ACL contingencies: 0
num AC branches with possible violations in DCL contingencies: 0
num AC branches with possible violations in XFR contingencies: 0
t: 15, time: 0.0013930797576904297, memory_info: {'rss bytes': 210620416, 'rss human': '200.9M', 'percent': 0.07797057724823378}
v_acl_k: [-0.02286434 -0.02447957]
acl_u[acl_delta_k]: [1 1]
num AC branches with possible violations in ACL contingencies: 0
num AC branches with possible violations in DCL contingencies: 0
num AC branches with possible violations in XFR contingencies: 0
t: 16, time: 0.0014042854309082031, memory_info: {'rss bytes': 210620416, 'rss human': '200.9M', 'percent': 0.07797057724823378}
v_acl_k: [-0.02286434 -0.02447957]
acl_u[acl_delta_k]: [1 1]
num AC branches with possible violations in ACL contingencies: 0
num AC branches with possible violations in DCL contingencies: 0
num AC branches with possible violations in XFR contingencies: 0
t: 17, time: 0.0013916492462158203, memory_info: {'rss bytes': 210620416, 'rss human': '200.9M', 'percent': 0.07797057724823378}
v_acl_k: [-0.02286434 -0.02447957]
acl_u[acl_delta_k]: [1 1]
num AC branches with possible violations in ACL contingencies: 0
num AC branches with possible violations in DCL contingencies: 0
num AC branches with possible violations in XFR contingencies: 0
t: 18, time: 0.0013990402221679688, memory_info: {'rss bytes': 210620416, 'rss human': '200.9M', 'percent': 0.07797057724823378}
v_acl_k: [-0.02286434 -0.02447957]
acl_u[acl_delta_k]: [1 1]
num AC branches with possible violations in ACL contingencies: 0
num AC branches with possible violations in DCL contingencies: 0
num AC branches with possible violations in XFR contingencies: 0
t: 19, time: 0.0013885498046875, memory_info: {'rss bytes': 210620416, 'rss human': '200.9M', 'percent': 0.07797057724823378}
v_acl_k: [-0.02286434 -0.02447957]
acl_u[acl_delta_k]: [1 1]
num AC branches with possible violations in ACL contingencies: 0
num AC branches with possible violations in DCL contingencies: 0
num AC branches with possible violations in XFR contingencies: 0
t: 20, time: 0.0014011859893798828, memory_info: {'rss bytes': 210620416, 'rss human': '200.9M', 'percent': 0.07797057724823378}
v_acl_k: [-0.02286434 -0.02447957]
acl_u[acl_delta_k]: [1 1]
num AC branches with possible violations in ACL contingencies: 0
num AC branches with possible violations in DCL contingencies: 0
num AC branches with possible violations in XFR contingencies: 0
t: 21, time: 0.001390218734741211, memory_info: {'rss bytes': 210620416, 'rss human': '200.9M', 'percent': 0.07797057724823378}
v_acl_k: [-0.02286434 -0.02447957]
acl_u[acl_delta_k]: [1 1]
num AC branches with possible violations in ACL contingencies: 0
num AC branches with possible violations in DCL contingencies: 0
num AC branches with possible violations in XFR contingencies: 0
t: 22, time: 0.001402139663696289, memory_info: {'rss bytes': 210620416, 'rss human': '200.9M', 'percent': 0.07797057724823378}
v_acl_k: [-0.02286434 -0.02447957]
acl_u[acl_delta_k]: [1 1]
num AC branches with possible violations in ACL contingencies: 0
num AC branches with possible violations in DCL contingencies: 0
num AC branches with possible violations in XFR contingencies: 0
t: 23, time: 0.0013818740844726562, memory_info: {'rss bytes': 210620416, 'rss human': '200.9M', 'percent': 0.07797057724823378}
v_acl_k: [-0.02286434 -0.02447957]
acl_u[acl_delta_k]: [1 1]
num AC branches with possible violations in ACL contingencies: 0
num AC branches with possible violations in DCL contingencies: 0
num AC branches with possible violations in XFR contingencies: 0
t: 24, time: 0.0013928413391113281, memory_info: {'rss bytes': 210620416, 'rss human': '200.9M', 'percent': 0.07797057724823378}
v_acl_k: [-0.02286434 -0.02447957]
acl_u[acl_delta_k]: [1 1]
num AC branches with possible violations in ACL contingencies: 0
num AC branches with possible violations in DCL contingencies: 0
num AC branches with possible violations in XFR contingencies: 0
t: 25, time: 0.0013892650604248047, memory_info: {'rss bytes': 210620416, 'rss human': '200.9M', 'percent': 0.07797057724823378}
v_acl_k: [-0.02286434 -0.02447957]
acl_u[acl_delta_k]: [1 1]
num AC branches with possible violations in ACL contingencies: 0
num AC branches with possible violations in DCL contingencies: 0
num AC branches with possible violations in XFR contingencies: 0
t: 26, time: 0.001390695571899414, memory_info: {'rss bytes': 210620416, 'rss human': '200.9M', 'percent': 0.07797057724823378}
v_acl_k: [-0.02286434 -0.02447957]
acl_u[acl_delta_k]: [1 1]
num AC branches with possible violations in ACL contingencies: 0
num AC branches with possible violations in DCL contingencies: 0
num AC branches with possible violations in XFR contingencies: 0
t: 27, time: 0.001383066177368164, memory_info: {'rss bytes': 210620416, 'rss human': '200.9M', 'percent': 0.07797057724823378}
v_acl_k: [-0.02286434 -0.02447957]
acl_u[acl_delta_k]: [1 1]
num AC branches with possible violations in ACL contingencies: 0
num AC branches with possible violations in DCL contingencies: 0
num AC branches with possible violations in XFR contingencies: 0
t: 28, time: 0.001390695571899414, memory_info: {'rss bytes': 210620416, 'rss human': '200.9M', 'percent': 0.07797057724823378}
v_acl_k: [-0.02286434 -0.02447957]
acl_u[acl_delta_k]: [1 1]
num AC branches with possible violations in ACL contingencies: 0
num AC branches with possible violations in DCL contingencies: 0
num AC branches with possible violations in XFR contingencies: 0
t: 29, time: 0.0013840198516845703, memory_info: {'rss bytes': 210620416, 'rss human': '200.9M', 'percent': 0.07797057724823378}
v_acl_k: [-0.02286434 -0.02447957]
acl_u[acl_delta_k]: [1 1]
num AC branches with possible violations in ACL contingencies: 0
num AC branches with possible violations in DCL contingencies: 0
num AC branches with possible violations in XFR contingencies: 0
t: 30, time: 0.0013980865478515625, memory_info: {'rss bytes': 210620416, 'rss human': '200.9M', 'percent': 0.07797057724823378}
v_acl_k: [-0.02286434 -0.02447957]
acl_u[acl_delta_k]: [1 1]
num AC branches with possible violations in ACL contingencies: 0
num AC branches with possible violations in DCL contingencies: 0
num AC branches with possible violations in XFR contingencies: 0
t: 31, time: 0.0013887882232666016, memory_info: {'rss bytes': 210620416, 'rss human': '200.9M', 'percent': 0.07797057724823378}
v_acl_k: [-0.02286434 -0.02447957]
acl_u[acl_delta_k]: [1 1]
num AC branches with possible violations in ACL contingencies: 0
num AC branches with possible violations in DCL contingencies: 0
num AC branches with possible violations in XFR contingencies: 0
t: 32, time: 0.0013966560363769531, memory_info: {'rss bytes': 210620416, 'rss human': '200.9M', 'percent': 0.07797057724823378}
v_acl_k: [-0.02286434 -0.02447957]
acl_u[acl_delta_k]: [1 1]
num AC branches with possible violations in ACL contingencies: 0
num AC branches with possible violations in DCL contingencies: 0
num AC branches with possible violations in XFR contingencies: 0
t: 33, time: 0.0013849735260009766, memory_info: {'rss bytes': 210620416, 'rss human': '200.9M', 'percent': 0.07797057724823378}
v_acl_k: [-0.02286434 -0.02447957]
acl_u[acl_delta_k]: [1 1]
num AC branches with possible violations in ACL contingencies: 0
num AC branches with possible violations in DCL contingencies: 0
num AC branches with possible violations in XFR contingencies: 0
t: 34, time: 0.001398324966430664, memory_info: {'rss bytes': 210620416, 'rss human': '200.9M', 'percent': 0.07797057724823378}
v_acl_k: [-0.02286434 -0.02447957]
acl_u[acl_delta_k]: [1 1]
num AC branches with possible violations in ACL contingencies: 0
num AC branches with possible violations in DCL contingencies: 0
num AC branches with possible violations in XFR contingencies: 0
t: 35, time: 0.0013878345489501953, memory_info: {'rss bytes': 210620416, 'rss human': '200.9M', 'percent': 0.07797057724823378}
v_acl_k: [-0.02286434 -0.02447957]
acl_u[acl_delta_k]: [1 1]
num AC branches with possible violations in ACL contingencies: 0
num AC branches with possible violations in DCL contingencies: 0
num AC branches with possible violations in XFR contingencies: 0
t: 36, time: 0.00139617919921875, memory_info: {'rss bytes': 210620416, 'rss human': '200.9M', 'percent': 0.07797057724823378}
v_acl_k: [-0.02286434 -0.02447957]
acl_u[acl_delta_k]: [1 1]
num AC branches with possible violations in ACL contingencies: 0
num AC branches with possible violations in DCL contingencies: 0
num AC branches with possible violations in XFR contingencies: 0
t: 37, time: 0.0013794898986816406, memory_info: {'rss bytes': 210620416, 'rss human': '200.9M', 'percent': 0.07797057724823378}
v_acl_k: [-0.02286434 -0.02447957]
acl_u[acl_delta_k]: [1 1]
num AC branches with possible violations in ACL contingencies: 0
num AC branches with possible violations in DCL contingencies: 0
num AC branches with possible violations in XFR contingencies: 0
t: 38, time: 0.001384735107421875, memory_info: {'rss bytes': 210620416, 'rss human': '200.9M', 'percent': 0.07797057724823378}
v_acl_k: [-0.02286434 -0.02447957]
acl_u[acl_delta_k]: [1 1]
num AC branches with possible violations in ACL contingencies: 0
num AC branches with possible violations in DCL contingencies: 0
num AC branches with possible violations in XFR contingencies: 0
t: 39, time: 0.0013806819915771484, memory_info: {'rss bytes': 210620416, 'rss human': '200.9M', 'percent': 0.07797057724823378}
v_acl_k: [-0.02286434 -0.02447957]
acl_u[acl_delta_k]: [1 1]
num AC branches with possible violations in ACL contingencies: 0
num AC branches with possible violations in DCL contingencies: 0
num AC branches with possible violations in XFR contingencies: 0
t: 40, time: 0.0013873577117919922, memory_info: {'rss bytes': 210620416, 'rss human': '200.9M', 'percent': 0.07797057724823378}
v_acl_k: [-0.02286434 -0.02447957]
acl_u[acl_delta_k]: [1 1]
num AC branches with possible violations in ACL contingencies: 0
num AC branches with possible violations in DCL contingencies: 0
num AC branches with possible violations in XFR contingencies: 0
t: 41, time: 0.0013818740844726562, memory_info: {'rss bytes': 210620416, 'rss human': '200.9M', 'percent': 0.07797057724823378}
initialize_m_w_time: 0.0003783702850341797
compute_static_w_time: 6.270408630371094e-05
get_time_varying_branch_characteristics_time: 0.0007886886596679688
construct_a_t_time: 0.012791156768798828
factor_a_t_time: 0.008468866348266602
compute_w_with_t_a_solve_time: 0.0016617774963378906
compute_v_t_time: 6.4373016357421875e-06
compute_w_with_t_smw_time: 6.67572021484375e-06
compute_v_time: 0.007034778594970703
compute_bus_theta_with_t_a_solve_time: 0.0007050037384033203
compute_bus_theta_with_t_smw_time: 4.0531158447265625e-06
compute_br_p_time: 0.003093242645263672
apply_w_v_wt_time: 0.00055694580078125
compute_bus_dtheta_rhs_dcl_k_time: 0.00360107421875
compute_w_v_wt_xfr_k_time: 0.003835439682006836
compute_bus_dtheta_rhs_xfr_k_time: 2.86102294921875e-06
compute_br_acl_delta_k_p_delta_time: 0.0025370121002197266
compute_br_dcl_delta_k_p_delta_time: 0.0021588802337646484
compute_br_xfr_delta_k_p_delta_time: 0.0021071434020996094
filter_branches_acl_k_time: 0.002157449722290039
filter_branches_dcl_k_time: 0.0009238719940185547
filter_branches_xfr_k_time: 0.0008556842803955078
compute_br_acl_delta_k_p_time: 0.00024080276489257812
compute_br_dcl_delta_k_p_time: 0.00012731552124023438
compute_br_xfr_delta_k_p_time: 0.00011682510375976562
compute_br_acl_delta_k_s_over_time: 0.0012905597686767578
compute_br_dcl_delta_k_s_over_time: 0.0006005764007568359
compute_br_xfr_delta_k_s_over_time: 0.0005719661712646484
zero_out_time: 0.00016069412231445312
get_max_br_acl_delta_k_s_over_time: 0.0012018680572509766
get_max_br_dcl_delta_k_s_over_time: 8.106231689453125e-06
get_max_br_xfr_delta_k_s_over_time: 4.5299530029296875e-06
compute_br_k_z_time: 0.0010416507720947266
collect_penalties_into_obj_array_time: 0.000431060791015625
end of contingency model method 1, memory info: {'rss bytes': 210620416, 'rss human': '200.9M', 'percent': 0.07797057724823378}
function: eval_post_contingency_model, time: 0.1388852596282959
function: eval_post_contingency_model, time: 0.13889169692993164
function: run, time: 0.23732542991638184
after solution_evaluator.run(), memory info: {'rss bytes': 210620416, 'rss human': '200.9M', 'percent': 0.07797057724823378}
evaluation summary:
{'feas': 1,
 'infeas': 0,
 'info_i_i_k_t_disconnected_ctg': {'idx': {0: None, 1: None, 2: None, 3: None},
                                   'val': 0},
 'info_i_i_t_disconnected_base': {'idx': {0: None, 1: None, 2: None}, 'val': 0},
 'phys_feas': 0,
 'sum_acl_t_u_sd': 0,
 'sum_acl_t_u_su': 0,
 'sum_acl_t_z_s': 0.0,
 'sum_acl_t_z_sd': 0.0,
 'sum_acl_t_z_su': 0.0,
 'sum_bus_t_z_p': 17233504135.26687,
 'sum_bus_t_z_q': 11448796695.184887,
 'sum_cs_t_z_p': -0.0,
 'sum_pr_t_z_p': 0.0,
 'sum_prz_t_z_nsc': 933.5858864639999,
 'sum_prz_t_z_rgd': 0.0,
 'sum_prz_t_z_rgu': 0.0,
 'sum_prz_t_z_rrd': 11.373000000000001,
 'sum_prz_t_z_rru': 12.511000000000001,
 'sum_prz_t_z_scr': 2966.080160120001,
 'sum_qrz_t_z_qrd': 0.0,
 'sum_qrz_t_z_qru': 0.0,
 'sum_sd_t_sd': 0,
 'sum_sd_t_su': 61,
 'sum_sd_t_z_nsc': 0.0,
 'sum_sd_t_z_on': 0.0,
 'sum_sd_t_z_qrd': 0.0,
 'sum_sd_t_z_qru': 0.0,
 'sum_sd_t_z_rgd': 0.0,
 'sum_sd_t_z_rgu': 0.0,
 'sum_sd_t_z_rrd_off': 0.0,
 'sum_sd_t_z_rrd_on': 0.0,
 'sum_sd_t_z_rru_off': 0.0,
 'sum_sd_t_z_rru_on': 0.0,
 'sum_sd_t_z_scr': 0.0,
 'sum_sd_t_z_sd': 0.0,
 'sum_sd_t_z_su': 0.0,
 'sum_sd_t_z_sus': 0.0,
 'sum_xfr_t_u_sd': 0,
 'sum_xfr_t_u_su': 0,
 'sum_xfr_t_z_s': 0.0,
 'sum_xfr_t_z_sd': 0.0,
 'sum_xfr_t_z_su': 0.0,
 'time_connectedness': 0.07433748245239258,
 'time_post_contingency': 0.13889026641845703,
 'time_run': 0.23732399940490723,
 'total_switches': 0,
 'viol_acl_acl_t_s_max_ctg': {'idx': {0: None, 1: None, 2: None}, 'val': 0.0},
 'viol_acl_dcl_t_s_max_ctg': {'idx': {0: None, 1: None, 2: None}, 'val': 0.0},
 'viol_acl_t_s_max': {'idx': {0: 'acl_000', 1: 0}, 'val': 0.0},
 'viol_acl_t_u_sd_max': {'idx': {0: 'acl_000', 1: 0}, 'val': 0},
 'viol_acl_t_u_su_max': {'idx': {0: 'acl_000', 1: 0}, 'val': 0},
 'viol_acl_xfr_t_s_max_ctg': {'idx': {0: None, 1: None, 2: None}, 'val': 0.0},
 'viol_bus_t_p_balance_max': {'idx': {0: 'bus_55', 1: 0},
                              'val': 6.600014981956657},
 'viol_bus_t_p_balance_min': {'idx': {0: 'bus_19', 1: 0},
                              'val': -2.3249814894347094},
 'viol_bus_t_q_balance_max': {'idx': {0: 'bus_41', 1: 0},
                              'val': 0.8199418027720068},
 'viol_bus_t_q_balance_min': {'idx': {0: 'bus_53', 1: 0},
                              'val': -9.345961455185739},
 'viol_bus_t_v_max': {'idx': {0: 'bus_00', 1: 0}, 'val': 0.0},
 'viol_bus_t_v_min': {'idx': {0: 'bus_00', 1: 0}, 'val': 0.0},
 'viol_cs_t_p_off_max': {'idx': {0: 'sd_154', 1: 0}, 'val': 0.0},
 'viol_cs_t_p_off_min': {'idx': {0: 'sd_154', 1: 0}, 'val': 0.0},
 'viol_cs_t_p_on_max': {'idx': {0: 'sd_154', 1: 0}, 'val': 0.0},
 'viol_cs_t_p_on_min': {'idx': {0: 'sd_154', 1: 0}, 'val': 0.0},
 'viol_cs_t_q_max': {'idx': {0: 'sd_154', 1: 0}, 'val': 0.0},
 'viol_cs_t_q_min': {'idx': {0: 'sd_154', 1: 0}, 'val': 0.0},
 'viol_cs_t_q_p_max': {'idx': {0: None, 1: None}, 'val': None},
 'viol_cs_t_q_p_min': {'idx': {0: None, 1: None}, 'val': None},
 'viol_dcl_t_p_max': {'idx': {0: 'dcl_0', 1: 0}, 'val': 0.0},
 'viol_dcl_t_p_min': {'idx': {0: 'dcl_0', 1: 0}, 'val': 0.0},
 'viol_dcl_t_q_fr_max': {'idx': {0: 'dcl_0', 1: 0}, 'val': 0.0},
 'viol_dcl_t_q_fr_min': {'idx': {0: 'dcl_0', 1: 0}, 'val': 0.0},
 'viol_dcl_t_q_to_max': {'idx': {0: 'dcl_0', 1: 0}, 'val': 0.0},
 'viol_dcl_t_q_to_min': {'idx': {0: 'dcl_0', 1: 0}, 'val': 0.0},
 'viol_pr_t_p_off_max': {'idx': {0: 'sd_000', 1: 0}, 'val': 0.0},
 'viol_pr_t_p_off_min': {'idx': {0: 'sd_000', 1: 0}, 'val': 0.0},
 'viol_pr_t_p_on_max': {'idx': {0: 'sd_000', 1: 0}, 'val': 0.0},
 'viol_pr_t_p_on_min': {'idx': {0: 'sd_000', 1: 0}, 'val': 0.0},
 'viol_pr_t_q_max': {'idx': {0: 'sd_000', 1: 0}, 'val': 0.0},
 'viol_pr_t_q_min': {'idx': {0: 'sd_000', 1: 0}, 'val': 0.0},
 'viol_pr_t_q_p_max': {'idx': {0: None, 1: None}, 'val': None},
 'viol_pr_t_q_p_min': {'idx': {0: None, 1: None}, 'val': None},
 'viol_prz_t_p_nsc_balance': {'idx': {0: 'prz_0', 1: 0},
                              'val': 0.25060837199999997},
 'viol_prz_t_p_rgd_balance': {'idx': {0: 'prz_0', 1: 0}, 'val': 0.0},
 'viol_prz_t_p_rgu_balance': {'idx': {0: 'prz_0', 1: 0}, 'val': 0.0},
 'viol_prz_t_p_rrd_balance': {'idx': {0: 'prz_0', 1: 8},
                              'val': 0.9774999999999999},
 'viol_prz_t_p_rru_balance': {'idx': {0: 'prz_0', 1: 15}, 'val': 1.02},
 'viol_prz_t_p_scr_balance': {'idx': {0: 'prz_0', 1: 0}, 'val': 0.062652093},
 'viol_qrz_t_q_qrd_balance': {'idx': {0: 'qrz_0', 1: 0}, 'val': 0.0},
 'viol_qrz_t_q_qru_balance': {'idx': {0: 'qrz_0', 1: 0}, 'val': 0.0},
 'viol_sd_max_energy_constr': {'idx': {0: 'sd_000', 1: 0}, 'val': 0.0},
 'viol_sd_max_startup_constr': {'idx': {0: 'sd_000', 1: 0}, 'val': 0},
 'viol_sd_min_energy_constr': {'idx': {0: 'sd_000', 1: 0}, 'val': 0.0},
 'viol_sd_t_d_dn_min': {'idx': {0: 'sd_000', 1: 0}, 'val': 0},
 'viol_sd_t_d_up_min': {'idx': {0: 'sd_000', 1: 0}, 'val': 0},
 'viol_sd_t_p_nsc_max': {'idx': {0: 'sd_000', 1: 0}, 'val': 0.0},
 'viol_sd_t_p_nsc_nonneg': {'idx': {0: 'sd_000', 1: 0}, 'val': -0.0},
 'viol_sd_t_p_ramp_dn_max': {'idx': {0: 'sd_000', 1: 0}, 'val': 0.0},
 'viol_sd_t_p_ramp_up_max': {'idx': {0: 'sd_000', 1: 0}, 'val': 0.0},
 'viol_sd_t_p_rgd_max': {'idx': {0: 'sd_000', 1: 0}, 'val': 0.0},
 'viol_sd_t_p_rgd_nonneg': {'idx': {0: 'sd_000', 1: 0}, 'val': -0.0},
 'viol_sd_t_p_rgu_max': {'idx': {0: 'sd_000', 1: 0}, 'val': 0.0},
 'viol_sd_t_p_rgu_nonneg': {'idx': {0: 'sd_000', 1: 0}, 'val': -0.0},
 'viol_sd_t_p_rrd_off_max': {'idx': {0: 'sd_000', 1: 0}, 'val': 0.0},
 'viol_sd_t_p_rrd_off_nonneg': {'idx': {0: 'sd_000', 1: 0}, 'val': -0.0},
 'viol_sd_t_p_rrd_on_max': {'idx': {0: 'sd_000', 1: 0}, 'val': 0.0},
 'viol_sd_t_p_rrd_on_nonneg': {'idx': {0: 'sd_000', 1: 0}, 'val': -0.0},
 'viol_sd_t_p_rru_off_max': {'idx': {0: 'sd_000', 1: 0}, 'val': 0.0},
 'viol_sd_t_p_rru_off_nonneg': {'idx': {0: 'sd_000', 1: 0}, 'val': -0.0},
 'viol_sd_t_p_rru_on_max': {'idx': {0: 'sd_000', 1: 0}, 'val': 0.0},
 'viol_sd_t_p_rru_on_nonneg': {'idx': {0: 'sd_000', 1: 0}, 'val': -0.0},
 'viol_sd_t_p_scr_max': {'idx': {0: 'sd_000', 1: 0}, 'val': 0.0},
 'viol_sd_t_p_scr_nonneg': {'idx': {0: 'sd_000', 1: 0}, 'val': -0.0},
 'viol_sd_t_q_qrd_nonneg': {'idx': {0: 'sd_000', 1: 0}, 'val': -0.0},
 'viol_sd_t_q_qru_nonneg': {'idx': {0: 'sd_000', 1: 0}, 'val': -0.0},
 'viol_sd_t_u_on_max': {'idx': {0: 'sd_000', 1: 0}, 'val': 0},
 'viol_sd_t_u_on_min': {'idx': {0: 'sd_000', 1: 0}, 'val': 0},
 'viol_sh_t_u_st_max': {'idx': {0: 'sh_00', 1: 0}, 'val': 0},
 'viol_sh_t_u_st_min': {'idx': {0: 'sh_00', 1: 0}, 'val': 0},
 'viol_t_connected_base': {'idx': {0: 0}, 'val': 0},
 'viol_t_connected_ctg': {'idx': {0: 0}, 'val': 0},
 'viol_xfr_acl_t_s_max_ctg': {'idx': {0: None, 1: None, 2: None}, 'val': 0.0},
 'viol_xfr_dcl_t_s_max_ctg': {'idx': {0: None, 1: None, 2: None}, 'val': 0.0},
 'viol_xfr_t_phi_max': {'idx': {0: 'xfr_00', 1: 0}, 'val': 0.0},
 'viol_xfr_t_phi_min': {'idx': {0: 'xfr_00', 1: 0}, 'val': 0.0},
 'viol_xfr_t_s_max': {'idx': {0: 'xfr_00', 1: 0}, 'val': 0.0},
 'viol_xfr_t_tau_max': {'idx': {0: 'xfr_00', 1: 0}, 'val': 0.0},
 'viol_xfr_t_tau_min': {'idx': {0: 'xfr_00', 1: 0}, 'val': 0.0},
 'viol_xfr_t_u_sd_max': {'idx': {0: 'xfr_00', 1: 0}, 'val': 0},
 'viol_xfr_t_u_su_max': {'idx': {0: 'xfr_00', 1: 0}, 'val': 0},
 'viol_xfr_xfr_t_s_max_ctg': {'idx': {0: None, 1: None, 2: None}, 'val': 0.0},
 'z': -28682304754.001804,
 'z_base': -28682304754.001804,
 'z_cost': 0.0,
 'z_k_average_case': 0.0,
 'z_k_worst_case': 0.0,
 'z_max_energy': 0.0,
 'z_min_energy': 0.0,
 'z_penalty': 28682304754.0018,
 'z_value': -0.0}
infeasibility summary:
{}
feas: 1
obj: -28682304754.001804
evaluate solution time: 0.24441933631896973
end of check_data(), memory info: {'rss bytes': 211140608, 'rss human': '201.4M', 'percent': 0.07816314960798029}
