/rcfs/dtn/arpacomp/.conda/envs/goc_eval/lib/python3.10/site-packages/scipy/sparse/linalg/_dsolve/linsolve.py:347: SparseEfficiencyWarning: splu converted its input to CSC format
  warn('splu converted its input to CSC format', SparseEfficiencyWarning)
args:
Namespace(problem_opt=None, problem='/qfs/projects/goc/share/data/C3/E3.1/D3//C3E3N00073D3/scenario_242.json_scrubbed.json', solution='/qfs/projects/goc/share/data/C3/E3.1/D3//C3E3N00073D3/scenario_242.json.pop_solution.json', configuration=None, parameters='{}', summary_csv='summary.csv', summary_json='summary.json', data_errors='data_errors.txt', ignored_errors='ignored_errors.txt', solution_errors='solution_errors.txt', pop_solution=None, scrubbed_problem=None)
problem data file: /qfs/projects/goc/share/data/C3/E3.1/D3//C3E3N00073D3/scenario_242.json_scrubbed.json

pop solution data file: None

solution data file: /qfs/projects/goc/share/data/C3/E3.1/D3//C3E3N00073D3/scenario_242.json.pop_solution.json

git info: {'C3DataUtilities': {'branch': 'main', 'commit': '59dd7f47974aa54c2f26998163730b14ab3a6b97', 'date': 'Wed Jun 7 09:10:06 2023 -0700', 'query_return_code': 0, 'query_err': '', 'branch_return_code': 0, 'branch_err': '', 'query_path': '/qfs/projects/goc/share/loadbalancing/src/nonmpi-template/Challenge3/C3DataUtilities/datautilities', 'query_out': 'commit 59dd7f47974aa54c2f26998163730b14ab3a6b97\nAuthor: Jesse T Holzer <jesse.holzer@pnnl.gov>\nDate:   Wed Jun 7 09:10:06 2023 -0700\n\n    add git branch to summary output\n', 'branch_out': '  dev\n* main\n'}, 'Bid-DS-data-model': {'branch': None, 'commit': None, 'date': None, 'query_return_code': 128, 'query_err': 'fatal: Not a git repository (or any parent up to mount point /rcfs)\nStopping at filesystem boundary (GIT_DISCOVERY_ACROSS_FILESYSTEM not set).\n', 'branch_return_code': None, 'branch_err': None, 'query_path': '/rcfs/dtn/arpacomp/.conda/envs/goc_eval/lib/python3.10/site-packages/datamodel', 'query_out': ''}}

after reading problem without validation, memory info: {'rss bytes': 122863616, 'rss human': '117.2M', 'percent': 0.0454834685272169}
read problem data file without validation time: 0.062001943588256836
after reading problem with validation, memory info: {'rss bytes': 141570048, 'rss human': '135.0M', 'percent': 0.05240849188912515}
load time: 0.46170568466186523
{'error_diagnostics': '',
 'general': {'base_norm_mva': 100.0,
             'day_type': None,
             'electricity_demand': None,
             'net_load': None,
             'season': None,
             'solar_availability': None,
             'timestamp_start': None,
             'timestamp_stop': None,
             'vre_availability': None,
             'weather_temperature': None,
             'wind_availability': None},
 'interval durations': [4.0,
                        4.0,
                        4.0,
                        4.0,
                        4.0,
                        4.0,
                        4.0,
                        4.0,
                        4.0,
                        4.0,
                        4.0,
                        4.0,
                        4.0,
                        4.0,
                        4.0,
                        4.0,
                        4.0,
                        4.0,
                        4.0,
                        4.0,
                        4.0,
                        4.0,
                        4.0,
                        4.0,
                        4.0,
                        4.0,
                        4.0,
                        4.0,
                        4.0,
                        4.0,
                        4.0,
                        4.0,
                        4.0,
                        4.0,
                        4.0,
                        4.0,
                        4.0,
                        4.0,
                        4.0,
                        4.0,
                        4.0,
                        4.0],
 'num ac lines': 105,
 'num buses': 73,
 'num consuming devices': 51,
 'num contingencies': 2,
 'num dc lines': 1,
 'num intervals': 42,
 'num producing devices': 154,
 'num reactive power reserve zones': 1,
 'num real power reserve zones': 1,
 'num shunts': 73,
 'num simple dispatchable devices': 205,
 'num transformers': 15,
 'total duration': 168.0,
 'violation costs': {'e_vio_cost': 900000.0,
                     'p_bus_vio_cost': 1000000.0,
                     'q_bus_vio_cost': 1000000.0,
                     's_vio_cost': 500.0}}
after read solution without validation, memory info: {'rss bytes': 144814080, 'rss human': '138.1M', 'percent': 0.053609415581402635}
read solution data file without validation time: 0.014637231826782227
after read solution with validation, memory info: {'rss bytes': 151302144, 'rss human': '144.3M', 'percent': 0.05601126296595763}
solution load time: 0.2148580551147461
after solution_model_checks(), memory info: {'rss bytes': 151302144, 'rss human': '144.3M', 'percent': 0.05601126296595763}
solution model_checks time: 0.0012288093566894531
{'error_diagnostics': ''}
after problem_data_array.set_from_data_model(), memory info: {'rss bytes': 154247168, 'rss human': '147.1M', 'percent': 0.05710149545932572}
convert problem data to numpy arrays time: 0.04234123229980469
after solution_data_array.set_from_data_model(), memory info: {'rss bytes': 155058176, 'rss human': '147.9M', 'percent': 0.05740172638239509}
convert solution data to numpy arrays time: 0.006754159927368164
function: set_summary, time: 0.0001552104949951172
function: set_problem, time: 9.5367431640625e-07
function: set_solution, time: 4.291534423828125e-06
function: set_solution_zero, time: 0.00017261505126953125
function: set_work_zero, time: 0.00015974044799804688
function: set_matrices, time: 0.0037186145782470703
function: __init__, time: 0.004235744476318359
function: eval_sd_t_d_up_dn, time: 0.0007786750793457031
function: eval_sd_max_startup, time: 0.002513885498046875
function: eval_sd_t_z_sus, time: 0.0014548301696777344
function: eval_acl_t_p_q_fr_to, time: 0.00033164024353027344
function: eval_xfr_t_p_q_fr_to, time: 0.00011754035949707031
function: eval_sd_t_su_sd_trajectories, time: 0.00012063980102539062
function: eval_sd_max_energy, time: 0.0013496875762939453
function: eval_sd_min_energy, time: 0.0013346672058105469
function: eval_sd_t_z_p, time: 0.010226011276245117
function: eval_bus_t_p, time: 0.0006694793701171875
function: eval_bus_t_q, time: 0.00015735626220703125
sd_t_p_rgu sum: 0.0
prz_sigma_rgu max: 0.03
prz_t_p_rgu_req max: 0.0
sd_t_p_rgd sum: 0.0
prz_sigma_rgd max: 0.03
prz_t_p_rgd_req max: 0.0
sd_t_p_scr sum: 0.0
prz_sigma_scr max: 0.1
prz_t_p_scr_req max: 0.620186
sd_t_p_nsc sum: 0.0
prz_sigma_nsc max: 0.3
prz_t_p_nsc_req max: 1.860558
sd_t_p_rru sum: 0.0
prz_t_p_rru_min max: 1.02
sd_t_p_rrd sum: 0.0
prz_t_p_rrd_min max: 0.9774999999999999
sd_t_p_qru sum: 0.0
qrz_t_q_qru_min max: 0.0
sd_t_p_qrd sum: 0.0
qrz_t_q_qrd_min max: 0.0
function: get_connected_components, time: 0.0007214546203613281
function: get_bridges, time: 0.0016148090362548828
function: get_connected_components, time: 0.0003466606140136719
function: get_bridges, time: 0.0013580322265625
function: get_connected_components, time: 0.0003325939178466797
function: get_bridges, time: 0.0013859272003173828
function: get_connected_components, time: 0.0003478527069091797
function: get_bridges, time: 0.0013506412506103516
function: get_connected_components, time: 0.0003249645233154297
function: get_bridges, time: 0.0015952587127685547
function: get_connected_components, time: 0.0003254413604736328
function: get_bridges, time: 0.0013363361358642578
function: get_connected_components, time: 0.00032639503479003906
function: get_bridges, time: 0.0013659000396728516
function: get_connected_components, time: 0.00032973289489746094
function: get_bridges, time: 0.0013663768768310547
function: get_connected_components, time: 0.00037097930908203125
function: get_bridges, time: 0.0013234615325927734
function: get_connected_components, time: 0.00032258033752441406
function: get_bridges, time: 0.001417398452758789
function: get_connected_components, time: 0.0003230571746826172
function: get_bridges, time: 0.0013606548309326172
function: get_connected_components, time: 0.0003230571746826172
function: get_bridges, time: 0.00133514404296875
function: get_connected_components, time: 0.00033211708068847656
function: get_bridges, time: 0.0013585090637207031
function: get_connected_components, time: 0.00032401084899902344
function: get_bridges, time: 0.0013494491577148438
function: get_connected_components, time: 0.0003261566162109375
function: get_bridges, time: 0.0013458728790283203
function: get_connected_components, time: 0.0003249645233154297
function: get_bridges, time: 0.0013339519500732422
function: get_connected_components, time: 0.000370025634765625
function: get_bridges, time: 0.00153350830078125
function: get_connected_components, time: 0.0003268718719482422
function: get_bridges, time: 0.0013301372528076172
function: get_connected_components, time: 0.00032711029052734375
function: get_bridges, time: 0.0013663768768310547
function: get_connected_components, time: 0.00032448768615722656
function: get_bridges, time: 0.0013644695281982422
function: get_connected_components, time: 0.00032591819763183594
function: get_bridges, time: 0.0013308525085449219
function: get_connected_components, time: 0.00033211708068847656
function: get_bridges, time: 0.0013689994812011719
function: get_connected_components, time: 0.000324249267578125
function: get_bridges, time: 0.001332998275756836
function: get_connected_components, time: 0.0003235340118408203
function: get_bridges, time: 0.001329183578491211
function: get_connected_components, time: 0.00032401084899902344
function: get_bridges, time: 0.0013246536254882812
function: get_connected_components, time: 0.000331878662109375
function: get_bridges, time: 0.0013282299041748047
function: get_connected_components, time: 0.00032329559326171875
function: get_bridges, time: 0.0013315677642822266
function: get_connected_components, time: 0.00032401084899902344
function: get_bridges, time: 0.0013339519500732422
function: get_connected_components, time: 0.00032711029052734375
function: get_bridges, time: 0.0015039443969726562
function: get_connected_components, time: 0.00033283233642578125
function: get_bridges, time: 0.0013201236724853516
function: get_connected_components, time: 0.0003216266632080078
function: get_bridges, time: 0.001325845718383789
function: get_connected_components, time: 0.00032258033752441406
function: get_bridges, time: 0.0013282299041748047
function: get_connected_components, time: 0.00032138824462890625
function: get_bridges, time: 0.0013294219970703125
function: get_connected_components, time: 0.00032520294189453125
function: get_bridges, time: 0.001325368881225586
function: get_connected_components, time: 0.00032448768615722656
function: get_bridges, time: 0.0013401508331298828
function: get_connected_components, time: 0.00032019615173339844
function: get_bridges, time: 0.001325368881225586
function: get_connected_components, time: 0.0003273487091064453
function: get_bridges, time: 0.0013298988342285156
function: get_connected_components, time: 0.0003237724304199219
function: get_bridges, time: 0.0013256072998046875
function: get_connected_components, time: 0.0003235340118408203
function: get_bridges, time: 0.0013437271118164062
function: get_connected_components, time: 0.00032258033752441406
function: get_bridges, time: 0.001329183578491211
function: get_connected_components, time: 0.0003330707550048828
function: get_bridges, time: 0.0014982223510742188
function: get_connected_components, time: 0.00032901763916015625
function: get_bridges, time: 0.0013275146484375
end of eval_connectedness(), memory info: {'rss bytes': 157466624, 'rss human': '150.2M', 'percent': 0.058293321244843536}
function: eval_connectedness, time: 0.07513189315795898
problem dimensions. bus: 73, acl: 105, xfr: 15, dcl: 1, k: 2, t: 42
construct static bus admittance matrix. time: 0.0010981559753417969
factor static bus admittance matrix. time: 0.00519561767578125
t_acl_delta_t: [array([], dtype=int64), array([], dtype=int64), array([], dtype=int64), array([], dtype=int64), array([], dtype=int64), array([], dtype=int64), array([], dtype=int64), array([], dtype=int64), array([], dtype=int64), array([], dtype=int64), array([], dtype=int64), array([], dtype=int64), array([], dtype=int64), array([], dtype=int64), array([], dtype=int64), array([], dtype=int64), array([], dtype=int64), array([], dtype=int64), array([], dtype=int64), array([], dtype=int64), array([], dtype=int64), array([], dtype=int64), array([], dtype=int64), array([], dtype=int64), array([], dtype=int64), array([], dtype=int64), array([], dtype=int64), array([], dtype=int64), array([], dtype=int64), array([], dtype=int64), array([], dtype=int64), array([], dtype=int64), array([], dtype=int64), array([], dtype=int64), array([], dtype=int64), array([], dtype=int64), array([], dtype=int64), array([], dtype=int64), array([], dtype=int64), array([], dtype=int64), array([], dtype=int64), array([], dtype=int64)], t_xfr_delta_t: [array([], dtype=int64), array([], dtype=int64), array([], dtype=int64), array([], dtype=int64), array([], dtype=int64), array([], dtype=int64), array([], dtype=int64), array([], dtype=int64), array([], dtype=int64), array([], dtype=int64), array([], dtype=int64), array([], dtype=int64), array([], dtype=int64), array([], dtype=int64), array([], dtype=int64), array([], dtype=int64), array([], dtype=int64), array([], dtype=int64), array([], dtype=int64), array([], dtype=int64), array([], dtype=int64), array([], dtype=int64), array([], dtype=int64), array([], dtype=int64), array([], dtype=int64), array([], dtype=int64), array([], dtype=int64), array([], dtype=int64), array([], dtype=int64), array([], dtype=int64), array([], dtype=int64), array([], dtype=int64), array([], dtype=int64), array([], dtype=int64), array([], dtype=int64), array([], dtype=int64), array([], dtype=int64), array([], dtype=int64), array([], dtype=int64), array([], dtype=int64), array([], dtype=int64), array([], dtype=int64)], t_br_delta_t: [array([], dtype=int64), array([], dtype=int64), array([], dtype=int64), array([], dtype=int64), array([], dtype=int64), array([], dtype=int64), array([], dtype=int64), array([], dtype=int64), array([], dtype=int64), array([], dtype=int64), array([], dtype=int64), array([], dtype=int64), array([], dtype=int64), array([], dtype=int64), array([], dtype=int64), array([], dtype=int64), array([], dtype=int64), array([], dtype=int64), array([], dtype=int64), array([], dtype=int64), array([], dtype=int64), array([], dtype=int64), array([], dtype=int64), array([], dtype=int64), array([], dtype=int64), array([], dtype=int64), array([], dtype=int64), array([], dtype=int64), array([], dtype=int64), array([], dtype=int64), array([], dtype=int64), array([], dtype=int64), array([], dtype=int64), array([], dtype=int64), array([], dtype=int64), array([], dtype=int64), array([], dtype=int64), array([], dtype=int64), array([], dtype=int64), array([], dtype=int64), array([], dtype=int64), array([], dtype=int64)], acl_delta_t: [], xfr_delta_t: [], br_delta_t: []
contingency delta branches. acl: 2, xfr: 0, dcl: 0
construct bus,t-indexed right hand side. time: 0.0001277923583984375
solve for base case bus,t-indexed theta. time: 0.06915044784545898
v_acl_k: [-0.02286434 -0.02447957]
acl_u[acl_delta_k]: [1 1]
num AC branches with possible violations in ACL contingencies: 2
num AC branches with possible violations in DCL contingencies: 2
num AC branches with possible violations in XFR contingencies: 2
t: 0, time: 0.0021347999572753906, memory_info: {'rss bytes': 214798336, 'rss human': '204.8M', 'percent': 0.07951722139737905}
v_acl_k: [-0.02286434 -0.02447957]
acl_u[acl_delta_k]: [1 1]
num AC branches with possible violations in ACL contingencies: 2
num AC branches with possible violations in DCL contingencies: 2
num AC branches with possible violations in XFR contingencies: 2
t: 1, time: 0.0014951229095458984, memory_info: {'rss bytes': 214798336, 'rss human': '204.8M', 'percent': 0.07951722139737905}
v_acl_k: [-0.02286434 -0.02447957]
acl_u[acl_delta_k]: [1 1]
num AC branches with possible violations in ACL contingencies: 1
num AC branches with possible violations in DCL contingencies: 1
num AC branches with possible violations in XFR contingencies: 1
t: 2, time: 0.0014581680297851562, memory_info: {'rss bytes': 214798336, 'rss human': '204.8M', 'percent': 0.07951722139737905}
v_acl_k: [-0.02286434 -0.02447957]
acl_u[acl_delta_k]: [1 1]
num AC branches with possible violations in ACL contingencies: 1
num AC branches with possible violations in DCL contingencies: 1
num AC branches with possible violations in XFR contingencies: 1
t: 3, time: 0.001443624496459961, memory_info: {'rss bytes': 214798336, 'rss human': '204.8M', 'percent': 0.07951722139737905}
v_acl_k: [-0.02286434 -0.02447957]
acl_u[acl_delta_k]: [1 1]
num AC branches with possible violations in ACL contingencies: 1
num AC branches with possible violations in DCL contingencies: 1
num AC branches with possible violations in XFR contingencies: 1
t: 4, time: 0.0014410018920898438, memory_info: {'rss bytes': 214798336, 'rss human': '204.8M', 'percent': 0.07951722139737905}
v_acl_k: [-0.02286434 -0.02447957]
acl_u[acl_delta_k]: [1 1]
num AC branches with possible violations in ACL contingencies: 1
num AC branches with possible violations in DCL contingencies: 1
num AC branches with possible violations in XFR contingencies: 1
t: 5, time: 0.0014255046844482422, memory_info: {'rss bytes': 214798336, 'rss human': '204.8M', 'percent': 0.07951722139737905}
v_acl_k: [-0.02286434 -0.02447957]
acl_u[acl_delta_k]: [1 1]
num AC branches with possible violations in ACL contingencies: 2
num AC branches with possible violations in DCL contingencies: 2
num AC branches with possible violations in XFR contingencies: 2
t: 6, time: 0.0014390945434570312, memory_info: {'rss bytes': 214798336, 'rss human': '204.8M', 'percent': 0.07951722139737905}
v_acl_k: [-0.02286434 -0.02447957]
acl_u[acl_delta_k]: [1 1]
num AC branches with possible violations in ACL contingencies: 0
num AC branches with possible violations in DCL contingencies: 0
num AC branches with possible violations in XFR contingencies: 0
t: 7, time: 0.0014197826385498047, memory_info: {'rss bytes': 214798336, 'rss human': '204.8M', 'percent': 0.07951722139737905}
v_acl_k: [-0.02286434 -0.02447957]
acl_u[acl_delta_k]: [1 1]
num AC branches with possible violations in ACL contingencies: 0
num AC branches with possible violations in DCL contingencies: 0
num AC branches with possible violations in XFR contingencies: 0
t: 8, time: 0.0014133453369140625, memory_info: {'rss bytes': 214798336, 'rss human': '204.8M', 'percent': 0.07951722139737905}
v_acl_k: [-0.02286434 -0.02447957]
acl_u[acl_delta_k]: [1 1]
num AC branches with possible violations in ACL contingencies: 0
num AC branches with possible violations in DCL contingencies: 0
num AC branches with possible violations in XFR contingencies: 0
t: 9, time: 0.0013928413391113281, memory_info: {'rss bytes': 214798336, 'rss human': '204.8M', 'percent': 0.07951722139737905}
v_acl_k: [-0.02286434 -0.02447957]
acl_u[acl_delta_k]: [1 1]
num AC branches with possible violations in ACL contingencies: 0
num AC branches with possible violations in DCL contingencies: 0
num AC branches with possible violations in XFR contingencies: 0
t: 10, time: 0.0014071464538574219, memory_info: {'rss bytes': 214798336, 'rss human': '204.8M', 'percent': 0.07951722139737905}
v_acl_k: [-0.02286434 -0.02447957]
acl_u[acl_delta_k]: [1 1]
num AC branches with possible violations in ACL contingencies: 0
num AC branches with possible violations in DCL contingencies: 0
num AC branches with possible violations in XFR contingencies: 0
t: 11, time: 0.00139617919921875, memory_info: {'rss bytes': 214798336, 'rss human': '204.8M', 'percent': 0.07951722139737905}
v_acl_k: [-0.02286434 -0.02447957]
acl_u[acl_delta_k]: [1 1]
num AC branches with possible violations in ACL contingencies: 0
num AC branches with possible violations in DCL contingencies: 0
num AC branches with possible violations in XFR contingencies: 0
t: 12, time: 0.0014081001281738281, memory_info: {'rss bytes': 214798336, 'rss human': '204.8M', 'percent': 0.07951722139737905}
v_acl_k: [-0.02286434 -0.02447957]
acl_u[acl_delta_k]: [1 1]
num AC branches with possible violations in ACL contingencies: 0
num AC branches with possible violations in DCL contingencies: 0
num AC branches with possible violations in XFR contingencies: 0
t: 13, time: 0.0014033317565917969, memory_info: {'rss bytes': 214798336, 'rss human': '204.8M', 'percent': 0.07951722139737905}
v_acl_k: [-0.02286434 -0.02447957]
acl_u[acl_delta_k]: [1 1]
num AC branches with possible violations in ACL contingencies: 0
num AC branches with possible violations in DCL contingencies: 0
num AC branches with possible violations in XFR contingencies: 0
t: 14, time: 0.0014026165008544922, memory_info: {'rss bytes': 214798336, 'rss human': '204.8M', 'percent': 0.07951722139737905}
v_acl_k: [-0.02286434 -0.02447957]
acl_u[acl_delta_k]: [1 1]
num AC branches with possible violations in ACL contingencies: 0
num AC branches with possible violations in DCL contingencies: 0
num AC branches with possible violations in XFR contingencies: 0
t: 15, time: 0.0013899803161621094, memory_info: {'rss bytes': 214798336, 'rss human': '204.8M', 'percent': 0.07951722139737905}
v_acl_k: [-0.02286434 -0.02447957]
acl_u[acl_delta_k]: [1 1]
num AC branches with possible violations in ACL contingencies: 0
num AC branches with possible violations in DCL contingencies: 0
num AC branches with possible violations in XFR contingencies: 0
t: 16, time: 0.0014007091522216797, memory_info: {'rss bytes': 214798336, 'rss human': '204.8M', 'percent': 0.07951722139737905}
v_acl_k: [-0.02286434 -0.02447957]
acl_u[acl_delta_k]: [1 1]
num AC branches with possible violations in ACL contingencies: 1
num AC branches with possible violations in DCL contingencies: 1
num AC branches with possible violations in XFR contingencies: 1
t: 17, time: 0.0013937950134277344, memory_info: {'rss bytes': 214798336, 'rss human': '204.8M', 'percent': 0.07951722139737905}
v_acl_k: [-0.02286434 -0.02447957]
acl_u[acl_delta_k]: [1 1]
num AC branches with possible violations in ACL contingencies: 2
num AC branches with possible violations in DCL contingencies: 2
num AC branches with possible violations in XFR contingencies: 2
t: 18, time: 0.0014073848724365234, memory_info: {'rss bytes': 214798336, 'rss human': '204.8M', 'percent': 0.07951722139737905}
v_acl_k: [-0.02286434 -0.02447957]
acl_u[acl_delta_k]: [1 1]
num AC branches with possible violations in ACL contingencies: 1
num AC branches with possible violations in DCL contingencies: 1
num AC branches with possible violations in XFR contingencies: 1
t: 19, time: 0.0013976097106933594, memory_info: {'rss bytes': 214798336, 'rss human': '204.8M', 'percent': 0.07951722139737905}
v_acl_k: [-0.02286434 -0.02447957]
acl_u[acl_delta_k]: [1 1]
num AC branches with possible violations in ACL contingencies: 0
num AC branches with possible violations in DCL contingencies: 0
num AC branches with possible violations in XFR contingencies: 0
t: 20, time: 0.0013933181762695312, memory_info: {'rss bytes': 214798336, 'rss human': '204.8M', 'percent': 0.07951722139737905}
v_acl_k: [-0.02286434 -0.02447957]
acl_u[acl_delta_k]: [1 1]
num AC branches with possible violations in ACL contingencies: 1
num AC branches with possible violations in DCL contingencies: 1
num AC branches with possible violations in XFR contingencies: 1
t: 21, time: 0.0013930797576904297, memory_info: {'rss bytes': 214798336, 'rss human': '204.8M', 'percent': 0.07951722139737905}
v_acl_k: [-0.02286434 -0.02447957]
acl_u[acl_delta_k]: [1 1]
num AC branches with possible violations in ACL contingencies: 1
num AC branches with possible violations in DCL contingencies: 1
num AC branches with possible violations in XFR contingencies: 1
t: 22, time: 0.0013937950134277344, memory_info: {'rss bytes': 214798336, 'rss human': '204.8M', 'percent': 0.07951722139737905}
v_acl_k: [-0.02286434 -0.02447957]
acl_u[acl_delta_k]: [1 1]
num AC branches with possible violations in ACL contingencies: 1
num AC branches with possible violations in DCL contingencies: 1
num AC branches with possible violations in XFR contingencies: 1
t: 23, time: 0.0013895034790039062, memory_info: {'rss bytes': 214798336, 'rss human': '204.8M', 'percent': 0.07951722139737905}
v_acl_k: [-0.02286434 -0.02447957]
acl_u[acl_delta_k]: [1 1]
num AC branches with possible violations in ACL contingencies: 2
num AC branches with possible violations in DCL contingencies: 2
num AC branches with possible violations in XFR contingencies: 2
t: 24, time: 0.0013890266418457031, memory_info: {'rss bytes': 214798336, 'rss human': '204.8M', 'percent': 0.07951722139737905}
v_acl_k: [-0.02286434 -0.02447957]
acl_u[acl_delta_k]: [1 1]
num AC branches with possible violations in ACL contingencies: 2
num AC branches with possible violations in DCL contingencies: 2
num AC branches with possible violations in XFR contingencies: 2
t: 25, time: 0.0013911724090576172, memory_info: {'rss bytes': 214798336, 'rss human': '204.8M', 'percent': 0.07951722139737905}
v_acl_k: [-0.02286434 -0.02447957]
acl_u[acl_delta_k]: [1 1]
num AC branches with possible violations in ACL contingencies: 0
num AC branches with possible violations in DCL contingencies: 0
num AC branches with possible violations in XFR contingencies: 0
t: 26, time: 0.001386880874633789, memory_info: {'rss bytes': 214798336, 'rss human': '204.8M', 'percent': 0.07951722139737905}
v_acl_k: [-0.02286434 -0.02447957]
acl_u[acl_delta_k]: [1 1]
num AC branches with possible violations in ACL contingencies: 0
num AC branches with possible violations in DCL contingencies: 0
num AC branches with possible violations in XFR contingencies: 0
t: 27, time: 0.0013799667358398438, memory_info: {'rss bytes': 214798336, 'rss human': '204.8M', 'percent': 0.07951722139737905}
v_acl_k: [-0.02286434 -0.02447957]
acl_u[acl_delta_k]: [1 1]
num AC branches with possible violations in ACL contingencies: 0
num AC branches with possible violations in DCL contingencies: 0
num AC branches with possible violations in XFR contingencies: 0
t: 28, time: 0.0013866424560546875, memory_info: {'rss bytes': 214798336, 'rss human': '204.8M', 'percent': 0.07951722139737905}
v_acl_k: [-0.02286434 -0.02447957]
acl_u[acl_delta_k]: [1 1]
num AC branches with possible violations in ACL contingencies: 0
num AC branches with possible violations in DCL contingencies: 0
num AC branches with possible violations in XFR contingencies: 0
t: 29, time: 0.0013880729675292969, memory_info: {'rss bytes': 214798336, 'rss human': '204.8M', 'percent': 0.07951722139737905}
v_acl_k: [-0.02286434 -0.02447957]
acl_u[acl_delta_k]: [1 1]
num AC branches with possible violations in ACL contingencies: 0
num AC branches with possible violations in DCL contingencies: 0
num AC branches with possible violations in XFR contingencies: 0
t: 30, time: 0.0013837814331054688, memory_info: {'rss bytes': 214798336, 'rss human': '204.8M', 'percent': 0.07951722139737905}
v_acl_k: [-0.02286434 -0.02447957]
acl_u[acl_delta_k]: [1 1]
num AC branches with possible violations in ACL contingencies: 0
num AC branches with possible violations in DCL contingencies: 0
num AC branches with possible violations in XFR contingencies: 0
t: 31, time: 0.0013811588287353516, memory_info: {'rss bytes': 214798336, 'rss human': '204.8M', 'percent': 0.07951722139737905}
v_acl_k: [-0.02286434 -0.02447957]
acl_u[acl_delta_k]: [1 1]
num AC branches with possible violations in ACL contingencies: 0
num AC branches with possible violations in DCL contingencies: 0
num AC branches with possible violations in XFR contingencies: 0
t: 32, time: 0.0013835430145263672, memory_info: {'rss bytes': 214798336, 'rss human': '204.8M', 'percent': 0.07951722139737905}
v_acl_k: [-0.02286434 -0.02447957]
acl_u[acl_delta_k]: [1 1]
num AC branches with possible violations in ACL contingencies: 0
num AC branches with possible violations in DCL contingencies: 0
num AC branches with possible violations in XFR contingencies: 0
t: 33, time: 0.0013844966888427734, memory_info: {'rss bytes': 214798336, 'rss human': '204.8M', 'percent': 0.07951722139737905}
v_acl_k: [-0.02286434 -0.02447957]
acl_u[acl_delta_k]: [1 1]
num AC branches with possible violations in ACL contingencies: 0
num AC branches with possible violations in DCL contingencies: 0
num AC branches with possible violations in XFR contingencies: 0
t: 34, time: 0.0013794898986816406, memory_info: {'rss bytes': 214798336, 'rss human': '204.8M', 'percent': 0.07951722139737905}
v_acl_k: [-0.02286434 -0.02447957]
acl_u[acl_delta_k]: [1 1]
num AC branches with possible violations in ACL contingencies: 0
num AC branches with possible violations in DCL contingencies: 0
num AC branches with possible violations in XFR contingencies: 0
t: 35, time: 0.001379251480102539, memory_info: {'rss bytes': 214798336, 'rss human': '204.8M', 'percent': 0.07951722139737905}
v_acl_k: [-0.02286434 -0.02447957]
acl_u[acl_delta_k]: [1 1]
num AC branches with possible violations in ACL contingencies: 2
num AC branches with possible violations in DCL contingencies: 2
num AC branches with possible violations in XFR contingencies: 2
t: 36, time: 0.0013914108276367188, memory_info: {'rss bytes': 214798336, 'rss human': '204.8M', 'percent': 0.07951722139737905}
v_acl_k: [-0.02286434 -0.02447957]
acl_u[acl_delta_k]: [1 1]
num AC branches with possible violations in ACL contingencies: 2
num AC branches with possible violations in DCL contingencies: 2
num AC branches with possible violations in XFR contingencies: 2
t: 37, time: 0.0013835430145263672, memory_info: {'rss bytes': 214798336, 'rss human': '204.8M', 'percent': 0.07951722139737905}
v_acl_k: [-0.02286434 -0.02447957]
acl_u[acl_delta_k]: [1 1]
num AC branches with possible violations in ACL contingencies: 0
num AC branches with possible violations in DCL contingencies: 0
num AC branches with possible violations in XFR contingencies: 0
t: 38, time: 0.0013930797576904297, memory_info: {'rss bytes': 214798336, 'rss human': '204.8M', 'percent': 0.07951722139737905}
v_acl_k: [-0.02286434 -0.02447957]
acl_u[acl_delta_k]: [1 1]
num AC branches with possible violations in ACL contingencies: 1
num AC branches with possible violations in DCL contingencies: 1
num AC branches with possible violations in XFR contingencies: 1
t: 39, time: 0.0013782978057861328, memory_info: {'rss bytes': 214798336, 'rss human': '204.8M', 'percent': 0.07951722139737905}
v_acl_k: [-0.02286434 -0.02447957]
acl_u[acl_delta_k]: [1 1]
num AC branches with possible violations in ACL contingencies: 1
num AC branches with possible violations in DCL contingencies: 1
num AC branches with possible violations in XFR contingencies: 1
t: 40, time: 0.001386880874633789, memory_info: {'rss bytes': 214798336, 'rss human': '204.8M', 'percent': 0.07951722139737905}
v_acl_k: [-0.02286434 -0.02447957]
acl_u[acl_delta_k]: [1 1]
num AC branches with possible violations in ACL contingencies: 1
num AC branches with possible violations in DCL contingencies: 1
num AC branches with possible violations in XFR contingencies: 1
t: 41, time: 0.0013821125030517578, memory_info: {'rss bytes': 214798336, 'rss human': '204.8M', 'percent': 0.07951722139737905}
initialize_m_w_time: 0.0002472400665283203
compute_static_w_time: 5.364418029785156e-05
get_time_varying_branch_characteristics_time: 0.0007855892181396484
construct_a_t_time: 0.012601137161254883
factor_a_t_time: 0.00854945182800293
compute_w_with_t_a_solve_time: 0.0016720294952392578
compute_v_t_time: 4.0531158447265625e-06
compute_w_with_t_smw_time: 4.76837158203125e-06
compute_v_time: 0.00687861442565918
compute_bus_theta_with_t_a_solve_time: 0.0006849765777587891
compute_bus_theta_with_t_smw_time: 3.814697265625e-06
compute_br_p_time: 0.0030069351196289062
apply_w_v_wt_time: 0.0005431175231933594
compute_bus_dtheta_rhs_dcl_k_time: 0.0035517215728759766
compute_w_v_wt_xfr_k_time: 0.003924846649169922
compute_bus_dtheta_rhs_xfr_k_time: 4.5299530029296875e-06
compute_br_acl_delta_k_p_delta_time: 0.0025980472564697266
compute_br_dcl_delta_k_p_delta_time: 0.0021424293518066406
compute_br_xfr_delta_k_p_delta_time: 0.0021104812622070312
filter_branches_acl_k_time: 0.0021581649780273438
filter_branches_dcl_k_time: 0.0009427070617675781
filter_branches_xfr_k_time: 0.0008702278137207031
compute_br_acl_delta_k_p_time: 0.0002315044403076172
compute_br_dcl_delta_k_p_time: 0.00012969970703125
compute_br_xfr_delta_k_p_time: 0.00011992454528808594
compute_br_acl_delta_k_s_over_time: 0.0013301372528076172
compute_br_dcl_delta_k_s_over_time: 0.0006008148193359375
compute_br_xfr_delta_k_s_over_time: 0.0005800724029541016
zero_out_time: 0.00015497207641601562
get_max_br_acl_delta_k_s_over_time: 0.0011720657348632812
get_max_br_dcl_delta_k_s_over_time: 6.198883056640625e-06
get_max_br_xfr_delta_k_s_over_time: 4.76837158203125e-06
compute_br_k_z_time: 0.0010366439819335938
collect_penalties_into_obj_array_time: 0.00043654441833496094
end of contingency model method 1, memory info: {'rss bytes': 214798336, 'rss human': '204.8M', 'percent': 0.07951722139737905}
function: eval_post_contingency_model, time: 0.1444549560546875
function: eval_post_contingency_model, time: 0.14446067810058594
function: run, time: 0.2441411018371582
after solution_evaluator.run(), memory info: {'rss bytes': 214798336, 'rss human': '204.8M', 'percent': 0.07951722139737905}
evaluation summary:
{'feas': 1,
 'infeas': 0,
 'info_i_i_k_t_disconnected_ctg': {'idx': {0: None, 1: None, 2: None, 3: None},
                                   'val': 0},
 'info_i_i_t_disconnected_base': {'idx': {0: None, 1: None, 2: None}, 'val': 0},
 'phys_feas': 0,
 'sum_acl_t_u_sd': 0,
 'sum_acl_t_u_su': 0,
 'sum_acl_t_z_s': 0.0,
 'sum_acl_t_z_sd': 0.0,
 'sum_acl_t_z_su': 0.0,
 'sum_bus_t_z_p': 19005959698.62154,
 'sum_bus_t_z_q': 11448796695.184887,
 'sum_cs_t_z_p': -0.0,
 'sum_pr_t_z_p': 0.0,
 'sum_prz_t_z_nsc': 6256.014124799999,
 'sum_prz_t_z_rgd': 0.0,
 'sum_prz_t_z_rgu': 0.0,
 'sum_prz_t_z_rrd': 11.373000000000001,
 'sum_prz_t_z_rru': 12.511000000000001,
 'sum_prz_t_z_scr': 19875.878209,
 'sum_qrz_t_z_qrd': 0.0,
 'sum_qrz_t_z_qru': 0.0,
 'sum_sd_t_sd': 0,
 'sum_sd_t_su': 61,
 'sum_sd_t_z_nsc': 0.0,
 'sum_sd_t_z_on': 0.0,
 'sum_sd_t_z_qrd': 0.0,
 'sum_sd_t_z_qru': 0.0,
 'sum_sd_t_z_rgd': 0.0,
 'sum_sd_t_z_rgu': 0.0,
 'sum_sd_t_z_rrd_off': 0.0,
 'sum_sd_t_z_rrd_on': 0.0,
 'sum_sd_t_z_rru_off': 0.0,
 'sum_sd_t_z_rru_on': 0.0,
 'sum_sd_t_z_scr': 0.0,
 'sum_sd_t_z_sd': 0.0,
 'sum_sd_t_z_su': 0.0,
 'sum_sd_t_z_sus': 0.0,
 'sum_xfr_t_u_sd': 0,
 'sum_xfr_t_u_su': 0,
 'sum_xfr_t_z_s': 0.0,
 'sum_xfr_t_z_sd': 0.0,
 'sum_xfr_t_z_su': 0.0,
 'time_connectedness': 0.07498335838317871,
 'time_post_contingency': 0.14445924758911133,
 'time_run': 0.2441399097442627,
 'total_switches': 0,
 'viol_acl_acl_t_s_max_ctg': {'idx': {0: 'acl_065', 1: 'acl_003', 2: 0},
                              'val': 1.7157224908862307},
 'viol_acl_dcl_t_s_max_ctg': {'idx': {0: None, 1: None, 2: None}, 'val': 0.0},
 'viol_acl_t_s_max': {'idx': {0: 'acl_000', 1: 0}, 'val': 0.0},
 'viol_acl_t_u_sd_max': {'idx': {0: 'acl_000', 1: 0}, 'val': 0},
 'viol_acl_t_u_su_max': {'idx': {0: 'acl_000', 1: 0}, 'val': 0},
 'viol_acl_xfr_t_s_max_ctg': {'idx': {0: None, 1: None, 2: None}, 'val': 0.0},
 'viol_bus_t_p_balance_max': {'idx': {0: 'bus_55', 1: 0},
                              'val': 6.600014981956657},
 'viol_bus_t_p_balance_min': {'idx': {0: 'bus_53', 1: 0},
                              'val': -8.261395193520706},
 'viol_bus_t_q_balance_max': {'idx': {0: 'bus_41', 1: 0},
                              'val': 0.8199418027720068},
 'viol_bus_t_q_balance_min': {'idx': {0: 'bus_53', 1: 0},
                              'val': -9.345961455185739},
 'viol_bus_t_v_max': {'idx': {0: 'bus_00', 1: 0}, 'val': 0.0},
 'viol_bus_t_v_min': {'idx': {0: 'bus_00', 1: 0}, 'val': 0.0},
 'viol_cs_t_p_off_max': {'idx': {0: 'sd_154', 1: 0}, 'val': 0.0},
 'viol_cs_t_p_off_min': {'idx': {0: 'sd_154', 1: 0}, 'val': 0.0},
 'viol_cs_t_p_on_max': {'idx': {0: 'sd_154', 1: 0}, 'val': 0.0},
 'viol_cs_t_p_on_min': {'idx': {0: 'sd_154', 1: 0}, 'val': 0.0},
 'viol_cs_t_q_max': {'idx': {0: 'sd_154', 1: 0}, 'val': 0.0},
 'viol_cs_t_q_min': {'idx': {0: 'sd_154', 1: 0}, 'val': 0.0},
 'viol_cs_t_q_p_max': {'idx': {0: None, 1: None}, 'val': None},
 'viol_cs_t_q_p_min': {'idx': {0: None, 1: None}, 'val': None},
 'viol_dcl_t_p_max': {'idx': {0: 'dcl_0', 1: 0}, 'val': 0.0},
 'viol_dcl_t_p_min': {'idx': {0: 'dcl_0', 1: 0}, 'val': 0.0},
 'viol_dcl_t_q_fr_max': {'idx': {0: 'dcl_0', 1: 0}, 'val': 0.0},
 'viol_dcl_t_q_fr_min': {'idx': {0: 'dcl_0', 1: 0}, 'val': 0.0},
 'viol_dcl_t_q_to_max': {'idx': {0: 'dcl_0', 1: 0}, 'val': 0.0},
 'viol_dcl_t_q_to_min': {'idx': {0: 'dcl_0', 1: 0}, 'val': 0.0},
 'viol_pr_t_p_off_max': {'idx': {0: 'sd_000', 1: 0}, 'val': 0.0},
 'viol_pr_t_p_off_min': {'idx': {0: 'sd_000', 1: 0}, 'val': 0.0},
 'viol_pr_t_p_on_max': {'idx': {0: 'sd_000', 1: 0}, 'val': 0.0},
 'viol_pr_t_p_on_min': {'idx': {0: 'sd_000', 1: 0}, 'val': 0.0},
 'viol_pr_t_q_max': {'idx': {0: 'sd_000', 1: 0}, 'val': 0.0},
 'viol_pr_t_q_min': {'idx': {0: 'sd_000', 1: 0}, 'val': 0.0},
 'viol_pr_t_q_p_max': {'idx': {0: None, 1: None}, 'val': None},
 'viol_pr_t_q_p_min': {'idx': {0: None, 1: None}, 'val': None},
 'viol_prz_t_p_nsc_balance': {'idx': {0: 'prz_0', 1: 0}, 'val': 2.480744},
 'viol_prz_t_p_rgd_balance': {'idx': {0: 'prz_0', 1: 0}, 'val': 0.0},
 'viol_prz_t_p_rgu_balance': {'idx': {0: 'prz_0', 1: 0}, 'val': 0.0},
 'viol_prz_t_p_rrd_balance': {'idx': {0: 'prz_0', 1: 8},
                              'val': 0.9774999999999999},
 'viol_prz_t_p_rru_balance': {'idx': {0: 'prz_0', 1: 15}, 'val': 1.02},
 'viol_prz_t_p_scr_balance': {'idx': {0: 'prz_0', 1: 0}, 'val': 0.620186},
 'viol_qrz_t_q_qrd_balance': {'idx': {0: 'qrz_0', 1: 0}, 'val': 0.0},
 'viol_qrz_t_q_qru_balance': {'idx': {0: 'qrz_0', 1: 0}, 'val': 0.0},
 'viol_sd_max_energy_constr': {'idx': {0: 'sd_000', 1: 0}, 'val': 0.0},
 'viol_sd_max_startup_constr': {'idx': {0: 'sd_000', 1: 0}, 'val': 0},
 'viol_sd_min_energy_constr': {'idx': {0: 'sd_000', 1: 0}, 'val': 0.0},
 'viol_sd_t_d_dn_min': {'idx': {0: 'sd_000', 1: 0}, 'val': 0},
 'viol_sd_t_d_up_min': {'idx': {0: 'sd_000', 1: 0}, 'val': 0},
 'viol_sd_t_p_nsc_max': {'idx': {0: 'sd_000', 1: 0}, 'val': 0.0},
 'viol_sd_t_p_nsc_nonneg': {'idx': {0: 'sd_000', 1: 0}, 'val': -0.0},
 'viol_sd_t_p_ramp_dn_max': {'idx': {0: 'sd_000', 1: 0}, 'val': 0.0},
 'viol_sd_t_p_ramp_up_max': {'idx': {0: 'sd_000', 1: 0}, 'val': 0.0},
 'viol_sd_t_p_rgd_max': {'idx': {0: 'sd_000', 1: 0}, 'val': 0.0},
 'viol_sd_t_p_rgd_nonneg': {'idx': {0: 'sd_000', 1: 0}, 'val': -0.0},
 'viol_sd_t_p_rgu_max': {'idx': {0: 'sd_000', 1: 0}, 'val': 0.0},
 'viol_sd_t_p_rgu_nonneg': {'idx': {0: 'sd_000', 1: 0}, 'val': -0.0},
 'viol_sd_t_p_rrd_off_max': {'idx': {0: 'sd_000', 1: 0}, 'val': 0.0},
 'viol_sd_t_p_rrd_off_nonneg': {'idx': {0: 'sd_000', 1: 0}, 'val': -0.0},
 'viol_sd_t_p_rrd_on_max': {'idx': {0: 'sd_000', 1: 0}, 'val': 0.0},
 'viol_sd_t_p_rrd_on_nonneg': {'idx': {0: 'sd_000', 1: 0}, 'val': -0.0},
 'viol_sd_t_p_rru_off_max': {'idx': {0: 'sd_000', 1: 0}, 'val': 0.0},
 'viol_sd_t_p_rru_off_nonneg': {'idx': {0: 'sd_000', 1: 0}, 'val': -0.0},
 'viol_sd_t_p_rru_on_max': {'idx': {0: 'sd_000', 1: 0}, 'val': 0.0},
 'viol_sd_t_p_rru_on_nonneg': {'idx': {0: 'sd_000', 1: 0}, 'val': -0.0},
 'viol_sd_t_p_scr_max': {'idx': {0: 'sd_000', 1: 0}, 'val': 0.0},
 'viol_sd_t_p_scr_nonneg': {'idx': {0: 'sd_000', 1: 0}, 'val': -0.0},
 'viol_sd_t_q_qrd_nonneg': {'idx': {0: 'sd_000', 1: 0}, 'val': -0.0},
 'viol_sd_t_q_qru_nonneg': {'idx': {0: 'sd_000', 1: 0}, 'val': -0.0},
 'viol_sd_t_u_on_max': {'idx': {0: 'sd_000', 1: 0}, 'val': 0},
 'viol_sd_t_u_on_min': {'idx': {0: 'sd_000', 1: 0}, 'val': 0},
 'viol_sh_t_u_st_max': {'idx': {0: 'sh_00', 1: 0}, 'val': 0},
 'viol_sh_t_u_st_min': {'idx': {0: 'sh_00', 1: 0}, 'val': 0},
 'viol_t_connected_base': {'idx': {0: 0}, 'val': 0},
 'viol_t_connected_ctg': {'idx': {0: 0}, 'val': 0},
 'viol_xfr_acl_t_s_max_ctg': {'idx': {0: 'xfr_04', 1: 'acl_102', 2: 0},
                              'val': 1.2034274242924132},
 'viol_xfr_dcl_t_s_max_ctg': {'idx': {0: None, 1: None, 2: None}, 'val': 0.0},
 'viol_xfr_t_phi_max': {'idx': {0: 'xfr_00', 1: 0}, 'val': 0.0},
 'viol_xfr_t_phi_min': {'idx': {0: 'xfr_00', 1: 0}, 'val': 0.0},
 'viol_xfr_t_s_max': {'idx': {0: 'xfr_00', 1: 0}, 'val': 0.0},
 'viol_xfr_t_tau_max': {'idx': {0: 'xfr_00', 1: 0}, 'val': 0.0},
 'viol_xfr_t_tau_min': {'idx': {0: 'xfr_00', 1: 0}, 'val': 0.0},
 'viol_xfr_t_u_sd_max': {'idx': {0: 'xfr_00', 1: 0}, 'val': 0},
 'viol_xfr_t_u_su_max': {'idx': {0: 'xfr_00', 1: 0}, 'val': 0},
 'viol_xfr_xfr_t_s_max_ctg': {'idx': {0: None, 1: None, 2: None}, 'val': 0.0},
 'z': -30454842740.853172,
 'z_base': -30454782549.582764,
 'z_cost': 0.0,
 'z_k_average_case': -30052.007809892642,
 'z_k_worst_case': -30139.262599115693,
 'z_max_energy': 0.0,
 'z_min_energy': 0.0,
 'z_penalty': 30454782549.58276,
 'z_value': -0.0}
infeasibility summary:
{}
feas: 1
obj: -30454842740.853172
evaluate solution time: 0.25154781341552734
end of check_data(), memory info: {'rss bytes': 215588864, 'rss human': '205.6M', 'percent': 0.07980987073148202}
