/rcfs/dtn/arpacomp/.conda/envs/goc_eval/lib/python3.10/site-packages/scipy/sparse/linalg/_dsolve/linsolve.py:347: SparseEfficiencyWarning: splu converted its input to CSC format
  warn('splu converted its input to CSC format', SparseEfficiencyWarning)
args:
Namespace(problem_opt=None, problem='/qfs/projects/goc/share/data/C3/E3.1/D3//C3E3N00073D3/scenario_247.json_scrubbed.json', solution='/qfs/projects/goc/share/data/C3/E3.1/D3//C3E3N00073D3/scenario_247.json.pop_solution.json', configuration=None, parameters='{}', summary_csv='summary.csv', summary_json='summary.json', data_errors='data_errors.txt', ignored_errors='ignored_errors.txt', solution_errors='solution_errors.txt', pop_solution=None, scrubbed_problem=None)
problem data file: /qfs/projects/goc/share/data/C3/E3.1/D3//C3E3N00073D3/scenario_247.json_scrubbed.json

pop solution data file: None

solution data file: /qfs/projects/goc/share/data/C3/E3.1/D3//C3E3N00073D3/scenario_247.json.pop_solution.json

git info: {'C3DataUtilities': {'branch': 'main', 'commit': '59dd7f47974aa54c2f26998163730b14ab3a6b97', 'date': 'Wed Jun 7 09:10:06 2023 -0700', 'query_return_code': 0, 'query_err': '', 'branch_return_code': 0, 'branch_err': '', 'query_path': '/qfs/projects/goc/share/loadbalancing/src/nonmpi-template/Challenge3/C3DataUtilities/datautilities', 'query_out': 'commit 59dd7f47974aa54c2f26998163730b14ab3a6b97\nAuthor: Jesse T Holzer <jesse.holzer@pnnl.gov>\nDate:   Wed Jun 7 09:10:06 2023 -0700\n\n    add git branch to summary output\n', 'branch_out': '  dev\n* main\n'}, 'Bid-DS-data-model': {'branch': None, 'commit': None, 'date': None, 'query_return_code': 128, 'query_err': 'fatal: Not a git repository (or any parent up to mount point /rcfs)\nStopping at filesystem boundary (GIT_DISCOVERY_ACROSS_FILESYSTEM not set).\n', 'branch_return_code': None, 'branch_err': None, 'query_path': '/rcfs/dtn/arpacomp/.conda/envs/goc_eval/lib/python3.10/site-packages/datamodel', 'query_out': ''}}

after reading problem without validation, memory info: {'rss bytes': 120778752, 'rss human': '115.2M', 'percent': 0.04471166277043755}
read problem data file without validation time: 0.06199145317077637
after reading problem with validation, memory info: {'rss bytes': 139485184, 'rss human': '133.0M', 'percent': 0.051636686132345795}
load time: 0.464266300201416
{'error_diagnostics': '',
 'general': {'base_norm_mva': 100.0,
             'day_type': None,
             'electricity_demand': None,
             'net_load': None,
             'season': None,
             'solar_availability': None,
             'timestamp_start': None,
             'timestamp_stop': None,
             'vre_availability': None,
             'weather_temperature': None,
             'wind_availability': None},
 'interval durations': [4.0,
                        4.0,
                        4.0,
                        4.0,
                        4.0,
                        4.0,
                        4.0,
                        4.0,
                        4.0,
                        4.0,
                        4.0,
                        4.0,
                        4.0,
                        4.0,
                        4.0,
                        4.0,
                        4.0,
                        4.0,
                        4.0,
                        4.0,
                        4.0,
                        4.0,
                        4.0,
                        4.0,
                        4.0,
                        4.0,
                        4.0,
                        4.0,
                        4.0,
                        4.0,
                        4.0,
                        4.0,
                        4.0,
                        4.0,
                        4.0,
                        4.0,
                        4.0,
                        4.0,
                        4.0,
                        4.0,
                        4.0,
                        4.0],
 'num ac lines': 105,
 'num buses': 73,
 'num consuming devices': 51,
 'num contingencies': 2,
 'num dc lines': 1,
 'num intervals': 42,
 'num producing devices': 154,
 'num reactive power reserve zones': 1,
 'num real power reserve zones': 1,
 'num shunts': 73,
 'num simple dispatchable devices': 205,
 'num transformers': 15,
 'total duration': 168.0,
 'violation costs': {'e_vio_cost': 900000.0,
                     'p_bus_vio_cost': 1000000.0,
                     'q_bus_vio_cost': 1000000.0,
                     's_vio_cost': 500.0}}
after read solution without validation, memory info: {'rss bytes': 142729216, 'rss human': '136.1M', 'percent': 0.05283760982462329}
read solution data file without validation time: 0.014683246612548828
after read solution with validation, memory info: {'rss bytes': 149217280, 'rss human': '142.3M', 'percent': 0.05523945720917828}
solution load time: 0.22101426124572754
after solution_model_checks(), memory info: {'rss bytes': 149217280, 'rss human': '142.3M', 'percent': 0.05523945720917828}
solution model_checks time: 0.0012252330780029297
{'error_diagnostics': ''}
after problem_data_array.set_from_data_model(), memory info: {'rss bytes': 152162304, 'rss human': '145.1M', 'percent': 0.05632968970254637}
convert problem data to numpy arrays time: 0.04233860969543457
after solution_data_array.set_from_data_model(), memory info: {'rss bytes': 152973312, 'rss human': '145.9M', 'percent': 0.05662992062561574}
convert solution data to numpy arrays time: 0.0067293643951416016
function: set_summary, time: 0.0001537799835205078
function: set_problem, time: 7.152557373046875e-07
function: set_solution, time: 3.337860107421875e-06
function: set_solution_zero, time: 0.0001704692840576172
function: set_work_zero, time: 0.00015878677368164062
function: set_matrices, time: 0.0036878585815429688
function: __init__, time: 0.004199981689453125
function: eval_sd_t_d_up_dn, time: 0.0007607936859130859
function: eval_sd_max_startup, time: 0.0024766921997070312
function: eval_sd_t_z_sus, time: 0.0014996528625488281
function: eval_acl_t_p_q_fr_to, time: 0.0003223419189453125
function: eval_xfr_t_p_q_fr_to, time: 0.00011920928955078125
function: eval_sd_t_su_sd_trajectories, time: 0.00011324882507324219
function: eval_sd_max_energy, time: 0.0013337135314941406
function: eval_sd_min_energy, time: 0.0013532638549804688
function: eval_sd_t_z_p, time: 0.010162830352783203
function: eval_bus_t_p, time: 0.0005323886871337891
function: eval_bus_t_q, time: 0.0001575946807861328
sd_t_p_rgu sum: 0.0
prz_sigma_rgu max: 0.03
prz_t_p_rgu_req max: 0.0
sd_t_p_rgd sum: 0.0
prz_sigma_rgd max: 0.03
prz_t_p_rgd_req max: 0.0
sd_t_p_scr sum: 0.0
prz_sigma_scr max: 0.1
prz_t_p_scr_req max: 0.7135
sd_t_p_nsc sum: 0.0
prz_sigma_nsc max: 0.3
prz_t_p_nsc_req max: 2.1405
sd_t_p_rru sum: 0.0
prz_t_p_rru_min max: 1.02
sd_t_p_rrd sum: 0.0
prz_t_p_rrd_min max: 0.9774999999999999
sd_t_p_qru sum: 0.0
qrz_t_q_qru_min max: 0.0
sd_t_p_qrd sum: 0.0
qrz_t_q_qrd_min max: 0.0
function: get_connected_components, time: 0.0006735324859619141
function: get_bridges, time: 0.0015842914581298828
function: get_connected_components, time: 0.0003268718719482422
function: get_bridges, time: 0.001338958740234375
function: get_connected_components, time: 0.0003554821014404297
function: get_bridges, time: 0.0013353824615478516
function: get_connected_components, time: 0.0003223419189453125
function: get_bridges, time: 0.0013332366943359375
function: get_connected_components, time: 0.0003209114074707031
function: get_bridges, time: 0.0015075206756591797
function: get_connected_components, time: 0.00032210350036621094
function: get_bridges, time: 0.0013077259063720703
function: get_connected_components, time: 0.0003304481506347656
function: get_bridges, time: 0.001314401626586914
function: get_connected_components, time: 0.0003218650817871094
function: get_bridges, time: 0.001308441162109375
function: get_connected_components, time: 0.0003199577331542969
function: get_bridges, time: 0.0013089179992675781
function: get_connected_components, time: 0.0003170967102050781
function: get_bridges, time: 0.0013093948364257812
function: get_connected_components, time: 0.0003230571746826172
function: get_bridges, time: 0.001317739486694336
function: get_connected_components, time: 0.00031828880310058594
function: get_bridges, time: 0.0013124942779541016
function: get_connected_components, time: 0.0003178119659423828
function: get_bridges, time: 0.0013053417205810547
function: get_connected_components, time: 0.0003228187561035156
function: get_bridges, time: 0.001318216323852539
function: get_connected_components, time: 0.0003190040588378906
function: get_bridges, time: 0.0013222694396972656
function: get_connected_components, time: 0.0003190040588378906
function: get_bridges, time: 0.0013117790222167969
function: get_connected_components, time: 0.0003192424774169922
function: get_bridges, time: 0.0014696121215820312
function: get_connected_components, time: 0.0003247261047363281
function: get_bridges, time: 0.0013093948364257812
function: get_connected_components, time: 0.0003197193145751953
function: get_bridges, time: 0.0013127326965332031
function: get_connected_components, time: 0.0003190040588378906
function: get_bridges, time: 0.0013108253479003906
function: get_connected_components, time: 0.0003211498260498047
function: get_bridges, time: 0.001306772232055664
function: get_connected_components, time: 0.00032258033752441406
function: get_bridges, time: 0.001306295394897461
function: get_connected_components, time: 0.0003199577331542969
function: get_bridges, time: 0.0013089179992675781
function: get_connected_components, time: 0.00031876564025878906
function: get_bridges, time: 0.0013058185577392578
function: get_connected_components, time: 0.00032138824462890625
function: get_bridges, time: 0.001306295394897461
function: get_connected_components, time: 0.0003170967102050781
function: get_bridges, time: 0.0013070106506347656
function: get_connected_components, time: 0.00031876564025878906
function: get_bridges, time: 0.001302957534790039
function: get_connected_components, time: 0.0003218650817871094
function: get_bridges, time: 0.001306295394897461
function: get_connected_components, time: 0.0003178119659423828
function: get_bridges, time: 0.0014693737030029297
function: get_connected_components, time: 0.0003185272216796875
function: get_bridges, time: 0.001306772232055664
function: get_connected_components, time: 0.0003190040588378906
function: get_bridges, time: 0.0013041496276855469
function: get_connected_components, time: 0.0003199577331542969
function: get_bridges, time: 0.0012965202331542969
function: get_connected_components, time: 0.0003185272216796875
function: get_bridges, time: 0.0013043880462646484
function: get_connected_components, time: 0.0003178119659423828
function: get_bridges, time: 0.001299142837524414
function: get_connected_components, time: 0.00031828880310058594
function: get_bridges, time: 0.0013060569763183594
function: get_connected_components, time: 0.00032138824462890625
function: get_bridges, time: 0.0013058185577392578
function: get_connected_components, time: 0.00031828880310058594
function: get_bridges, time: 0.001306295394897461
function: get_connected_components, time: 0.00031685829162597656
function: get_bridges, time: 0.001306772232055664
function: get_connected_components, time: 0.00032019615173339844
function: get_bridges, time: 0.0013020038604736328
function: get_connected_components, time: 0.0003151893615722656
function: get_bridges, time: 0.0013041496276855469
function: get_connected_components, time: 0.0003178119659423828
function: get_bridges, time: 0.0014660358428955078
function: get_connected_components, time: 0.00031828880310058594
function: get_bridges, time: 0.001300811767578125
end of eval_connectedness(), memory info: {'rss bytes': 155381760, 'rss human': '148.2M', 'percent': 0.05752151548806419}
function: eval_connectedness, time: 0.07320141792297363
problem dimensions. bus: 73, acl: 105, xfr: 15, dcl: 1, k: 2, t: 42
construct static bus admittance matrix. time: 0.0013370513916015625
factor static bus admittance matrix. time: 0.0052337646484375
t_acl_delta_t: [array([], dtype=int64), array([], dtype=int64), array([], dtype=int64), array([], dtype=int64), array([], dtype=int64), array([], dtype=int64), array([], dtype=int64), array([], dtype=int64), array([], dtype=int64), array([], dtype=int64), array([], dtype=int64), array([], dtype=int64), array([], dtype=int64), array([], dtype=int64), array([], dtype=int64), array([], dtype=int64), array([], dtype=int64), array([], dtype=int64), array([], dtype=int64), array([], dtype=int64), array([], dtype=int64), array([], dtype=int64), array([], dtype=int64), array([], dtype=int64), array([], dtype=int64), array([], dtype=int64), array([], dtype=int64), array([], dtype=int64), array([], dtype=int64), array([], dtype=int64), array([], dtype=int64), array([], dtype=int64), array([], dtype=int64), array([], dtype=int64), array([], dtype=int64), array([], dtype=int64), array([], dtype=int64), array([], dtype=int64), array([], dtype=int64), array([], dtype=int64), array([], dtype=int64), array([], dtype=int64)], t_xfr_delta_t: [array([], dtype=int64), array([], dtype=int64), array([], dtype=int64), array([], dtype=int64), array([], dtype=int64), array([], dtype=int64), array([], dtype=int64), array([], dtype=int64), array([], dtype=int64), array([], dtype=int64), array([], dtype=int64), array([], dtype=int64), array([], dtype=int64), array([], dtype=int64), array([], dtype=int64), array([], dtype=int64), array([], dtype=int64), array([], dtype=int64), array([], dtype=int64), array([], dtype=int64), array([], dtype=int64), array([], dtype=int64), array([], dtype=int64), array([], dtype=int64), array([], dtype=int64), array([], dtype=int64), array([], dtype=int64), array([], dtype=int64), array([], dtype=int64), array([], dtype=int64), array([], dtype=int64), array([], dtype=int64), array([], dtype=int64), array([], dtype=int64), array([], dtype=int64), array([], dtype=int64), array([], dtype=int64), array([], dtype=int64), array([], dtype=int64), array([], dtype=int64), array([], dtype=int64), array([], dtype=int64)], t_br_delta_t: [array([], dtype=int64), array([], dtype=int64), array([], dtype=int64), array([], dtype=int64), array([], dtype=int64), array([], dtype=int64), array([], dtype=int64), array([], dtype=int64), array([], dtype=int64), array([], dtype=int64), array([], dtype=int64), array([], dtype=int64), array([], dtype=int64), array([], dtype=int64), array([], dtype=int64), array([], dtype=int64), array([], dtype=int64), array([], dtype=int64), array([], dtype=int64), array([], dtype=int64), array([], dtype=int64), array([], dtype=int64), array([], dtype=int64), array([], dtype=int64), array([], dtype=int64), array([], dtype=int64), array([], dtype=int64), array([], dtype=int64), array([], dtype=int64), array([], dtype=int64), array([], dtype=int64), array([], dtype=int64), array([], dtype=int64), array([], dtype=int64), array([], dtype=int64), array([], dtype=int64), array([], dtype=int64), array([], dtype=int64), array([], dtype=int64), array([], dtype=int64), array([], dtype=int64), array([], dtype=int64)], acl_delta_t: [], xfr_delta_t: [], br_delta_t: []
contingency delta branches. acl: 2, xfr: 0, dcl: 0
construct bus,t-indexed right hand side. time: 0.00012874603271484375
solve for base case bus,t-indexed theta. time: 0.10524439811706543
v_acl_k: [-0.02286434 -0.02447957]
acl_u[acl_delta_k]: [1 1]
num AC branches with possible violations in ACL contingencies: 0
num AC branches with possible violations in DCL contingencies: 0
num AC branches with possible violations in XFR contingencies: 0
t: 0, time: 0.0025949478149414062, memory_info: {'rss bytes': 204333056, 'rss human': '194.9M', 'percent': 0.07564302943554949}
v_acl_k: [-0.02286434 -0.02447957]
acl_u[acl_delta_k]: [1 1]
num AC branches with possible violations in ACL contingencies: 0
num AC branches with possible violations in DCL contingencies: 0
num AC branches with possible violations in XFR contingencies: 0
t: 1, time: 0.0014607906341552734, memory_info: {'rss bytes': 204333056, 'rss human': '194.9M', 'percent': 0.07564302943554949}
v_acl_k: [-0.02286434 -0.02447957]
acl_u[acl_delta_k]: [1 1]
num AC branches with possible violations in ACL contingencies: 0
num AC branches with possible violations in DCL contingencies: 0
num AC branches with possible violations in XFR contingencies: 0
t: 2, time: 0.0014240741729736328, memory_info: {'rss bytes': 204333056, 'rss human': '194.9M', 'percent': 0.07564302943554949}
v_acl_k: [-0.02286434 -0.02447957]
acl_u[acl_delta_k]: [1 1]
num AC branches with possible violations in ACL contingencies: 1
num AC branches with possible violations in DCL contingencies: 0
num AC branches with possible violations in XFR contingencies: 0
t: 3, time: 0.0014247894287109375, memory_info: {'rss bytes': 204333056, 'rss human': '194.9M', 'percent': 0.07564302943554949}
v_acl_k: [-0.02286434 -0.02447957]
acl_u[acl_delta_k]: [1 1]
num AC branches with possible violations in ACL contingencies: 0
num AC branches with possible violations in DCL contingencies: 0
num AC branches with possible violations in XFR contingencies: 0
t: 4, time: 0.001421213150024414, memory_info: {'rss bytes': 204333056, 'rss human': '194.9M', 'percent': 0.07564302943554949}
v_acl_k: [-0.02286434 -0.02447957]
acl_u[acl_delta_k]: [1 1]
num AC branches with possible violations in ACL contingencies: 0
num AC branches with possible violations in DCL contingencies: 0
num AC branches with possible violations in XFR contingencies: 0
t: 5, time: 0.0014154911041259766, memory_info: {'rss bytes': 204333056, 'rss human': '194.9M', 'percent': 0.07564302943554949}
v_acl_k: [-0.02286434 -0.02447957]
acl_u[acl_delta_k]: [1 1]
num AC branches with possible violations in ACL contingencies: 0
num AC branches with possible violations in DCL contingencies: 0
num AC branches with possible violations in XFR contingencies: 0
t: 6, time: 0.0014095306396484375, memory_info: {'rss bytes': 204333056, 'rss human': '194.9M', 'percent': 0.07564302943554949}
v_acl_k: [-0.02286434 -0.02447957]
acl_u[acl_delta_k]: [1 1]
num AC branches with possible violations in ACL contingencies: 0
num AC branches with possible violations in DCL contingencies: 0
num AC branches with possible violations in XFR contingencies: 0
t: 7, time: 0.0013992786407470703, memory_info: {'rss bytes': 204333056, 'rss human': '194.9M', 'percent': 0.07564302943554949}
v_acl_k: [-0.02286434 -0.02447957]
acl_u[acl_delta_k]: [1 1]
num AC branches with possible violations in ACL contingencies: 0
num AC branches with possible violations in DCL contingencies: 0
num AC branches with possible violations in XFR contingencies: 0
t: 8, time: 0.0014028549194335938, memory_info: {'rss bytes': 204333056, 'rss human': '194.9M', 'percent': 0.07564302943554949}
v_acl_k: [-0.02286434 -0.02447957]
acl_u[acl_delta_k]: [1 1]
num AC branches with possible violations in ACL contingencies: 0
num AC branches with possible violations in DCL contingencies: 0
num AC branches with possible violations in XFR contingencies: 0
t: 9, time: 0.0013890266418457031, memory_info: {'rss bytes': 204333056, 'rss human': '194.9M', 'percent': 0.07564302943554949}
v_acl_k: [-0.02286434 -0.02447957]
acl_u[acl_delta_k]: [1 1]
num AC branches with possible violations in ACL contingencies: 0
num AC branches with possible violations in DCL contingencies: 0
num AC branches with possible violations in XFR contingencies: 0
t: 10, time: 0.0014040470123291016, memory_info: {'rss bytes': 204333056, 'rss human': '194.9M', 'percent': 0.07564302943554949}
v_acl_k: [-0.02286434 -0.02447957]
acl_u[acl_delta_k]: [1 1]
num AC branches with possible violations in ACL contingencies: 0
num AC branches with possible violations in DCL contingencies: 0
num AC branches with possible violations in XFR contingencies: 0
t: 11, time: 0.001390695571899414, memory_info: {'rss bytes': 204333056, 'rss human': '194.9M', 'percent': 0.07564302943554949}
v_acl_k: [-0.02286434 -0.02447957]
acl_u[acl_delta_k]: [1 1]
num AC branches with possible violations in ACL contingencies: 0
num AC branches with possible violations in DCL contingencies: 0
num AC branches with possible violations in XFR contingencies: 0
t: 12, time: 0.0013976097106933594, memory_info: {'rss bytes': 204333056, 'rss human': '194.9M', 'percent': 0.07564302943554949}
v_acl_k: [-0.02286434 -0.02447957]
acl_u[acl_delta_k]: [1 1]
num AC branches with possible violations in ACL contingencies: 0
num AC branches with possible violations in DCL contingencies: 0
num AC branches with possible violations in XFR contingencies: 0
t: 13, time: 0.0013885498046875, memory_info: {'rss bytes': 204333056, 'rss human': '194.9M', 'percent': 0.07564302943554949}
v_acl_k: [-0.02286434 -0.02447957]
acl_u[acl_delta_k]: [1 1]
num AC branches with possible violations in ACL contingencies: 0
num AC branches with possible violations in DCL contingencies: 0
num AC branches with possible violations in XFR contingencies: 0
t: 14, time: 0.0013992786407470703, memory_info: {'rss bytes': 204333056, 'rss human': '194.9M', 'percent': 0.07564302943554949}
v_acl_k: [-0.02286434 -0.02447957]
acl_u[acl_delta_k]: [1 1]
num AC branches with possible violations in ACL contingencies: 0
num AC branches with possible violations in DCL contingencies: 0
num AC branches with possible violations in XFR contingencies: 0
t: 15, time: 0.0013823509216308594, memory_info: {'rss bytes': 204333056, 'rss human': '194.9M', 'percent': 0.07564302943554949}
v_acl_k: [-0.02286434 -0.02447957]
acl_u[acl_delta_k]: [1 1]
num AC branches with possible violations in ACL contingencies: 0
num AC branches with possible violations in DCL contingencies: 0
num AC branches with possible violations in XFR contingencies: 0
t: 16, time: 0.0013942718505859375, memory_info: {'rss bytes': 204333056, 'rss human': '194.9M', 'percent': 0.07564302943554949}
v_acl_k: [-0.02286434 -0.02447957]
acl_u[acl_delta_k]: [1 1]
num AC branches with possible violations in ACL contingencies: 1
num AC branches with possible violations in DCL contingencies: 1
num AC branches with possible violations in XFR contingencies: 1
t: 17, time: 0.0013842582702636719, memory_info: {'rss bytes': 204333056, 'rss human': '194.9M', 'percent': 0.07564302943554949}
v_acl_k: [-0.02286434 -0.02447957]
acl_u[acl_delta_k]: [1 1]
num AC branches with possible violations in ACL contingencies: 0
num AC branches with possible violations in DCL contingencies: 0
num AC branches with possible violations in XFR contingencies: 0
t: 18, time: 0.0013871192932128906, memory_info: {'rss bytes': 204333056, 'rss human': '194.9M', 'percent': 0.07564302943554949}
v_acl_k: [-0.02286434 -0.02447957]
acl_u[acl_delta_k]: [1 1]
num AC branches with possible violations in ACL contingencies: 0
num AC branches with possible violations in DCL contingencies: 0
num AC branches with possible violations in XFR contingencies: 0
t: 19, time: 0.0013833045959472656, memory_info: {'rss bytes': 204333056, 'rss human': '194.9M', 'percent': 0.07564302943554949}
v_acl_k: [-0.02286434 -0.02447957]
acl_u[acl_delta_k]: [1 1]
num AC branches with possible violations in ACL contingencies: 0
num AC branches with possible violations in DCL contingencies: 0
num AC branches with possible violations in XFR contingencies: 0
t: 20, time: 0.00139617919921875, memory_info: {'rss bytes': 204333056, 'rss human': '194.9M', 'percent': 0.07564302943554949}
v_acl_k: [-0.02286434 -0.02447957]
acl_u[acl_delta_k]: [1 1]
num AC branches with possible violations in ACL contingencies: 0
num AC branches with possible violations in DCL contingencies: 0
num AC branches with possible violations in XFR contingencies: 0
t: 21, time: 0.001371145248413086, memory_info: {'rss bytes': 204333056, 'rss human': '194.9M', 'percent': 0.07564302943554949}
v_acl_k: [-0.02286434 -0.02447957]
acl_u[acl_delta_k]: [1 1]
num AC branches with possible violations in ACL contingencies: 0
num AC branches with possible violations in DCL contingencies: 0
num AC branches with possible violations in XFR contingencies: 0
t: 22, time: 0.0013918876647949219, memory_info: {'rss bytes': 204333056, 'rss human': '194.9M', 'percent': 0.07564302943554949}
v_acl_k: [-0.02286434 -0.02447957]
acl_u[acl_delta_k]: [1 1]
num AC branches with possible violations in ACL contingencies: 0
num AC branches with possible violations in DCL contingencies: 0
num AC branches with possible violations in XFR contingencies: 0
t: 23, time: 0.001374959945678711, memory_info: {'rss bytes': 204333056, 'rss human': '194.9M', 'percent': 0.07564302943554949}
v_acl_k: [-0.02286434 -0.02447957]
acl_u[acl_delta_k]: [1 1]
num AC branches with possible violations in ACL contingencies: 0
num AC branches with possible violations in DCL contingencies: 0
num AC branches with possible violations in XFR contingencies: 0
t: 24, time: 0.0013921260833740234, memory_info: {'rss bytes': 204333056, 'rss human': '194.9M', 'percent': 0.07564302943554949}
v_acl_k: [-0.02286434 -0.02447957]
acl_u[acl_delta_k]: [1 1]
num AC branches with possible violations in ACL contingencies: 0
num AC branches with possible violations in DCL contingencies: 0
num AC branches with possible violations in XFR contingencies: 0
t: 25, time: 0.0013759136199951172, memory_info: {'rss bytes': 204333056, 'rss human': '194.9M', 'percent': 0.07564302943554949}
v_acl_k: [-0.02286434 -0.02447957]
acl_u[acl_delta_k]: [1 1]
num AC branches with possible violations in ACL contingencies: 0
num AC branches with possible violations in DCL contingencies: 0
num AC branches with possible violations in XFR contingencies: 0
t: 26, time: 0.001392364501953125, memory_info: {'rss bytes': 204333056, 'rss human': '194.9M', 'percent': 0.07564302943554949}
v_acl_k: [-0.02286434 -0.02447957]
acl_u[acl_delta_k]: [1 1]
num AC branches with possible violations in ACL contingencies: 0
num AC branches with possible violations in DCL contingencies: 0
num AC branches with possible violations in XFR contingencies: 0
t: 27, time: 0.0013728141784667969, memory_info: {'rss bytes': 204333056, 'rss human': '194.9M', 'percent': 0.07564302943554949}
v_acl_k: [-0.02286434 -0.02447957]
acl_u[acl_delta_k]: [1 1]
num AC branches with possible violations in ACL contingencies: 0
num AC branches with possible violations in DCL contingencies: 0
num AC branches with possible violations in XFR contingencies: 0
t: 28, time: 0.0013949871063232422, memory_info: {'rss bytes': 204333056, 'rss human': '194.9M', 'percent': 0.07564302943554949}
v_acl_k: [-0.02286434 -0.02447957]
acl_u[acl_delta_k]: [1 1]
num AC branches with possible violations in ACL contingencies: 0
num AC branches with possible violations in DCL contingencies: 0
num AC branches with possible violations in XFR contingencies: 0
t: 29, time: 0.001378774642944336, memory_info: {'rss bytes': 204333056, 'rss human': '194.9M', 'percent': 0.07564302943554949}
v_acl_k: [-0.02286434 -0.02447957]
acl_u[acl_delta_k]: [1 1]
num AC branches with possible violations in ACL contingencies: 0
num AC branches with possible violations in DCL contingencies: 0
num AC branches with possible violations in XFR contingencies: 0
t: 30, time: 0.0013904571533203125, memory_info: {'rss bytes': 204333056, 'rss human': '194.9M', 'percent': 0.07564302943554949}
v_acl_k: [-0.02286434 -0.02447957]
acl_u[acl_delta_k]: [1 1]
num AC branches with possible violations in ACL contingencies: 0
num AC branches with possible violations in DCL contingencies: 0
num AC branches with possible violations in XFR contingencies: 0
t: 31, time: 0.0013720989227294922, memory_info: {'rss bytes': 204333056, 'rss human': '194.9M', 'percent': 0.07564302943554949}
v_acl_k: [-0.02286434 -0.02447957]
acl_u[acl_delta_k]: [1 1]
num AC branches with possible violations in ACL contingencies: 0
num AC branches with possible violations in DCL contingencies: 0
num AC branches with possible violations in XFR contingencies: 0
t: 32, time: 0.0013873577117919922, memory_info: {'rss bytes': 204333056, 'rss human': '194.9M', 'percent': 0.07564302943554949}
v_acl_k: [-0.02286434 -0.02447957]
acl_u[acl_delta_k]: [1 1]
num AC branches with possible violations in ACL contingencies: 0
num AC branches with possible violations in DCL contingencies: 0
num AC branches with possible violations in XFR contingencies: 0
t: 33, time: 0.0013725757598876953, memory_info: {'rss bytes': 204333056, 'rss human': '194.9M', 'percent': 0.07564302943554949}
v_acl_k: [-0.02286434 -0.02447957]
acl_u[acl_delta_k]: [1 1]
num AC branches with possible violations in ACL contingencies: 0
num AC branches with possible violations in DCL contingencies: 0
num AC branches with possible violations in XFR contingencies: 0
t: 34, time: 0.0013859272003173828, memory_info: {'rss bytes': 204333056, 'rss human': '194.9M', 'percent': 0.07564302943554949}
v_acl_k: [-0.02286434 -0.02447957]
acl_u[acl_delta_k]: [1 1]
num AC branches with possible violations in ACL contingencies: 0
num AC branches with possible violations in DCL contingencies: 0
num AC branches with possible violations in XFR contingencies: 0
t: 35, time: 0.0013725757598876953, memory_info: {'rss bytes': 204333056, 'rss human': '194.9M', 'percent': 0.07564302943554949}
v_acl_k: [-0.02286434 -0.02447957]
acl_u[acl_delta_k]: [1 1]
num AC branches with possible violations in ACL contingencies: 0
num AC branches with possible violations in DCL contingencies: 0
num AC branches with possible violations in XFR contingencies: 0
t: 36, time: 0.001384735107421875, memory_info: {'rss bytes': 204333056, 'rss human': '194.9M', 'percent': 0.07564302943554949}
v_acl_k: [-0.02286434 -0.02447957]
acl_u[acl_delta_k]: [1 1]
num AC branches with possible violations in ACL contingencies: 0
num AC branches with possible violations in DCL contingencies: 0
num AC branches with possible violations in XFR contingencies: 0
t: 37, time: 0.001373291015625, memory_info: {'rss bytes': 204333056, 'rss human': '194.9M', 'percent': 0.07564302943554949}
v_acl_k: [-0.02286434 -0.02447957]
acl_u[acl_delta_k]: [1 1]
num AC branches with possible violations in ACL contingencies: 1
num AC branches with possible violations in DCL contingencies: 1
num AC branches with possible violations in XFR contingencies: 1
t: 38, time: 0.0013861656188964844, memory_info: {'rss bytes': 204333056, 'rss human': '194.9M', 'percent': 0.07564302943554949}
v_acl_k: [-0.02286434 -0.02447957]
acl_u[acl_delta_k]: [1 1]
num AC branches with possible violations in ACL contingencies: 0
num AC branches with possible violations in DCL contingencies: 0
num AC branches with possible violations in XFR contingencies: 0
t: 39, time: 0.0013756752014160156, memory_info: {'rss bytes': 204333056, 'rss human': '194.9M', 'percent': 0.07564302943554949}
v_acl_k: [-0.02286434 -0.02447957]
acl_u[acl_delta_k]: [1 1]
num AC branches with possible violations in ACL contingencies: 0
num AC branches with possible violations in DCL contingencies: 0
num AC branches with possible violations in XFR contingencies: 0
t: 40, time: 0.0013892650604248047, memory_info: {'rss bytes': 204333056, 'rss human': '194.9M', 'percent': 0.07564302943554949}
v_acl_k: [-0.02286434 -0.02447957]
acl_u[acl_delta_k]: [1 1]
num AC branches with possible violations in ACL contingencies: 0
num AC branches with possible violations in DCL contingencies: 0
num AC branches with possible violations in XFR contingencies: 0
t: 41, time: 0.0013742446899414062, memory_info: {'rss bytes': 204333056, 'rss human': '194.9M', 'percent': 0.07564302943554949}
initialize_m_w_time: 0.0004069805145263672
compute_static_w_time: 6.222724914550781e-05
get_time_varying_branch_characteristics_time: 0.0007884502410888672
construct_a_t_time: 0.012562274932861328
factor_a_t_time: 0.008407115936279297
compute_w_with_t_a_solve_time: 0.0016758441925048828
compute_v_t_time: 6.4373016357421875e-06
compute_w_with_t_smw_time: 5.4836273193359375e-06
compute_v_time: 0.006971836090087891
compute_bus_theta_with_t_a_solve_time: 0.0007379055023193359
compute_bus_theta_with_t_smw_time: 4.0531158447265625e-06
compute_br_p_time: 0.003182649612426758
apply_w_v_wt_time: 0.0005729198455810547
compute_bus_dtheta_rhs_dcl_k_time: 0.003551006317138672
compute_w_v_wt_xfr_k_time: 0.003824472427368164
compute_bus_dtheta_rhs_xfr_k_time: 4.76837158203125e-06
compute_br_acl_delta_k_p_delta_time: 0.0025177001953125
compute_br_dcl_delta_k_p_delta_time: 0.002117156982421875
compute_br_xfr_delta_k_p_delta_time: 0.002100229263305664
filter_branches_acl_k_time: 0.0021927356719970703
filter_branches_dcl_k_time: 0.0009613037109375
filter_branches_xfr_k_time: 0.0008664131164550781
compute_br_acl_delta_k_p_time: 0.00023746490478515625
compute_br_dcl_delta_k_p_time: 0.00013399124145507812
compute_br_xfr_delta_k_p_time: 0.0001277923583984375
compute_br_acl_delta_k_s_over_time: 0.0013570785522460938
compute_br_dcl_delta_k_s_over_time: 0.0006067752838134766
compute_br_xfr_delta_k_s_over_time: 0.000579833984375
zero_out_time: 0.00017070770263671875
get_max_br_acl_delta_k_s_over_time: 0.0011868476867675781
get_max_br_dcl_delta_k_s_over_time: 5.245208740234375e-06
get_max_br_xfr_delta_k_s_over_time: 3.5762786865234375e-06
compute_br_k_z_time: 0.0010404586791992188
collect_penalties_into_obj_array_time: 0.0004265308380126953
end of contingency model method 1, memory info: {'rss bytes': 204333056, 'rss human': '194.9M', 'percent': 0.07564302943554949}
function: eval_post_contingency_model, time: 0.18093442916870117
function: eval_post_contingency_model, time: 0.18094086647033691
function: run, time: 0.27843427658081055
after solution_evaluator.run(), memory info: {'rss bytes': 204333056, 'rss human': '194.9M', 'percent': 0.07564302943554949}
evaluation summary:
{'feas': 1,
 'infeas': 0,
 'info_i_i_k_t_disconnected_ctg': {'idx': {0: None, 1: None, 2: None, 3: None},
                                   'val': 0},
 'info_i_i_t_disconnected_base': {'idx': {0: None, 1: None, 2: None}, 'val': 0},
 'phys_feas': 0,
 'sum_acl_t_u_sd': 0,
 'sum_acl_t_u_su': 0,
 'sum_acl_t_z_s': 0.0,
 'sum_acl_t_z_sd': 0.0,
 'sum_acl_t_z_su': 0.0,
 'sum_bus_t_z_p': 18063763402.467377,
 'sum_bus_t_z_q': 11448796695.184887,
 'sum_cs_t_z_p': -0.0,
 'sum_pr_t_z_p': 0.0,
 'sum_prz_t_z_nsc': 9111.219088665603,
 'sum_prz_t_z_rgd': 0.0,
 'sum_prz_t_z_rgu': 0.0,
 'sum_prz_t_z_rrd': 11.373000000000001,
 'sum_prz_t_z_rru': 12.511000000000001,
 'sum_prz_t_z_scr': 28947.102312948005,
 'sum_qrz_t_z_qrd': 0.0,
 'sum_qrz_t_z_qru': 0.0,
 'sum_sd_t_sd': 0,
 'sum_sd_t_su': 61,
 'sum_sd_t_z_nsc': 0.0,
 'sum_sd_t_z_on': 0.0,
 'sum_sd_t_z_qrd': 0.0,
 'sum_sd_t_z_qru': 0.0,
 'sum_sd_t_z_rgd': 0.0,
 'sum_sd_t_z_rgu': 0.0,
 'sum_sd_t_z_rrd_off': 0.0,
 'sum_sd_t_z_rrd_on': 0.0,
 'sum_sd_t_z_rru_off': 0.0,
 'sum_sd_t_z_rru_on': 0.0,
 'sum_sd_t_z_scr': 0.0,
 'sum_sd_t_z_sd': 0.0,
 'sum_sd_t_z_su': 0.0,
 'sum_sd_t_z_sus': 0.0,
 'sum_xfr_t_u_sd': 0,
 'sum_xfr_t_u_su': 0,
 'sum_xfr_t_z_s': 0.0,
 'sum_xfr_t_z_sd': 0.0,
 'sum_xfr_t_z_su': 0.0,
 'time_connectedness': 0.07305049896240234,
 'time_post_contingency': 0.1809394359588623,
 'time_run': 0.27843308448791504,
 'total_switches': 0,
 'viol_acl_acl_t_s_max_ctg': {'idx': {0: 'acl_100', 1: 'acl_102', 2: 38},
                              'val': 0.004261355867723138},
 'viol_acl_dcl_t_s_max_ctg': {'idx': {0: None, 1: None, 2: None}, 'val': 0.0},
 'viol_acl_t_s_max': {'idx': {0: 'acl_000', 1: 0}, 'val': 0.0},
 'viol_acl_t_u_sd_max': {'idx': {0: 'acl_000', 1: 0}, 'val': 0},
 'viol_acl_t_u_su_max': {'idx': {0: 'acl_000', 1: 0}, 'val': 0},
 'viol_acl_xfr_t_s_max_ctg': {'idx': {0: None, 1: None, 2: None}, 'val': 0.0},
 'viol_bus_t_p_balance_max': {'idx': {0: 'bus_55', 1: 0},
                              'val': 6.600014981956657},
 'viol_bus_t_p_balance_min': {'idx': {0: 'bus_19', 1: 0},
                              'val': -6.910624759434709},
 'viol_bus_t_q_balance_max': {'idx': {0: 'bus_41', 1: 0},
                              'val': 0.8199418027720068},
 'viol_bus_t_q_balance_min': {'idx': {0: 'bus_53', 1: 0},
                              'val': -9.345961455185739},
 'viol_bus_t_v_max': {'idx': {0: 'bus_00', 1: 0}, 'val': 0.0},
 'viol_bus_t_v_min': {'idx': {0: 'bus_00', 1: 0}, 'val': 0.0},
 'viol_cs_t_p_off_max': {'idx': {0: 'sd_154', 1: 0}, 'val': 0.0},
 'viol_cs_t_p_off_min': {'idx': {0: 'sd_154', 1: 0}, 'val': 0.0},
 'viol_cs_t_p_on_max': {'idx': {0: 'sd_154', 1: 0}, 'val': 0.0},
 'viol_cs_t_p_on_min': {'idx': {0: 'sd_154', 1: 0}, 'val': 0.0},
 'viol_cs_t_q_max': {'idx': {0: 'sd_154', 1: 0}, 'val': 0.0},
 'viol_cs_t_q_min': {'idx': {0: 'sd_154', 1: 0}, 'val': 0.0},
 'viol_cs_t_q_p_max': {'idx': {0: None, 1: None}, 'val': None},
 'viol_cs_t_q_p_min': {'idx': {0: None, 1: None}, 'val': None},
 'viol_dcl_t_p_max': {'idx': {0: 'dcl_0', 1: 0}, 'val': 0.0},
 'viol_dcl_t_p_min': {'idx': {0: 'dcl_0', 1: 0}, 'val': 0.0},
 'viol_dcl_t_q_fr_max': {'idx': {0: 'dcl_0', 1: 0}, 'val': 0.0},
 'viol_dcl_t_q_fr_min': {'idx': {0: 'dcl_0', 1: 0}, 'val': 0.0},
 'viol_dcl_t_q_to_max': {'idx': {0: 'dcl_0', 1: 0}, 'val': 0.0},
 'viol_dcl_t_q_to_min': {'idx': {0: 'dcl_0', 1: 0}, 'val': 0.0},
 'viol_pr_t_p_off_max': {'idx': {0: 'sd_000', 1: 0}, 'val': 0.0},
 'viol_pr_t_p_off_min': {'idx': {0: 'sd_000', 1: 0}, 'val': 0.0},
 'viol_pr_t_p_on_max': {'idx': {0: 'sd_000', 1: 0}, 'val': 0.0},
 'viol_pr_t_p_on_min': {'idx': {0: 'sd_000', 1: 0}, 'val': 0.0},
 'viol_pr_t_q_max': {'idx': {0: 'sd_000', 1: 0}, 'val': 0.0},
 'viol_pr_t_q_min': {'idx': {0: 'sd_000', 1: 0}, 'val': 0.0},
 'viol_pr_t_q_p_max': {'idx': {0: None, 1: None}, 'val': None},
 'viol_pr_t_q_p_min': {'idx': {0: None, 1: None}, 'val': None},
 'viol_prz_t_p_nsc_balance': {'idx': {0: 'prz_0', 1: 0}, 'val': 2.854},
 'viol_prz_t_p_rgd_balance': {'idx': {0: 'prz_0', 1: 0}, 'val': 0.0},
 'viol_prz_t_p_rgu_balance': {'idx': {0: 'prz_0', 1: 0}, 'val': 0.0},
 'viol_prz_t_p_rrd_balance': {'idx': {0: 'prz_0', 1: 8},
                              'val': 0.9774999999999999},
 'viol_prz_t_p_rru_balance': {'idx': {0: 'prz_0', 1: 15}, 'val': 1.02},
 'viol_prz_t_p_scr_balance': {'idx': {0: 'prz_0', 1: 0}, 'val': 0.7135},
 'viol_qrz_t_q_qrd_balance': {'idx': {0: 'qrz_0', 1: 0}, 'val': 0.0},
 'viol_qrz_t_q_qru_balance': {'idx': {0: 'qrz_0', 1: 0}, 'val': 0.0},
 'viol_sd_max_energy_constr': {'idx': {0: 'sd_000', 1: 0}, 'val': 0.0},
 'viol_sd_max_startup_constr': {'idx': {0: 'sd_000', 1: 0}, 'val': 0},
 'viol_sd_min_energy_constr': {'idx': {0: 'sd_000', 1: 0}, 'val': 0.0},
 'viol_sd_t_d_dn_min': {'idx': {0: 'sd_000', 1: 0}, 'val': 0},
 'viol_sd_t_d_up_min': {'idx': {0: 'sd_000', 1: 0}, 'val': 0},
 'viol_sd_t_p_nsc_max': {'idx': {0: 'sd_000', 1: 0}, 'val': 0.0},
 'viol_sd_t_p_nsc_nonneg': {'idx': {0: 'sd_000', 1: 0}, 'val': -0.0},
 'viol_sd_t_p_ramp_dn_max': {'idx': {0: 'sd_000', 1: 0}, 'val': 0.0},
 'viol_sd_t_p_ramp_up_max': {'idx': {0: 'sd_000', 1: 0}, 'val': 0.0},
 'viol_sd_t_p_rgd_max': {'idx': {0: 'sd_000', 1: 0}, 'val': 0.0},
 'viol_sd_t_p_rgd_nonneg': {'idx': {0: 'sd_000', 1: 0}, 'val': -0.0},
 'viol_sd_t_p_rgu_max': {'idx': {0: 'sd_000', 1: 0}, 'val': 0.0},
 'viol_sd_t_p_rgu_nonneg': {'idx': {0: 'sd_000', 1: 0}, 'val': -0.0},
 'viol_sd_t_p_rrd_off_max': {'idx': {0: 'sd_000', 1: 0}, 'val': 0.0},
 'viol_sd_t_p_rrd_off_nonneg': {'idx': {0: 'sd_000', 1: 0}, 'val': -0.0},
 'viol_sd_t_p_rrd_on_max': {'idx': {0: 'sd_000', 1: 0}, 'val': 0.0},
 'viol_sd_t_p_rrd_on_nonneg': {'idx': {0: 'sd_000', 1: 0}, 'val': -0.0},
 'viol_sd_t_p_rru_off_max': {'idx': {0: 'sd_000', 1: 0}, 'val': 0.0},
 'viol_sd_t_p_rru_off_nonneg': {'idx': {0: 'sd_000', 1: 0}, 'val': -0.0},
 'viol_sd_t_p_rru_on_max': {'idx': {0: 'sd_000', 1: 0}, 'val': 0.0},
 'viol_sd_t_p_rru_on_nonneg': {'idx': {0: 'sd_000', 1: 0}, 'val': -0.0},
 'viol_sd_t_p_scr_max': {'idx': {0: 'sd_000', 1: 0}, 'val': 0.0},
 'viol_sd_t_p_scr_nonneg': {'idx': {0: 'sd_000', 1: 0}, 'val': -0.0},
 'viol_sd_t_q_qrd_nonneg': {'idx': {0: 'sd_000', 1: 0}, 'val': -0.0},
 'viol_sd_t_q_qru_nonneg': {'idx': {0: 'sd_000', 1: 0}, 'val': -0.0},
 'viol_sd_t_u_on_max': {'idx': {0: 'sd_000', 1: 0}, 'val': 0},
 'viol_sd_t_u_on_min': {'idx': {0: 'sd_000', 1: 0}, 'val': 0},
 'viol_sh_t_u_st_max': {'idx': {0: 'sh_00', 1: 0}, 'val': 0},
 'viol_sh_t_u_st_min': {'idx': {0: 'sh_00', 1: 0}, 'val': 0},
 'viol_t_connected_base': {'idx': {0: 0}, 'val': 0},
 'viol_t_connected_ctg': {'idx': {0: 0}, 'val': 0},
 'viol_xfr_acl_t_s_max_ctg': {'idx': {0: None, 1: None, 2: None}, 'val': 0.0},
 'viol_xfr_dcl_t_s_max_ctg': {'idx': {0: None, 1: None, 2: None}, 'val': 0.0},
 'viol_xfr_t_phi_max': {'idx': {0: 'xfr_00', 1: 0}, 'val': 0.0},
 'viol_xfr_t_phi_min': {'idx': {0: 'xfr_00', 1: 0}, 'val': 0.0},
 'viol_xfr_t_s_max': {'idx': {0: 'xfr_00', 1: 0}, 'val': 0.0},
 'viol_xfr_t_tau_max': {'idx': {0: 'xfr_00', 1: 0}, 'val': 0.0},
 'viol_xfr_t_tau_min': {'idx': {0: 'xfr_00', 1: 0}, 'val': 0.0},
 'viol_xfr_t_u_sd_max': {'idx': {0: 'xfr_00', 1: 0}, 'val': 0},
 'viol_xfr_t_u_su_max': {'idx': {0: 'xfr_00', 1: 0}, 'val': 0},
 'viol_xfr_xfr_t_s_max_ctg': {'idx': {0: None, 1: None, 2: None}, 'val': 0.0},
 'z': -29512598201.29115,
 'z_base': -29512598179.857662,
 'z_cost': 0.0,
 'z_k_average_case': -8.889956037501978,
 'z_k_worst_case': -12.543525794501686,
 'z_max_energy': 0.0,
 'z_min_energy': 0.0,
 'z_penalty': 29512598179.857666,
 'z_value': -0.0}
infeasibility summary:
{}
feas: 1
obj: -29512598201.29115
evaluate solution time: 0.28573107719421387
end of check_data(), memory info: {'rss bytes': 204857344, 'rss human': '195.4M', 'percent': 0.07583711811308928}
