/rcfs/dtn/arpacomp/.conda/envs/goc_eval/lib/python3.10/site-packages/scipy/sparse/linalg/_dsolve/linsolve.py:347: SparseEfficiencyWarning: splu converted its input to CSC format
  warn('splu converted its input to CSC format', SparseEfficiencyWarning)
args:
Namespace(problem_opt=None, problem='/qfs/projects/goc/share/data/C3/E3.1/D3//C3E3N00073D3/scenario_238.json_scrubbed.json', solution='/qfs/projects/goc/share/data/C3/E3.1/D3//C3E3N00073D3/scenario_238.json.pop_solution.json', configuration=None, parameters='{}', summary_csv='summary.csv', summary_json='summary.json', data_errors='data_errors.txt', ignored_errors='ignored_errors.txt', solution_errors='solution_errors.txt', pop_solution=None, scrubbed_problem=None)
problem data file: /qfs/projects/goc/share/data/C3/E3.1/D3//C3E3N00073D3/scenario_238.json_scrubbed.json

pop solution data file: None

solution data file: /qfs/projects/goc/share/data/C3/E3.1/D3//C3E3N00073D3/scenario_238.json.pop_solution.json

git info: {'C3DataUtilities': {'branch': 'main', 'commit': '59dd7f47974aa54c2f26998163730b14ab3a6b97', 'date': 'Wed Jun 7 09:10:06 2023 -0700', 'query_return_code': 0, 'query_err': '', 'branch_return_code': 0, 'branch_err': '', 'query_path': '/qfs/projects/goc/share/loadbalancing/src/nonmpi-template/Challenge3/C3DataUtilities/datautilities', 'query_out': 'commit 59dd7f47974aa54c2f26998163730b14ab3a6b97\nAuthor: Jesse T Holzer <jesse.holzer@pnnl.gov>\nDate:   Wed Jun 7 09:10:06 2023 -0700\n\n    add git branch to summary output\n', 'branch_out': '  dev\n* main\n'}, 'Bid-DS-data-model': {'branch': None, 'commit': None, 'date': None, 'query_return_code': 128, 'query_err': 'fatal: Not a git repository (or any parent up to mount point /rcfs)\nStopping at filesystem boundary (GIT_DISCOVERY_ACROSS_FILESYSTEM not set).\n', 'branch_return_code': None, 'branch_err': None, 'query_path': '/rcfs/dtn/arpacomp/.conda/envs/goc_eval/lib/python3.10/site-packages/datamodel', 'query_out': ''}}

after reading problem without validation, memory info: {'rss bytes': 131215360, 'rss human': '125.1M', 'percent': 0.04857524050771415}
read problem data file without validation time: 0.0622560977935791
after reading problem with validation, memory info: {'rss bytes': 149913600, 'rss human': '143.0M', 'percent': 0.055497231234035826}
load time: 0.46508145332336426
{'error_diagnostics': '',
 'general': {'base_norm_mva': 100.0,
             'day_type': None,
             'electricity_demand': None,
             'net_load': None,
             'season': None,
             'solar_availability': None,
             'timestamp_start': None,
             'timestamp_stop': None,
             'vre_availability': None,
             'weather_temperature': None,
             'wind_availability': None},
 'interval durations': [4.0,
                        4.0,
                        4.0,
                        4.0,
                        4.0,
                        4.0,
                        4.0,
                        4.0,
                        4.0,
                        4.0,
                        4.0,
                        4.0,
                        4.0,
                        4.0,
                        4.0,
                        4.0,
                        4.0,
                        4.0,
                        4.0,
                        4.0,
                        4.0,
                        4.0,
                        4.0,
                        4.0,
                        4.0,
                        4.0,
                        4.0,
                        4.0,
                        4.0,
                        4.0,
                        4.0,
                        4.0,
                        4.0,
                        4.0,
                        4.0,
                        4.0,
                        4.0,
                        4.0,
                        4.0,
                        4.0,
                        4.0,
                        4.0],
 'num ac lines': 105,
 'num buses': 73,
 'num consuming devices': 51,
 'num contingencies': 2,
 'num dc lines': 1,
 'num intervals': 42,
 'num producing devices': 154,
 'num reactive power reserve zones': 1,
 'num real power reserve zones': 1,
 'num shunts': 73,
 'num simple dispatchable devices': 205,
 'num transformers': 15,
 'total duration': 168.0,
 'violation costs': {'e_vio_cost': 900000.0,
                     'p_bus_vio_cost': 1000000.0,
                     'q_bus_vio_cost': 1000000.0,
                     's_vio_cost': 500.0}}
after read solution without validation, memory info: {'rss bytes': 153157632, 'rss human': '146.1M', 'percent': 0.056698154926313325}
read solution data file without validation time: 0.014670372009277344
after read solution with validation, memory info: {'rss bytes': 159645696, 'rss human': '152.2M', 'percent': 0.05910000231086832}
solution load time: 0.21731042861938477
after solution_model_checks(), memory info: {'rss bytes': 159645696, 'rss human': '152.2M', 'percent': 0.05910000231086832}
solution model_checks time: 0.0012297630310058594
{'error_diagnostics': ''}
after problem_data_array.set_from_data_model(), memory info: {'rss bytes': 162590720, 'rss human': '155.1M', 'percent': 0.0601902348042364}
convert problem data to numpy arrays time: 0.04231715202331543
after solution_data_array.set_from_data_model(), memory info: {'rss bytes': 163401728, 'rss human': '155.8M', 'percent': 0.060490465727305764}
convert solution data to numpy arrays time: 0.0066716670989990234
function: set_summary, time: 0.00015664100646972656
function: set_problem, time: 7.152557373046875e-07
function: set_solution, time: 4.5299530029296875e-06
function: set_solution_zero, time: 0.00016689300537109375
function: set_work_zero, time: 0.0001533031463623047
function: set_matrices, time: 0.0033714771270751953
function: __init__, time: 0.003877878189086914
function: eval_sd_t_d_up_dn, time: 0.0007524490356445312
function: eval_sd_max_startup, time: 0.002406597137451172
function: eval_sd_t_z_sus, time: 0.001485586166381836
function: eval_acl_t_p_q_fr_to, time: 0.00044727325439453125
function: eval_xfr_t_p_q_fr_to, time: 0.000118255615234375
function: eval_sd_t_su_sd_trajectories, time: 0.0001277923583984375
function: eval_sd_max_energy, time: 0.0013387203216552734
function: eval_sd_min_energy, time: 0.0013206005096435547
function: eval_sd_t_z_p, time: 0.009891986846923828
function: eval_bus_t_p, time: 0.0006566047668457031
function: eval_bus_t_q, time: 0.00015735626220703125
sd_t_p_rgu sum: 0.0
prz_sigma_rgu max: 0.03
prz_t_p_rgu_req max: 0.0
sd_t_p_rgd sum: 0.0
prz_sigma_rgd max: 0.03
prz_t_p_rgd_req max: 0.0
sd_t_p_scr sum: 0.0
prz_sigma_scr max: 0.1
prz_t_p_scr_req max: 0.8469999
sd_t_p_nsc sum: 0.0
prz_sigma_nsc max: 0.3
prz_t_p_nsc_req max: 2.5409997
sd_t_p_rru sum: 0.0
prz_t_p_rru_min max: 1.02
sd_t_p_rrd sum: 0.0
prz_t_p_rrd_min max: 0.9774999999999999
sd_t_p_qru sum: 0.0
qrz_t_q_qru_min max: 0.0
sd_t_p_qrd sum: 0.0
qrz_t_q_qrd_min max: 0.0
function: get_connected_components, time: 0.0006763935089111328
function: get_bridges, time: 0.001589059829711914
function: get_connected_components, time: 0.0003371238708496094
function: get_bridges, time: 0.0013513565063476562
function: get_connected_components, time: 0.00032782554626464844
function: get_bridges, time: 0.0013437271118164062
function: get_connected_components, time: 0.00032782554626464844
function: get_bridges, time: 0.0013461112976074219
function: get_connected_components, time: 0.00032639503479003906
function: get_bridges, time: 0.0015151500701904297
function: get_connected_components, time: 0.00032782554626464844
function: get_bridges, time: 0.001325845718383789
function: get_connected_components, time: 0.0003304481506347656
function: get_bridges, time: 0.0013170242309570312
function: get_connected_components, time: 0.0003256797790527344
function: get_bridges, time: 0.0013284683227539062
function: get_connected_components, time: 0.0003235340118408203
function: get_bridges, time: 0.001323699951171875
function: get_connected_components, time: 0.0003294944763183594
function: get_bridges, time: 0.0013294219970703125
function: get_connected_components, time: 0.0003268718719482422
function: get_bridges, time: 0.0013275146484375
function: get_connected_components, time: 0.0003223419189453125
function: get_bridges, time: 0.0013294219970703125
function: get_connected_components, time: 0.0003235340118408203
function: get_bridges, time: 0.0013263225555419922
function: get_connected_components, time: 0.00032901763916015625
function: get_bridges, time: 0.001329660415649414
function: get_connected_components, time: 0.0003235340118408203
function: get_bridges, time: 0.001329183578491211
function: get_connected_components, time: 0.0003230571746826172
function: get_bridges, time: 0.0013248920440673828
function: get_connected_components, time: 0.0003237724304199219
function: get_bridges, time: 0.0014879703521728516
function: get_connected_components, time: 0.0003285408020019531
function: get_bridges, time: 0.0013110637664794922
function: get_connected_components, time: 0.0003287792205810547
function: get_bridges, time: 0.001312255859375
function: get_connected_components, time: 0.00032329559326171875
function: get_bridges, time: 0.0013172626495361328
function: get_connected_components, time: 0.00032448768615722656
function: get_bridges, time: 0.0013153553009033203
function: get_connected_components, time: 0.0003275871276855469
function: get_bridges, time: 0.0013203620910644531
function: get_connected_components, time: 0.0003254413604736328
function: get_bridges, time: 0.0013282299041748047
function: get_connected_components, time: 0.0003254413604736328
function: get_bridges, time: 0.0013227462768554688
function: get_connected_components, time: 0.000324249267578125
function: get_bridges, time: 0.0013208389282226562
function: get_connected_components, time: 0.00032806396484375
function: get_bridges, time: 0.0013191699981689453
function: get_connected_components, time: 0.0003237724304199219
function: get_bridges, time: 0.0013194084167480469
function: get_connected_components, time: 0.00032401084899902344
function: get_bridges, time: 0.0013234615325927734
function: get_connected_components, time: 0.0003256797790527344
function: get_bridges, time: 0.0014934539794921875
function: get_connected_components, time: 0.0003273487091064453
function: get_bridges, time: 0.0013163089752197266
function: get_connected_components, time: 0.0003228187561035156
function: get_bridges, time: 0.001361846923828125
function: get_connected_components, time: 0.0003287792205810547
function: get_bridges, time: 0.0013132095336914062
function: get_connected_components, time: 0.00032329559326171875
function: get_bridges, time: 0.0013270378112792969
function: get_connected_components, time: 0.00032806396484375
function: get_bridges, time: 0.0013232231140136719
function: get_connected_components, time: 0.0003228187561035156
function: get_bridges, time: 0.0013222694396972656
function: get_connected_components, time: 0.00032329559326171875
function: get_bridges, time: 0.0013191699981689453
function: get_connected_components, time: 0.0003285408020019531
function: get_bridges, time: 0.0013442039489746094
function: get_connected_components, time: 0.00032329559326171875
function: get_bridges, time: 0.0013272762298583984
function: get_connected_components, time: 0.0003223419189453125
function: get_bridges, time: 0.0013248920440673828
function: get_connected_components, time: 0.00032329559326171875
function: get_bridges, time: 0.0013246536254882812
function: get_connected_components, time: 0.00032520294189453125
function: get_bridges, time: 0.0014879703521728516
function: get_connected_components, time: 0.0003266334533691406
function: get_bridges, time: 0.0013175010681152344
end of eval_connectedness(), memory info: {'rss bytes': 165539840, 'rss human': '157.9M', 'percent': 0.06128198361539776}
function: eval_connectedness, time: 0.07413125038146973
problem dimensions. bus: 73, acl: 105, xfr: 15, dcl: 1, k: 2, t: 42
construct static bus admittance matrix. time: 0.0009202957153320312
factor static bus admittance matrix. time: 0.00443267822265625
t_acl_delta_t: [array([], dtype=int64), array([], dtype=int64), array([], dtype=int64), array([], dtype=int64), array([], dtype=int64), array([], dtype=int64), array([], dtype=int64), array([], dtype=int64), array([], dtype=int64), array([], dtype=int64), array([], dtype=int64), array([], dtype=int64), array([], dtype=int64), array([], dtype=int64), array([], dtype=int64), array([], dtype=int64), array([], dtype=int64), array([], dtype=int64), array([], dtype=int64), array([], dtype=int64), array([], dtype=int64), array([], dtype=int64), array([], dtype=int64), array([], dtype=int64), array([], dtype=int64), array([], dtype=int64), array([], dtype=int64), array([], dtype=int64), array([], dtype=int64), array([], dtype=int64), array([], dtype=int64), array([], dtype=int64), array([], dtype=int64), array([], dtype=int64), array([], dtype=int64), array([], dtype=int64), array([], dtype=int64), array([], dtype=int64), array([], dtype=int64), array([], dtype=int64), array([], dtype=int64), array([], dtype=int64)], t_xfr_delta_t: [array([], dtype=int64), array([], dtype=int64), array([], dtype=int64), array([], dtype=int64), array([], dtype=int64), array([], dtype=int64), array([], dtype=int64), array([], dtype=int64), array([], dtype=int64), array([], dtype=int64), array([], dtype=int64), array([], dtype=int64), array([], dtype=int64), array([], dtype=int64), array([], dtype=int64), array([], dtype=int64), array([], dtype=int64), array([], dtype=int64), array([], dtype=int64), array([], dtype=int64), array([], dtype=int64), array([], dtype=int64), array([], dtype=int64), array([], dtype=int64), array([], dtype=int64), array([], dtype=int64), array([], dtype=int64), array([], dtype=int64), array([], dtype=int64), array([], dtype=int64), array([], dtype=int64), array([], dtype=int64), array([], dtype=int64), array([], dtype=int64), array([], dtype=int64), array([], dtype=int64), array([], dtype=int64), array([], dtype=int64), array([], dtype=int64), array([], dtype=int64), array([], dtype=int64), array([], dtype=int64)], t_br_delta_t: [array([], dtype=int64), array([], dtype=int64), array([], dtype=int64), array([], dtype=int64), array([], dtype=int64), array([], dtype=int64), array([], dtype=int64), array([], dtype=int64), array([], dtype=int64), array([], dtype=int64), array([], dtype=int64), array([], dtype=int64), array([], dtype=int64), array([], dtype=int64), array([], dtype=int64), array([], dtype=int64), array([], dtype=int64), array([], dtype=int64), array([], dtype=int64), array([], dtype=int64), array([], dtype=int64), array([], dtype=int64), array([], dtype=int64), array([], dtype=int64), array([], dtype=int64), array([], dtype=int64), array([], dtype=int64), array([], dtype=int64), array([], dtype=int64), array([], dtype=int64), array([], dtype=int64), array([], dtype=int64), array([], dtype=int64), array([], dtype=int64), array([], dtype=int64), array([], dtype=int64), array([], dtype=int64), array([], dtype=int64), array([], dtype=int64), array([], dtype=int64), array([], dtype=int64), array([], dtype=int64)], acl_delta_t: [], xfr_delta_t: [], br_delta_t: []
contingency delta branches. acl: 2, xfr: 0, dcl: 0
construct bus,t-indexed right hand side. time: 0.00013494491577148438
solve for base case bus,t-indexed theta. time: 0.07759928703308105
v_acl_k: [-0.02286434 -0.02447957]
acl_u[acl_delta_k]: [1 1]
num AC branches with possible violations in ACL contingencies: 8
num AC branches with possible violations in DCL contingencies: 8
num AC branches with possible violations in XFR contingencies: 8
t: 0, time: 0.002452850341796875, memory_info: {'rss bytes': 218804224, 'rss human': '208.7M', 'percent': 0.08100018019920655}
v_acl_k: [-0.02286434 -0.02447957]
acl_u[acl_delta_k]: [1 1]
num AC branches with possible violations in ACL contingencies: 9
num AC branches with possible violations in DCL contingencies: 9
num AC branches with possible violations in XFR contingencies: 9
t: 1, time: 0.0015301704406738281, memory_info: {'rss bytes': 218804224, 'rss human': '208.7M', 'percent': 0.08100018019920655}
v_acl_k: [-0.02286434 -0.02447957]
acl_u[acl_delta_k]: [1 1]
num AC branches with possible violations in ACL contingencies: 8
num AC branches with possible violations in DCL contingencies: 8
num AC branches with possible violations in XFR contingencies: 8
t: 2, time: 0.0014348030090332031, memory_info: {'rss bytes': 218804224, 'rss human': '208.7M', 'percent': 0.08100018019920655}
v_acl_k: [-0.02286434 -0.02447957]
acl_u[acl_delta_k]: [1 1]
num AC branches with possible violations in ACL contingencies: 2
num AC branches with possible violations in DCL contingencies: 2
num AC branches with possible violations in XFR contingencies: 2
t: 3, time: 0.0014362335205078125, memory_info: {'rss bytes': 218804224, 'rss human': '208.7M', 'percent': 0.08100018019920655}
v_acl_k: [-0.02286434 -0.02447957]
acl_u[acl_delta_k]: [1 1]
num AC branches with possible violations in ACL contingencies: 2
num AC branches with possible violations in DCL contingencies: 2
num AC branches with possible violations in XFR contingencies: 2
t: 4, time: 0.0014221668243408203, memory_info: {'rss bytes': 218804224, 'rss human': '208.7M', 'percent': 0.08100018019920655}
v_acl_k: [-0.02286434 -0.02447957]
acl_u[acl_delta_k]: [1 1]
num AC branches with possible violations in ACL contingencies: 2
num AC branches with possible violations in DCL contingencies: 2
num AC branches with possible violations in XFR contingencies: 2
t: 5, time: 0.0014090538024902344, memory_info: {'rss bytes': 218804224, 'rss human': '208.7M', 'percent': 0.08100018019920655}
v_acl_k: [-0.02286434 -0.02447957]
acl_u[acl_delta_k]: [1 1]
num AC branches with possible violations in ACL contingencies: 8
num AC branches with possible violations in DCL contingencies: 8
num AC branches with possible violations in XFR contingencies: 8
t: 6, time: 0.0014197826385498047, memory_info: {'rss bytes': 218804224, 'rss human': '208.7M', 'percent': 0.08100018019920655}
v_acl_k: [-0.02286434 -0.02447957]
acl_u[acl_delta_k]: [1 1]
num AC branches with possible violations in ACL contingencies: 6
num AC branches with possible violations in DCL contingencies: 6
num AC branches with possible violations in XFR contingencies: 6
t: 7, time: 0.001409769058227539, memory_info: {'rss bytes': 218804224, 'rss human': '208.7M', 'percent': 0.08100018019920655}
v_acl_k: [-0.02286434 -0.02447957]
acl_u[acl_delta_k]: [1 1]
num AC branches with possible violations in ACL contingencies: 6
num AC branches with possible violations in DCL contingencies: 6
num AC branches with possible violations in XFR contingencies: 6
t: 8, time: 0.0014166831970214844, memory_info: {'rss bytes': 218804224, 'rss human': '208.7M', 'percent': 0.08100018019920655}
v_acl_k: [-0.02286434 -0.02447957]
acl_u[acl_delta_k]: [1 1]
num AC branches with possible violations in ACL contingencies: 2
num AC branches with possible violations in DCL contingencies: 2
num AC branches with possible violations in XFR contingencies: 2
t: 9, time: 0.001409292221069336, memory_info: {'rss bytes': 218804224, 'rss human': '208.7M', 'percent': 0.08100018019920655}
v_acl_k: [-0.02286434 -0.02447957]
acl_u[acl_delta_k]: [1 1]
num AC branches with possible violations in ACL contingencies: 2
num AC branches with possible violations in DCL contingencies: 2
num AC branches with possible violations in XFR contingencies: 2
t: 10, time: 0.001409769058227539, memory_info: {'rss bytes': 218804224, 'rss human': '208.7M', 'percent': 0.08100018019920655}
v_acl_k: [-0.02286434 -0.02447957]
acl_u[acl_delta_k]: [1 1]
num AC branches with possible violations in ACL contingencies: 2
num AC branches with possible violations in DCL contingencies: 2
num AC branches with possible violations in XFR contingencies: 2
t: 11, time: 0.0014014244079589844, memory_info: {'rss bytes': 218804224, 'rss human': '208.7M', 'percent': 0.08100018019920655}
v_acl_k: [-0.02286434 -0.02447957]
acl_u[acl_delta_k]: [1 1]
num AC branches with possible violations in ACL contingencies: 4
num AC branches with possible violations in DCL contingencies: 4
num AC branches with possible violations in XFR contingencies: 4
t: 12, time: 0.0014159679412841797, memory_info: {'rss bytes': 218804224, 'rss human': '208.7M', 'percent': 0.08100018019920655}
v_acl_k: [-0.02286434 -0.02447957]
acl_u[acl_delta_k]: [1 1]
num AC branches with possible violations in ACL contingencies: 4
num AC branches with possible violations in DCL contingencies: 4
num AC branches with possible violations in XFR contingencies: 4
t: 13, time: 0.0014004707336425781, memory_info: {'rss bytes': 218804224, 'rss human': '208.7M', 'percent': 0.08100018019920655}
v_acl_k: [-0.02286434 -0.02447957]
acl_u[acl_delta_k]: [1 1]
num AC branches with possible violations in ACL contingencies: 4
num AC branches with possible violations in DCL contingencies: 4
num AC branches with possible violations in XFR contingencies: 4
t: 14, time: 0.0014047622680664062, memory_info: {'rss bytes': 218804224, 'rss human': '208.7M', 'percent': 0.08100018019920655}
v_acl_k: [-0.02286434 -0.02447957]
acl_u[acl_delta_k]: [1 1]
num AC branches with possible violations in ACL contingencies: 1
num AC branches with possible violations in DCL contingencies: 1
num AC branches with possible violations in XFR contingencies: 1
t: 15, time: 0.0013942718505859375, memory_info: {'rss bytes': 218804224, 'rss human': '208.7M', 'percent': 0.08100018019920655}
v_acl_k: [-0.02286434 -0.02447957]
acl_u[acl_delta_k]: [1 1]
num AC branches with possible violations in ACL contingencies: 2
num AC branches with possible violations in DCL contingencies: 2
num AC branches with possible violations in XFR contingencies: 2
t: 16, time: 0.0014023780822753906, memory_info: {'rss bytes': 218804224, 'rss human': '208.7M', 'percent': 0.08100018019920655}
v_acl_k: [-0.02286434 -0.02447957]
acl_u[acl_delta_k]: [1 1]
num AC branches with possible violations in ACL contingencies: 2
num AC branches with possible violations in DCL contingencies: 2
num AC branches with possible violations in XFR contingencies: 2
t: 17, time: 0.0013942718505859375, memory_info: {'rss bytes': 218804224, 'rss human': '208.7M', 'percent': 0.08100018019920655}
v_acl_k: [-0.02286434 -0.02447957]
acl_u[acl_delta_k]: [1 1]
num AC branches with possible violations in ACL contingencies: 5
num AC branches with possible violations in DCL contingencies: 5
num AC branches with possible violations in XFR contingencies: 5
t: 18, time: 0.0014040470123291016, memory_info: {'rss bytes': 218804224, 'rss human': '208.7M', 'percent': 0.08100018019920655}
v_acl_k: [-0.02286434 -0.02447957]
acl_u[acl_delta_k]: [1 1]
num AC branches with possible violations in ACL contingencies: 4
num AC branches with possible violations in DCL contingencies: 4
num AC branches with possible violations in XFR contingencies: 4
t: 19, time: 0.0013871192932128906, memory_info: {'rss bytes': 218804224, 'rss human': '208.7M', 'percent': 0.08100018019920655}
v_acl_k: [-0.02286434 -0.02447957]
acl_u[acl_delta_k]: [1 1]
num AC branches with possible violations in ACL contingencies: 8
num AC branches with possible violations in DCL contingencies: 8
num AC branches with possible violations in XFR contingencies: 8
t: 20, time: 0.001397848129272461, memory_info: {'rss bytes': 218804224, 'rss human': '208.7M', 'percent': 0.08100018019920655}
v_acl_k: [-0.02286434 -0.02447957]
acl_u[acl_delta_k]: [1 1]
num AC branches with possible violations in ACL contingencies: 2
num AC branches with possible violations in DCL contingencies: 2
num AC branches with possible violations in XFR contingencies: 2
t: 21, time: 0.0013828277587890625, memory_info: {'rss bytes': 218804224, 'rss human': '208.7M', 'percent': 0.08100018019920655}
v_acl_k: [-0.02286434 -0.02447957]
acl_u[acl_delta_k]: [1 1]
num AC branches with possible violations in ACL contingencies: 2
num AC branches with possible violations in DCL contingencies: 2
num AC branches with possible violations in XFR contingencies: 2
t: 22, time: 0.0013933181762695312, memory_info: {'rss bytes': 218804224, 'rss human': '208.7M', 'percent': 0.08100018019920655}
v_acl_k: [-0.02286434 -0.02447957]
acl_u[acl_delta_k]: [1 1]
num AC branches with possible violations in ACL contingencies: 2
num AC branches with possible violations in DCL contingencies: 2
num AC branches with possible violations in XFR contingencies: 2
t: 23, time: 0.001386404037475586, memory_info: {'rss bytes': 218804224, 'rss human': '208.7M', 'percent': 0.08100018019920655}
v_acl_k: [-0.02286434 -0.02447957]
acl_u[acl_delta_k]: [1 1]
num AC branches with possible violations in ACL contingencies: 7
num AC branches with possible violations in DCL contingencies: 7
num AC branches with possible violations in XFR contingencies: 7
t: 24, time: 0.0013930797576904297, memory_info: {'rss bytes': 218804224, 'rss human': '208.7M', 'percent': 0.08100018019920655}
v_acl_k: [-0.02286434 -0.02447957]
acl_u[acl_delta_k]: [1 1]
num AC branches with possible violations in ACL contingencies: 7
num AC branches with possible violations in DCL contingencies: 7
num AC branches with possible violations in XFR contingencies: 7
t: 25, time: 0.0013859272003173828, memory_info: {'rss bytes': 218804224, 'rss human': '208.7M', 'percent': 0.08100018019920655}
v_acl_k: [-0.02286434 -0.02447957]
acl_u[acl_delta_k]: [1 1]
num AC branches with possible violations in ACL contingencies: 7
num AC branches with possible violations in DCL contingencies: 7
num AC branches with possible violations in XFR contingencies: 7
t: 26, time: 0.0013971328735351562, memory_info: {'rss bytes': 218804224, 'rss human': '208.7M', 'percent': 0.08100018019920655}
v_acl_k: [-0.02286434 -0.02447957]
acl_u[acl_delta_k]: [1 1]
num AC branches with possible violations in ACL contingencies: 2
num AC branches with possible violations in DCL contingencies: 2
num AC branches with possible violations in XFR contingencies: 2
t: 27, time: 0.0013904571533203125, memory_info: {'rss bytes': 218804224, 'rss human': '208.7M', 'percent': 0.08100018019920655}
v_acl_k: [-0.02286434 -0.02447957]
acl_u[acl_delta_k]: [1 1]
num AC branches with possible violations in ACL contingencies: 2
num AC branches with possible violations in DCL contingencies: 2
num AC branches with possible violations in XFR contingencies: 2
t: 28, time: 0.0013911724090576172, memory_info: {'rss bytes': 218804224, 'rss human': '208.7M', 'percent': 0.08100018019920655}
v_acl_k: [-0.02286434 -0.02447957]
acl_u[acl_delta_k]: [1 1]
num AC branches with possible violations in ACL contingencies: 1
num AC branches with possible violations in DCL contingencies: 1
num AC branches with possible violations in XFR contingencies: 1
t: 29, time: 0.0013861656188964844, memory_info: {'rss bytes': 218804224, 'rss human': '208.7M', 'percent': 0.08100018019920655}
v_acl_k: [-0.02286434 -0.02447957]
acl_u[acl_delta_k]: [1 1]
num AC branches with possible violations in ACL contingencies: 3
num AC branches with possible violations in DCL contingencies: 3
num AC branches with possible violations in XFR contingencies: 3
t: 30, time: 0.0013880729675292969, memory_info: {'rss bytes': 218804224, 'rss human': '208.7M', 'percent': 0.08100018019920655}
v_acl_k: [-0.02286434 -0.02447957]
acl_u[acl_delta_k]: [1 1]
num AC branches with possible violations in ACL contingencies: 2
num AC branches with possible violations in DCL contingencies: 2
num AC branches with possible violations in XFR contingencies: 2
t: 31, time: 0.0013823509216308594, memory_info: {'rss bytes': 218804224, 'rss human': '208.7M', 'percent': 0.08100018019920655}
v_acl_k: [-0.02286434 -0.02447957]
acl_u[acl_delta_k]: [1 1]
num AC branches with possible violations in ACL contingencies: 3
num AC branches with possible violations in DCL contingencies: 3
num AC branches with possible violations in XFR contingencies: 3
t: 32, time: 0.0013899803161621094, memory_info: {'rss bytes': 218804224, 'rss human': '208.7M', 'percent': 0.08100018019920655}
v_acl_k: [-0.02286434 -0.02447957]
acl_u[acl_delta_k]: [1 1]
num AC branches with possible violations in ACL contingencies: 2
num AC branches with possible violations in DCL contingencies: 2
num AC branches with possible violations in XFR contingencies: 2
t: 33, time: 0.0013878345489501953, memory_info: {'rss bytes': 218804224, 'rss human': '208.7M', 'percent': 0.08100018019920655}
v_acl_k: [-0.02286434 -0.02447957]
acl_u[acl_delta_k]: [1 1]
num AC branches with possible violations in ACL contingencies: 2
num AC branches with possible violations in DCL contingencies: 2
num AC branches with possible violations in XFR contingencies: 2
t: 34, time: 0.0013890266418457031, memory_info: {'rss bytes': 218804224, 'rss human': '208.7M', 'percent': 0.08100018019920655}
v_acl_k: [-0.02286434 -0.02447957]
acl_u[acl_delta_k]: [1 1]
num AC branches with possible violations in ACL contingencies: 1
num AC branches with possible violations in DCL contingencies: 1
num AC branches with possible violations in XFR contingencies: 1
t: 35, time: 0.0013856887817382812, memory_info: {'rss bytes': 218804224, 'rss human': '208.7M', 'percent': 0.08100018019920655}
v_acl_k: [-0.02286434 -0.02447957]
acl_u[acl_delta_k]: [1 1]
num AC branches with possible violations in ACL contingencies: 3
num AC branches with possible violations in DCL contingencies: 3
num AC branches with possible violations in XFR contingencies: 3
t: 36, time: 0.0013806819915771484, memory_info: {'rss bytes': 218804224, 'rss human': '208.7M', 'percent': 0.08100018019920655}
v_acl_k: [-0.02286434 -0.02447957]
acl_u[acl_delta_k]: [1 1]
num AC branches with possible violations in ACL contingencies: 3
num AC branches with possible violations in DCL contingencies: 3
num AC branches with possible violations in XFR contingencies: 3
t: 37, time: 0.0013849735260009766, memory_info: {'rss bytes': 218804224, 'rss human': '208.7M', 'percent': 0.08100018019920655}
v_acl_k: [-0.02286434 -0.02447957]
acl_u[acl_delta_k]: [1 1]
num AC branches with possible violations in ACL contingencies: 4
num AC branches with possible violations in DCL contingencies: 4
num AC branches with possible violations in XFR contingencies: 4
t: 38, time: 0.0013909339904785156, memory_info: {'rss bytes': 218804224, 'rss human': '208.7M', 'percent': 0.08100018019920655}
v_acl_k: [-0.02286434 -0.02447957]
acl_u[acl_delta_k]: [1 1]
num AC branches with possible violations in ACL contingencies: 2
num AC branches with possible violations in DCL contingencies: 2
num AC branches with possible violations in XFR contingencies: 2
t: 39, time: 0.0013840198516845703, memory_info: {'rss bytes': 218804224, 'rss human': '208.7M', 'percent': 0.08100018019920655}
v_acl_k: [-0.02286434 -0.02447957]
acl_u[acl_delta_k]: [1 1]
num AC branches with possible violations in ACL contingencies: 2
num AC branches with possible violations in DCL contingencies: 2
num AC branches with possible violations in XFR contingencies: 2
t: 40, time: 0.0013904571533203125, memory_info: {'rss bytes': 218804224, 'rss human': '208.7M', 'percent': 0.08100018019920655}
v_acl_k: [-0.02286434 -0.02447957]
acl_u[acl_delta_k]: [1 1]
num AC branches with possible violations in ACL contingencies: 2
num AC branches with possible violations in DCL contingencies: 1
num AC branches with possible violations in XFR contingencies: 1
t: 41, time: 0.0013918876647949219, memory_info: {'rss bytes': 218804224, 'rss human': '208.7M', 'percent': 0.08100018019920655}
initialize_m_w_time: 0.0004036426544189453
compute_static_w_time: 6.198883056640625e-05
get_time_varying_branch_characteristics_time: 0.0008091926574707031
construct_a_t_time: 0.01263427734375
factor_a_t_time: 0.008598089218139648
compute_w_with_t_a_solve_time: 0.0017170906066894531
compute_v_t_time: 5.0067901611328125e-06
compute_w_with_t_smw_time: 4.76837158203125e-06
compute_v_time: 0.006903409957885742
compute_bus_theta_with_t_a_solve_time: 0.0007050037384033203
compute_bus_theta_with_t_smw_time: 5.245208740234375e-06
compute_br_p_time: 0.0030667781829833984
apply_w_v_wt_time: 0.0005517005920410156
compute_bus_dtheta_rhs_dcl_k_time: 0.0035424232482910156
compute_w_v_wt_xfr_k_time: 0.003920316696166992
compute_bus_dtheta_rhs_xfr_k_time: 4.5299530029296875e-06
compute_br_acl_delta_k_p_delta_time: 0.0025911331176757812
compute_br_dcl_delta_k_p_delta_time: 0.0021257400512695312
compute_br_xfr_delta_k_p_delta_time: 0.0020787715911865234
filter_branches_acl_k_time: 0.0022039413452148438
filter_branches_dcl_k_time: 0.0009610652923583984
filter_branches_xfr_k_time: 0.0008785724639892578
compute_br_acl_delta_k_p_time: 0.00023365020751953125
compute_br_dcl_delta_k_p_time: 0.00012993812561035156
compute_br_xfr_delta_k_p_time: 0.00012111663818359375
compute_br_acl_delta_k_s_over_time: 0.0013396739959716797
compute_br_dcl_delta_k_s_over_time: 0.0006005764007568359
compute_br_xfr_delta_k_s_over_time: 0.0005774497985839844
zero_out_time: 0.00016880035400390625
get_max_br_acl_delta_k_s_over_time: 0.0012023448944091797
get_max_br_dcl_delta_k_s_over_time: 5.9604644775390625e-06
get_max_br_xfr_delta_k_s_over_time: 5.4836273193359375e-06
compute_br_k_z_time: 0.0010418891906738281
collect_penalties_into_obj_array_time: 0.00042748451232910156
end of contingency model method 1, memory info: {'rss bytes': 218804224, 'rss human': '208.7M', 'percent': 0.08100018019920655}
function: eval_post_contingency_model, time: 0.15263867378234863
function: eval_post_contingency_model, time: 0.15264558792114258
function: run, time: 0.25090670585632324
after solution_evaluator.run(), memory info: {'rss bytes': 218804224, 'rss human': '208.7M', 'percent': 0.08100018019920655}
evaluation summary:
{'feas': 1,
 'infeas': 0,
 'info_i_i_k_t_disconnected_ctg': {'idx': {0: None, 1: None, 2: None, 3: None},
                                   'val': 0},
 'info_i_i_t_disconnected_base': {'idx': {0: None, 1: None, 2: None}, 'val': 0},
 'phys_feas': 0,
 'sum_acl_t_u_sd': 0,
 'sum_acl_t_u_su': 0,
 'sum_acl_t_z_s': 0.0,
 'sum_acl_t_z_sd': 0.0,
 'sum_acl_t_z_su': 0.0,
 'sum_bus_t_z_p': 21349264255.653927,
 'sum_bus_t_z_q': 11448796695.184887,
 'sum_cs_t_z_p': -0.0,
 'sum_pr_t_z_p': 0.0,
 'sum_prz_t_z_nsc': 12037.29386112,
 'sum_prz_t_z_rgd': 0.0,
 'sum_prz_t_z_rgu': 0.0,
 'sum_prz_t_z_rrd': 11.373000000000001,
 'sum_prz_t_z_rru': 12.511000000000001,
 'sum_prz_t_z_scr': 38243.485704599996,
 'sum_qrz_t_z_qrd': 0.0,
 'sum_qrz_t_z_qru': 0.0,
 'sum_sd_t_sd': 0,
 'sum_sd_t_su': 61,
 'sum_sd_t_z_nsc': 0.0,
 'sum_sd_t_z_on': 0.0,
 'sum_sd_t_z_qrd': 0.0,
 'sum_sd_t_z_qru': 0.0,
 'sum_sd_t_z_rgd': 0.0,
 'sum_sd_t_z_rgu': 0.0,
 'sum_sd_t_z_rrd_off': 0.0,
 'sum_sd_t_z_rrd_on': 0.0,
 'sum_sd_t_z_rru_off': 0.0,
 'sum_sd_t_z_rru_on': 0.0,
 'sum_sd_t_z_scr': 0.0,
 'sum_sd_t_z_sd': 0.0,
 'sum_sd_t_z_su': 0.0,
 'sum_sd_t_z_sus': 0.0,
 'sum_xfr_t_u_sd': 0,
 'sum_xfr_t_u_su': 0,
 'sum_xfr_t_z_s': 0.0,
 'sum_xfr_t_z_sd': 0.0,
 'sum_xfr_t_z_su': 0.0,
 'time_connectedness': 0.07398438453674316,
 'time_post_contingency': 0.15264415740966797,
 'time_run': 0.25090551376342773,
 'total_switches': 0,
 'viol_acl_acl_t_s_max_ctg': {'idx': {0: 'acl_065', 1: 'acl_003', 2: 0},
                              'val': 5.617185799059335},
 'viol_acl_dcl_t_s_max_ctg': {'idx': {0: None, 1: None, 2: None}, 'val': 0.0},
 'viol_acl_t_s_max': {'idx': {0: 'acl_000', 1: 0}, 'val': 0.0},
 'viol_acl_t_u_sd_max': {'idx': {0: 'acl_000', 1: 0}, 'val': 0},
 'viol_acl_t_u_su_max': {'idx': {0: 'acl_000', 1: 0}, 'val': 0},
 'viol_acl_xfr_t_s_max_ctg': {'idx': {0: None, 1: None, 2: None}, 'val': 0.0},
 'viol_bus_t_p_balance_max': {'idx': {0: 'bus_55', 1: 0},
                              'val': 6.600014981956657},
 'viol_bus_t_p_balance_min': {'idx': {0: 'bus_19', 1: 0},
                              'val': -10.269986059434709},
 'viol_bus_t_q_balance_max': {'idx': {0: 'bus_41', 1: 0},
                              'val': 0.8199418027720068},
 'viol_bus_t_q_balance_min': {'idx': {0: 'bus_53', 1: 0},
                              'val': -9.345961455185739},
 'viol_bus_t_v_max': {'idx': {0: 'bus_00', 1: 0}, 'val': 0.0},
 'viol_bus_t_v_min': {'idx': {0: 'bus_00', 1: 0}, 'val': 0.0},
 'viol_cs_t_p_off_max': {'idx': {0: 'sd_154', 1: 0}, 'val': 0.0},
 'viol_cs_t_p_off_min': {'idx': {0: 'sd_154', 1: 0}, 'val': 0.0},
 'viol_cs_t_p_on_max': {'idx': {0: 'sd_154', 1: 0}, 'val': 0.0},
 'viol_cs_t_p_on_min': {'idx': {0: 'sd_154', 1: 0}, 'val': 0.0},
 'viol_cs_t_q_max': {'idx': {0: 'sd_154', 1: 0}, 'val': 0.0},
 'viol_cs_t_q_min': {'idx': {0: 'sd_154', 1: 0}, 'val': 0.0},
 'viol_cs_t_q_p_max': {'idx': {0: None, 1: None}, 'val': None},
 'viol_cs_t_q_p_min': {'idx': {0: None, 1: None}, 'val': None},
 'viol_dcl_t_p_max': {'idx': {0: 'dcl_0', 1: 0}, 'val': 0.0},
 'viol_dcl_t_p_min': {'idx': {0: 'dcl_0', 1: 0}, 'val': 0.0},
 'viol_dcl_t_q_fr_max': {'idx': {0: 'dcl_0', 1: 0}, 'val': 0.0},
 'viol_dcl_t_q_fr_min': {'idx': {0: 'dcl_0', 1: 0}, 'val': 0.0},
 'viol_dcl_t_q_to_max': {'idx': {0: 'dcl_0', 1: 0}, 'val': 0.0},
 'viol_dcl_t_q_to_min': {'idx': {0: 'dcl_0', 1: 0}, 'val': 0.0},
 'viol_pr_t_p_off_max': {'idx': {0: 'sd_000', 1: 0}, 'val': 0.0},
 'viol_pr_t_p_off_min': {'idx': {0: 'sd_000', 1: 0}, 'val': 0.0},
 'viol_pr_t_p_on_max': {'idx': {0: 'sd_000', 1: 0}, 'val': 0.0},
 'viol_pr_t_p_on_min': {'idx': {0: 'sd_000', 1: 0}, 'val': 0.0},
 'viol_pr_t_q_max': {'idx': {0: 'sd_000', 1: 0}, 'val': 0.0},
 'viol_pr_t_q_min': {'idx': {0: 'sd_000', 1: 0}, 'val': 0.0},
 'viol_pr_t_q_p_max': {'idx': {0: None, 1: None}, 'val': None},
 'viol_pr_t_q_p_min': {'idx': {0: None, 1: None}, 'val': None},
 'viol_prz_t_p_nsc_balance': {'idx': {0: 'prz_0', 1: 0}, 'val': 3.3879996},
 'viol_prz_t_p_rgd_balance': {'idx': {0: 'prz_0', 1: 0}, 'val': 0.0},
 'viol_prz_t_p_rgu_balance': {'idx': {0: 'prz_0', 1: 0}, 'val': 0.0},
 'viol_prz_t_p_rrd_balance': {'idx': {0: 'prz_0', 1: 8},
                              'val': 0.9774999999999999},
 'viol_prz_t_p_rru_balance': {'idx': {0: 'prz_0', 1: 15}, 'val': 1.02},
 'viol_prz_t_p_scr_balance': {'idx': {0: 'prz_0', 1: 0}, 'val': 0.8469999},
 'viol_qrz_t_q_qrd_balance': {'idx': {0: 'qrz_0', 1: 0}, 'val': 0.0},
 'viol_qrz_t_q_qru_balance': {'idx': {0: 'qrz_0', 1: 0}, 'val': 0.0},
 'viol_sd_max_energy_constr': {'idx': {0: 'sd_000', 1: 0}, 'val': 0.0},
 'viol_sd_max_startup_constr': {'idx': {0: 'sd_000', 1: 0}, 'val': 0},
 'viol_sd_min_energy_constr': {'idx': {0: 'sd_000', 1: 0}, 'val': 0.0},
 'viol_sd_t_d_dn_min': {'idx': {0: 'sd_000', 1: 0}, 'val': 0},
 'viol_sd_t_d_up_min': {'idx': {0: 'sd_000', 1: 0}, 'val': 0},
 'viol_sd_t_p_nsc_max': {'idx': {0: 'sd_000', 1: 0}, 'val': 0.0},
 'viol_sd_t_p_nsc_nonneg': {'idx': {0: 'sd_000', 1: 0}, 'val': -0.0},
 'viol_sd_t_p_ramp_dn_max': {'idx': {0: 'sd_000', 1: 0}, 'val': 0.0},
 'viol_sd_t_p_ramp_up_max': {'idx': {0: 'sd_000', 1: 0}, 'val': 0.0},
 'viol_sd_t_p_rgd_max': {'idx': {0: 'sd_000', 1: 0}, 'val': 0.0},
 'viol_sd_t_p_rgd_nonneg': {'idx': {0: 'sd_000', 1: 0}, 'val': -0.0},
 'viol_sd_t_p_rgu_max': {'idx': {0: 'sd_000', 1: 0}, 'val': 0.0},
 'viol_sd_t_p_rgu_nonneg': {'idx': {0: 'sd_000', 1: 0}, 'val': -0.0},
 'viol_sd_t_p_rrd_off_max': {'idx': {0: 'sd_000', 1: 0}, 'val': 0.0},
 'viol_sd_t_p_rrd_off_nonneg': {'idx': {0: 'sd_000', 1: 0}, 'val': -0.0},
 'viol_sd_t_p_rrd_on_max': {'idx': {0: 'sd_000', 1: 0}, 'val': 0.0},
 'viol_sd_t_p_rrd_on_nonneg': {'idx': {0: 'sd_000', 1: 0}, 'val': -0.0},
 'viol_sd_t_p_rru_off_max': {'idx': {0: 'sd_000', 1: 0}, 'val': 0.0},
 'viol_sd_t_p_rru_off_nonneg': {'idx': {0: 'sd_000', 1: 0}, 'val': -0.0},
 'viol_sd_t_p_rru_on_max': {'idx': {0: 'sd_000', 1: 0}, 'val': 0.0},
 'viol_sd_t_p_rru_on_nonneg': {'idx': {0: 'sd_000', 1: 0}, 'val': -0.0},
 'viol_sd_t_p_scr_max': {'idx': {0: 'sd_000', 1: 0}, 'val': 0.0},
 'viol_sd_t_p_scr_nonneg': {'idx': {0: 'sd_000', 1: 0}, 'val': -0.0},
 'viol_sd_t_q_qrd_nonneg': {'idx': {0: 'sd_000', 1: 0}, 'val': -0.0},
 'viol_sd_t_q_qru_nonneg': {'idx': {0: 'sd_000', 1: 0}, 'val': -0.0},
 'viol_sd_t_u_on_max': {'idx': {0: 'sd_000', 1: 0}, 'val': 0},
 'viol_sd_t_u_on_min': {'idx': {0: 'sd_000', 1: 0}, 'val': 0},
 'viol_sh_t_u_st_max': {'idx': {0: 'sh_00', 1: 0}, 'val': 0},
 'viol_sh_t_u_st_min': {'idx': {0: 'sh_00', 1: 0}, 'val': 0},
 'viol_t_connected_base': {'idx': {0: 0}, 'val': 0},
 'viol_t_connected_ctg': {'idx': {0: 0}, 'val': 0},
 'viol_xfr_acl_t_s_max_ctg': {'idx': {0: 'xfr_04', 1: 'acl_102', 2: 7},
                              'val': 3.8580238642262383},
 'viol_xfr_dcl_t_s_max_ctg': {'idx': {0: None, 1: None, 2: None}, 'val': 0.0},
 'viol_xfr_t_phi_max': {'idx': {0: 'xfr_00', 1: 0}, 'val': 0.0},
 'viol_xfr_t_phi_min': {'idx': {0: 'xfr_00', 1: 0}, 'val': 0.0},
 'viol_xfr_t_s_max': {'idx': {0: 'xfr_00', 1: 0}, 'val': 0.0},
 'viol_xfr_t_tau_max': {'idx': {0: 'xfr_00', 1: 0}, 'val': 0.0},
 'viol_xfr_t_tau_min': {'idx': {0: 'xfr_00', 1: 0}, 'val': 0.0},
 'viol_xfr_t_u_sd_max': {'idx': {0: 'xfr_00', 1: 0}, 'val': 0},
 'viol_xfr_t_u_su_max': {'idx': {0: 'xfr_00', 1: 0}, 'val': 0},
 'viol_xfr_xfr_t_s_max_ctg': {'idx': {0: None, 1: None, 2: None}, 'val': 0.0},
 'z': -32798937641.503178,
 'z_base': -32798111255.502384,
 'z_cost': 0.0,
 'z_k_average_case': -411604.88830549765,
 'z_k_worst_case': -414781.1124890211,
 'z_max_energy': 0.0,
 'z_min_energy': 0.0,
 'z_penalty': 32798111255.50238,
 'z_value': -0.0}
infeasibility summary:
{}
feas: 1
obj: -32798937641.503178
evaluate solution time: 0.257946252822876
end of check_data(), memory info: {'rss bytes': 219594752, 'rss human': '209.4M', 'percent': 0.08129282953330953}
