/rcfs/dtn/arpacomp/.conda/envs/goc_eval/lib/python3.10/site-packages/scipy/sparse/linalg/_dsolve/linsolve.py:347: SparseEfficiencyWarning: splu converted its input to CSC format
  warn('splu converted its input to CSC format', SparseEfficiencyWarning)
args:
Namespace(problem_opt=None, problem='/qfs/projects/goc/share/data/C3/E3.1/D3//C3E3N00073D3/scenario_232.json_scrubbed.json', solution='/qfs/projects/goc/share/data/C3/E3.1/D3//C3E3N00073D3/scenario_232.json.pop_solution.json', configuration=None, parameters='{}', summary_csv='summary.csv', summary_json='summary.json', data_errors='data_errors.txt', ignored_errors='ignored_errors.txt', solution_errors='solution_errors.txt', pop_solution=None, scrubbed_problem=None)
problem data file: /qfs/projects/goc/share/data/C3/E3.1/D3//C3E3N00073D3/scenario_232.json_scrubbed.json

pop solution data file: None

solution data file: /qfs/projects/goc/share/data/C3/E3.1/D3//C3E3N00073D3/scenario_232.json.pop_solution.json

git info: {'C3DataUtilities': {'branch': 'main', 'commit': '59dd7f47974aa54c2f26998163730b14ab3a6b97', 'date': 'Wed Jun 7 09:10:06 2023 -0700', 'query_return_code': 0, 'query_err': '', 'branch_return_code': 0, 'branch_err': '', 'query_path': '/qfs/projects/goc/share/loadbalancing/src/nonmpi-template/Challenge3/C3DataUtilities/datautilities', 'query_out': 'commit 59dd7f47974aa54c2f26998163730b14ab3a6b97\nAuthor: Jesse T Holzer <jesse.holzer@pnnl.gov>\nDate:   Wed Jun 7 09:10:06 2023 -0700\n\n    add git branch to summary output\n', 'branch_out': '  dev\n* main\n'}, 'Bid-DS-data-model': {'branch': None, 'commit': None, 'date': None, 'query_return_code': 128, 'query_err': 'fatal: Not a git repository (or any parent up to mount point /rcfs)\nStopping at filesystem boundary (GIT_DISCOVERY_ACROSS_FILESYSTEM not set).\n', 'branch_return_code': None, 'branch_err': None, 'query_path': '/rcfs/dtn/arpacomp/.conda/envs/goc_eval/lib/python3.10/site-packages/datamodel', 'query_out': ''}}

after reading problem without validation, memory info: {'rss bytes': 116592640, 'rss human': '111.2M', 'percent': 0.04316198598570573}
read problem data file without validation time: 0.062530517578125
after reading problem with validation, memory info: {'rss bytes': 135299072, 'rss human': '129.0M', 'percent': 0.050087009347613974}
load time: 0.4897475242614746
{'error_diagnostics': '',
 'general': {'base_norm_mva': 100.0,
             'day_type': None,
             'electricity_demand': None,
             'net_load': None,
             'season': None,
             'solar_availability': None,
             'timestamp_start': None,
             'timestamp_stop': None,
             'vre_availability': None,
             'weather_temperature': None,
             'wind_availability': None},
 'interval durations': [4.0,
                        4.0,
                        4.0,
                        4.0,
                        4.0,
                        4.0,
                        4.0,
                        4.0,
                        4.0,
                        4.0,
                        4.0,
                        4.0,
                        4.0,
                        4.0,
                        4.0,
                        4.0,
                        4.0,
                        4.0,
                        4.0,
                        4.0,
                        4.0,
                        4.0,
                        4.0,
                        4.0,
                        4.0,
                        4.0,
                        4.0,
                        4.0,
                        4.0,
                        4.0,
                        4.0,
                        4.0,
                        4.0,
                        4.0,
                        4.0,
                        4.0,
                        4.0,
                        4.0,
                        4.0,
                        4.0,
                        4.0,
                        4.0],
 'num ac lines': 105,
 'num buses': 73,
 'num consuming devices': 51,
 'num contingencies': 2,
 'num dc lines': 1,
 'num intervals': 42,
 'num producing devices': 154,
 'num reactive power reserve zones': 1,
 'num real power reserve zones': 1,
 'num shunts': 73,
 'num simple dispatchable devices': 205,
 'num transformers': 15,
 'total duration': 168.0,
 'violation costs': {'e_vio_cost': 900000.0,
                     'p_bus_vio_cost': 1000000.0,
                     'q_bus_vio_cost': 1000000.0,
                     's_vio_cost': 500.0}}
after read solution without validation, memory info: {'rss bytes': 138543104, 'rss human': '132.1M', 'percent': 0.051287933039891466}
read solution data file without validation time: 0.01491856575012207
after read solution with validation, memory info: {'rss bytes': 145031168, 'rss human': '138.3M', 'percent': 0.05368978042444646}
solution load time: 0.2302086353302002
after solution_model_checks(), memory info: {'rss bytes': 145031168, 'rss human': '138.3M', 'percent': 0.05368978042444646}
solution model_checks time: 0.0012524127960205078
{'error_diagnostics': ''}
after problem_data_array.set_from_data_model(), memory info: {'rss bytes': 147976192, 'rss human': '141.1M', 'percent': 0.05478001291781455}
convert problem data to numpy arrays time: 0.04279685020446777
after solution_data_array.set_from_data_model(), memory info: {'rss bytes': 148787200, 'rss human': '141.9M', 'percent': 0.05508024384088392}
convert solution data to numpy arrays time: 0.006772279739379883
function: set_summary, time: 0.00015735626220703125
function: set_problem, time: 7.152557373046875e-07
function: set_solution, time: 4.76837158203125e-06
function: set_solution_zero, time: 0.00017333030700683594
function: set_work_zero, time: 0.0001552104949951172
function: set_matrices, time: 0.003604412078857422
function: __init__, time: 0.004119873046875
function: eval_sd_t_d_up_dn, time: 0.0007596015930175781
function: eval_sd_max_startup, time: 0.0024771690368652344
function: eval_sd_t_z_sus, time: 0.0015518665313720703
function: eval_acl_t_p_q_fr_to, time: 0.00032520294189453125
function: eval_xfr_t_p_q_fr_to, time: 0.00011730194091796875
function: eval_sd_t_su_sd_trajectories, time: 0.0001506805419921875
function: eval_sd_max_energy, time: 0.0013713836669921875
function: eval_sd_min_energy, time: 0.0013575553894042969
function: eval_sd_t_z_p, time: 0.010089635848999023
function: eval_bus_t_p, time: 0.0007874965667724609
function: eval_bus_t_q, time: 0.0001590251922607422
sd_t_p_rgu sum: 0.0
prz_sigma_rgu max: 0.03
prz_t_p_rgu_req max: 0.0
sd_t_p_rgd sum: 0.0
prz_sigma_rgd max: 0.03
prz_t_p_rgd_req max: 0.0
sd_t_p_scr sum: 0.0
prz_sigma_scr max: 0.1
prz_t_p_scr_req max: 0.5745184
sd_t_p_nsc sum: 0.0
prz_sigma_nsc max: 0.3
prz_t_p_nsc_req max: 1.7235552
sd_t_p_rru sum: 0.0
prz_t_p_rru_min max: 1.02
sd_t_p_rrd sum: 0.0
prz_t_p_rrd_min max: 0.9774999999999999
sd_t_p_qru sum: 0.0
qrz_t_q_qru_min max: 0.0
sd_t_p_qrd sum: 0.0
qrz_t_q_qrd_min max: 0.0
function: get_connected_components, time: 0.0006783008575439453
function: get_bridges, time: 0.0016379356384277344
function: get_connected_components, time: 0.00033593177795410156
function: get_bridges, time: 0.0014026165008544922
function: get_connected_components, time: 0.000335693359375
function: get_bridges, time: 0.0013866424560546875
function: get_connected_components, time: 0.00033974647521972656
function: get_bridges, time: 0.0013461112976074219
function: get_connected_components, time: 0.0003647804260253906
function: get_bridges, time: 0.0015223026275634766
function: get_connected_components, time: 0.0003292560577392578
function: get_bridges, time: 0.001367330551147461
function: get_connected_components, time: 0.00032806396484375
function: get_bridges, time: 0.0013353824615478516
function: get_connected_components, time: 0.0003294944763183594
function: get_bridges, time: 0.0013644695281982422
function: get_connected_components, time: 0.0003333091735839844
function: get_bridges, time: 0.001329183578491211
function: get_connected_components, time: 0.00037288665771484375
function: get_bridges, time: 0.0013387203216552734
function: get_connected_components, time: 0.0003249645233154297
function: get_bridges, time: 0.0013785362243652344
function: get_connected_components, time: 0.0003247261047363281
function: get_bridges, time: 0.0013382434844970703
function: get_connected_components, time: 0.0003287792205810547
function: get_bridges, time: 0.001331329345703125
function: get_connected_components, time: 0.00033354759216308594
function: get_bridges, time: 0.0013916492462158203
function: get_connected_components, time: 0.00033402442932128906
function: get_bridges, time: 0.0013685226440429688
function: get_connected_components, time: 0.00032591819763183594
function: get_bridges, time: 0.0013835430145263672
function: get_connected_components, time: 0.0003285408020019531
function: get_bridges, time: 0.0015041828155517578
function: get_connected_components, time: 0.00032806396484375
function: get_bridges, time: 0.0013625621795654297
function: get_connected_components, time: 0.0003299713134765625
function: get_bridges, time: 0.0013282299041748047
function: get_connected_components, time: 0.00032591819763183594
function: get_bridges, time: 0.0013263225555419922
function: get_connected_components, time: 0.00032806396484375
function: get_bridges, time: 0.0013282299041748047
function: get_connected_components, time: 0.0003275871276855469
function: get_bridges, time: 0.0013267993927001953
function: get_connected_components, time: 0.0003294944763183594
function: get_bridges, time: 0.0013282299041748047
function: get_connected_components, time: 0.0003249645233154297
function: get_bridges, time: 0.0013685226440429688
function: get_connected_components, time: 0.00032639503479003906
function: get_bridges, time: 0.001322031021118164
function: get_connected_components, time: 0.00032782554626464844
function: get_bridges, time: 0.0013244152069091797
function: get_connected_components, time: 0.000324249267578125
function: get_bridges, time: 0.0013282299041748047
function: get_connected_components, time: 0.000324249267578125
function: get_bridges, time: 0.0013244152069091797
function: get_connected_components, time: 0.0003268718719482422
function: get_bridges, time: 0.0015022754669189453
function: get_connected_components, time: 0.00032711029052734375
function: get_bridges, time: 0.0013186931610107422
function: get_connected_components, time: 0.0003287792205810547
function: get_bridges, time: 0.0013303756713867188
function: get_connected_components, time: 0.0003235340118408203
function: get_bridges, time: 0.0013289451599121094
function: get_connected_components, time: 0.00032401084899902344
function: get_bridges, time: 0.0013279914855957031
function: get_connected_components, time: 0.00032711029052734375
function: get_bridges, time: 0.0013341903686523438
function: get_connected_components, time: 0.00036072731018066406
function: get_bridges, time: 0.0013267993927001953
function: get_connected_components, time: 0.0003256797790527344
function: get_bridges, time: 0.0013680458068847656
function: get_connected_components, time: 0.0003228187561035156
function: get_bridges, time: 0.00136566162109375
function: get_connected_components, time: 0.00032830238342285156
function: get_bridges, time: 0.0013318061828613281
function: get_connected_components, time: 0.0003581047058105469
function: get_bridges, time: 0.0013275146484375
function: get_connected_components, time: 0.00033211708068847656
function: get_bridges, time: 0.0013561248779296875
function: get_connected_components, time: 0.00032520294189453125
function: get_bridges, time: 0.0015528202056884766
function: get_connected_components, time: 0.00032448768615722656
function: get_bridges, time: 0.0013265609741210938
end of eval_connectedness(), memory info: {'rss bytes': 150925312, 'rss human': '143.9M', 'percent': 0.055871761728975906}
function: eval_connectedness, time: 0.07528424263000488
problem dimensions. bus: 73, acl: 105, xfr: 15, dcl: 1, k: 2, t: 42
construct static bus admittance matrix. time: 0.0010418891906738281
factor static bus admittance matrix. time: 0.00392603874206543
t_acl_delta_t: [array([], dtype=int64), array([], dtype=int64), array([], dtype=int64), array([], dtype=int64), array([], dtype=int64), array([], dtype=int64), array([], dtype=int64), array([], dtype=int64), array([], dtype=int64), array([], dtype=int64), array([], dtype=int64), array([], dtype=int64), array([], dtype=int64), array([], dtype=int64), array([], dtype=int64), array([], dtype=int64), array([], dtype=int64), array([], dtype=int64), array([], dtype=int64), array([], dtype=int64), array([], dtype=int64), array([], dtype=int64), array([], dtype=int64), array([], dtype=int64), array([], dtype=int64), array([], dtype=int64), array([], dtype=int64), array([], dtype=int64), array([], dtype=int64), array([], dtype=int64), array([], dtype=int64), array([], dtype=int64), array([], dtype=int64), array([], dtype=int64), array([], dtype=int64), array([], dtype=int64), array([], dtype=int64), array([], dtype=int64), array([], dtype=int64), array([], dtype=int64), array([], dtype=int64), array([], dtype=int64)], t_xfr_delta_t: [array([], dtype=int64), array([], dtype=int64), array([], dtype=int64), array([], dtype=int64), array([], dtype=int64), array([], dtype=int64), array([], dtype=int64), array([], dtype=int64), array([], dtype=int64), array([], dtype=int64), array([], dtype=int64), array([], dtype=int64), array([], dtype=int64), array([], dtype=int64), array([], dtype=int64), array([], dtype=int64), array([], dtype=int64), array([], dtype=int64), array([], dtype=int64), array([], dtype=int64), array([], dtype=int64), array([], dtype=int64), array([], dtype=int64), array([], dtype=int64), array([], dtype=int64), array([], dtype=int64), array([], dtype=int64), array([], dtype=int64), array([], dtype=int64), array([], dtype=int64), array([], dtype=int64), array([], dtype=int64), array([], dtype=int64), array([], dtype=int64), array([], dtype=int64), array([], dtype=int64), array([], dtype=int64), array([], dtype=int64), array([], dtype=int64), array([], dtype=int64), array([], dtype=int64), array([], dtype=int64)], t_br_delta_t: [array([], dtype=int64), array([], dtype=int64), array([], dtype=int64), array([], dtype=int64), array([], dtype=int64), array([], dtype=int64), array([], dtype=int64), array([], dtype=int64), array([], dtype=int64), array([], dtype=int64), array([], dtype=int64), array([], dtype=int64), array([], dtype=int64), array([], dtype=int64), array([], dtype=int64), array([], dtype=int64), array([], dtype=int64), array([], dtype=int64), array([], dtype=int64), array([], dtype=int64), array([], dtype=int64), array([], dtype=int64), array([], dtype=int64), array([], dtype=int64), array([], dtype=int64), array([], dtype=int64), array([], dtype=int64), array([], dtype=int64), array([], dtype=int64), array([], dtype=int64), array([], dtype=int64), array([], dtype=int64), array([], dtype=int64), array([], dtype=int64), array([], dtype=int64), array([], dtype=int64), array([], dtype=int64), array([], dtype=int64), array([], dtype=int64), array([], dtype=int64), array([], dtype=int64), array([], dtype=int64)], acl_delta_t: [], xfr_delta_t: [], br_delta_t: []
contingency delta branches. acl: 2, xfr: 0, dcl: 0
construct bus,t-indexed right hand side. time: 0.00013184547424316406
solve for base case bus,t-indexed theta. time: 0.09511899948120117
v_acl_k: [-0.02286434 -0.02447957]
acl_u[acl_delta_k]: [1 1]
num AC branches with possible violations in ACL contingencies: 2
num AC branches with possible violations in DCL contingencies: 2
num AC branches with possible violations in XFR contingencies: 2
t: 0, time: 0.007361173629760742, memory_info: {'rss bytes': 208375808, 'rss human': '198.7M', 'percent': 0.07713963509751652}
v_acl_k: [-0.02286434 -0.02447957]
acl_u[acl_delta_k]: [1 1]
num AC branches with possible violations in ACL contingencies: 0
num AC branches with possible violations in DCL contingencies: 0
num AC branches with possible violations in XFR contingencies: 0
t: 1, time: 0.0015118122100830078, memory_info: {'rss bytes': 208375808, 'rss human': '198.7M', 'percent': 0.07713963509751652}
v_acl_k: [-0.02286434 -0.02447957]
acl_u[acl_delta_k]: [1 1]
num AC branches with possible violations in ACL contingencies: 0
num AC branches with possible violations in DCL contingencies: 0
num AC branches with possible violations in XFR contingencies: 0
t: 2, time: 0.0014455318450927734, memory_info: {'rss bytes': 208375808, 'rss human': '198.7M', 'percent': 0.07713963509751652}
v_acl_k: [-0.02286434 -0.02447957]
acl_u[acl_delta_k]: [1 1]
num AC branches with possible violations in ACL contingencies: 0
num AC branches with possible violations in DCL contingencies: 0
num AC branches with possible violations in XFR contingencies: 0
t: 3, time: 0.0014469623565673828, memory_info: {'rss bytes': 208375808, 'rss human': '198.7M', 'percent': 0.07713963509751652}
v_acl_k: [-0.02286434 -0.02447957]
acl_u[acl_delta_k]: [1 1]
num AC branches with possible violations in ACL contingencies: 2
num AC branches with possible violations in DCL contingencies: 2
num AC branches with possible violations in XFR contingencies: 2
t: 4, time: 0.0014472007751464844, memory_info: {'rss bytes': 208375808, 'rss human': '198.7M', 'percent': 0.07713963509751652}
v_acl_k: [-0.02286434 -0.02447957]
acl_u[acl_delta_k]: [1 1]
num AC branches with possible violations in ACL contingencies: 1
num AC branches with possible violations in DCL contingencies: 1
num AC branches with possible violations in XFR contingencies: 1
t: 5, time: 0.0014336109161376953, memory_info: {'rss bytes': 208375808, 'rss human': '198.7M', 'percent': 0.07713963509751652}
v_acl_k: [-0.02286434 -0.02447957]
acl_u[acl_delta_k]: [1 1]
num AC branches with possible violations in ACL contingencies: 1
num AC branches with possible violations in DCL contingencies: 1
num AC branches with possible violations in XFR contingencies: 1
t: 6, time: 0.001438140869140625, memory_info: {'rss bytes': 208375808, 'rss human': '198.7M', 'percent': 0.07713963509751652}
v_acl_k: [-0.02286434 -0.02447957]
acl_u[acl_delta_k]: [1 1]
num AC branches with possible violations in ACL contingencies: 0
num AC branches with possible violations in DCL contingencies: 0
num AC branches with possible violations in XFR contingencies: 0
t: 7, time: 0.045011043548583984, memory_info: {'rss bytes': 208375808, 'rss human': '198.7M', 'percent': 0.07713963509751652}
v_acl_k: [-0.02286434 -0.02447957]
acl_u[acl_delta_k]: [1 1]
num AC branches with possible violations in ACL contingencies: 0
num AC branches with possible violations in DCL contingencies: 0
num AC branches with possible violations in XFR contingencies: 0
t: 8, time: 0.0014281272888183594, memory_info: {'rss bytes': 208375808, 'rss human': '198.7M', 'percent': 0.07713963509751652}
v_acl_k: [-0.02286434 -0.02447957]
acl_u[acl_delta_k]: [1 1]
num AC branches with possible violations in ACL contingencies: 0
num AC branches with possible violations in DCL contingencies: 0
num AC branches with possible violations in XFR contingencies: 0
t: 9, time: 0.0014355182647705078, memory_info: {'rss bytes': 208375808, 'rss human': '198.7M', 'percent': 0.07713963509751652}
v_acl_k: [-0.02286434 -0.02447957]
acl_u[acl_delta_k]: [1 1]
num AC branches with possible violations in ACL contingencies: 2
num AC branches with possible violations in DCL contingencies: 2
num AC branches with possible violations in XFR contingencies: 2
t: 10, time: 0.0014302730560302734, memory_info: {'rss bytes': 208375808, 'rss human': '198.7M', 'percent': 0.07713963509751652}
v_acl_k: [-0.02286434 -0.02447957]
acl_u[acl_delta_k]: [1 1]
num AC branches with possible violations in ACL contingencies: 2
num AC branches with possible violations in DCL contingencies: 2
num AC branches with possible violations in XFR contingencies: 2
t: 11, time: 0.0014371871948242188, memory_info: {'rss bytes': 208375808, 'rss human': '198.7M', 'percent': 0.07713963509751652}
v_acl_k: [-0.02286434 -0.02447957]
acl_u[acl_delta_k]: [1 1]
num AC branches with possible violations in ACL contingencies: 2
num AC branches with possible violations in DCL contingencies: 2
num AC branches with possible violations in XFR contingencies: 2
t: 12, time: 0.0014374256134033203, memory_info: {'rss bytes': 208375808, 'rss human': '198.7M', 'percent': 0.07713963509751652}
v_acl_k: [-0.02286434 -0.02447957]
acl_u[acl_delta_k]: [1 1]
num AC branches with possible violations in ACL contingencies: 0
num AC branches with possible violations in DCL contingencies: 0
num AC branches with possible violations in XFR contingencies: 0
t: 13, time: 0.0014224052429199219, memory_info: {'rss bytes': 208375808, 'rss human': '198.7M', 'percent': 0.07713963509751652}
v_acl_k: [-0.02286434 -0.02447957]
acl_u[acl_delta_k]: [1 1]
num AC branches with possible violations in ACL contingencies: 0
num AC branches with possible violations in DCL contingencies: 0
num AC branches with possible violations in XFR contingencies: 0
t: 14, time: 0.044298410415649414, memory_info: {'rss bytes': 208375808, 'rss human': '198.7M', 'percent': 0.07713963509751652}
v_acl_k: [-0.02286434 -0.02447957]
acl_u[acl_delta_k]: [1 1]
num AC branches with possible violations in ACL contingencies: 0
num AC branches with possible violations in DCL contingencies: 0
num AC branches with possible violations in XFR contingencies: 0
t: 15, time: 0.0015940666198730469, memory_info: {'rss bytes': 208375808, 'rss human': '198.7M', 'percent': 0.07713963509751652}
v_acl_k: [-0.02286434 -0.02447957]
acl_u[acl_delta_k]: [1 1]
num AC branches with possible violations in ACL contingencies: 0
num AC branches with possible violations in DCL contingencies: 0
num AC branches with possible violations in XFR contingencies: 0
t: 16, time: 0.0014879703521728516, memory_info: {'rss bytes': 208375808, 'rss human': '198.7M', 'percent': 0.07713963509751652}
v_acl_k: [-0.02286434 -0.02447957]
acl_u[acl_delta_k]: [1 1]
num AC branches with possible violations in ACL contingencies: 2
num AC branches with possible violations in DCL contingencies: 2
num AC branches with possible violations in XFR contingencies: 2
t: 17, time: 0.0014858245849609375, memory_info: {'rss bytes': 208375808, 'rss human': '198.7M', 'percent': 0.07713963509751652}
v_acl_k: [-0.02286434 -0.02447957]
acl_u[acl_delta_k]: [1 1]
num AC branches with possible violations in ACL contingencies: 2
num AC branches with possible violations in DCL contingencies: 2
num AC branches with possible violations in XFR contingencies: 2
t: 18, time: 0.0014662742614746094, memory_info: {'rss bytes': 208375808, 'rss human': '198.7M', 'percent': 0.07713963509751652}
v_acl_k: [-0.02286434 -0.02447957]
acl_u[acl_delta_k]: [1 1]
num AC branches with possible violations in ACL contingencies: 0
num AC branches with possible violations in DCL contingencies: 0
num AC branches with possible violations in XFR contingencies: 0
t: 19, time: 0.001476287841796875, memory_info: {'rss bytes': 208375808, 'rss human': '198.7M', 'percent': 0.07713963509751652}
v_acl_k: [-0.02286434 -0.02447957]
acl_u[acl_delta_k]: [1 1]
num AC branches with possible violations in ACL contingencies: 0
num AC branches with possible violations in DCL contingencies: 0
num AC branches with possible violations in XFR contingencies: 0
t: 20, time: 0.0014619827270507812, memory_info: {'rss bytes': 208375808, 'rss human': '198.7M', 'percent': 0.07713963509751652}
v_acl_k: [-0.02286434 -0.02447957]
acl_u[acl_delta_k]: [1 1]
num AC branches with possible violations in ACL contingencies: 0
num AC branches with possible violations in DCL contingencies: 0
num AC branches with possible violations in XFR contingencies: 0
t: 21, time: 0.0014667510986328125, memory_info: {'rss bytes': 208375808, 'rss human': '198.7M', 'percent': 0.07713963509751652}
v_acl_k: [-0.02286434 -0.02447957]
acl_u[acl_delta_k]: [1 1]
num AC branches with possible violations in ACL contingencies: 1
num AC branches with possible violations in DCL contingencies: 1
num AC branches with possible violations in XFR contingencies: 1
t: 22, time: 0.0014693737030029297, memory_info: {'rss bytes': 208375808, 'rss human': '198.7M', 'percent': 0.07713963509751652}
v_acl_k: [-0.02286434 -0.02447957]
acl_u[acl_delta_k]: [1 1]
num AC branches with possible violations in ACL contingencies: 2
num AC branches with possible violations in DCL contingencies: 2
num AC branches with possible violations in XFR contingencies: 2
t: 23, time: 0.0014209747314453125, memory_info: {'rss bytes': 208375808, 'rss human': '198.7M', 'percent': 0.07713963509751652}
v_acl_k: [-0.02286434 -0.02447957]
acl_u[acl_delta_k]: [1 1]
num AC branches with possible violations in ACL contingencies: 0
num AC branches with possible violations in DCL contingencies: 0
num AC branches with possible violations in XFR contingencies: 0
t: 24, time: 0.0014271736145019531, memory_info: {'rss bytes': 208375808, 'rss human': '198.7M', 'percent': 0.07713963509751652}
v_acl_k: [-0.02286434 -0.02447957]
acl_u[acl_delta_k]: [1 1]
num AC branches with possible violations in ACL contingencies: 0
num AC branches with possible violations in DCL contingencies: 0
num AC branches with possible violations in XFR contingencies: 0
t: 25, time: 0.0014941692352294922, memory_info: {'rss bytes': 208375808, 'rss human': '198.7M', 'percent': 0.07713963509751652}
v_acl_k: [-0.02286434 -0.02447957]
acl_u[acl_delta_k]: [1 1]
num AC branches with possible violations in ACL contingencies: 0
num AC branches with possible violations in DCL contingencies: 0
num AC branches with possible violations in XFR contingencies: 0
t: 26, time: 0.0014083385467529297, memory_info: {'rss bytes': 208375808, 'rss human': '198.7M', 'percent': 0.07713963509751652}
v_acl_k: [-0.02286434 -0.02447957]
acl_u[acl_delta_k]: [1 1]
num AC branches with possible violations in ACL contingencies: 0
num AC branches with possible violations in DCL contingencies: 0
num AC branches with possible violations in XFR contingencies: 0
t: 27, time: 0.0015075206756591797, memory_info: {'rss bytes': 208375808, 'rss human': '198.7M', 'percent': 0.07713963509751652}
v_acl_k: [-0.02286434 -0.02447957]
acl_u[acl_delta_k]: [1 1]
num AC branches with possible violations in ACL contingencies: 2
num AC branches with possible violations in DCL contingencies: 2
num AC branches with possible violations in XFR contingencies: 2
t: 28, time: 0.001413583755493164, memory_info: {'rss bytes': 208375808, 'rss human': '198.7M', 'percent': 0.07713963509751652}
v_acl_k: [-0.02286434 -0.02447957]
acl_u[acl_delta_k]: [1 1]
num AC branches with possible violations in ACL contingencies: 0
num AC branches with possible violations in DCL contingencies: 0
num AC branches with possible violations in XFR contingencies: 0
t: 29, time: 0.001486063003540039, memory_info: {'rss bytes': 208375808, 'rss human': '198.7M', 'percent': 0.07713963509751652}
v_acl_k: [-0.02286434 -0.02447957]
acl_u[acl_delta_k]: [1 1]
num AC branches with possible violations in ACL contingencies: 0
num AC branches with possible violations in DCL contingencies: 0
num AC branches with possible violations in XFR contingencies: 0
t: 30, time: 0.0014193058013916016, memory_info: {'rss bytes': 208375808, 'rss human': '198.7M', 'percent': 0.07713963509751652}
v_acl_k: [-0.02286434 -0.02447957]
acl_u[acl_delta_k]: [1 1]
num AC branches with possible violations in ACL contingencies: 0
num AC branches with possible violations in DCL contingencies: 0
num AC branches with possible violations in XFR contingencies: 0
t: 31, time: 0.0014369487762451172, memory_info: {'rss bytes': 208375808, 'rss human': '198.7M', 'percent': 0.07713963509751652}
v_acl_k: [-0.02286434 -0.02447957]
acl_u[acl_delta_k]: [1 1]
num AC branches with possible violations in ACL contingencies: 0
num AC branches with possible violations in DCL contingencies: 0
num AC branches with possible violations in XFR contingencies: 0
t: 32, time: 0.0014615058898925781, memory_info: {'rss bytes': 208375808, 'rss human': '198.7M', 'percent': 0.07713963509751652}
v_acl_k: [-0.02286434 -0.02447957]
acl_u[acl_delta_k]: [1 1]
num AC branches with possible violations in ACL contingencies: 0
num AC branches with possible violations in DCL contingencies: 0
num AC branches with possible violations in XFR contingencies: 0
t: 33, time: 0.0014417171478271484, memory_info: {'rss bytes': 208375808, 'rss human': '198.7M', 'percent': 0.07713963509751652}
v_acl_k: [-0.02286434 -0.02447957]
acl_u[acl_delta_k]: [1 1]
num AC branches with possible violations in ACL contingencies: 2
num AC branches with possible violations in DCL contingencies: 2
num AC branches with possible violations in XFR contingencies: 2
t: 34, time: 0.0014567375183105469, memory_info: {'rss bytes': 208375808, 'rss human': '198.7M', 'percent': 0.07713963509751652}
v_acl_k: [-0.02286434 -0.02447957]
acl_u[acl_delta_k]: [1 1]
num AC branches with possible violations in ACL contingencies: 2
num AC branches with possible violations in DCL contingencies: 2
num AC branches with possible violations in XFR contingencies: 2
t: 35, time: 0.001440286636352539, memory_info: {'rss bytes': 208375808, 'rss human': '198.7M', 'percent': 0.07713963509751652}
v_acl_k: [-0.02286434 -0.02447957]
acl_u[acl_delta_k]: [1 1]
num AC branches with possible violations in ACL contingencies: 2
num AC branches with possible violations in DCL contingencies: 2
num AC branches with possible violations in XFR contingencies: 2
t: 36, time: 0.0014634132385253906, memory_info: {'rss bytes': 208375808, 'rss human': '198.7M', 'percent': 0.07713963509751652}
v_acl_k: [-0.02286434 -0.02447957]
acl_u[acl_delta_k]: [1 1]
num AC branches with possible violations in ACL contingencies: 0
num AC branches with possible violations in DCL contingencies: 0
num AC branches with possible violations in XFR contingencies: 0
t: 37, time: 0.001438140869140625, memory_info: {'rss bytes': 208375808, 'rss human': '198.7M', 'percent': 0.07713963509751652}
v_acl_k: [-0.02286434 -0.02447957]
acl_u[acl_delta_k]: [1 1]
num AC branches with possible violations in ACL contingencies: 0
num AC branches with possible violations in DCL contingencies: 0
num AC branches with possible violations in XFR contingencies: 0
t: 38, time: 0.0014503002166748047, memory_info: {'rss bytes': 208375808, 'rss human': '198.7M', 'percent': 0.07713963509751652}
v_acl_k: [-0.02286434 -0.02447957]
acl_u[acl_delta_k]: [1 1]
num AC branches with possible violations in ACL contingencies: 0
num AC branches with possible violations in DCL contingencies: 0
num AC branches with possible violations in XFR contingencies: 0
t: 39, time: 0.0014462471008300781, memory_info: {'rss bytes': 208375808, 'rss human': '198.7M', 'percent': 0.07713963509751652}
v_acl_k: [-0.02286434 -0.02447957]
acl_u[acl_delta_k]: [1 1]
num AC branches with possible violations in ACL contingencies: 2
num AC branches with possible violations in DCL contingencies: 2
num AC branches with possible violations in XFR contingencies: 2
t: 40, time: 0.0014491081237792969, memory_info: {'rss bytes': 208375808, 'rss human': '198.7M', 'percent': 0.07713963509751652}
v_acl_k: [-0.02286434 -0.02447957]
acl_u[acl_delta_k]: [1 1]
num AC branches with possible violations in ACL contingencies: 1
num AC branches with possible violations in DCL contingencies: 1
num AC branches with possible violations in XFR contingencies: 1
t: 41, time: 0.0014307498931884766, memory_info: {'rss bytes': 208375808, 'rss human': '198.7M', 'percent': 0.07713963509751652}
initialize_m_w_time: 0.00024819374084472656
compute_static_w_time: 5.507469177246094e-05
get_time_varying_branch_characteristics_time: 0.0008487701416015625
construct_a_t_time: 0.05495476722717285
factor_a_t_time: 0.009076118469238281
compute_w_with_t_a_solve_time: 0.0017979145050048828
compute_v_t_time: 4.5299530029296875e-06
compute_w_with_t_smw_time: 3.0994415283203125e-06
compute_v_time: 0.051058292388916016
compute_bus_theta_with_t_a_solve_time: 0.0007262229919433594
compute_bus_theta_with_t_smw_time: 4.76837158203125e-06
compute_br_p_time: 0.008223772048950195
apply_w_v_wt_time: 0.0005869865417480469
compute_bus_dtheta_rhs_dcl_k_time: 0.003942966461181641
compute_w_v_wt_xfr_k_time: 0.004011392593383789
compute_bus_dtheta_rhs_xfr_k_time: 3.337860107421875e-06
compute_br_acl_delta_k_p_delta_time: 0.0026788711547851562
compute_br_dcl_delta_k_p_delta_time: 0.0022292137145996094
compute_br_xfr_delta_k_p_delta_time: 0.002196073532104492
filter_branches_acl_k_time: 0.00225830078125
filter_branches_dcl_k_time: 0.0009834766387939453
filter_branches_xfr_k_time: 0.0008997917175292969
compute_br_acl_delta_k_p_time: 0.0002505779266357422
compute_br_dcl_delta_k_p_time: 0.000133514404296875
compute_br_xfr_delta_k_p_time: 0.00012445449829101562
compute_br_acl_delta_k_s_over_time: 0.0013685226440429688
compute_br_dcl_delta_k_s_over_time: 0.0006239414215087891
compute_br_xfr_delta_k_s_over_time: 0.00060272216796875
zero_out_time: 0.00016736984252929688
get_max_br_acl_delta_k_s_over_time: 0.0012698173522949219
get_max_br_dcl_delta_k_s_over_time: 6.67572021484375e-06
get_max_br_xfr_delta_k_s_over_time: 5.0067901611328125e-06
compute_br_k_z_time: 0.0010976791381835938
collect_penalties_into_obj_array_time: 0.00045418739318847656
end of contingency model method 1, memory info: {'rss bytes': 208375808, 'rss human': '198.7M', 'percent': 0.07713963509751652}
function: eval_post_contingency_model, time: 0.26381349563598633
function: eval_post_contingency_model, time: 0.2638237476348877
function: run, time: 0.36401844024658203
after solution_evaluator.run(), memory info: {'rss bytes': 208375808, 'rss human': '198.7M', 'percent': 0.07713963509751652}
evaluation summary:
{'feas': 1,
 'infeas': 0,
 'info_i_i_k_t_disconnected_ctg': {'idx': {0: None, 1: None, 2: None, 3: None},
                                   'val': 0},
 'info_i_i_t_disconnected_base': {'idx': {0: None, 1: None, 2: None}, 'val': 0},
 'phys_feas': 0,
 'sum_acl_t_u_sd': 0,
 'sum_acl_t_u_su': 0,
 'sum_acl_t_z_s': 0.0,
 'sum_acl_t_z_sd': 0.0,
 'sum_acl_t_z_su': 0.0,
 'sum_bus_t_z_p': 19382422091.98656,
 'sum_bus_t_z_q': 11448796695.184887,
 'sum_cs_t_z_p': -0.0,
 'sum_pr_t_z_p': 0.0,
 'sum_prz_t_z_nsc': 8781.112008959999,
 'sum_prz_t_z_rgd': 0.0,
 'sum_prz_t_z_rgu': 0.0,
 'sum_prz_t_z_rrd': 11.373000000000001,
 'sum_prz_t_z_rru': 12.511000000000001,
 'sum_prz_t_z_scr': 27898.3246118,
 'sum_qrz_t_z_qrd': 0.0,
 'sum_qrz_t_z_qru': 0.0,
 'sum_sd_t_sd': 0,
 'sum_sd_t_su': 61,
 'sum_sd_t_z_nsc': 0.0,
 'sum_sd_t_z_on': 0.0,
 'sum_sd_t_z_qrd': 0.0,
 'sum_sd_t_z_qru': 0.0,
 'sum_sd_t_z_rgd': 0.0,
 'sum_sd_t_z_rgu': 0.0,
 'sum_sd_t_z_rrd_off': 0.0,
 'sum_sd_t_z_rrd_on': 0.0,
 'sum_sd_t_z_rru_off': 0.0,
 'sum_sd_t_z_rru_on': 0.0,
 'sum_sd_t_z_scr': 0.0,
 'sum_sd_t_z_sd': 0.0,
 'sum_sd_t_z_su': 0.0,
 'sum_sd_t_z_sus': 0.0,
 'sum_xfr_t_u_sd': 0,
 'sum_xfr_t_u_su': 0,
 'sum_xfr_t_z_s': 0.0,
 'sum_xfr_t_z_sd': 0.0,
 'sum_xfr_t_z_su': 0.0,
 'time_connectedness': 0.07512807846069336,
 'time_post_contingency': 0.2638206481933594,
 'time_run': 0.364016056060791,
 'total_switches': 0,
 'viol_acl_acl_t_s_max_ctg': {'idx': {0: 'acl_065', 1: 'acl_003', 2: 12},
                              'val': 1.5570968625624753},
 'viol_acl_dcl_t_s_max_ctg': {'idx': {0: None, 1: None, 2: None}, 'val': 0.0},
 'viol_acl_t_s_max': {'idx': {0: 'acl_000', 1: 0}, 'val': 0.0},
 'viol_acl_t_u_sd_max': {'idx': {0: 'acl_000', 1: 0}, 'val': 0},
 'viol_acl_t_u_su_max': {'idx': {0: 'acl_000', 1: 0}, 'val': 0},
 'viol_acl_xfr_t_s_max_ctg': {'idx': {0: None, 1: None, 2: None}, 'val': 0.0},
 'viol_bus_t_p_balance_max': {'idx': {0: 'bus_55', 1: 0},
                              'val': 6.600014981956657},
 'viol_bus_t_p_balance_min': {'idx': {0: 'bus_19', 1: 0},
                              'val': -7.5451710594347094},
 'viol_bus_t_q_balance_max': {'idx': {0: 'bus_41', 1: 0},
                              'val': 0.8199418027720068},
 'viol_bus_t_q_balance_min': {'idx': {0: 'bus_53', 1: 0},
                              'val': -9.345961455185739},
 'viol_bus_t_v_max': {'idx': {0: 'bus_00', 1: 0}, 'val': 0.0},
 'viol_bus_t_v_min': {'idx': {0: 'bus_00', 1: 0}, 'val': 0.0},
 'viol_cs_t_p_off_max': {'idx': {0: 'sd_154', 1: 0}, 'val': 0.0},
 'viol_cs_t_p_off_min': {'idx': {0: 'sd_154', 1: 0}, 'val': 0.0},
 'viol_cs_t_p_on_max': {'idx': {0: 'sd_154', 1: 0}, 'val': 0.0},
 'viol_cs_t_p_on_min': {'idx': {0: 'sd_154', 1: 0}, 'val': 0.0},
 'viol_cs_t_q_max': {'idx': {0: 'sd_154', 1: 0}, 'val': 0.0},
 'viol_cs_t_q_min': {'idx': {0: 'sd_154', 1: 0}, 'val': 0.0},
 'viol_cs_t_q_p_max': {'idx': {0: None, 1: None}, 'val': None},
 'viol_cs_t_q_p_min': {'idx': {0: None, 1: None}, 'val': None},
 'viol_dcl_t_p_max': {'idx': {0: 'dcl_0', 1: 0}, 'val': 0.0},
 'viol_dcl_t_p_min': {'idx': {0: 'dcl_0', 1: 0}, 'val': 0.0},
 'viol_dcl_t_q_fr_max': {'idx': {0: 'dcl_0', 1: 0}, 'val': 0.0},
 'viol_dcl_t_q_fr_min': {'idx': {0: 'dcl_0', 1: 0}, 'val': 0.0},
 'viol_dcl_t_q_to_max': {'idx': {0: 'dcl_0', 1: 0}, 'val': 0.0},
 'viol_dcl_t_q_to_min': {'idx': {0: 'dcl_0', 1: 0}, 'val': 0.0},
 'viol_pr_t_p_off_max': {'idx': {0: 'sd_000', 1: 0}, 'val': 0.0},
 'viol_pr_t_p_off_min': {'idx': {0: 'sd_000', 1: 0}, 'val': 0.0},
 'viol_pr_t_p_on_max': {'idx': {0: 'sd_000', 1: 0}, 'val': 0.0},
 'viol_pr_t_p_on_min': {'idx': {0: 'sd_000', 1: 0}, 'val': 0.0},
 'viol_pr_t_q_max': {'idx': {0: 'sd_000', 1: 0}, 'val': 0.0},
 'viol_pr_t_q_min': {'idx': {0: 'sd_000', 1: 0}, 'val': 0.0},
 'viol_pr_t_q_p_max': {'idx': {0: None, 1: None}, 'val': None},
 'viol_pr_t_q_p_min': {'idx': {0: None, 1: None}, 'val': None},
 'viol_prz_t_p_nsc_balance': {'idx': {0: 'prz_0', 1: 0}, 'val': 2.2980736},
 'viol_prz_t_p_rgd_balance': {'idx': {0: 'prz_0', 1: 0}, 'val': 0.0},
 'viol_prz_t_p_rgu_balance': {'idx': {0: 'prz_0', 1: 0}, 'val': 0.0},
 'viol_prz_t_p_rrd_balance': {'idx': {0: 'prz_0', 1: 8},
                              'val': 0.9774999999999999},
 'viol_prz_t_p_rru_balance': {'idx': {0: 'prz_0', 1: 15}, 'val': 1.02},
 'viol_prz_t_p_scr_balance': {'idx': {0: 'prz_0', 1: 0}, 'val': 0.5745184},
 'viol_qrz_t_q_qrd_balance': {'idx': {0: 'qrz_0', 1: 0}, 'val': 0.0},
 'viol_qrz_t_q_qru_balance': {'idx': {0: 'qrz_0', 1: 0}, 'val': 0.0},
 'viol_sd_max_energy_constr': {'idx': {0: 'sd_000', 1: 0}, 'val': 0.0},
 'viol_sd_max_startup_constr': {'idx': {0: 'sd_000', 1: 0}, 'val': 0},
 'viol_sd_min_energy_constr': {'idx': {0: 'sd_000', 1: 0}, 'val': 0.0},
 'viol_sd_t_d_dn_min': {'idx': {0: 'sd_000', 1: 0}, 'val': 0},
 'viol_sd_t_d_up_min': {'idx': {0: 'sd_000', 1: 0}, 'val': 0},
 'viol_sd_t_p_nsc_max': {'idx': {0: 'sd_000', 1: 0}, 'val': 0.0},
 'viol_sd_t_p_nsc_nonneg': {'idx': {0: 'sd_000', 1: 0}, 'val': -0.0},
 'viol_sd_t_p_ramp_dn_max': {'idx': {0: 'sd_000', 1: 0}, 'val': 0.0},
 'viol_sd_t_p_ramp_up_max': {'idx': {0: 'sd_000', 1: 0}, 'val': 0.0},
 'viol_sd_t_p_rgd_max': {'idx': {0: 'sd_000', 1: 0}, 'val': 0.0},
 'viol_sd_t_p_rgd_nonneg': {'idx': {0: 'sd_000', 1: 0}, 'val': -0.0},
 'viol_sd_t_p_rgu_max': {'idx': {0: 'sd_000', 1: 0}, 'val': 0.0},
 'viol_sd_t_p_rgu_nonneg': {'idx': {0: 'sd_000', 1: 0}, 'val': -0.0},
 'viol_sd_t_p_rrd_off_max': {'idx': {0: 'sd_000', 1: 0}, 'val': 0.0},
 'viol_sd_t_p_rrd_off_nonneg': {'idx': {0: 'sd_000', 1: 0}, 'val': -0.0},
 'viol_sd_t_p_rrd_on_max': {'idx': {0: 'sd_000', 1: 0}, 'val': 0.0},
 'viol_sd_t_p_rrd_on_nonneg': {'idx': {0: 'sd_000', 1: 0}, 'val': -0.0},
 'viol_sd_t_p_rru_off_max': {'idx': {0: 'sd_000', 1: 0}, 'val': 0.0},
 'viol_sd_t_p_rru_off_nonneg': {'idx': {0: 'sd_000', 1: 0}, 'val': -0.0},
 'viol_sd_t_p_rru_on_max': {'idx': {0: 'sd_000', 1: 0}, 'val': 0.0},
 'viol_sd_t_p_rru_on_nonneg': {'idx': {0: 'sd_000', 1: 0}, 'val': -0.0},
 'viol_sd_t_p_scr_max': {'idx': {0: 'sd_000', 1: 0}, 'val': 0.0},
 'viol_sd_t_p_scr_nonneg': {'idx': {0: 'sd_000', 1: 0}, 'val': -0.0},
 'viol_sd_t_q_qrd_nonneg': {'idx': {0: 'sd_000', 1: 0}, 'val': -0.0},
 'viol_sd_t_q_qru_nonneg': {'idx': {0: 'sd_000', 1: 0}, 'val': -0.0},
 'viol_sd_t_u_on_max': {'idx': {0: 'sd_000', 1: 0}, 'val': 0},
 'viol_sd_t_u_on_min': {'idx': {0: 'sd_000', 1: 0}, 'val': 0},
 'viol_sh_t_u_st_max': {'idx': {0: 'sh_00', 1: 0}, 'val': 0},
 'viol_sh_t_u_st_min': {'idx': {0: 'sh_00', 1: 0}, 'val': 0},
 'viol_t_connected_base': {'idx': {0: 0}, 'val': 0},
 'viol_t_connected_ctg': {'idx': {0: 0}, 'val': 0},
 'viol_xfr_acl_t_s_max_ctg': {'idx': {0: 'xfr_04', 1: 'acl_102', 2: 28},
                              'val': 1.1169580001974282},
 'viol_xfr_dcl_t_s_max_ctg': {'idx': {0: None, 1: None, 2: None}, 'val': 0.0},
 'viol_xfr_t_phi_max': {'idx': {0: 'xfr_00', 1: 0}, 'val': 0.0},
 'viol_xfr_t_phi_min': {'idx': {0: 'xfr_00', 1: 0}, 'val': 0.0},
 'viol_xfr_t_s_max': {'idx': {0: 'xfr_00', 1: 0}, 'val': 0.0},
 'viol_xfr_t_tau_max': {'idx': {0: 'xfr_00', 1: 0}, 'val': 0.0},
 'viol_xfr_t_tau_min': {'idx': {0: 'xfr_00', 1: 0}, 'val': 0.0},
 'viol_xfr_t_u_sd_max': {'idx': {0: 'xfr_00', 1: 0}, 'val': 0},
 'viol_xfr_t_u_su_max': {'idx': {0: 'xfr_00', 1: 0}, 'val': 0},
 'viol_xfr_xfr_t_s_max_ctg': {'idx': {0: None, 1: None, 2: None}, 'val': 0.0},
 'z': -30831368733.605724,
 'z_base': -30831255490.49207,
 'z_cost': 0.0,
 'z_k_average_case': -56506.58032684913,
 'z_k_worst_case': -56736.53332330846,
 'z_max_energy': 0.0,
 'z_min_energy': 0.0,
 'z_penalty': 30831255490.49207,
 'z_value': -0.0}
infeasibility summary:
{}
feas: 1
obj: -30831368733.605724
evaluate solution time: 0.37160825729370117
end of check_data(), memory info: {'rss bytes': 209170432, 'rss human': '199.5M', 'percent': 0.07743380074941278}
