/rcfs/dtn/arpacomp/.conda/envs/goc_eval/lib/python3.10/site-packages/scipy/sparse/linalg/_dsolve/linsolve.py:347: SparseEfficiencyWarning: splu converted its input to CSC format
  warn('splu converted its input to CSC format', SparseEfficiencyWarning)
args:
Namespace(problem_opt=None, problem='/qfs/projects/goc/share/data/C3/E3.1/D3//C3E3N00073D3/scenario_243.json_scrubbed.json', solution='/qfs/projects/goc/share/data/C3/E3.1/D3//C3E3N00073D3/scenario_243.json.pop_solution.json', configuration=None, parameters='{}', summary_csv='summary.csv', summary_json='summary.json', data_errors='data_errors.txt', ignored_errors='ignored_errors.txt', solution_errors='solution_errors.txt', pop_solution=None, scrubbed_problem=None)
problem data file: /qfs/projects/goc/share/data/C3/E3.1/D3//C3E3N00073D3/scenario_243.json_scrubbed.json

pop solution data file: None

solution data file: /qfs/projects/goc/share/data/C3/E3.1/D3//C3E3N00073D3/scenario_243.json.pop_solution.json

git info: {'C3DataUtilities': {'branch': 'main', 'commit': '59dd7f47974aa54c2f26998163730b14ab3a6b97', 'date': 'Wed Jun 7 09:10:06 2023 -0700', 'query_return_code': 0, 'query_err': '', 'branch_return_code': 0, 'branch_err': '', 'query_path': '/qfs/projects/goc/share/loadbalancing/src/nonmpi-template/Challenge3/C3DataUtilities/datautilities', 'query_out': 'commit 59dd7f47974aa54c2f26998163730b14ab3a6b97\nAuthor: Jesse T Holzer <jesse.holzer@pnnl.gov>\nDate:   Wed Jun 7 09:10:06 2023 -0700\n\n    add git branch to summary output\n', 'branch_out': '  dev\n* main\n'}, 'Bid-DS-data-model': {'branch': None, 'commit': None, 'date': None, 'query_return_code': 128, 'query_err': 'fatal: Not a git repository (or any parent up to mount point /rcfs)\nStopping at filesystem boundary (GIT_DISCOVERY_ACROSS_FILESYSTEM not set).\n', 'branch_return_code': None, 'branch_err': None, 'query_path': '/rcfs/dtn/arpacomp/.conda/envs/goc_eval/lib/python3.10/site-packages/datamodel', 'query_out': ''}}

after reading problem without validation, memory info: {'rss bytes': 116604928, 'rss human': '111.2M', 'percent': 0.04316653493908557}
read problem data file without validation time: 0.06392717361450195
after reading problem with validation, memory info: {'rss bytes': 135311360, 'rss human': '129.0M', 'percent': 0.050091558300993815}
load time: 0.47242140769958496
{'error_diagnostics': '',
 'general': {'base_norm_mva': 100.0,
             'day_type': None,
             'electricity_demand': None,
             'net_load': None,
             'season': None,
             'solar_availability': None,
             'timestamp_start': None,
             'timestamp_stop': None,
             'vre_availability': None,
             'weather_temperature': None,
             'wind_availability': None},
 'interval durations': [4.0,
                        4.0,
                        4.0,
                        4.0,
                        4.0,
                        4.0,
                        4.0,
                        4.0,
                        4.0,
                        4.0,
                        4.0,
                        4.0,
                        4.0,
                        4.0,
                        4.0,
                        4.0,
                        4.0,
                        4.0,
                        4.0,
                        4.0,
                        4.0,
                        4.0,
                        4.0,
                        4.0,
                        4.0,
                        4.0,
                        4.0,
                        4.0,
                        4.0,
                        4.0,
                        4.0,
                        4.0,
                        4.0,
                        4.0,
                        4.0,
                        4.0,
                        4.0,
                        4.0,
                        4.0,
                        4.0,
                        4.0,
                        4.0],
 'num ac lines': 105,
 'num buses': 73,
 'num consuming devices': 51,
 'num contingencies': 2,
 'num dc lines': 1,
 'num intervals': 42,
 'num producing devices': 154,
 'num reactive power reserve zones': 1,
 'num real power reserve zones': 1,
 'num shunts': 73,
 'num simple dispatchable devices': 205,
 'num transformers': 15,
 'total duration': 168.0,
 'violation costs': {'e_vio_cost': 900000.0,
                     'p_bus_vio_cost': 1000000.0,
                     'q_bus_vio_cost': 1000000.0,
                     's_vio_cost': 500.0}}
after read solution without validation, memory info: {'rss bytes': 138555392, 'rss human': '132.1M', 'percent': 0.051292481993271306}
read solution data file without validation time: 0.014780521392822266
after read solution with validation, memory info: {'rss bytes': 145043456, 'rss human': '138.3M', 'percent': 0.053694329377826304}
solution load time: 0.21879029273986816
after solution_model_checks(), memory info: {'rss bytes': 145043456, 'rss human': '138.3M', 'percent': 0.053694329377826304}
solution model_checks time: 0.0012755393981933594
{'error_diagnostics': ''}
after problem_data_array.set_from_data_model(), memory info: {'rss bytes': 147988480, 'rss human': '141.1M', 'percent': 0.05478456187119438}
convert problem data to numpy arrays time: 0.043140411376953125
after solution_data_array.set_from_data_model(), memory info: {'rss bytes': 148799488, 'rss human': '141.9M', 'percent': 0.05508479279426376}
convert solution data to numpy arrays time: 0.006894111633300781
function: set_summary, time: 0.00016450881958007812
function: set_problem, time: 7.152557373046875e-07
function: set_solution, time: 4.0531158447265625e-06
function: set_solution_zero, time: 0.00017881393432617188
function: set_work_zero, time: 0.0001685619354248047
function: set_matrices, time: 0.0033769607543945312
function: __init__, time: 0.003919124603271484
function: eval_sd_t_d_up_dn, time: 0.0007524490356445312
function: eval_sd_max_startup, time: 0.002445220947265625
function: eval_sd_t_z_sus, time: 0.0014760494232177734
function: eval_acl_t_p_q_fr_to, time: 0.0003330707550048828
function: eval_xfr_t_p_q_fr_to, time: 0.00011944770812988281
function: eval_sd_t_su_sd_trajectories, time: 0.00012159347534179688
function: eval_sd_max_energy, time: 0.0013797283172607422
function: eval_sd_min_energy, time: 0.001356363296508789
function: eval_sd_t_z_p, time: 0.010358333587646484
function: eval_bus_t_p, time: 0.0006473064422607422
function: eval_bus_t_q, time: 0.00015544891357421875
sd_t_p_rgu sum: 0.0
prz_sigma_rgu max: 0.03
prz_t_p_rgu_req max: 0.0
sd_t_p_rgd sum: 0.0
prz_sigma_rgd max: 0.03
prz_t_p_rgd_req max: 0.0
sd_t_p_scr sum: 0.0
prz_sigma_scr max: 0.1
prz_t_p_scr_req max: 0.620186
sd_t_p_nsc sum: 0.0
prz_sigma_nsc max: 0.3
prz_t_p_nsc_req max: 1.860558
sd_t_p_rru sum: 0.0
prz_t_p_rru_min max: 1.02
sd_t_p_rrd sum: 0.0
prz_t_p_rrd_min max: 0.9774999999999999
sd_t_p_qru sum: 0.0
qrz_t_q_qru_min max: 0.0
sd_t_p_qrd sum: 0.0
qrz_t_q_qrd_min max: 0.0
function: get_connected_components, time: 0.0007116794586181641
function: get_bridges, time: 0.0017313957214355469
function: get_connected_components, time: 0.00034499168395996094
function: get_bridges, time: 0.0013947486877441406
function: get_connected_components, time: 0.00036907196044921875
function: get_bridges, time: 0.0014240741729736328
function: get_connected_components, time: 0.0003342628479003906
function: get_bridges, time: 0.0014383792877197266
function: get_connected_components, time: 0.00033354759216308594
function: get_bridges, time: 0.0015697479248046875
function: get_connected_components, time: 0.0003561973571777344
function: get_bridges, time: 0.0013933181762695312
function: get_connected_components, time: 0.0003325939178466797
function: get_bridges, time: 0.0014140605926513672
function: get_connected_components, time: 0.0003287792205810547
function: get_bridges, time: 0.001409769058227539
function: get_connected_components, time: 0.0003349781036376953
function: get_bridges, time: 0.0014224052429199219
function: get_connected_components, time: 0.0003428459167480469
function: get_bridges, time: 0.0013718605041503906
function: get_connected_components, time: 0.00032806396484375
function: get_bridges, time: 0.0013730525970458984
function: get_connected_components, time: 0.00032711029052734375
function: get_bridges, time: 0.0014147758483886719
function: get_connected_components, time: 0.00032806396484375
function: get_bridges, time: 0.0013959407806396484
function: get_connected_components, time: 0.0003311634063720703
function: get_bridges, time: 0.0014295578002929688
function: get_connected_components, time: 0.00033092498779296875
function: get_bridges, time: 0.001359701156616211
function: get_connected_components, time: 0.0003733634948730469
function: get_bridges, time: 0.0013861656188964844
function: get_connected_components, time: 0.000568389892578125
function: get_bridges, time: 0.0015587806701660156
function: get_connected_components, time: 0.00033283233642578125
function: get_bridges, time: 0.0013842582702636719
function: get_connected_components, time: 0.00032830238342285156
function: get_bridges, time: 0.0013346672058105469
function: get_connected_components, time: 0.00032711029052734375
function: get_bridges, time: 0.001417398452758789
function: get_connected_components, time: 0.0003325939178466797
function: get_bridges, time: 0.001344442367553711
function: get_connected_components, time: 0.00032806396484375
function: get_bridges, time: 0.0013842582702636719
function: get_connected_components, time: 0.0003330707550048828
function: get_bridges, time: 0.0013813972473144531
function: get_connected_components, time: 0.00032901763916015625
function: get_bridges, time: 0.0013475418090820312
function: get_connected_components, time: 0.0003311634063720703
function: get_bridges, time: 0.0013818740844726562
function: get_connected_components, time: 0.00032973289489746094
function: get_bridges, time: 0.0013377666473388672
function: get_connected_components, time: 0.0003695487976074219
function: get_bridges, time: 0.0013420581817626953
function: get_connected_components, time: 0.000324249267578125
function: get_bridges, time: 0.0013880729675292969
function: get_connected_components, time: 0.00032639503479003906
function: get_bridges, time: 0.00151824951171875
function: get_connected_components, time: 0.0003294944763183594
function: get_bridges, time: 0.0013842582702636719
function: get_connected_components, time: 0.0003304481506347656
function: get_bridges, time: 0.0013418197631835938
function: get_connected_components, time: 0.00036525726318359375
function: get_bridges, time: 0.001373291015625
function: get_connected_components, time: 0.000331878662109375
function: get_bridges, time: 0.0013856887817382812
function: get_connected_components, time: 0.0003287792205810547
function: get_bridges, time: 0.0013515949249267578
function: get_connected_components, time: 0.0003306865692138672
function: get_bridges, time: 0.001384735107421875
function: get_connected_components, time: 0.0003311634063720703
function: get_bridges, time: 0.0013439655303955078
function: get_connected_components, time: 0.0003762245178222656
function: get_bridges, time: 0.0013835430145263672
function: get_connected_components, time: 0.0003273487091064453
function: get_bridges, time: 0.0013842582702636719
function: get_connected_components, time: 0.00032806396484375
function: get_bridges, time: 0.0013513565063476562
function: get_connected_components, time: 0.00033092498779296875
function: get_bridges, time: 0.0013785362243652344
function: get_connected_components, time: 0.0003275871276855469
function: get_bridges, time: 0.0015320777893066406
function: get_connected_components, time: 0.0003600120544433594
function: get_bridges, time: 0.0013451576232910156
end of eval_connectedness(), memory info: {'rss bytes': 151203840, 'rss human': '144.2M', 'percent': 0.055974871338918916}
function: eval_connectedness, time: 0.0782918930053711
problem dimensions. bus: 73, acl: 105, xfr: 15, dcl: 1, k: 2, t: 42
construct static bus admittance matrix. time: 0.0011484622955322266
factor static bus admittance matrix. time: 0.005204916000366211
t_acl_delta_t: [array([], dtype=int64), array([], dtype=int64), array([], dtype=int64), array([], dtype=int64), array([], dtype=int64), array([], dtype=int64), array([], dtype=int64), array([], dtype=int64), array([], dtype=int64), array([], dtype=int64), array([], dtype=int64), array([], dtype=int64), array([], dtype=int64), array([], dtype=int64), array([], dtype=int64), array([], dtype=int64), array([], dtype=int64), array([], dtype=int64), array([], dtype=int64), array([], dtype=int64), array([], dtype=int64), array([], dtype=int64), array([], dtype=int64), array([], dtype=int64), array([], dtype=int64), array([], dtype=int64), array([], dtype=int64), array([], dtype=int64), array([], dtype=int64), array([], dtype=int64), array([], dtype=int64), array([], dtype=int64), array([], dtype=int64), array([], dtype=int64), array([], dtype=int64), array([], dtype=int64), array([], dtype=int64), array([], dtype=int64), array([], dtype=int64), array([], dtype=int64), array([], dtype=int64), array([], dtype=int64)], t_xfr_delta_t: [array([], dtype=int64), array([], dtype=int64), array([], dtype=int64), array([], dtype=int64), array([], dtype=int64), array([], dtype=int64), array([], dtype=int64), array([], dtype=int64), array([], dtype=int64), array([], dtype=int64), array([], dtype=int64), array([], dtype=int64), array([], dtype=int64), array([], dtype=int64), array([], dtype=int64), array([], dtype=int64), array([], dtype=int64), array([], dtype=int64), array([], dtype=int64), array([], dtype=int64), array([], dtype=int64), array([], dtype=int64), array([], dtype=int64), array([], dtype=int64), array([], dtype=int64), array([], dtype=int64), array([], dtype=int64), array([], dtype=int64), array([], dtype=int64), array([], dtype=int64), array([], dtype=int64), array([], dtype=int64), array([], dtype=int64), array([], dtype=int64), array([], dtype=int64), array([], dtype=int64), array([], dtype=int64), array([], dtype=int64), array([], dtype=int64), array([], dtype=int64), array([], dtype=int64), array([], dtype=int64)], t_br_delta_t: [array([], dtype=int64), array([], dtype=int64), array([], dtype=int64), array([], dtype=int64), array([], dtype=int64), array([], dtype=int64), array([], dtype=int64), array([], dtype=int64), array([], dtype=int64), array([], dtype=int64), array([], dtype=int64), array([], dtype=int64), array([], dtype=int64), array([], dtype=int64), array([], dtype=int64), array([], dtype=int64), array([], dtype=int64), array([], dtype=int64), array([], dtype=int64), array([], dtype=int64), array([], dtype=int64), array([], dtype=int64), array([], dtype=int64), array([], dtype=int64), array([], dtype=int64), array([], dtype=int64), array([], dtype=int64), array([], dtype=int64), array([], dtype=int64), array([], dtype=int64), array([], dtype=int64), array([], dtype=int64), array([], dtype=int64), array([], dtype=int64), array([], dtype=int64), array([], dtype=int64), array([], dtype=int64), array([], dtype=int64), array([], dtype=int64), array([], dtype=int64), array([], dtype=int64), array([], dtype=int64)], acl_delta_t: [], xfr_delta_t: [], br_delta_t: []
contingency delta branches. acl: 2, xfr: 0, dcl: 0
construct bus,t-indexed right hand side. time: 0.00014209747314453125
solve for base case bus,t-indexed theta. time: 0.07473635673522949
v_acl_k: [-0.02286434 -0.02447957]
acl_u[acl_delta_k]: [1 1]
num AC branches with possible violations in ACL contingencies: 2
num AC branches with possible violations in DCL contingencies: 2
num AC branches with possible violations in XFR contingencies: 2
t: 0, time: 0.002383708953857422, memory_info: {'rss bytes': 195977216, 'rss human': '186.9M', 'percent': 0.07254974113725897}
v_acl_k: [-0.02286434 -0.02447957]
acl_u[acl_delta_k]: [1 1]
num AC branches with possible violations in ACL contingencies: 2
num AC branches with possible violations in DCL contingencies: 2
num AC branches with possible violations in XFR contingencies: 2
t: 1, time: 0.0015485286712646484, memory_info: {'rss bytes': 195977216, 'rss human': '186.9M', 'percent': 0.07254974113725897}
v_acl_k: [-0.02286434 -0.02447957]
acl_u[acl_delta_k]: [1 1]
num AC branches with possible violations in ACL contingencies: 1
num AC branches with possible violations in DCL contingencies: 1
num AC branches with possible violations in XFR contingencies: 1
t: 2, time: 0.0014727115631103516, memory_info: {'rss bytes': 195977216, 'rss human': '186.9M', 'percent': 0.07254974113725897}
v_acl_k: [-0.02286434 -0.02447957]
acl_u[acl_delta_k]: [1 1]
num AC branches with possible violations in ACL contingencies: 1
num AC branches with possible violations in DCL contingencies: 1
num AC branches with possible violations in XFR contingencies: 1
t: 3, time: 0.0014662742614746094, memory_info: {'rss bytes': 195977216, 'rss human': '186.9M', 'percent': 0.07254974113725897}
v_acl_k: [-0.02286434 -0.02447957]
acl_u[acl_delta_k]: [1 1]
num AC branches with possible violations in ACL contingencies: 1
num AC branches with possible violations in DCL contingencies: 1
num AC branches with possible violations in XFR contingencies: 1
t: 4, time: 0.00146484375, memory_info: {'rss bytes': 195977216, 'rss human': '186.9M', 'percent': 0.07254974113725897}
v_acl_k: [-0.02286434 -0.02447957]
acl_u[acl_delta_k]: [1 1]
num AC branches with possible violations in ACL contingencies: 1
num AC branches with possible violations in DCL contingencies: 1
num AC branches with possible violations in XFR contingencies: 1
t: 5, time: 0.0014522075653076172, memory_info: {'rss bytes': 195977216, 'rss human': '186.9M', 'percent': 0.07254974113725897}
v_acl_k: [-0.02286434 -0.02447957]
acl_u[acl_delta_k]: [1 1]
num AC branches with possible violations in ACL contingencies: 2
num AC branches with possible violations in DCL contingencies: 2
num AC branches with possible violations in XFR contingencies: 2
t: 6, time: 0.0014543533325195312, memory_info: {'rss bytes': 195977216, 'rss human': '186.9M', 'percent': 0.07254974113725897}
v_acl_k: [-0.02286434 -0.02447957]
acl_u[acl_delta_k]: [1 1]
num AC branches with possible violations in ACL contingencies: 0
num AC branches with possible violations in DCL contingencies: 0
num AC branches with possible violations in XFR contingencies: 0
t: 7, time: 0.001435995101928711, memory_info: {'rss bytes': 195977216, 'rss human': '186.9M', 'percent': 0.07254974113725897}
v_acl_k: [-0.02286434 -0.02447957]
acl_u[acl_delta_k]: [1 1]
num AC branches with possible violations in ACL contingencies: 0
num AC branches with possible violations in DCL contingencies: 0
num AC branches with possible violations in XFR contingencies: 0
t: 8, time: 0.0014467239379882812, memory_info: {'rss bytes': 195977216, 'rss human': '186.9M', 'percent': 0.07254974113725897}
v_acl_k: [-0.02286434 -0.02447957]
acl_u[acl_delta_k]: [1 1]
num AC branches with possible violations in ACL contingencies: 0
num AC branches with possible violations in DCL contingencies: 0
num AC branches with possible violations in XFR contingencies: 0
t: 9, time: 0.0014393329620361328, memory_info: {'rss bytes': 195977216, 'rss human': '186.9M', 'percent': 0.07254974113725897}
v_acl_k: [-0.02286434 -0.02447957]
acl_u[acl_delta_k]: [1 1]
num AC branches with possible violations in ACL contingencies: 0
num AC branches with possible violations in DCL contingencies: 0
num AC branches with possible violations in XFR contingencies: 0
t: 10, time: 0.0014426708221435547, memory_info: {'rss bytes': 195977216, 'rss human': '186.9M', 'percent': 0.07254974113725897}
v_acl_k: [-0.02286434 -0.02447957]
acl_u[acl_delta_k]: [1 1]
num AC branches with possible violations in ACL contingencies: 0
num AC branches with possible violations in DCL contingencies: 0
num AC branches with possible violations in XFR contingencies: 0
t: 11, time: 0.0014541149139404297, memory_info: {'rss bytes': 195977216, 'rss human': '186.9M', 'percent': 0.07254974113725897}
v_acl_k: [-0.02286434 -0.02447957]
acl_u[acl_delta_k]: [1 1]
num AC branches with possible violations in ACL contingencies: 0
num AC branches with possible violations in DCL contingencies: 0
num AC branches with possible violations in XFR contingencies: 0
t: 12, time: 0.0014491081237792969, memory_info: {'rss bytes': 195977216, 'rss human': '186.9M', 'percent': 0.07254974113725897}
v_acl_k: [-0.02286434 -0.02447957]
acl_u[acl_delta_k]: [1 1]
num AC branches with possible violations in ACL contingencies: 0
num AC branches with possible violations in DCL contingencies: 0
num AC branches with possible violations in XFR contingencies: 0
t: 13, time: 0.00145721435546875, memory_info: {'rss bytes': 195977216, 'rss human': '186.9M', 'percent': 0.07254974113725897}
v_acl_k: [-0.02286434 -0.02447957]
acl_u[acl_delta_k]: [1 1]
num AC branches with possible violations in ACL contingencies: 0
num AC branches with possible violations in DCL contingencies: 0
num AC branches with possible violations in XFR contingencies: 0
t: 14, time: 0.0014371871948242188, memory_info: {'rss bytes': 195977216, 'rss human': '186.9M', 'percent': 0.07254974113725897}
v_acl_k: [-0.02286434 -0.02447957]
acl_u[acl_delta_k]: [1 1]
num AC branches with possible violations in ACL contingencies: 0
num AC branches with possible violations in DCL contingencies: 0
num AC branches with possible violations in XFR contingencies: 0
t: 15, time: 0.0014491081237792969, memory_info: {'rss bytes': 195977216, 'rss human': '186.9M', 'percent': 0.07254974113725897}
v_acl_k: [-0.02286434 -0.02447957]
acl_u[acl_delta_k]: [1 1]
num AC branches with possible violations in ACL contingencies: 0
num AC branches with possible violations in DCL contingencies: 0
num AC branches with possible violations in XFR contingencies: 0
t: 16, time: 0.001432180404663086, memory_info: {'rss bytes': 195977216, 'rss human': '186.9M', 'percent': 0.07254974113725897}
v_acl_k: [-0.02286434 -0.02447957]
acl_u[acl_delta_k]: [1 1]
num AC branches with possible violations in ACL contingencies: 1
num AC branches with possible violations in DCL contingencies: 1
num AC branches with possible violations in XFR contingencies: 1
t: 17, time: 0.0014460086822509766, memory_info: {'rss bytes': 195977216, 'rss human': '186.9M', 'percent': 0.07254974113725897}
v_acl_k: [-0.02286434 -0.02447957]
acl_u[acl_delta_k]: [1 1]
num AC branches with possible violations in ACL contingencies: 2
num AC branches with possible violations in DCL contingencies: 2
num AC branches with possible violations in XFR contingencies: 2
t: 18, time: 0.001439809799194336, memory_info: {'rss bytes': 195977216, 'rss human': '186.9M', 'percent': 0.07254974113725897}
v_acl_k: [-0.02286434 -0.02447957]
acl_u[acl_delta_k]: [1 1]
num AC branches with possible violations in ACL contingencies: 1
num AC branches with possible violations in DCL contingencies: 1
num AC branches with possible violations in XFR contingencies: 1
t: 19, time: 0.0014355182647705078, memory_info: {'rss bytes': 195977216, 'rss human': '186.9M', 'percent': 0.07254974113725897}
v_acl_k: [-0.02286434 -0.02447957]
acl_u[acl_delta_k]: [1 1]
num AC branches with possible violations in ACL contingencies: 0
num AC branches with possible violations in DCL contingencies: 0
num AC branches with possible violations in XFR contingencies: 0
t: 20, time: 0.0014412403106689453, memory_info: {'rss bytes': 195977216, 'rss human': '186.9M', 'percent': 0.07254974113725897}
v_acl_k: [-0.02286434 -0.02447957]
acl_u[acl_delta_k]: [1 1]
num AC branches with possible violations in ACL contingencies: 1
num AC branches with possible violations in DCL contingencies: 1
num AC branches with possible violations in XFR contingencies: 1
t: 21, time: 0.0014274120330810547, memory_info: {'rss bytes': 195977216, 'rss human': '186.9M', 'percent': 0.07254974113725897}
v_acl_k: [-0.02286434 -0.02447957]
acl_u[acl_delta_k]: [1 1]
num AC branches with possible violations in ACL contingencies: 1
num AC branches with possible violations in DCL contingencies: 1
num AC branches with possible violations in XFR contingencies: 1
t: 22, time: 0.0014417171478271484, memory_info: {'rss bytes': 195977216, 'rss human': '186.9M', 'percent': 0.07254974113725897}
v_acl_k: [-0.02286434 -0.02447957]
acl_u[acl_delta_k]: [1 1]
num AC branches with possible violations in ACL contingencies: 1
num AC branches with possible violations in DCL contingencies: 1
num AC branches with possible violations in XFR contingencies: 1
t: 23, time: 0.0014274120330810547, memory_info: {'rss bytes': 195977216, 'rss human': '186.9M', 'percent': 0.07254974113725897}
v_acl_k: [-0.02286434 -0.02447957]
acl_u[acl_delta_k]: [1 1]
num AC branches with possible violations in ACL contingencies: 2
num AC branches with possible violations in DCL contingencies: 2
num AC branches with possible violations in XFR contingencies: 2
t: 24, time: 0.0014390945434570312, memory_info: {'rss bytes': 195977216, 'rss human': '186.9M', 'percent': 0.07254974113725897}
v_acl_k: [-0.02286434 -0.02447957]
acl_u[acl_delta_k]: [1 1]
num AC branches with possible violations in ACL contingencies: 2
num AC branches with possible violations in DCL contingencies: 2
num AC branches with possible violations in XFR contingencies: 2
t: 25, time: 0.0014166831970214844, memory_info: {'rss bytes': 195977216, 'rss human': '186.9M', 'percent': 0.07254974113725897}
v_acl_k: [-0.02286434 -0.02447957]
acl_u[acl_delta_k]: [1 1]
num AC branches with possible violations in ACL contingencies: 0
num AC branches with possible violations in DCL contingencies: 0
num AC branches with possible violations in XFR contingencies: 0
t: 26, time: 0.001405954360961914, memory_info: {'rss bytes': 195977216, 'rss human': '186.9M', 'percent': 0.07254974113725897}
v_acl_k: [-0.02286434 -0.02447957]
acl_u[acl_delta_k]: [1 1]
num AC branches with possible violations in ACL contingencies: 0
num AC branches with possible violations in DCL contingencies: 0
num AC branches with possible violations in XFR contingencies: 0
t: 27, time: 0.0014150142669677734, memory_info: {'rss bytes': 195977216, 'rss human': '186.9M', 'percent': 0.07254974113725897}
v_acl_k: [-0.02286434 -0.02447957]
acl_u[acl_delta_k]: [1 1]
num AC branches with possible violations in ACL contingencies: 0
num AC branches with possible violations in DCL contingencies: 0
num AC branches with possible violations in XFR contingencies: 0
t: 28, time: 0.0014162063598632812, memory_info: {'rss bytes': 195977216, 'rss human': '186.9M', 'percent': 0.07254974113725897}
v_acl_k: [-0.02286434 -0.02447957]
acl_u[acl_delta_k]: [1 1]
num AC branches with possible violations in ACL contingencies: 0
num AC branches with possible violations in DCL contingencies: 0
num AC branches with possible violations in XFR contingencies: 0
t: 29, time: 0.001405477523803711, memory_info: {'rss bytes': 195977216, 'rss human': '186.9M', 'percent': 0.07254974113725897}
v_acl_k: [-0.02286434 -0.02447957]
acl_u[acl_delta_k]: [1 1]
num AC branches with possible violations in ACL contingencies: 0
num AC branches with possible violations in DCL contingencies: 0
num AC branches with possible violations in XFR contingencies: 0
t: 30, time: 0.0014100074768066406, memory_info: {'rss bytes': 195977216, 'rss human': '186.9M', 'percent': 0.07254974113725897}
v_acl_k: [-0.02286434 -0.02447957]
acl_u[acl_delta_k]: [1 1]
num AC branches with possible violations in ACL contingencies: 0
num AC branches with possible violations in DCL contingencies: 0
num AC branches with possible violations in XFR contingencies: 0
t: 31, time: 0.0013959407806396484, memory_info: {'rss bytes': 195977216, 'rss human': '186.9M', 'percent': 0.07254974113725897}
v_acl_k: [-0.02286434 -0.02447957]
acl_u[acl_delta_k]: [1 1]
num AC branches with possible violations in ACL contingencies: 0
num AC branches with possible violations in DCL contingencies: 0
num AC branches with possible violations in XFR contingencies: 0
t: 32, time: 0.001409769058227539, memory_info: {'rss bytes': 195977216, 'rss human': '186.9M', 'percent': 0.07254974113725897}
v_acl_k: [-0.02286434 -0.02447957]
acl_u[acl_delta_k]: [1 1]
num AC branches with possible violations in ACL contingencies: 0
num AC branches with possible violations in DCL contingencies: 0
num AC branches with possible violations in XFR contingencies: 0
t: 33, time: 0.0014064311981201172, memory_info: {'rss bytes': 195977216, 'rss human': '186.9M', 'percent': 0.07254974113725897}
v_acl_k: [-0.02286434 -0.02447957]
acl_u[acl_delta_k]: [1 1]
num AC branches with possible violations in ACL contingencies: 0
num AC branches with possible violations in DCL contingencies: 0
num AC branches with possible violations in XFR contingencies: 0
t: 34, time: 0.001405477523803711, memory_info: {'rss bytes': 195977216, 'rss human': '186.9M', 'percent': 0.07254974113725897}
v_acl_k: [-0.02286434 -0.02447957]
acl_u[acl_delta_k]: [1 1]
num AC branches with possible violations in ACL contingencies: 0
num AC branches with possible violations in DCL contingencies: 0
num AC branches with possible violations in XFR contingencies: 0
t: 35, time: 0.0014023780822753906, memory_info: {'rss bytes': 195977216, 'rss human': '186.9M', 'percent': 0.07254974113725897}
v_acl_k: [-0.02286434 -0.02447957]
acl_u[acl_delta_k]: [1 1]
num AC branches with possible violations in ACL contingencies: 2
num AC branches with possible violations in DCL contingencies: 2
num AC branches with possible violations in XFR contingencies: 2
t: 36, time: 0.0014045238494873047, memory_info: {'rss bytes': 195977216, 'rss human': '186.9M', 'percent': 0.07254974113725897}
v_acl_k: [-0.02286434 -0.02447957]
acl_u[acl_delta_k]: [1 1]
num AC branches with possible violations in ACL contingencies: 2
num AC branches with possible violations in DCL contingencies: 2
num AC branches with possible violations in XFR contingencies: 2
t: 37, time: 0.0014002323150634766, memory_info: {'rss bytes': 195977216, 'rss human': '186.9M', 'percent': 0.07254974113725897}
v_acl_k: [-0.02286434 -0.02447957]
acl_u[acl_delta_k]: [1 1]
num AC branches with possible violations in ACL contingencies: 0
num AC branches with possible violations in DCL contingencies: 0
num AC branches with possible violations in XFR contingencies: 0
t: 38, time: 0.00141143798828125, memory_info: {'rss bytes': 195977216, 'rss human': '186.9M', 'percent': 0.07254974113725897}
v_acl_k: [-0.02286434 -0.02447957]
acl_u[acl_delta_k]: [1 1]
num AC branches with possible violations in ACL contingencies: 1
num AC branches with possible violations in DCL contingencies: 1
num AC branches with possible violations in XFR contingencies: 1
t: 39, time: 0.0014119148254394531, memory_info: {'rss bytes': 195977216, 'rss human': '186.9M', 'percent': 0.07254974113725897}
v_acl_k: [-0.02286434 -0.02447957]
acl_u[acl_delta_k]: [1 1]
num AC branches with possible violations in ACL contingencies: 1
num AC branches with possible violations in DCL contingencies: 1
num AC branches with possible violations in XFR contingencies: 1
t: 40, time: 0.0014123916625976562, memory_info: {'rss bytes': 195977216, 'rss human': '186.9M', 'percent': 0.07254974113725897}
v_acl_k: [-0.02286434 -0.02447957]
acl_u[acl_delta_k]: [1 1]
num AC branches with possible violations in ACL contingencies: 1
num AC branches with possible violations in DCL contingencies: 1
num AC branches with possible violations in XFR contingencies: 1
t: 41, time: 0.0014126300811767578, memory_info: {'rss bytes': 195977216, 'rss human': '186.9M', 'percent': 0.07254974113725897}
initialize_m_w_time: 0.0003952980041503906
compute_static_w_time: 6.008148193359375e-05
get_time_varying_branch_characteristics_time: 0.0008058547973632812
construct_a_t_time: 0.013102293014526367
factor_a_t_time: 0.008652687072753906
compute_w_with_t_a_solve_time: 0.0016803741455078125
compute_v_t_time: 1.2874603271484375e-05
compute_w_with_t_smw_time: 4.76837158203125e-06
compute_v_time: 0.007010459899902344
compute_bus_theta_with_t_a_solve_time: 0.0007002353668212891
compute_bus_theta_with_t_smw_time: 4.76837158203125e-06
compute_br_p_time: 0.0031325817108154297
apply_w_v_wt_time: 0.0005578994750976562
compute_bus_dtheta_rhs_dcl_k_time: 0.0037386417388916016
compute_w_v_wt_xfr_k_time: 0.0040056705474853516
compute_bus_dtheta_rhs_xfr_k_time: 4.0531158447265625e-06
compute_br_acl_delta_k_p_delta_time: 0.0026488304138183594
compute_br_dcl_delta_k_p_delta_time: 0.002210855484008789
compute_br_xfr_delta_k_p_delta_time: 0.002168893814086914
filter_branches_acl_k_time: 0.002183198928833008
filter_branches_dcl_k_time: 0.0009372234344482422
filter_branches_xfr_k_time: 0.0008649826049804688
compute_br_acl_delta_k_p_time: 0.000244140625
compute_br_dcl_delta_k_p_time: 0.0001316070556640625
compute_br_xfr_delta_k_p_time: 0.0001227855682373047
compute_br_acl_delta_k_s_over_time: 0.0013325214385986328
compute_br_dcl_delta_k_s_over_time: 0.0006186962127685547
compute_br_xfr_delta_k_s_over_time: 0.0005922317504882812
zero_out_time: 0.0001621246337890625
get_max_br_acl_delta_k_s_over_time: 0.0012042522430419922
get_max_br_dcl_delta_k_s_over_time: 7.3909759521484375e-06
get_max_br_xfr_delta_k_s_over_time: 4.291534423828125e-06
compute_br_k_z_time: 0.0010852813720703125
collect_penalties_into_obj_array_time: 0.0004329681396484375
end of contingency model method 1, memory info: {'rss bytes': 195977216, 'rss human': '186.9M', 'percent': 0.07254974113725897}
function: eval_post_contingency_model, time: 0.1518383026123047
function: eval_post_contingency_model, time: 0.15184545516967773
function: run, time: 0.25501060485839844
after solution_evaluator.run(), memory info: {'rss bytes': 195977216, 'rss human': '186.9M', 'percent': 0.07254974113725897}
evaluation summary:
{'feas': 1,
 'infeas': 0,
 'info_i_i_k_t_disconnected_ctg': {'idx': {0: None, 1: None, 2: None, 3: None},
                                   'val': 0},
 'info_i_i_t_disconnected_base': {'idx': {0: None, 1: None, 2: None}, 'val': 0},
 'phys_feas': 0,
 'sum_acl_t_u_sd': 0,
 'sum_acl_t_u_su': 0,
 'sum_acl_t_z_s': 0.0,
 'sum_acl_t_z_sd': 0.0,
 'sum_acl_t_z_su': 0.0,
 'sum_bus_t_z_p': 19005959698.62154,
 'sum_bus_t_z_q': 11448796695.184887,
 'sum_cs_t_z_p': -0.0,
 'sum_pr_t_z_p': 0.0,
 'sum_prz_t_z_nsc': 6256.014124799999,
 'sum_prz_t_z_rgd': 0.0,
 'sum_prz_t_z_rgu': 0.0,
 'sum_prz_t_z_rrd': 11.373000000000001,
 'sum_prz_t_z_rru': 12.511000000000001,
 'sum_prz_t_z_scr': 19875.878209,
 'sum_qrz_t_z_qrd': 0.0,
 'sum_qrz_t_z_qru': 0.0,
 'sum_sd_t_sd': 0,
 'sum_sd_t_su': 61,
 'sum_sd_t_z_nsc': 0.0,
 'sum_sd_t_z_on': 0.0,
 'sum_sd_t_z_qrd': 0.0,
 'sum_sd_t_z_qru': 0.0,
 'sum_sd_t_z_rgd': 0.0,
 'sum_sd_t_z_rgu': 0.0,
 'sum_sd_t_z_rrd_off': 0.0,
 'sum_sd_t_z_rrd_on': 0.0,
 'sum_sd_t_z_rru_off': 0.0,
 'sum_sd_t_z_rru_on': 0.0,
 'sum_sd_t_z_scr': 0.0,
 'sum_sd_t_z_sd': 0.0,
 'sum_sd_t_z_su': 0.0,
 'sum_sd_t_z_sus': 0.0,
 'sum_xfr_t_u_sd': 0,
 'sum_xfr_t_u_su': 0,
 'sum_xfr_t_z_s': 0.0,
 'sum_xfr_t_z_sd': 0.0,
 'sum_xfr_t_z_su': 0.0,
 'time_connectedness': 0.07810783386230469,
 'time_post_contingency': 0.15184378623962402,
 'time_run': 0.25500917434692383,
 'total_switches': 0,
 'viol_acl_acl_t_s_max_ctg': {'idx': {0: 'acl_065', 1: 'acl_003', 2: 0},
                              'val': 1.7157224908862307},
 'viol_acl_dcl_t_s_max_ctg': {'idx': {0: None, 1: None, 2: None}, 'val': 0.0},
 'viol_acl_t_s_max': {'idx': {0: 'acl_000', 1: 0}, 'val': 0.0},
 'viol_acl_t_u_sd_max': {'idx': {0: 'acl_000', 1: 0}, 'val': 0},
 'viol_acl_t_u_su_max': {'idx': {0: 'acl_000', 1: 0}, 'val': 0},
 'viol_acl_xfr_t_s_max_ctg': {'idx': {0: None, 1: None, 2: None}, 'val': 0.0},
 'viol_bus_t_p_balance_max': {'idx': {0: 'bus_55', 1: 0},
                              'val': 6.600014981956657},
 'viol_bus_t_p_balance_min': {'idx': {0: 'bus_53', 1: 0},
                              'val': -8.261395193520706},
 'viol_bus_t_q_balance_max': {'idx': {0: 'bus_41', 1: 0},
                              'val': 0.8199418027720068},
 'viol_bus_t_q_balance_min': {'idx': {0: 'bus_53', 1: 0},
                              'val': -9.345961455185739},
 'viol_bus_t_v_max': {'idx': {0: 'bus_00', 1: 0}, 'val': 0.0},
 'viol_bus_t_v_min': {'idx': {0: 'bus_00', 1: 0}, 'val': 0.0},
 'viol_cs_t_p_off_max': {'idx': {0: 'sd_154', 1: 0}, 'val': 0.0},
 'viol_cs_t_p_off_min': {'idx': {0: 'sd_154', 1: 0}, 'val': 0.0},
 'viol_cs_t_p_on_max': {'idx': {0: 'sd_154', 1: 0}, 'val': 0.0},
 'viol_cs_t_p_on_min': {'idx': {0: 'sd_154', 1: 0}, 'val': 0.0},
 'viol_cs_t_q_max': {'idx': {0: 'sd_154', 1: 0}, 'val': 0.0},
 'viol_cs_t_q_min': {'idx': {0: 'sd_154', 1: 0}, 'val': 0.0},
 'viol_cs_t_q_p_max': {'idx': {0: None, 1: None}, 'val': None},
 'viol_cs_t_q_p_min': {'idx': {0: None, 1: None}, 'val': None},
 'viol_dcl_t_p_max': {'idx': {0: 'dcl_0', 1: 0}, 'val': 0.0},
 'viol_dcl_t_p_min': {'idx': {0: 'dcl_0', 1: 0}, 'val': 0.0},
 'viol_dcl_t_q_fr_max': {'idx': {0: 'dcl_0', 1: 0}, 'val': 0.0},
 'viol_dcl_t_q_fr_min': {'idx': {0: 'dcl_0', 1: 0}, 'val': 0.0},
 'viol_dcl_t_q_to_max': {'idx': {0: 'dcl_0', 1: 0}, 'val': 0.0},
 'viol_dcl_t_q_to_min': {'idx': {0: 'dcl_0', 1: 0}, 'val': 0.0},
 'viol_pr_t_p_off_max': {'idx': {0: 'sd_000', 1: 0}, 'val': 0.0},
 'viol_pr_t_p_off_min': {'idx': {0: 'sd_000', 1: 0}, 'val': 0.0},
 'viol_pr_t_p_on_max': {'idx': {0: 'sd_000', 1: 0}, 'val': 0.0},
 'viol_pr_t_p_on_min': {'idx': {0: 'sd_000', 1: 0}, 'val': 0.0},
 'viol_pr_t_q_max': {'idx': {0: 'sd_000', 1: 0}, 'val': 0.0},
 'viol_pr_t_q_min': {'idx': {0: 'sd_000', 1: 0}, 'val': 0.0},
 'viol_pr_t_q_p_max': {'idx': {0: None, 1: None}, 'val': None},
 'viol_pr_t_q_p_min': {'idx': {0: None, 1: None}, 'val': None},
 'viol_prz_t_p_nsc_balance': {'idx': {0: 'prz_0', 1: 0}, 'val': 2.480744},
 'viol_prz_t_p_rgd_balance': {'idx': {0: 'prz_0', 1: 0}, 'val': 0.0},
 'viol_prz_t_p_rgu_balance': {'idx': {0: 'prz_0', 1: 0}, 'val': 0.0},
 'viol_prz_t_p_rrd_balance': {'idx': {0: 'prz_0', 1: 8},
                              'val': 0.9774999999999999},
 'viol_prz_t_p_rru_balance': {'idx': {0: 'prz_0', 1: 15}, 'val': 1.02},
 'viol_prz_t_p_scr_balance': {'idx': {0: 'prz_0', 1: 0}, 'val': 0.620186},
 'viol_qrz_t_q_qrd_balance': {'idx': {0: 'qrz_0', 1: 0}, 'val': 0.0},
 'viol_qrz_t_q_qru_balance': {'idx': {0: 'qrz_0', 1: 0}, 'val': 0.0},
 'viol_sd_max_energy_constr': {'idx': {0: 'sd_000', 1: 0}, 'val': 0.0},
 'viol_sd_max_startup_constr': {'idx': {0: 'sd_000', 1: 0}, 'val': 0},
 'viol_sd_min_energy_constr': {'idx': {0: 'sd_000', 1: 0}, 'val': 0.0},
 'viol_sd_t_d_dn_min': {'idx': {0: 'sd_000', 1: 0}, 'val': 0},
 'viol_sd_t_d_up_min': {'idx': {0: 'sd_000', 1: 0}, 'val': 0},
 'viol_sd_t_p_nsc_max': {'idx': {0: 'sd_000', 1: 0}, 'val': 0.0},
 'viol_sd_t_p_nsc_nonneg': {'idx': {0: 'sd_000', 1: 0}, 'val': -0.0},
 'viol_sd_t_p_ramp_dn_max': {'idx': {0: 'sd_000', 1: 0}, 'val': 0.0},
 'viol_sd_t_p_ramp_up_max': {'idx': {0: 'sd_000', 1: 0}, 'val': 0.0},
 'viol_sd_t_p_rgd_max': {'idx': {0: 'sd_000', 1: 0}, 'val': 0.0},
 'viol_sd_t_p_rgd_nonneg': {'idx': {0: 'sd_000', 1: 0}, 'val': -0.0},
 'viol_sd_t_p_rgu_max': {'idx': {0: 'sd_000', 1: 0}, 'val': 0.0},
 'viol_sd_t_p_rgu_nonneg': {'idx': {0: 'sd_000', 1: 0}, 'val': -0.0},
 'viol_sd_t_p_rrd_off_max': {'idx': {0: 'sd_000', 1: 0}, 'val': 0.0},
 'viol_sd_t_p_rrd_off_nonneg': {'idx': {0: 'sd_000', 1: 0}, 'val': -0.0},
 'viol_sd_t_p_rrd_on_max': {'idx': {0: 'sd_000', 1: 0}, 'val': 0.0},
 'viol_sd_t_p_rrd_on_nonneg': {'idx': {0: 'sd_000', 1: 0}, 'val': -0.0},
 'viol_sd_t_p_rru_off_max': {'idx': {0: 'sd_000', 1: 0}, 'val': 0.0},
 'viol_sd_t_p_rru_off_nonneg': {'idx': {0: 'sd_000', 1: 0}, 'val': -0.0},
 'viol_sd_t_p_rru_on_max': {'idx': {0: 'sd_000', 1: 0}, 'val': 0.0},
 'viol_sd_t_p_rru_on_nonneg': {'idx': {0: 'sd_000', 1: 0}, 'val': -0.0},
 'viol_sd_t_p_scr_max': {'idx': {0: 'sd_000', 1: 0}, 'val': 0.0},
 'viol_sd_t_p_scr_nonneg': {'idx': {0: 'sd_000', 1: 0}, 'val': -0.0},
 'viol_sd_t_q_qrd_nonneg': {'idx': {0: 'sd_000', 1: 0}, 'val': -0.0},
 'viol_sd_t_q_qru_nonneg': {'idx': {0: 'sd_000', 1: 0}, 'val': -0.0},
 'viol_sd_t_u_on_max': {'idx': {0: 'sd_000', 1: 0}, 'val': 0},
 'viol_sd_t_u_on_min': {'idx': {0: 'sd_000', 1: 0}, 'val': 0},
 'viol_sh_t_u_st_max': {'idx': {0: 'sh_00', 1: 0}, 'val': 0},
 'viol_sh_t_u_st_min': {'idx': {0: 'sh_00', 1: 0}, 'val': 0},
 'viol_t_connected_base': {'idx': {0: 0}, 'val': 0},
 'viol_t_connected_ctg': {'idx': {0: 0}, 'val': 0},
 'viol_xfr_acl_t_s_max_ctg': {'idx': {0: 'xfr_04', 1: 'acl_102', 2: 0},
                              'val': 1.2034274242924132},
 'viol_xfr_dcl_t_s_max_ctg': {'idx': {0: None, 1: None, 2: None}, 'val': 0.0},
 'viol_xfr_t_phi_max': {'idx': {0: 'xfr_00', 1: 0}, 'val': 0.0},
 'viol_xfr_t_phi_min': {'idx': {0: 'xfr_00', 1: 0}, 'val': 0.0},
 'viol_xfr_t_s_max': {'idx': {0: 'xfr_00', 1: 0}, 'val': 0.0},
 'viol_xfr_t_tau_max': {'idx': {0: 'xfr_00', 1: 0}, 'val': 0.0},
 'viol_xfr_t_tau_min': {'idx': {0: 'xfr_00', 1: 0}, 'val': 0.0},
 'viol_xfr_t_u_sd_max': {'idx': {0: 'xfr_00', 1: 0}, 'val': 0},
 'viol_xfr_t_u_su_max': {'idx': {0: 'xfr_00', 1: 0}, 'val': 0},
 'viol_xfr_xfr_t_s_max_ctg': {'idx': {0: None, 1: None, 2: None}, 'val': 0.0},
 'z': -30454842740.853172,
 'z_base': -30454782549.582764,
 'z_cost': 0.0,
 'z_k_average_case': -30052.007809892642,
 'z_k_worst_case': -30139.262599115693,
 'z_max_energy': 0.0,
 'z_min_energy': 0.0,
 'z_penalty': 30454782549.58276,
 'z_value': -0.0}
infeasibility summary:
{}
feas: 1
obj: -30454842740.853172
evaluate solution time: 0.2621445655822754
end of check_data(), memory info: {'rss bytes': 196497408, 'rss human': '187.4M', 'percent': 0.07274231349700548}
