/rcfs/dtn/arpacomp/.conda/envs/goc_eval/lib/python3.10/site-packages/scipy/sparse/linalg/_dsolve/linsolve.py:347: SparseEfficiencyWarning: splu converted its input to CSC format
  warn('splu converted its input to CSC format', SparseEfficiencyWarning)
args:
Namespace(problem_opt=None, problem='/qfs/projects/goc/share/data/C3/E3.1/D3//C3E3N00073D3/scenario_248.json_scrubbed.json', solution='/qfs/projects/goc/share/data/C3/E3.1/D3//C3E3N00073D3/scenario_248.json.pop_solution.json', configuration=None, parameters='{}', summary_csv='summary.csv', summary_json='summary.json', data_errors='data_errors.txt', ignored_errors='ignored_errors.txt', solution_errors='solution_errors.txt', pop_solution=None, scrubbed_problem=None)
problem data file: /qfs/projects/goc/share/data/C3/E3.1/D3//C3E3N00073D3/scenario_248.json_scrubbed.json

pop solution data file: None

solution data file: /qfs/projects/goc/share/data/C3/E3.1/D3//C3E3N00073D3/scenario_248.json.pop_solution.json

git info: {'C3DataUtilities': {'branch': 'main', 'commit': '59dd7f47974aa54c2f26998163730b14ab3a6b97', 'date': 'Wed Jun 7 09:10:06 2023 -0700', 'query_return_code': 0, 'query_err': '', 'branch_return_code': 0, 'branch_err': '', 'query_path': '/qfs/projects/goc/share/loadbalancing/src/nonmpi-template/Challenge3/C3DataUtilities/datautilities', 'query_out': 'commit 59dd7f47974aa54c2f26998163730b14ab3a6b97\nAuthor: Jesse T Holzer <jesse.holzer@pnnl.gov>\nDate:   Wed Jun 7 09:10:06 2023 -0700\n\n    add git branch to summary output\n', 'branch_out': '  dev\n* main\n'}, 'Bid-DS-data-model': {'branch': None, 'commit': None, 'date': None, 'query_return_code': 128, 'query_err': 'fatal: Not a git repository (or any parent up to mount point /rcfs)\nStopping at filesystem boundary (GIT_DISCOVERY_ACROSS_FILESYSTEM not set).\n', 'branch_return_code': None, 'branch_err': None, 'query_path': '/rcfs/dtn/arpacomp/.conda/envs/goc_eval/lib/python3.10/site-packages/datamodel', 'query_out': ''}}

after reading problem without validation, memory info: {'rss bytes': 114499584, 'rss human': '109.2M', 'percent': 0.04238714759333982}
read problem data file without validation time: 0.06141233444213867
after reading problem with validation, memory info: {'rss bytes': 133206016, 'rss human': '127.0M', 'percent': 0.04931217095524807}
load time: 0.49272704124450684
{'error_diagnostics': '',
 'general': {'base_norm_mva': 100.0,
             'day_type': None,
             'electricity_demand': None,
             'net_load': None,
             'season': None,
             'solar_availability': None,
             'timestamp_start': None,
             'timestamp_stop': None,
             'vre_availability': None,
             'weather_temperature': None,
             'wind_availability': None},
 'interval durations': [4.0,
                        4.0,
                        4.0,
                        4.0,
                        4.0,
                        4.0,
                        4.0,
                        4.0,
                        4.0,
                        4.0,
                        4.0,
                        4.0,
                        4.0,
                        4.0,
                        4.0,
                        4.0,
                        4.0,
                        4.0,
                        4.0,
                        4.0,
                        4.0,
                        4.0,
                        4.0,
                        4.0,
                        4.0,
                        4.0,
                        4.0,
                        4.0,
                        4.0,
                        4.0,
                        4.0,
                        4.0,
                        4.0,
                        4.0,
                        4.0,
                        4.0,
                        4.0,
                        4.0,
                        4.0,
                        4.0,
                        4.0,
                        4.0],
 'num ac lines': 105,
 'num buses': 73,
 'num consuming devices': 51,
 'num contingencies': 2,
 'num dc lines': 1,
 'num intervals': 42,
 'num producing devices': 154,
 'num reactive power reserve zones': 1,
 'num real power reserve zones': 1,
 'num shunts': 73,
 'num simple dispatchable devices': 205,
 'num transformers': 15,
 'total duration': 168.0,
 'violation costs': {'e_vio_cost': 900000.0,
                     'p_bus_vio_cost': 1000000.0,
                     'q_bus_vio_cost': 1000000.0,
                     's_vio_cost': 500.0}}
after read solution without validation, memory info: {'rss bytes': 136450048, 'rss human': '130.1M', 'percent': 0.05051309464752556}
read solution data file without validation time: 0.014409542083740234
after read solution with validation, memory info: {'rss bytes': 142938112, 'rss human': '136.3M', 'percent': 0.05291494203208055}
solution load time: 0.23169851303100586
after solution_model_checks(), memory info: {'rss bytes': 142938112, 'rss human': '136.3M', 'percent': 0.05291494203208055}
solution model_checks time: 0.0012340545654296875
{'error_diagnostics': ''}
after problem_data_array.set_from_data_model(), memory info: {'rss bytes': 145883136, 'rss human': '139.1M', 'percent': 0.05400517452544863}
convert problem data to numpy arrays time: 0.042682647705078125
after solution_data_array.set_from_data_model(), memory info: {'rss bytes': 146694144, 'rss human': '139.9M', 'percent': 0.05430540544851801}
convert solution data to numpy arrays time: 0.006743192672729492
function: set_summary, time: 0.00015234947204589844
function: set_problem, time: 4.76837158203125e-07
function: set_solution, time: 4.291534423828125e-06
function: set_solution_zero, time: 0.0001614093780517578
function: set_work_zero, time: 0.00015115737915039062
function: set_matrices, time: 0.0034983158111572266
function: __init__, time: 0.003993511199951172
function: eval_sd_t_d_up_dn, time: 0.0007512569427490234
function: eval_sd_max_startup, time: 0.002415180206298828
function: eval_sd_t_z_sus, time: 0.00144195556640625
function: eval_acl_t_p_q_fr_to, time: 0.0003266334533691406
function: eval_xfr_t_p_q_fr_to, time: 0.00012087821960449219
function: eval_sd_t_su_sd_trajectories, time: 0.00011849403381347656
function: eval_sd_max_energy, time: 0.0013303756713867188
function: eval_sd_min_energy, time: 0.0013272762298583984
function: eval_sd_t_z_p, time: 0.009644746780395508
function: eval_bus_t_p, time: 0.0010793209075927734
function: eval_bus_t_q, time: 0.00016427040100097656
sd_t_p_rgu sum: 0.0
prz_sigma_rgu max: 0.03
prz_t_p_rgu_req max: 0.0
sd_t_p_rgd sum: 0.0
prz_sigma_rgd max: 0.03
prz_t_p_rgd_req max: 0.0
sd_t_p_scr sum: 0.0
prz_sigma_scr max: 0.1
prz_t_p_scr_req max: 0.8469999
sd_t_p_nsc sum: 0.0
prz_sigma_nsc max: 0.3
prz_t_p_nsc_req max: 2.5409997
sd_t_p_rru sum: 0.0
prz_t_p_rru_min max: 1.02
sd_t_p_rrd sum: 0.0
prz_t_p_rrd_min max: 0.9774999999999999
sd_t_p_qru sum: 0.0
qrz_t_q_qru_min max: 0.0
sd_t_p_qrd sum: 0.0
qrz_t_q_qrd_min max: 0.0
function: get_connected_components, time: 0.0006647109985351562
function: get_bridges, time: 0.0015981197357177734
function: get_connected_components, time: 0.00033545494079589844
function: get_bridges, time: 0.0013623237609863281
function: get_connected_components, time: 0.00032782554626464844
function: get_bridges, time: 0.0013420581817626953
function: get_connected_components, time: 0.00033164024353027344
function: get_bridges, time: 0.0013322830200195312
function: get_connected_components, time: 0.0003306865692138672
function: get_bridges, time: 0.001508474349975586
function: get_connected_components, time: 0.0003299713134765625
function: get_bridges, time: 0.0013246536254882812
function: get_connected_components, time: 0.0003247261047363281
function: get_bridges, time: 0.0013310909271240234
function: get_connected_components, time: 0.00032329559326171875
function: get_bridges, time: 0.0013208389282226562
function: get_connected_components, time: 0.00032711029052734375
function: get_bridges, time: 0.001325368881225586
function: get_connected_components, time: 0.0003228187561035156
function: get_bridges, time: 0.0013332366943359375
function: get_connected_components, time: 0.0003218650817871094
function: get_bridges, time: 0.0013773441314697266
function: get_connected_components, time: 0.00032210350036621094
function: get_bridges, time: 0.001325368881225586
function: get_connected_components, time: 0.0003685951232910156
function: get_bridges, time: 0.0013294219970703125
function: get_connected_components, time: 0.0003273487091064453
function: get_bridges, time: 0.001333475112915039
function: get_connected_components, time: 0.00032329559326171875
function: get_bridges, time: 0.0013434886932373047
function: get_connected_components, time: 0.0003209114074707031
function: get_bridges, time: 0.0013761520385742188
function: get_connected_components, time: 0.0003304481506347656
function: get_bridges, time: 0.0014889240264892578
function: get_connected_components, time: 0.00032973289489746094
function: get_bridges, time: 0.0013303756713867188
function: get_connected_components, time: 0.00032520294189453125
function: get_bridges, time: 0.0013315677642822266
function: get_connected_components, time: 0.000324249267578125
function: get_bridges, time: 0.0013344287872314453
function: get_connected_components, time: 0.0003266334533691406
function: get_bridges, time: 0.0013267993927001953
function: get_connected_components, time: 0.0003304481506347656
function: get_bridges, time: 0.0013279914855957031
function: get_connected_components, time: 0.0003237724304199219
function: get_bridges, time: 0.0013713836669921875
function: get_connected_components, time: 0.0003230571746826172
function: get_bridges, time: 0.001348257064819336
function: get_connected_components, time: 0.00032782554626464844
function: get_bridges, time: 0.0013260841369628906
function: get_connected_components, time: 0.00033020973205566406
function: get_bridges, time: 0.0013575553894042969
function: get_connected_components, time: 0.0003223419189453125
function: get_bridges, time: 0.0013315677642822266
function: get_connected_components, time: 0.0003216266632080078
function: get_bridges, time: 0.0013213157653808594
function: get_connected_components, time: 0.00032639503479003906
function: get_bridges, time: 0.0014851093292236328
function: get_connected_components, time: 0.00033211708068847656
function: get_bridges, time: 0.0013244152069091797
function: get_connected_components, time: 0.0003247261047363281
function: get_bridges, time: 0.0013270378112792969
function: get_connected_components, time: 0.0003228187561035156
function: get_bridges, time: 0.0013246536254882812
function: get_connected_components, time: 0.00032782554626464844
function: get_bridges, time: 0.0013239383697509766
function: get_connected_components, time: 0.0003266334533691406
function: get_bridges, time: 0.0013267993927001953
function: get_connected_components, time: 0.0003230571746826172
function: get_bridges, time: 0.0013287067413330078
function: get_connected_components, time: 0.0003230571746826172
function: get_bridges, time: 0.0013277530670166016
function: get_connected_components, time: 0.0003333091735839844
function: get_bridges, time: 0.0013208389282226562
function: get_connected_components, time: 0.0003223419189453125
function: get_bridges, time: 0.0013315677642822266
function: get_connected_components, time: 0.0003223419189453125
function: get_bridges, time: 0.0013344287872314453
function: get_connected_components, time: 0.0003218650817871094
function: get_bridges, time: 0.0013284683227539062
function: get_connected_components, time: 0.0003304481506347656
function: get_bridges, time: 0.0014841556549072266
function: get_connected_components, time: 0.0003299713134765625
function: get_bridges, time: 0.0013217926025390625
end of eval_connectedness(), memory info: {'rss bytes': 148832256, 'rss human': '141.9M', 'percent': 0.055096923336609996}
function: eval_connectedness, time: 0.07451128959655762
problem dimensions. bus: 73, acl: 105, xfr: 15, dcl: 1, k: 2, t: 42
construct static bus admittance matrix. time: 0.0010590553283691406
factor static bus admittance matrix. time: 0.004216670989990234
t_acl_delta_t: [array([], dtype=int64), array([], dtype=int64), array([], dtype=int64), array([], dtype=int64), array([], dtype=int64), array([], dtype=int64), array([], dtype=int64), array([], dtype=int64), array([], dtype=int64), array([], dtype=int64), array([], dtype=int64), array([], dtype=int64), array([], dtype=int64), array([], dtype=int64), array([], dtype=int64), array([], dtype=int64), array([], dtype=int64), array([], dtype=int64), array([], dtype=int64), array([], dtype=int64), array([], dtype=int64), array([], dtype=int64), array([], dtype=int64), array([], dtype=int64), array([], dtype=int64), array([], dtype=int64), array([], dtype=int64), array([], dtype=int64), array([], dtype=int64), array([], dtype=int64), array([], dtype=int64), array([], dtype=int64), array([], dtype=int64), array([], dtype=int64), array([], dtype=int64), array([], dtype=int64), array([], dtype=int64), array([], dtype=int64), array([], dtype=int64), array([], dtype=int64), array([], dtype=int64), array([], dtype=int64)], t_xfr_delta_t: [array([], dtype=int64), array([], dtype=int64), array([], dtype=int64), array([], dtype=int64), array([], dtype=int64), array([], dtype=int64), array([], dtype=int64), array([], dtype=int64), array([], dtype=int64), array([], dtype=int64), array([], dtype=int64), array([], dtype=int64), array([], dtype=int64), array([], dtype=int64), array([], dtype=int64), array([], dtype=int64), array([], dtype=int64), array([], dtype=int64), array([], dtype=int64), array([], dtype=int64), array([], dtype=int64), array([], dtype=int64), array([], dtype=int64), array([], dtype=int64), array([], dtype=int64), array([], dtype=int64), array([], dtype=int64), array([], dtype=int64), array([], dtype=int64), array([], dtype=int64), array([], dtype=int64), array([], dtype=int64), array([], dtype=int64), array([], dtype=int64), array([], dtype=int64), array([], dtype=int64), array([], dtype=int64), array([], dtype=int64), array([], dtype=int64), array([], dtype=int64), array([], dtype=int64), array([], dtype=int64)], t_br_delta_t: [array([], dtype=int64), array([], dtype=int64), array([], dtype=int64), array([], dtype=int64), array([], dtype=int64), array([], dtype=int64), array([], dtype=int64), array([], dtype=int64), array([], dtype=int64), array([], dtype=int64), array([], dtype=int64), array([], dtype=int64), array([], dtype=int64), array([], dtype=int64), array([], dtype=int64), array([], dtype=int64), array([], dtype=int64), array([], dtype=int64), array([], dtype=int64), array([], dtype=int64), array([], dtype=int64), array([], dtype=int64), array([], dtype=int64), array([], dtype=int64), array([], dtype=int64), array([], dtype=int64), array([], dtype=int64), array([], dtype=int64), array([], dtype=int64), array([], dtype=int64), array([], dtype=int64), array([], dtype=int64), array([], dtype=int64), array([], dtype=int64), array([], dtype=int64), array([], dtype=int64), array([], dtype=int64), array([], dtype=int64), array([], dtype=int64), array([], dtype=int64), array([], dtype=int64), array([], dtype=int64)], acl_delta_t: [], xfr_delta_t: [], br_delta_t: []
contingency delta branches. acl: 2, xfr: 0, dcl: 0
construct bus,t-indexed right hand side. time: 0.0001327991485595703
solve for base case bus,t-indexed theta. time: 0.08555245399475098
v_acl_k: [-0.02286434 -0.02447957]
acl_u[acl_delta_k]: [1 1]
num AC branches with possible violations in ACL contingencies: 8
num AC branches with possible violations in DCL contingencies: 8
num AC branches with possible violations in XFR contingencies: 8
t: 0, time: 0.0025780200958251953, memory_info: {'rss bytes': 208392192, 'rss human': '198.7M', 'percent': 0.07714570036868965}
v_acl_k: [-0.02286434 -0.02447957]
acl_u[acl_delta_k]: [1 1]
num AC branches with possible violations in ACL contingencies: 9
num AC branches with possible violations in DCL contingencies: 9
num AC branches with possible violations in XFR contingencies: 9
t: 1, time: 0.001514434814453125, memory_info: {'rss bytes': 208392192, 'rss human': '198.7M', 'percent': 0.07714570036868965}
v_acl_k: [-0.02286434 -0.02447957]
acl_u[acl_delta_k]: [1 1]
num AC branches with possible violations in ACL contingencies: 8
num AC branches with possible violations in DCL contingencies: 8
num AC branches with possible violations in XFR contingencies: 8
t: 2, time: 0.001428365707397461, memory_info: {'rss bytes': 208392192, 'rss human': '198.7M', 'percent': 0.07714570036868965}
v_acl_k: [-0.02286434 -0.02447957]
acl_u[acl_delta_k]: [1 1]
num AC branches with possible violations in ACL contingencies: 2
num AC branches with possible violations in DCL contingencies: 2
num AC branches with possible violations in XFR contingencies: 2
t: 3, time: 0.0014371871948242188, memory_info: {'rss bytes': 208392192, 'rss human': '198.7M', 'percent': 0.07714570036868965}
v_acl_k: [-0.02286434 -0.02447957]
acl_u[acl_delta_k]: [1 1]
num AC branches with possible violations in ACL contingencies: 2
num AC branches with possible violations in DCL contingencies: 2
num AC branches with possible violations in XFR contingencies: 2
t: 4, time: 0.0014116764068603516, memory_info: {'rss bytes': 208392192, 'rss human': '198.7M', 'percent': 0.07714570036868965}
v_acl_k: [-0.02286434 -0.02447957]
acl_u[acl_delta_k]: [1 1]
num AC branches with possible violations in ACL contingencies: 2
num AC branches with possible violations in DCL contingencies: 2
num AC branches with possible violations in XFR contingencies: 2
t: 5, time: 0.0014095306396484375, memory_info: {'rss bytes': 208392192, 'rss human': '198.7M', 'percent': 0.07714570036868965}
v_acl_k: [-0.02286434 -0.02447957]
acl_u[acl_delta_k]: [1 1]
num AC branches with possible violations in ACL contingencies: 8
num AC branches with possible violations in DCL contingencies: 8
num AC branches with possible violations in XFR contingencies: 8
t: 6, time: 0.0014121532440185547, memory_info: {'rss bytes': 208392192, 'rss human': '198.7M', 'percent': 0.07714570036868965}
v_acl_k: [-0.02286434 -0.02447957]
acl_u[acl_delta_k]: [1 1]
num AC branches with possible violations in ACL contingencies: 6
num AC branches with possible violations in DCL contingencies: 6
num AC branches with possible violations in XFR contingencies: 6
t: 7, time: 0.0014178752899169922, memory_info: {'rss bytes': 208392192, 'rss human': '198.7M', 'percent': 0.07714570036868965}
v_acl_k: [-0.02286434 -0.02447957]
acl_u[acl_delta_k]: [1 1]
num AC branches with possible violations in ACL contingencies: 6
num AC branches with possible violations in DCL contingencies: 6
num AC branches with possible violations in XFR contingencies: 6
t: 8, time: 0.0014181137084960938, memory_info: {'rss bytes': 208392192, 'rss human': '198.7M', 'percent': 0.07714570036868965}
v_acl_k: [-0.02286434 -0.02447957]
acl_u[acl_delta_k]: [1 1]
num AC branches with possible violations in ACL contingencies: 2
num AC branches with possible violations in DCL contingencies: 2
num AC branches with possible violations in XFR contingencies: 2
t: 9, time: 0.0014019012451171875, memory_info: {'rss bytes': 208392192, 'rss human': '198.7M', 'percent': 0.07714570036868965}
v_acl_k: [-0.02286434 -0.02447957]
acl_u[acl_delta_k]: [1 1]
num AC branches with possible violations in ACL contingencies: 2
num AC branches with possible violations in DCL contingencies: 2
num AC branches with possible violations in XFR contingencies: 2
t: 10, time: 0.0014123916625976562, memory_info: {'rss bytes': 208392192, 'rss human': '198.7M', 'percent': 0.07714570036868965}
v_acl_k: [-0.02286434 -0.02447957]
acl_u[acl_delta_k]: [1 1]
num AC branches with possible violations in ACL contingencies: 2
num AC branches with possible violations in DCL contingencies: 2
num AC branches with possible violations in XFR contingencies: 2
t: 11, time: 0.0014035701751708984, memory_info: {'rss bytes': 208392192, 'rss human': '198.7M', 'percent': 0.07714570036868965}
v_acl_k: [-0.02286434 -0.02447957]
acl_u[acl_delta_k]: [1 1]
num AC branches with possible violations in ACL contingencies: 4
num AC branches with possible violations in DCL contingencies: 4
num AC branches with possible violations in XFR contingencies: 4
t: 12, time: 0.0014100074768066406, memory_info: {'rss bytes': 208392192, 'rss human': '198.7M', 'percent': 0.07714570036868965}
v_acl_k: [-0.02286434 -0.02447957]
acl_u[acl_delta_k]: [1 1]
num AC branches with possible violations in ACL contingencies: 4
num AC branches with possible violations in DCL contingencies: 4
num AC branches with possible violations in XFR contingencies: 4
t: 13, time: 0.0013926029205322266, memory_info: {'rss bytes': 208392192, 'rss human': '198.7M', 'percent': 0.07714570036868965}
v_acl_k: [-0.02286434 -0.02447957]
acl_u[acl_delta_k]: [1 1]
num AC branches with possible violations in ACL contingencies: 4
num AC branches with possible violations in DCL contingencies: 4
num AC branches with possible violations in XFR contingencies: 4
t: 14, time: 0.0014009475708007812, memory_info: {'rss bytes': 208392192, 'rss human': '198.7M', 'percent': 0.07714570036868965}
v_acl_k: [-0.02286434 -0.02447957]
acl_u[acl_delta_k]: [1 1]
num AC branches with possible violations in ACL contingencies: 1
num AC branches with possible violations in DCL contingencies: 1
num AC branches with possible violations in XFR contingencies: 1
t: 15, time: 0.0013937950134277344, memory_info: {'rss bytes': 208392192, 'rss human': '198.7M', 'percent': 0.07714570036868965}
v_acl_k: [-0.02286434 -0.02447957]
acl_u[acl_delta_k]: [1 1]
num AC branches with possible violations in ACL contingencies: 2
num AC branches with possible violations in DCL contingencies: 2
num AC branches with possible violations in XFR contingencies: 2
t: 16, time: 0.0014042854309082031, memory_info: {'rss bytes': 208392192, 'rss human': '198.7M', 'percent': 0.07714570036868965}
v_acl_k: [-0.02286434 -0.02447957]
acl_u[acl_delta_k]: [1 1]
num AC branches with possible violations in ACL contingencies: 2
num AC branches with possible violations in DCL contingencies: 2
num AC branches with possible violations in XFR contingencies: 2
t: 17, time: 0.0013916492462158203, memory_info: {'rss bytes': 208392192, 'rss human': '198.7M', 'percent': 0.07714570036868965}
v_acl_k: [-0.02286434 -0.02447957]
acl_u[acl_delta_k]: [1 1]
num AC branches with possible violations in ACL contingencies: 5
num AC branches with possible violations in DCL contingencies: 5
num AC branches with possible violations in XFR contingencies: 5
t: 18, time: 0.001399993896484375, memory_info: {'rss bytes': 208392192, 'rss human': '198.7M', 'percent': 0.07714570036868965}
v_acl_k: [-0.02286434 -0.02447957]
acl_u[acl_delta_k]: [1 1]
num AC branches with possible violations in ACL contingencies: 4
num AC branches with possible violations in DCL contingencies: 4
num AC branches with possible violations in XFR contingencies: 4
t: 19, time: 0.001394033432006836, memory_info: {'rss bytes': 208392192, 'rss human': '198.7M', 'percent': 0.07714570036868965}
v_acl_k: [-0.02286434 -0.02447957]
acl_u[acl_delta_k]: [1 1]
num AC branches with possible violations in ACL contingencies: 8
num AC branches with possible violations in DCL contingencies: 8
num AC branches with possible violations in XFR contingencies: 8
t: 20, time: 0.0013952255249023438, memory_info: {'rss bytes': 208392192, 'rss human': '198.7M', 'percent': 0.07714570036868965}
v_acl_k: [-0.02286434 -0.02447957]
acl_u[acl_delta_k]: [1 1]
num AC branches with possible violations in ACL contingencies: 2
num AC branches with possible violations in DCL contingencies: 2
num AC branches with possible violations in XFR contingencies: 2
t: 21, time: 0.0013823509216308594, memory_info: {'rss bytes': 208392192, 'rss human': '198.7M', 'percent': 0.07714570036868965}
v_acl_k: [-0.02286434 -0.02447957]
acl_u[acl_delta_k]: [1 1]
num AC branches with possible violations in ACL contingencies: 2
num AC branches with possible violations in DCL contingencies: 2
num AC branches with possible violations in XFR contingencies: 2
t: 22, time: 0.0014009475708007812, memory_info: {'rss bytes': 208392192, 'rss human': '198.7M', 'percent': 0.07714570036868965}
v_acl_k: [-0.02286434 -0.02447957]
acl_u[acl_delta_k]: [1 1]
num AC branches with possible violations in ACL contingencies: 2
num AC branches with possible violations in DCL contingencies: 2
num AC branches with possible violations in XFR contingencies: 2
t: 23, time: 0.001392364501953125, memory_info: {'rss bytes': 208392192, 'rss human': '198.7M', 'percent': 0.07714570036868965}
v_acl_k: [-0.02286434 -0.02447957]
acl_u[acl_delta_k]: [1 1]
num AC branches with possible violations in ACL contingencies: 7
num AC branches with possible violations in DCL contingencies: 7
num AC branches with possible violations in XFR contingencies: 7
t: 24, time: 0.0013930797576904297, memory_info: {'rss bytes': 208392192, 'rss human': '198.7M', 'percent': 0.07714570036868965}
v_acl_k: [-0.02286434 -0.02447957]
acl_u[acl_delta_k]: [1 1]
num AC branches with possible violations in ACL contingencies: 7
num AC branches with possible violations in DCL contingencies: 7
num AC branches with possible violations in XFR contingencies: 7
t: 25, time: 0.001386404037475586, memory_info: {'rss bytes': 208392192, 'rss human': '198.7M', 'percent': 0.07714570036868965}
v_acl_k: [-0.02286434 -0.02447957]
acl_u[acl_delta_k]: [1 1]
num AC branches with possible violations in ACL contingencies: 7
num AC branches with possible violations in DCL contingencies: 7
num AC branches with possible violations in XFR contingencies: 7
t: 26, time: 0.0013885498046875, memory_info: {'rss bytes': 208392192, 'rss human': '198.7M', 'percent': 0.07714570036868965}
v_acl_k: [-0.02286434 -0.02447957]
acl_u[acl_delta_k]: [1 1]
num AC branches with possible violations in ACL contingencies: 2
num AC branches with possible violations in DCL contingencies: 2
num AC branches with possible violations in XFR contingencies: 2
t: 27, time: 0.0013766288757324219, memory_info: {'rss bytes': 208392192, 'rss human': '198.7M', 'percent': 0.07714570036868965}
v_acl_k: [-0.02286434 -0.02447957]
acl_u[acl_delta_k]: [1 1]
num AC branches with possible violations in ACL contingencies: 2
num AC branches with possible violations in DCL contingencies: 2
num AC branches with possible violations in XFR contingencies: 2
t: 28, time: 0.0013897418975830078, memory_info: {'rss bytes': 208392192, 'rss human': '198.7M', 'percent': 0.07714570036868965}
v_acl_k: [-0.02286434 -0.02447957]
acl_u[acl_delta_k]: [1 1]
num AC branches with possible violations in ACL contingencies: 1
num AC branches with possible violations in DCL contingencies: 1
num AC branches with possible violations in XFR contingencies: 1
t: 29, time: 0.0013804435729980469, memory_info: {'rss bytes': 208392192, 'rss human': '198.7M', 'percent': 0.07714570036868965}
v_acl_k: [-0.02286434 -0.02447957]
acl_u[acl_delta_k]: [1 1]
num AC branches with possible violations in ACL contingencies: 3
num AC branches with possible violations in DCL contingencies: 3
num AC branches with possible violations in XFR contingencies: 3
t: 30, time: 0.0013971328735351562, memory_info: {'rss bytes': 208392192, 'rss human': '198.7M', 'percent': 0.07714570036868965}
v_acl_k: [-0.02286434 -0.02447957]
acl_u[acl_delta_k]: [1 1]
num AC branches with possible violations in ACL contingencies: 2
num AC branches with possible violations in DCL contingencies: 2
num AC branches with possible violations in XFR contingencies: 2
t: 31, time: 0.00138092041015625, memory_info: {'rss bytes': 208392192, 'rss human': '198.7M', 'percent': 0.07714570036868965}
v_acl_k: [-0.02286434 -0.02447957]
acl_u[acl_delta_k]: [1 1]
num AC branches with possible violations in ACL contingencies: 3
num AC branches with possible violations in DCL contingencies: 3
num AC branches with possible violations in XFR contingencies: 3
t: 32, time: 0.0014019012451171875, memory_info: {'rss bytes': 208392192, 'rss human': '198.7M', 'percent': 0.07714570036868965}
v_acl_k: [-0.02286434 -0.02447957]
acl_u[acl_delta_k]: [1 1]
num AC branches with possible violations in ACL contingencies: 2
num AC branches with possible violations in DCL contingencies: 2
num AC branches with possible violations in XFR contingencies: 2
t: 33, time: 0.0013823509216308594, memory_info: {'rss bytes': 208392192, 'rss human': '198.7M', 'percent': 0.07714570036868965}
v_acl_k: [-0.02286434 -0.02447957]
acl_u[acl_delta_k]: [1 1]
num AC branches with possible violations in ACL contingencies: 2
num AC branches with possible violations in DCL contingencies: 2
num AC branches with possible violations in XFR contingencies: 2
t: 34, time: 0.0013911724090576172, memory_info: {'rss bytes': 208392192, 'rss human': '198.7M', 'percent': 0.07714570036868965}
v_acl_k: [-0.02286434 -0.02447957]
acl_u[acl_delta_k]: [1 1]
num AC branches with possible violations in ACL contingencies: 1
num AC branches with possible violations in DCL contingencies: 1
num AC branches with possible violations in XFR contingencies: 1
t: 35, time: 0.0013823509216308594, memory_info: {'rss bytes': 208392192, 'rss human': '198.7M', 'percent': 0.07714570036868965}
v_acl_k: [-0.02286434 -0.02447957]
acl_u[acl_delta_k]: [1 1]
num AC branches with possible violations in ACL contingencies: 3
num AC branches with possible violations in DCL contingencies: 3
num AC branches with possible violations in XFR contingencies: 3
t: 36, time: 0.0013844966888427734, memory_info: {'rss bytes': 208392192, 'rss human': '198.7M', 'percent': 0.07714570036868965}
v_acl_k: [-0.02286434 -0.02447957]
acl_u[acl_delta_k]: [1 1]
num AC branches with possible violations in ACL contingencies: 3
num AC branches with possible violations in DCL contingencies: 3
num AC branches with possible violations in XFR contingencies: 3
t: 37, time: 0.001383066177368164, memory_info: {'rss bytes': 208392192, 'rss human': '198.7M', 'percent': 0.07714570036868965}
v_acl_k: [-0.02286434 -0.02447957]
acl_u[acl_delta_k]: [1 1]
num AC branches with possible violations in ACL contingencies: 4
num AC branches with possible violations in DCL contingencies: 4
num AC branches with possible violations in XFR contingencies: 4
t: 38, time: 0.0013988018035888672, memory_info: {'rss bytes': 208392192, 'rss human': '198.7M', 'percent': 0.07714570036868965}
v_acl_k: [-0.02286434 -0.02447957]
acl_u[acl_delta_k]: [1 1]
num AC branches with possible violations in ACL contingencies: 2
num AC branches with possible violations in DCL contingencies: 2
num AC branches with possible violations in XFR contingencies: 2
t: 39, time: 0.0013854503631591797, memory_info: {'rss bytes': 208392192, 'rss human': '198.7M', 'percent': 0.07714570036868965}
v_acl_k: [-0.02286434 -0.02447957]
acl_u[acl_delta_k]: [1 1]
num AC branches with possible violations in ACL contingencies: 2
num AC branches with possible violations in DCL contingencies: 2
num AC branches with possible violations in XFR contingencies: 2
t: 40, time: 0.001397848129272461, memory_info: {'rss bytes': 208392192, 'rss human': '198.7M', 'percent': 0.07714570036868965}
v_acl_k: [-0.02286434 -0.02447957]
acl_u[acl_delta_k]: [1 1]
num AC branches with possible violations in ACL contingencies: 2
num AC branches with possible violations in DCL contingencies: 1
num AC branches with possible violations in XFR contingencies: 1
t: 41, time: 0.0013883113861083984, memory_info: {'rss bytes': 208392192, 'rss human': '198.7M', 'percent': 0.07714570036868965}
initialize_m_w_time: 0.0004017353057861328
compute_static_w_time: 6.151199340820312e-05
get_time_varying_branch_characteristics_time: 0.0007975101470947266
construct_a_t_time: 0.012690305709838867
factor_a_t_time: 0.008480548858642578
compute_w_with_t_a_solve_time: 0.0016422271728515625
compute_v_t_time: 6.4373016357421875e-06
compute_w_with_t_smw_time: 3.5762786865234375e-06
compute_v_time: 0.006918191909790039
compute_bus_theta_with_t_a_solve_time: 0.0006916522979736328
compute_bus_theta_with_t_smw_time: 5.9604644775390625e-06
compute_br_p_time: 0.0032706260681152344
apply_w_v_wt_time: 0.0005688667297363281
compute_bus_dtheta_rhs_dcl_k_time: 0.0035886764526367188
compute_w_v_wt_xfr_k_time: 0.003865480422973633
compute_bus_dtheta_rhs_xfr_k_time: 3.0994415283203125e-06
compute_br_acl_delta_k_p_delta_time: 0.002557039260864258
compute_br_dcl_delta_k_p_delta_time: 0.0020952224731445312
compute_br_xfr_delta_k_p_delta_time: 0.0020797252655029297
filter_branches_acl_k_time: 0.0022139549255371094
filter_branches_dcl_k_time: 0.0009865760803222656
filter_branches_xfr_k_time: 0.0008711814880371094
compute_br_acl_delta_k_p_time: 0.00023698806762695312
compute_br_dcl_delta_k_p_time: 0.0001266002655029297
compute_br_xfr_delta_k_p_time: 0.00011777877807617188
compute_br_acl_delta_k_s_over_time: 0.001413106918334961
compute_br_dcl_delta_k_s_over_time: 0.0006182193756103516
compute_br_xfr_delta_k_s_over_time: 0.0005838871002197266
zero_out_time: 0.00016617774963378906
get_max_br_acl_delta_k_s_over_time: 0.001180887222290039
get_max_br_dcl_delta_k_s_over_time: 4.291534423828125e-06
get_max_br_xfr_delta_k_s_over_time: 3.337860107421875e-06
compute_br_k_z_time: 0.001041412353515625
collect_penalties_into_obj_array_time: 0.00042748451232910156
end of contingency model method 1, memory info: {'rss bytes': 208392192, 'rss human': '198.7M', 'percent': 0.07714570036868965}
function: eval_post_contingency_model, time: 0.160322904586792
function: eval_post_contingency_model, time: 0.16033029556274414
function: run, time: 0.25906825065612793
after solution_evaluator.run(), memory info: {'rss bytes': 208392192, 'rss human': '198.7M', 'percent': 0.07714570036868965}
evaluation summary:
{'feas': 1,
 'infeas': 0,
 'info_i_i_k_t_disconnected_ctg': {'idx': {0: None, 1: None, 2: None, 3: None},
                                   'val': 0},
 'info_i_i_t_disconnected_base': {'idx': {0: None, 1: None, 2: None}, 'val': 0},
 'phys_feas': 0,
 'sum_acl_t_u_sd': 0,
 'sum_acl_t_u_su': 0,
 'sum_acl_t_z_s': 0.0,
 'sum_acl_t_z_sd': 0.0,
 'sum_acl_t_z_su': 0.0,
 'sum_bus_t_z_p': 21349264255.653927,
 'sum_bus_t_z_q': 11448796695.184887,
 'sum_cs_t_z_p': -0.0,
 'sum_pr_t_z_p': 0.0,
 'sum_prz_t_z_nsc': 12037.29386112,
 'sum_prz_t_z_rgd': 0.0,
 'sum_prz_t_z_rgu': 0.0,
 'sum_prz_t_z_rrd': 11.373000000000001,
 'sum_prz_t_z_rru': 12.511000000000001,
 'sum_prz_t_z_scr': 38243.485704599996,
 'sum_qrz_t_z_qrd': 0.0,
 'sum_qrz_t_z_qru': 0.0,
 'sum_sd_t_sd': 0,
 'sum_sd_t_su': 61,
 'sum_sd_t_z_nsc': 0.0,
 'sum_sd_t_z_on': 0.0,
 'sum_sd_t_z_qrd': 0.0,
 'sum_sd_t_z_qru': 0.0,
 'sum_sd_t_z_rgd': 0.0,
 'sum_sd_t_z_rgu': 0.0,
 'sum_sd_t_z_rrd_off': 0.0,
 'sum_sd_t_z_rrd_on': 0.0,
 'sum_sd_t_z_rru_off': 0.0,
 'sum_sd_t_z_rru_on': 0.0,
 'sum_sd_t_z_scr': 0.0,
 'sum_sd_t_z_sd': 0.0,
 'sum_sd_t_z_su': 0.0,
 'sum_sd_t_z_sus': 0.0,
 'sum_xfr_t_u_sd': 0,
 'sum_xfr_t_u_su': 0,
 'sum_xfr_t_z_s': 0.0,
 'sum_xfr_t_z_sd': 0.0,
 'sum_xfr_t_z_su': 0.0,
 'time_connectedness': 0.07435750961303711,
 'time_post_contingency': 0.16032814979553223,
 'time_run': 0.2590670585632324,
 'total_switches': 0,
 'viol_acl_acl_t_s_max_ctg': {'idx': {0: 'acl_065', 1: 'acl_003', 2: 0},
                              'val': 5.617185799059335},
 'viol_acl_dcl_t_s_max_ctg': {'idx': {0: None, 1: None, 2: None}, 'val': 0.0},
 'viol_acl_t_s_max': {'idx': {0: 'acl_000', 1: 0}, 'val': 0.0},
 'viol_acl_t_u_sd_max': {'idx': {0: 'acl_000', 1: 0}, 'val': 0},
 'viol_acl_t_u_su_max': {'idx': {0: 'acl_000', 1: 0}, 'val': 0},
 'viol_acl_xfr_t_s_max_ctg': {'idx': {0: None, 1: None, 2: None}, 'val': 0.0},
 'viol_bus_t_p_balance_max': {'idx': {0: 'bus_55', 1: 0},
                              'val': 6.600014981956657},
 'viol_bus_t_p_balance_min': {'idx': {0: 'bus_19', 1: 0},
                              'val': -10.269986059434709},
 'viol_bus_t_q_balance_max': {'idx': {0: 'bus_41', 1: 0},
                              'val': 0.8199418027720068},
 'viol_bus_t_q_balance_min': {'idx': {0: 'bus_53', 1: 0},
                              'val': -9.345961455185739},
 'viol_bus_t_v_max': {'idx': {0: 'bus_00', 1: 0}, 'val': 0.0},
 'viol_bus_t_v_min': {'idx': {0: 'bus_00', 1: 0}, 'val': 0.0},
 'viol_cs_t_p_off_max': {'idx': {0: 'sd_154', 1: 0}, 'val': 0.0},
 'viol_cs_t_p_off_min': {'idx': {0: 'sd_154', 1: 0}, 'val': 0.0},
 'viol_cs_t_p_on_max': {'idx': {0: 'sd_154', 1: 0}, 'val': 0.0},
 'viol_cs_t_p_on_min': {'idx': {0: 'sd_154', 1: 0}, 'val': 0.0},
 'viol_cs_t_q_max': {'idx': {0: 'sd_154', 1: 0}, 'val': 0.0},
 'viol_cs_t_q_min': {'idx': {0: 'sd_154', 1: 0}, 'val': 0.0},
 'viol_cs_t_q_p_max': {'idx': {0: None, 1: None}, 'val': None},
 'viol_cs_t_q_p_min': {'idx': {0: None, 1: None}, 'val': None},
 'viol_dcl_t_p_max': {'idx': {0: 'dcl_0', 1: 0}, 'val': 0.0},
 'viol_dcl_t_p_min': {'idx': {0: 'dcl_0', 1: 0}, 'val': 0.0},
 'viol_dcl_t_q_fr_max': {'idx': {0: 'dcl_0', 1: 0}, 'val': 0.0},
 'viol_dcl_t_q_fr_min': {'idx': {0: 'dcl_0', 1: 0}, 'val': 0.0},
 'viol_dcl_t_q_to_max': {'idx': {0: 'dcl_0', 1: 0}, 'val': 0.0},
 'viol_dcl_t_q_to_min': {'idx': {0: 'dcl_0', 1: 0}, 'val': 0.0},
 'viol_pr_t_p_off_max': {'idx': {0: 'sd_000', 1: 0}, 'val': 0.0},
 'viol_pr_t_p_off_min': {'idx': {0: 'sd_000', 1: 0}, 'val': 0.0},
 'viol_pr_t_p_on_max': {'idx': {0: 'sd_000', 1: 0}, 'val': 0.0},
 'viol_pr_t_p_on_min': {'idx': {0: 'sd_000', 1: 0}, 'val': 0.0},
 'viol_pr_t_q_max': {'idx': {0: 'sd_000', 1: 0}, 'val': 0.0},
 'viol_pr_t_q_min': {'idx': {0: 'sd_000', 1: 0}, 'val': 0.0},
 'viol_pr_t_q_p_max': {'idx': {0: None, 1: None}, 'val': None},
 'viol_pr_t_q_p_min': {'idx': {0: None, 1: None}, 'val': None},
 'viol_prz_t_p_nsc_balance': {'idx': {0: 'prz_0', 1: 0}, 'val': 3.3879996},
 'viol_prz_t_p_rgd_balance': {'idx': {0: 'prz_0', 1: 0}, 'val': 0.0},
 'viol_prz_t_p_rgu_balance': {'idx': {0: 'prz_0', 1: 0}, 'val': 0.0},
 'viol_prz_t_p_rrd_balance': {'idx': {0: 'prz_0', 1: 8},
                              'val': 0.9774999999999999},
 'viol_prz_t_p_rru_balance': {'idx': {0: 'prz_0', 1: 15}, 'val': 1.02},
 'viol_prz_t_p_scr_balance': {'idx': {0: 'prz_0', 1: 0}, 'val': 0.8469999},
 'viol_qrz_t_q_qrd_balance': {'idx': {0: 'qrz_0', 1: 0}, 'val': 0.0},
 'viol_qrz_t_q_qru_balance': {'idx': {0: 'qrz_0', 1: 0}, 'val': 0.0},
 'viol_sd_max_energy_constr': {'idx': {0: 'sd_000', 1: 0}, 'val': 0.0},
 'viol_sd_max_startup_constr': {'idx': {0: 'sd_000', 1: 0}, 'val': 0},
 'viol_sd_min_energy_constr': {'idx': {0: 'sd_000', 1: 0}, 'val': 0.0},
 'viol_sd_t_d_dn_min': {'idx': {0: 'sd_000', 1: 0}, 'val': 0},
 'viol_sd_t_d_up_min': {'idx': {0: 'sd_000', 1: 0}, 'val': 0},
 'viol_sd_t_p_nsc_max': {'idx': {0: 'sd_000', 1: 0}, 'val': 0.0},
 'viol_sd_t_p_nsc_nonneg': {'idx': {0: 'sd_000', 1: 0}, 'val': -0.0},
 'viol_sd_t_p_ramp_dn_max': {'idx': {0: 'sd_000', 1: 0}, 'val': 0.0},
 'viol_sd_t_p_ramp_up_max': {'idx': {0: 'sd_000', 1: 0}, 'val': 0.0},
 'viol_sd_t_p_rgd_max': {'idx': {0: 'sd_000', 1: 0}, 'val': 0.0},
 'viol_sd_t_p_rgd_nonneg': {'idx': {0: 'sd_000', 1: 0}, 'val': -0.0},
 'viol_sd_t_p_rgu_max': {'idx': {0: 'sd_000', 1: 0}, 'val': 0.0},
 'viol_sd_t_p_rgu_nonneg': {'idx': {0: 'sd_000', 1: 0}, 'val': -0.0},
 'viol_sd_t_p_rrd_off_max': {'idx': {0: 'sd_000', 1: 0}, 'val': 0.0},
 'viol_sd_t_p_rrd_off_nonneg': {'idx': {0: 'sd_000', 1: 0}, 'val': -0.0},
 'viol_sd_t_p_rrd_on_max': {'idx': {0: 'sd_000', 1: 0}, 'val': 0.0},
 'viol_sd_t_p_rrd_on_nonneg': {'idx': {0: 'sd_000', 1: 0}, 'val': -0.0},
 'viol_sd_t_p_rru_off_max': {'idx': {0: 'sd_000', 1: 0}, 'val': 0.0},
 'viol_sd_t_p_rru_off_nonneg': {'idx': {0: 'sd_000', 1: 0}, 'val': -0.0},
 'viol_sd_t_p_rru_on_max': {'idx': {0: 'sd_000', 1: 0}, 'val': 0.0},
 'viol_sd_t_p_rru_on_nonneg': {'idx': {0: 'sd_000', 1: 0}, 'val': -0.0},
 'viol_sd_t_p_scr_max': {'idx': {0: 'sd_000', 1: 0}, 'val': 0.0},
 'viol_sd_t_p_scr_nonneg': {'idx': {0: 'sd_000', 1: 0}, 'val': -0.0},
 'viol_sd_t_q_qrd_nonneg': {'idx': {0: 'sd_000', 1: 0}, 'val': -0.0},
 'viol_sd_t_q_qru_nonneg': {'idx': {0: 'sd_000', 1: 0}, 'val': -0.0},
 'viol_sd_t_u_on_max': {'idx': {0: 'sd_000', 1: 0}, 'val': 0},
 'viol_sd_t_u_on_min': {'idx': {0: 'sd_000', 1: 0}, 'val': 0},
 'viol_sh_t_u_st_max': {'idx': {0: 'sh_00', 1: 0}, 'val': 0},
 'viol_sh_t_u_st_min': {'idx': {0: 'sh_00', 1: 0}, 'val': 0},
 'viol_t_connected_base': {'idx': {0: 0}, 'val': 0},
 'viol_t_connected_ctg': {'idx': {0: 0}, 'val': 0},
 'viol_xfr_acl_t_s_max_ctg': {'idx': {0: 'xfr_04', 1: 'acl_102', 2: 7},
                              'val': 3.8580238642262383},
 'viol_xfr_dcl_t_s_max_ctg': {'idx': {0: None, 1: None, 2: None}, 'val': 0.0},
 'viol_xfr_t_phi_max': {'idx': {0: 'xfr_00', 1: 0}, 'val': 0.0},
 'viol_xfr_t_phi_min': {'idx': {0: 'xfr_00', 1: 0}, 'val': 0.0},
 'viol_xfr_t_s_max': {'idx': {0: 'xfr_00', 1: 0}, 'val': 0.0},
 'viol_xfr_t_tau_max': {'idx': {0: 'xfr_00', 1: 0}, 'val': 0.0},
 'viol_xfr_t_tau_min': {'idx': {0: 'xfr_00', 1: 0}, 'val': 0.0},
 'viol_xfr_t_u_sd_max': {'idx': {0: 'xfr_00', 1: 0}, 'val': 0},
 'viol_xfr_t_u_su_max': {'idx': {0: 'xfr_00', 1: 0}, 'val': 0},
 'viol_xfr_xfr_t_s_max_ctg': {'idx': {0: None, 1: None, 2: None}, 'val': 0.0},
 'z': -32798937641.503178,
 'z_base': -32798111255.502384,
 'z_cost': 0.0,
 'z_k_average_case': -411604.88830549765,
 'z_k_worst_case': -414781.1124890211,
 'z_max_energy': 0.0,
 'z_min_energy': 0.0,
 'z_penalty': 32798111255.50238,
 'z_value': -0.0}
infeasibility summary:
{}
feas: 1
obj: -32798937641.503178
evaluate solution time: 0.2662043571472168
end of check_data(), memory info: {'rss bytes': 209182720, 'rss human': '199.5M', 'percent': 0.0774383497027926}
