/rcfs/dtn/arpacomp/.conda/envs/goc_eval/lib/python3.10/site-packages/scipy/sparse/linalg/_dsolve/linsolve.py:347: SparseEfficiencyWarning: splu converted its input to CSC format
  warn('splu converted its input to CSC format', SparseEfficiencyWarning)
args:
Namespace(problem_opt=None, problem='/qfs/projects/goc/share/data/C3/E3.1/D3//C3E3N00073D3/scenario_231.json_scrubbed.json', solution='/qfs/projects/goc/share/data/C3/E3.1/D3//C3E3N00073D3/scenario_231.json.pop_solution.json', configuration=None, parameters='{}', summary_csv='summary.csv', summary_json='summary.json', data_errors='data_errors.txt', ignored_errors='ignored_errors.txt', solution_errors='solution_errors.txt', pop_solution=None, scrubbed_problem=None)
problem data file: /qfs/projects/goc/share/data/C3/E3.1/D3//C3E3N00073D3/scenario_231.json_scrubbed.json

pop solution data file: None

solution data file: /qfs/projects/goc/share/data/C3/E3.1/D3//C3E3N00073D3/scenario_231.json.pop_solution.json

git info: {'C3DataUtilities': {'branch': 'main', 'commit': '59dd7f47974aa54c2f26998163730b14ab3a6b97', 'date': 'Wed Jun 7 09:10:06 2023 -0700', 'query_return_code': 0, 'query_err': '', 'branch_return_code': 0, 'branch_err': '', 'query_path': '/qfs/projects/goc/share/loadbalancing/src/nonmpi-template/Challenge3/C3DataUtilities/datautilities', 'query_out': 'commit 59dd7f47974aa54c2f26998163730b14ab3a6b97\nAuthor: Jesse T Holzer <jesse.holzer@pnnl.gov>\nDate:   Wed Jun 7 09:10:06 2023 -0700\n\n    add git branch to summary output\n', 'branch_out': '  dev\n* main\n'}, 'Bid-DS-data-model': {'branch': None, 'commit': None, 'date': None, 'query_return_code': 128, 'query_err': 'fatal: Not a git repository (or any parent up to mount point /rcfs)\nStopping at filesystem boundary (GIT_DISCOVERY_ACROSS_FILESYSTEM not set).\n', 'branch_return_code': None, 'branch_err': None, 'query_path': '/rcfs/dtn/arpacomp/.conda/envs/goc_eval/lib/python3.10/site-packages/datamodel', 'query_out': ''}}

after reading problem without validation, memory info: {'rss bytes': 131211264, 'rss human': '125.1M', 'percent': 0.04857372418992086}
read problem data file without validation time: 0.06384086608886719
after reading problem with validation, memory info: {'rss bytes': 149917696, 'rss human': '143.0M', 'percent': 0.055498747551829104}
load time: 0.45667266845703125
{'error_diagnostics': '',
 'general': {'base_norm_mva': 100.0,
             'day_type': None,
             'electricity_demand': None,
             'net_load': None,
             'season': None,
             'solar_availability': None,
             'timestamp_start': None,
             'timestamp_stop': None,
             'vre_availability': None,
             'weather_temperature': None,
             'wind_availability': None},
 'interval durations': [4.0,
                        4.0,
                        4.0,
                        4.0,
                        4.0,
                        4.0,
                        4.0,
                        4.0,
                        4.0,
                        4.0,
                        4.0,
                        4.0,
                        4.0,
                        4.0,
                        4.0,
                        4.0,
                        4.0,
                        4.0,
                        4.0,
                        4.0,
                        4.0,
                        4.0,
                        4.0,
                        4.0,
                        4.0,
                        4.0,
                        4.0,
                        4.0,
                        4.0,
                        4.0,
                        4.0,
                        4.0,
                        4.0,
                        4.0,
                        4.0,
                        4.0,
                        4.0,
                        4.0,
                        4.0,
                        4.0,
                        4.0,
                        4.0],
 'num ac lines': 105,
 'num buses': 73,
 'num consuming devices': 51,
 'num contingencies': 2,
 'num dc lines': 1,
 'num intervals': 42,
 'num producing devices': 154,
 'num reactive power reserve zones': 1,
 'num real power reserve zones': 1,
 'num shunts': 73,
 'num simple dispatchable devices': 205,
 'num transformers': 15,
 'total duration': 168.0,
 'violation costs': {'e_vio_cost': 900000.0,
                     'p_bus_vio_cost': 1000000.0,
                     'q_bus_vio_cost': 1000000.0,
                     's_vio_cost': 500.0}}
after read solution without validation, memory info: {'rss bytes': 153161728, 'rss human': '146.1M', 'percent': 0.0566996712441066}
read solution data file without validation time: 0.015190362930297852
after read solution with validation, memory info: {'rss bytes': 159649792, 'rss human': '152.3M', 'percent': 0.0591015186286616}
solution load time: 0.21402955055236816
after solution_model_checks(), memory info: {'rss bytes': 159649792, 'rss human': '152.3M', 'percent': 0.0591015186286616}
solution model_checks time: 0.0012240409851074219
{'error_diagnostics': ''}
after problem_data_array.set_from_data_model(), memory info: {'rss bytes': 162594816, 'rss human': '155.1M', 'percent': 0.06019175112202968}
convert problem data to numpy arrays time: 0.04238176345825195
after solution_data_array.set_from_data_model(), memory info: {'rss bytes': 163405824, 'rss human': '155.8M', 'percent': 0.060491982045099056}
convert solution data to numpy arrays time: 0.0067234039306640625
function: set_summary, time: 0.000156402587890625
function: set_problem, time: 7.152557373046875e-07
function: set_solution, time: 4.76837158203125e-06
function: set_solution_zero, time: 0.0001659393310546875
function: set_work_zero, time: 0.0001494884490966797
function: set_matrices, time: 0.004408597946166992
function: __init__, time: 0.004911184310913086
function: eval_sd_t_d_up_dn, time: 0.0007603168487548828
function: eval_sd_max_startup, time: 0.0024487972259521484
function: eval_sd_t_z_sus, time: 0.0015096664428710938
function: eval_acl_t_p_q_fr_to, time: 0.00033974647521972656
function: eval_xfr_t_p_q_fr_to, time: 0.00011730194091796875
function: eval_sd_t_su_sd_trajectories, time: 0.0001201629638671875
function: eval_sd_max_energy, time: 0.0013346672058105469
function: eval_sd_min_energy, time: 0.0013728141784667969
function: eval_sd_t_z_p, time: 0.009984493255615234
function: eval_bus_t_p, time: 0.0009462833404541016
function: eval_bus_t_q, time: 0.00015783309936523438
sd_t_p_rgu sum: 0.0
prz_sigma_rgu max: 0.03
prz_t_p_rgu_req max: 0.0
sd_t_p_rgd sum: 0.0
prz_sigma_rgd max: 0.03
prz_t_p_rgd_req max: 0.0
sd_t_p_scr sum: 0.0
prz_sigma_scr max: 0.1
prz_t_p_scr_req max: 0.5745184
sd_t_p_nsc sum: 0.0
prz_sigma_nsc max: 0.3
prz_t_p_nsc_req max: 1.7235552
sd_t_p_rru sum: 0.0
prz_t_p_rru_min max: 1.02
sd_t_p_rrd sum: 0.0
prz_t_p_rrd_min max: 0.9774999999999999
sd_t_p_qru sum: 0.0
qrz_t_q_qru_min max: 0.0
sd_t_p_qrd sum: 0.0
qrz_t_q_qrd_min max: 0.0
function: get_connected_components, time: 0.0006775856018066406
function: get_bridges, time: 0.0016312599182128906
function: get_connected_components, time: 0.0003478527069091797
function: get_bridges, time: 0.0013802051544189453
function: get_connected_components, time: 0.00033354759216308594
function: get_bridges, time: 0.0013875961303710938
function: get_connected_components, time: 0.00033473968505859375
function: get_bridges, time: 0.001363992691040039
function: get_connected_components, time: 0.0003304481506347656
function: get_bridges, time: 0.00157928466796875
function: get_connected_components, time: 0.0003287792205810547
function: get_bridges, time: 0.001394033432006836
function: get_connected_components, time: 0.000370025634765625
function: get_bridges, time: 0.0013496875762939453
function: get_connected_components, time: 0.0003693103790283203
function: get_bridges, time: 0.001354217529296875
function: get_connected_components, time: 0.0003273487091064453
function: get_bridges, time: 0.0014023780822753906
function: get_connected_components, time: 0.0003268718719482422
function: get_bridges, time: 0.001360177993774414
function: get_connected_components, time: 0.0003273487091064453
function: get_bridges, time: 0.0013585090637207031
function: get_connected_components, time: 0.0003745555877685547
function: get_bridges, time: 0.0013511180877685547
function: get_connected_components, time: 0.00032973289489746094
function: get_bridges, time: 0.0014007091522216797
function: get_connected_components, time: 0.0003285408020019531
function: get_bridges, time: 0.0014088153839111328
function: get_connected_components, time: 0.0003287792205810547
function: get_bridges, time: 0.0013990402221679688
function: get_connected_components, time: 0.0003273487091064453
function: get_bridges, time: 0.0013537406921386719
function: get_connected_components, time: 0.000370025634765625
function: get_bridges, time: 0.001520395278930664
function: get_connected_components, time: 0.0003364086151123047
function: get_bridges, time: 0.0013813972473144531
function: get_connected_components, time: 0.0003275871276855469
function: get_bridges, time: 0.0013535022735595703
function: get_connected_components, time: 0.00032591819763183594
function: get_bridges, time: 0.0013885498046875
function: get_connected_components, time: 0.0003287792205810547
function: get_bridges, time: 0.001356363296508789
function: get_connected_components, time: 0.0003581047058105469
function: get_bridges, time: 0.0013518333435058594
function: get_connected_components, time: 0.0003762245178222656
function: get_bridges, time: 0.0013887882232666016
function: get_connected_components, time: 0.0003273487091064453
function: get_bridges, time: 0.0013971328735351562
function: get_connected_components, time: 0.0003292560577392578
function: get_bridges, time: 0.0013871192932128906
function: get_connected_components, time: 0.0003268718719482422
function: get_bridges, time: 0.0014019012451171875
function: get_connected_components, time: 0.00036072731018066406
function: get_bridges, time: 0.0013427734375
function: get_connected_components, time: 0.0003762245178222656
function: get_bridges, time: 0.0013811588287353516
function: get_connected_components, time: 0.0003273487091064453
function: get_bridges, time: 0.0015683174133300781
function: get_connected_components, time: 0.0003337860107421875
function: get_bridges, time: 0.0013785362243652344
function: get_connected_components, time: 0.0003275871276855469
function: get_bridges, time: 0.0013926029205322266
function: get_connected_components, time: 0.00032639503479003906
function: get_bridges, time: 0.0013422966003417969
function: get_connected_components, time: 0.0003609657287597656
function: get_bridges, time: 0.0013833045959472656
function: get_connected_components, time: 0.00032973289489746094
function: get_bridges, time: 0.0013878345489501953
function: get_connected_components, time: 0.00032591819763183594
function: get_bridges, time: 0.001386880874633789
function: get_connected_components, time: 0.0003275871276855469
function: get_bridges, time: 0.001378774642944336
function: get_connected_components, time: 0.0003256797790527344
function: get_bridges, time: 0.001344919204711914
function: get_connected_components, time: 0.0003342628479003906
function: get_bridges, time: 0.0013866424560546875
function: get_connected_components, time: 0.0003268718719482422
function: get_bridges, time: 0.0013508796691894531
function: get_connected_components, time: 0.0003261566162109375
function: get_bridges, time: 0.0013914108276367188
function: get_connected_components, time: 0.0003247261047363281
function: get_bridges, time: 0.0015671253204345703
function: get_connected_components, time: 0.0003268718719482422
function: get_bridges, time: 0.0013513565063476562
end of eval_connectedness(), memory info: {'rss bytes': 165810176, 'rss human': '158.1M', 'percent': 0.06138206058975421}
function: eval_connectedness, time: 0.07682967185974121
problem dimensions. bus: 73, acl: 105, xfr: 15, dcl: 1, k: 2, t: 42
construct static bus admittance matrix. time: 0.0010471343994140625
factor static bus admittance matrix. time: 0.0066106319427490234
t_acl_delta_t: [array([], dtype=int64), array([], dtype=int64), array([], dtype=int64), array([], dtype=int64), array([], dtype=int64), array([], dtype=int64), array([], dtype=int64), array([], dtype=int64), array([], dtype=int64), array([], dtype=int64), array([], dtype=int64), array([], dtype=int64), array([], dtype=int64), array([], dtype=int64), array([], dtype=int64), array([], dtype=int64), array([], dtype=int64), array([], dtype=int64), array([], dtype=int64), array([], dtype=int64), array([], dtype=int64), array([], dtype=int64), array([], dtype=int64), array([], dtype=int64), array([], dtype=int64), array([], dtype=int64), array([], dtype=int64), array([], dtype=int64), array([], dtype=int64), array([], dtype=int64), array([], dtype=int64), array([], dtype=int64), array([], dtype=int64), array([], dtype=int64), array([], dtype=int64), array([], dtype=int64), array([], dtype=int64), array([], dtype=int64), array([], dtype=int64), array([], dtype=int64), array([], dtype=int64), array([], dtype=int64)], t_xfr_delta_t: [array([], dtype=int64), array([], dtype=int64), array([], dtype=int64), array([], dtype=int64), array([], dtype=int64), array([], dtype=int64), array([], dtype=int64), array([], dtype=int64), array([], dtype=int64), array([], dtype=int64), array([], dtype=int64), array([], dtype=int64), array([], dtype=int64), array([], dtype=int64), array([], dtype=int64), array([], dtype=int64), array([], dtype=int64), array([], dtype=int64), array([], dtype=int64), array([], dtype=int64), array([], dtype=int64), array([], dtype=int64), array([], dtype=int64), array([], dtype=int64), array([], dtype=int64), array([], dtype=int64), array([], dtype=int64), array([], dtype=int64), array([], dtype=int64), array([], dtype=int64), array([], dtype=int64), array([], dtype=int64), array([], dtype=int64), array([], dtype=int64), array([], dtype=int64), array([], dtype=int64), array([], dtype=int64), array([], dtype=int64), array([], dtype=int64), array([], dtype=int64), array([], dtype=int64), array([], dtype=int64)], t_br_delta_t: [array([], dtype=int64), array([], dtype=int64), array([], dtype=int64), array([], dtype=int64), array([], dtype=int64), array([], dtype=int64), array([], dtype=int64), array([], dtype=int64), array([], dtype=int64), array([], dtype=int64), array([], dtype=int64), array([], dtype=int64), array([], dtype=int64), array([], dtype=int64), array([], dtype=int64), array([], dtype=int64), array([], dtype=int64), array([], dtype=int64), array([], dtype=int64), array([], dtype=int64), array([], dtype=int64), array([], dtype=int64), array([], dtype=int64), array([], dtype=int64), array([], dtype=int64), array([], dtype=int64), array([], dtype=int64), array([], dtype=int64), array([], dtype=int64), array([], dtype=int64), array([], dtype=int64), array([], dtype=int64), array([], dtype=int64), array([], dtype=int64), array([], dtype=int64), array([], dtype=int64), array([], dtype=int64), array([], dtype=int64), array([], dtype=int64), array([], dtype=int64), array([], dtype=int64), array([], dtype=int64)], acl_delta_t: [], xfr_delta_t: [], br_delta_t: []
contingency delta branches. acl: 2, xfr: 0, dcl: 0
construct bus,t-indexed right hand side. time: 0.00013446807861328125
solve for base case bus,t-indexed theta. time: 0.10852742195129395
v_acl_k: [-0.02286434 -0.02447957]
acl_u[acl_delta_k]: [1 1]
num AC branches with possible violations in ACL contingencies: 2
num AC branches with possible violations in DCL contingencies: 2
num AC branches with possible violations in XFR contingencies: 2
t: 0, time: 0.0028183460235595703, memory_info: {'rss bytes': 214765568, 'rss human': '204.8M', 'percent': 0.0795050908550328}
v_acl_k: [-0.02286434 -0.02447957]
acl_u[acl_delta_k]: [1 1]
num AC branches with possible violations in ACL contingencies: 0
num AC branches with possible violations in DCL contingencies: 0
num AC branches with possible violations in XFR contingencies: 0
t: 1, time: 0.0015115737915039062, memory_info: {'rss bytes': 214765568, 'rss human': '204.8M', 'percent': 0.0795050908550328}
v_acl_k: [-0.02286434 -0.02447957]
acl_u[acl_delta_k]: [1 1]
num AC branches with possible violations in ACL contingencies: 0
num AC branches with possible violations in DCL contingencies: 0
num AC branches with possible violations in XFR contingencies: 0
t: 2, time: 0.00144195556640625, memory_info: {'rss bytes': 214765568, 'rss human': '204.8M', 'percent': 0.0795050908550328}
v_acl_k: [-0.02286434 -0.02447957]
acl_u[acl_delta_k]: [1 1]
num AC branches with possible violations in ACL contingencies: 0
num AC branches with possible violations in DCL contingencies: 0
num AC branches with possible violations in XFR contingencies: 0
t: 3, time: 0.0014257431030273438, memory_info: {'rss bytes': 214765568, 'rss human': '204.8M', 'percent': 0.0795050908550328}
v_acl_k: [-0.02286434 -0.02447957]
acl_u[acl_delta_k]: [1 1]
num AC branches with possible violations in ACL contingencies: 2
num AC branches with possible violations in DCL contingencies: 2
num AC branches with possible violations in XFR contingencies: 2
t: 4, time: 0.0014290809631347656, memory_info: {'rss bytes': 214765568, 'rss human': '204.8M', 'percent': 0.0795050908550328}
v_acl_k: [-0.02286434 -0.02447957]
acl_u[acl_delta_k]: [1 1]
num AC branches with possible violations in ACL contingencies: 1
num AC branches with possible violations in DCL contingencies: 1
num AC branches with possible violations in XFR contingencies: 1
t: 5, time: 0.0014255046844482422, memory_info: {'rss bytes': 214765568, 'rss human': '204.8M', 'percent': 0.0795050908550328}
v_acl_k: [-0.02286434 -0.02447957]
acl_u[acl_delta_k]: [1 1]
num AC branches with possible violations in ACL contingencies: 1
num AC branches with possible violations in DCL contingencies: 1
num AC branches with possible violations in XFR contingencies: 1
t: 6, time: 0.00142669677734375, memory_info: {'rss bytes': 214765568, 'rss human': '204.8M', 'percent': 0.0795050908550328}
v_acl_k: [-0.02286434 -0.02447957]
acl_u[acl_delta_k]: [1 1]
num AC branches with possible violations in ACL contingencies: 0
num AC branches with possible violations in DCL contingencies: 0
num AC branches with possible violations in XFR contingencies: 0
t: 7, time: 0.001409769058227539, memory_info: {'rss bytes': 214765568, 'rss human': '204.8M', 'percent': 0.0795050908550328}
v_acl_k: [-0.02286434 -0.02447957]
acl_u[acl_delta_k]: [1 1]
num AC branches with possible violations in ACL contingencies: 0
num AC branches with possible violations in DCL contingencies: 0
num AC branches with possible violations in XFR contingencies: 0
t: 8, time: 0.0014138221740722656, memory_info: {'rss bytes': 214765568, 'rss human': '204.8M', 'percent': 0.0795050908550328}
v_acl_k: [-0.02286434 -0.02447957]
acl_u[acl_delta_k]: [1 1]
num AC branches with possible violations in ACL contingencies: 0
num AC branches with possible violations in DCL contingencies: 0
num AC branches with possible violations in XFR contingencies: 0
t: 9, time: 0.0014116764068603516, memory_info: {'rss bytes': 214765568, 'rss human': '204.8M', 'percent': 0.0795050908550328}
v_acl_k: [-0.02286434 -0.02447957]
acl_u[acl_delta_k]: [1 1]
num AC branches with possible violations in ACL contingencies: 2
num AC branches with possible violations in DCL contingencies: 2
num AC branches with possible violations in XFR contingencies: 2
t: 10, time: 0.0014119148254394531, memory_info: {'rss bytes': 214765568, 'rss human': '204.8M', 'percent': 0.0795050908550328}
v_acl_k: [-0.02286434 -0.02447957]
acl_u[acl_delta_k]: [1 1]
num AC branches with possible violations in ACL contingencies: 2
num AC branches with possible violations in DCL contingencies: 2
num AC branches with possible violations in XFR contingencies: 2
t: 11, time: 0.0014190673828125, memory_info: {'rss bytes': 214765568, 'rss human': '204.8M', 'percent': 0.0795050908550328}
v_acl_k: [-0.02286434 -0.02447957]
acl_u[acl_delta_k]: [1 1]
num AC branches with possible violations in ACL contingencies: 2
num AC branches with possible violations in DCL contingencies: 2
num AC branches with possible violations in XFR contingencies: 2
t: 12, time: 0.0014164447784423828, memory_info: {'rss bytes': 214765568, 'rss human': '204.8M', 'percent': 0.0795050908550328}
v_acl_k: [-0.02286434 -0.02447957]
acl_u[acl_delta_k]: [1 1]
num AC branches with possible violations in ACL contingencies: 0
num AC branches with possible violations in DCL contingencies: 0
num AC branches with possible violations in XFR contingencies: 0
t: 13, time: 0.0014119148254394531, memory_info: {'rss bytes': 214765568, 'rss human': '204.8M', 'percent': 0.0795050908550328}
v_acl_k: [-0.02286434 -0.02447957]
acl_u[acl_delta_k]: [1 1]
num AC branches with possible violations in ACL contingencies: 0
num AC branches with possible violations in DCL contingencies: 0
num AC branches with possible violations in XFR contingencies: 0
t: 14, time: 0.0014138221740722656, memory_info: {'rss bytes': 214765568, 'rss human': '204.8M', 'percent': 0.0795050908550328}
v_acl_k: [-0.02286434 -0.02447957]
acl_u[acl_delta_k]: [1 1]
num AC branches with possible violations in ACL contingencies: 0
num AC branches with possible violations in DCL contingencies: 0
num AC branches with possible violations in XFR contingencies: 0
t: 15, time: 0.0014100074768066406, memory_info: {'rss bytes': 214765568, 'rss human': '204.8M', 'percent': 0.0795050908550328}
v_acl_k: [-0.02286434 -0.02447957]
acl_u[acl_delta_k]: [1 1]
num AC branches with possible violations in ACL contingencies: 0
num AC branches with possible violations in DCL contingencies: 0
num AC branches with possible violations in XFR contingencies: 0
t: 16, time: 0.0014071464538574219, memory_info: {'rss bytes': 214765568, 'rss human': '204.8M', 'percent': 0.0795050908550328}
v_acl_k: [-0.02286434 -0.02447957]
acl_u[acl_delta_k]: [1 1]
num AC branches with possible violations in ACL contingencies: 2
num AC branches with possible violations in DCL contingencies: 2
num AC branches with possible violations in XFR contingencies: 2
t: 17, time: 0.0014159679412841797, memory_info: {'rss bytes': 214765568, 'rss human': '204.8M', 'percent': 0.0795050908550328}
v_acl_k: [-0.02286434 -0.02447957]
acl_u[acl_delta_k]: [1 1]
num AC branches with possible violations in ACL contingencies: 2
num AC branches with possible violations in DCL contingencies: 2
num AC branches with possible violations in XFR contingencies: 2
t: 18, time: 0.0014178752899169922, memory_info: {'rss bytes': 214765568, 'rss human': '204.8M', 'percent': 0.0795050908550328}
v_acl_k: [-0.02286434 -0.02447957]
acl_u[acl_delta_k]: [1 1]
num AC branches with possible violations in ACL contingencies: 0
num AC branches with possible violations in DCL contingencies: 0
num AC branches with possible violations in XFR contingencies: 0
t: 19, time: 0.0014109611511230469, memory_info: {'rss bytes': 214765568, 'rss human': '204.8M', 'percent': 0.0795050908550328}
v_acl_k: [-0.02286434 -0.02447957]
acl_u[acl_delta_k]: [1 1]
num AC branches with possible violations in ACL contingencies: 0
num AC branches with possible violations in DCL contingencies: 0
num AC branches with possible violations in XFR contingencies: 0
t: 20, time: 0.0014088153839111328, memory_info: {'rss bytes': 214765568, 'rss human': '204.8M', 'percent': 0.0795050908550328}
v_acl_k: [-0.02286434 -0.02447957]
acl_u[acl_delta_k]: [1 1]
num AC branches with possible violations in ACL contingencies: 0
num AC branches with possible violations in DCL contingencies: 0
num AC branches with possible violations in XFR contingencies: 0
t: 21, time: 0.0014042854309082031, memory_info: {'rss bytes': 214765568, 'rss human': '204.8M', 'percent': 0.0795050908550328}
v_acl_k: [-0.02286434 -0.02447957]
acl_u[acl_delta_k]: [1 1]
num AC branches with possible violations in ACL contingencies: 1
num AC branches with possible violations in DCL contingencies: 1
num AC branches with possible violations in XFR contingencies: 1
t: 22, time: 0.0014007091522216797, memory_info: {'rss bytes': 214765568, 'rss human': '204.8M', 'percent': 0.0795050908550328}
v_acl_k: [-0.02286434 -0.02447957]
acl_u[acl_delta_k]: [1 1]
num AC branches with possible violations in ACL contingencies: 2
num AC branches with possible violations in DCL contingencies: 2
num AC branches with possible violations in XFR contingencies: 2
t: 23, time: 0.0014111995697021484, memory_info: {'rss bytes': 214765568, 'rss human': '204.8M', 'percent': 0.0795050908550328}
v_acl_k: [-0.02286434 -0.02447957]
acl_u[acl_delta_k]: [1 1]
num AC branches with possible violations in ACL contingencies: 0
num AC branches with possible violations in DCL contingencies: 0
num AC branches with possible violations in XFR contingencies: 0
t: 24, time: 0.0014181137084960938, memory_info: {'rss bytes': 214765568, 'rss human': '204.8M', 'percent': 0.0795050908550328}
v_acl_k: [-0.02286434 -0.02447957]
acl_u[acl_delta_k]: [1 1]
num AC branches with possible violations in ACL contingencies: 0
num AC branches with possible violations in DCL contingencies: 0
num AC branches with possible violations in XFR contingencies: 0
t: 25, time: 0.0014040470123291016, memory_info: {'rss bytes': 214765568, 'rss human': '204.8M', 'percent': 0.0795050908550328}
v_acl_k: [-0.02286434 -0.02447957]
acl_u[acl_delta_k]: [1 1]
num AC branches with possible violations in ACL contingencies: 0
num AC branches with possible violations in DCL contingencies: 0
num AC branches with possible violations in XFR contingencies: 0
t: 26, time: 0.0013971328735351562, memory_info: {'rss bytes': 214765568, 'rss human': '204.8M', 'percent': 0.0795050908550328}
v_acl_k: [-0.02286434 -0.02447957]
acl_u[acl_delta_k]: [1 1]
num AC branches with possible violations in ACL contingencies: 0
num AC branches with possible violations in DCL contingencies: 0
num AC branches with possible violations in XFR contingencies: 0
t: 27, time: 0.0014069080352783203, memory_info: {'rss bytes': 214765568, 'rss human': '204.8M', 'percent': 0.0795050908550328}
v_acl_k: [-0.02286434 -0.02447957]
acl_u[acl_delta_k]: [1 1]
num AC branches with possible violations in ACL contingencies: 2
num AC branches with possible violations in DCL contingencies: 2
num AC branches with possible violations in XFR contingencies: 2
t: 28, time: 0.0013968944549560547, memory_info: {'rss bytes': 214765568, 'rss human': '204.8M', 'percent': 0.0795050908550328}
v_acl_k: [-0.02286434 -0.02447957]
acl_u[acl_delta_k]: [1 1]
num AC branches with possible violations in ACL contingencies: 0
num AC branches with possible violations in DCL contingencies: 0
num AC branches with possible violations in XFR contingencies: 0
t: 29, time: 0.0014014244079589844, memory_info: {'rss bytes': 214765568, 'rss human': '204.8M', 'percent': 0.0795050908550328}
v_acl_k: [-0.02286434 -0.02447957]
acl_u[acl_delta_k]: [1 1]
num AC branches with possible violations in ACL contingencies: 0
num AC branches with possible violations in DCL contingencies: 0
num AC branches with possible violations in XFR contingencies: 0
t: 30, time: 0.0014011859893798828, memory_info: {'rss bytes': 214765568, 'rss human': '204.8M', 'percent': 0.0795050908550328}
v_acl_k: [-0.02286434 -0.02447957]
acl_u[acl_delta_k]: [1 1]
num AC branches with possible violations in ACL contingencies: 0
num AC branches with possible violations in DCL contingencies: 0
num AC branches with possible violations in XFR contingencies: 0
t: 31, time: 0.0014023780822753906, memory_info: {'rss bytes': 214765568, 'rss human': '204.8M', 'percent': 0.0795050908550328}
v_acl_k: [-0.02286434 -0.02447957]
acl_u[acl_delta_k]: [1 1]
num AC branches with possible violations in ACL contingencies: 0
num AC branches with possible violations in DCL contingencies: 0
num AC branches with possible violations in XFR contingencies: 0
t: 32, time: 0.0013973712921142578, memory_info: {'rss bytes': 214765568, 'rss human': '204.8M', 'percent': 0.0795050908550328}
v_acl_k: [-0.02286434 -0.02447957]
acl_u[acl_delta_k]: [1 1]
num AC branches with possible violations in ACL contingencies: 0
num AC branches with possible violations in DCL contingencies: 0
num AC branches with possible violations in XFR contingencies: 0
t: 33, time: 0.0013997554779052734, memory_info: {'rss bytes': 214765568, 'rss human': '204.8M', 'percent': 0.0795050908550328}
v_acl_k: [-0.02286434 -0.02447957]
acl_u[acl_delta_k]: [1 1]
num AC branches with possible violations in ACL contingencies: 2
num AC branches with possible violations in DCL contingencies: 2
num AC branches with possible violations in XFR contingencies: 2
t: 34, time: 0.0014069080352783203, memory_info: {'rss bytes': 214765568, 'rss human': '204.8M', 'percent': 0.0795050908550328}
v_acl_k: [-0.02286434 -0.02447957]
acl_u[acl_delta_k]: [1 1]
num AC branches with possible violations in ACL contingencies: 2
num AC branches with possible violations in DCL contingencies: 2
num AC branches with possible violations in XFR contingencies: 2
t: 35, time: 0.001401662826538086, memory_info: {'rss bytes': 214765568, 'rss human': '204.8M', 'percent': 0.0795050908550328}
v_acl_k: [-0.02286434 -0.02447957]
acl_u[acl_delta_k]: [1 1]
num AC branches with possible violations in ACL contingencies: 2
num AC branches with possible violations in DCL contingencies: 2
num AC branches with possible violations in XFR contingencies: 2
t: 36, time: 0.0013980865478515625, memory_info: {'rss bytes': 214765568, 'rss human': '204.8M', 'percent': 0.0795050908550328}
v_acl_k: [-0.02286434 -0.02447957]
acl_u[acl_delta_k]: [1 1]
num AC branches with possible violations in ACL contingencies: 0
num AC branches with possible violations in DCL contingencies: 0
num AC branches with possible violations in XFR contingencies: 0
t: 37, time: 0.001392364501953125, memory_info: {'rss bytes': 214765568, 'rss human': '204.8M', 'percent': 0.0795050908550328}
v_acl_k: [-0.02286434 -0.02447957]
acl_u[acl_delta_k]: [1 1]
num AC branches with possible violations in ACL contingencies: 0
num AC branches with possible violations in DCL contingencies: 0
num AC branches with possible violations in XFR contingencies: 0
t: 38, time: 0.001399993896484375, memory_info: {'rss bytes': 214765568, 'rss human': '204.8M', 'percent': 0.0795050908550328}
v_acl_k: [-0.02286434 -0.02447957]
acl_u[acl_delta_k]: [1 1]
num AC branches with possible violations in ACL contingencies: 0
num AC branches with possible violations in DCL contingencies: 0
num AC branches with possible violations in XFR contingencies: 0
t: 39, time: 0.0014007091522216797, memory_info: {'rss bytes': 214765568, 'rss human': '204.8M', 'percent': 0.0795050908550328}
v_acl_k: [-0.02286434 -0.02447957]
acl_u[acl_delta_k]: [1 1]
num AC branches with possible violations in ACL contingencies: 2
num AC branches with possible violations in DCL contingencies: 2
num AC branches with possible violations in XFR contingencies: 2
t: 40, time: 0.0014119148254394531, memory_info: {'rss bytes': 214765568, 'rss human': '204.8M', 'percent': 0.0795050908550328}
v_acl_k: [-0.02286434 -0.02447957]
acl_u[acl_delta_k]: [1 1]
num AC branches with possible violations in ACL contingencies: 1
num AC branches with possible violations in DCL contingencies: 1
num AC branches with possible violations in XFR contingencies: 1
t: 41, time: 0.0013949871063232422, memory_info: {'rss bytes': 214765568, 'rss human': '204.8M', 'percent': 0.0795050908550328}
initialize_m_w_time: 0.00039005279541015625
compute_static_w_time: 6.747245788574219e-05
get_time_varying_branch_characteristics_time: 0.0008082389831542969
construct_a_t_time: 0.012757539749145508
factor_a_t_time: 0.008550167083740234
compute_w_with_t_a_solve_time: 0.0016884803771972656
compute_v_t_time: 7.152557373046875e-06
compute_w_with_t_smw_time: 4.0531158447265625e-06
compute_v_time: 0.0070476531982421875
compute_bus_theta_with_t_a_solve_time: 0.0007073879241943359
compute_bus_theta_with_t_smw_time: 5.245208740234375e-06
compute_br_p_time: 0.0034554004669189453
apply_w_v_wt_time: 0.0005788803100585938
compute_bus_dtheta_rhs_dcl_k_time: 0.003617525100708008
compute_w_v_wt_xfr_k_time: 0.003956317901611328
compute_bus_dtheta_rhs_xfr_k_time: 3.337860107421875e-06
compute_br_acl_delta_k_p_delta_time: 0.0025942325592041016
compute_br_dcl_delta_k_p_delta_time: 0.002136707305908203
compute_br_xfr_delta_k_p_delta_time: 0.0021054744720458984
filter_branches_acl_k_time: 0.0021851062774658203
filter_branches_dcl_k_time: 0.0009572505950927734
filter_branches_xfr_k_time: 0.0008792877197265625
compute_br_acl_delta_k_p_time: 0.0002338886260986328
compute_br_dcl_delta_k_p_time: 0.00012803077697753906
compute_br_xfr_delta_k_p_time: 0.00011849403381347656
compute_br_acl_delta_k_s_over_time: 0.0013530254364013672
compute_br_dcl_delta_k_s_over_time: 0.0006060600280761719
compute_br_xfr_delta_k_s_over_time: 0.0005793571472167969
zero_out_time: 0.0001583099365234375
get_max_br_acl_delta_k_s_over_time: 0.0012173652648925781
get_max_br_dcl_delta_k_s_over_time: 5.4836273193359375e-06
get_max_br_xfr_delta_k_s_over_time: 4.291534423828125e-06
compute_br_k_z_time: 0.0010516643524169922
collect_penalties_into_obj_array_time: 0.0004494190216064453
end of contingency model method 1, memory info: {'rss bytes': 214765568, 'rss human': '204.8M', 'percent': 0.0795050908550328}
function: eval_post_contingency_model, time: 0.1877758502960205
function: eval_post_contingency_model, time: 0.18778252601623535
function: run, time: 0.2893712520599365
after solution_evaluator.run(), memory info: {'rss bytes': 214765568, 'rss human': '204.8M', 'percent': 0.0795050908550328}
evaluation summary:
{'feas': 1,
 'infeas': 0,
 'info_i_i_k_t_disconnected_ctg': {'idx': {0: None, 1: None, 2: None, 3: None},
                                   'val': 0},
 'info_i_i_t_disconnected_base': {'idx': {0: None, 1: None, 2: None}, 'val': 0},
 'phys_feas': 0,
 'sum_acl_t_u_sd': 0,
 'sum_acl_t_u_su': 0,
 'sum_acl_t_z_s': 0.0,
 'sum_acl_t_z_sd': 0.0,
 'sum_acl_t_z_su': 0.0,
 'sum_bus_t_z_p': 19382422091.98656,
 'sum_bus_t_z_q': 11448796695.184887,
 'sum_cs_t_z_p': -0.0,
 'sum_pr_t_z_p': 0.0,
 'sum_prz_t_z_nsc': 8781.112008959999,
 'sum_prz_t_z_rgd': 0.0,
 'sum_prz_t_z_rgu': 0.0,
 'sum_prz_t_z_rrd': 11.373000000000001,
 'sum_prz_t_z_rru': 12.511000000000001,
 'sum_prz_t_z_scr': 27898.3246118,
 'sum_qrz_t_z_qrd': 0.0,
 'sum_qrz_t_z_qru': 0.0,
 'sum_sd_t_sd': 0,
 'sum_sd_t_su': 61,
 'sum_sd_t_z_nsc': 0.0,
 'sum_sd_t_z_on': 0.0,
 'sum_sd_t_z_qrd': 0.0,
 'sum_sd_t_z_qru': 0.0,
 'sum_sd_t_z_rgd': 0.0,
 'sum_sd_t_z_rgu': 0.0,
 'sum_sd_t_z_rrd_off': 0.0,
 'sum_sd_t_z_rrd_on': 0.0,
 'sum_sd_t_z_rru_off': 0.0,
 'sum_sd_t_z_rru_on': 0.0,
 'sum_sd_t_z_scr': 0.0,
 'sum_sd_t_z_sd': 0.0,
 'sum_sd_t_z_su': 0.0,
 'sum_sd_t_z_sus': 0.0,
 'sum_xfr_t_u_sd': 0,
 'sum_xfr_t_u_su': 0,
 'sum_xfr_t_z_s': 0.0,
 'sum_xfr_t_z_sd': 0.0,
 'sum_xfr_t_z_su': 0.0,
 'time_connectedness': 0.07667207717895508,
 'time_post_contingency': 0.18778109550476074,
 'time_run': 0.2893693447113037,
 'total_switches': 0,
 'viol_acl_acl_t_s_max_ctg': {'idx': {0: 'acl_065', 1: 'acl_003', 2: 12},
                              'val': 1.5570968625624753},
 'viol_acl_dcl_t_s_max_ctg': {'idx': {0: None, 1: None, 2: None}, 'val': 0.0},
 'viol_acl_t_s_max': {'idx': {0: 'acl_000', 1: 0}, 'val': 0.0},
 'viol_acl_t_u_sd_max': {'idx': {0: 'acl_000', 1: 0}, 'val': 0},
 'viol_acl_t_u_su_max': {'idx': {0: 'acl_000', 1: 0}, 'val': 0},
 'viol_acl_xfr_t_s_max_ctg': {'idx': {0: None, 1: None, 2: None}, 'val': 0.0},
 'viol_bus_t_p_balance_max': {'idx': {0: 'bus_55', 1: 0},
                              'val': 6.600014981956657},
 'viol_bus_t_p_balance_min': {'idx': {0: 'bus_19', 1: 0},
                              'val': -7.5451710594347094},
 'viol_bus_t_q_balance_max': {'idx': {0: 'bus_41', 1: 0},
                              'val': 0.8199418027720068},
 'viol_bus_t_q_balance_min': {'idx': {0: 'bus_53', 1: 0},
                              'val': -9.345961455185739},
 'viol_bus_t_v_max': {'idx': {0: 'bus_00', 1: 0}, 'val': 0.0},
 'viol_bus_t_v_min': {'idx': {0: 'bus_00', 1: 0}, 'val': 0.0},
 'viol_cs_t_p_off_max': {'idx': {0: 'sd_154', 1: 0}, 'val': 0.0},
 'viol_cs_t_p_off_min': {'idx': {0: 'sd_154', 1: 0}, 'val': 0.0},
 'viol_cs_t_p_on_max': {'idx': {0: 'sd_154', 1: 0}, 'val': 0.0},
 'viol_cs_t_p_on_min': {'idx': {0: 'sd_154', 1: 0}, 'val': 0.0},
 'viol_cs_t_q_max': {'idx': {0: 'sd_154', 1: 0}, 'val': 0.0},
 'viol_cs_t_q_min': {'idx': {0: 'sd_154', 1: 0}, 'val': 0.0},
 'viol_cs_t_q_p_max': {'idx': {0: None, 1: None}, 'val': None},
 'viol_cs_t_q_p_min': {'idx': {0: None, 1: None}, 'val': None},
 'viol_dcl_t_p_max': {'idx': {0: 'dcl_0', 1: 0}, 'val': 0.0},
 'viol_dcl_t_p_min': {'idx': {0: 'dcl_0', 1: 0}, 'val': 0.0},
 'viol_dcl_t_q_fr_max': {'idx': {0: 'dcl_0', 1: 0}, 'val': 0.0},
 'viol_dcl_t_q_fr_min': {'idx': {0: 'dcl_0', 1: 0}, 'val': 0.0},
 'viol_dcl_t_q_to_max': {'idx': {0: 'dcl_0', 1: 0}, 'val': 0.0},
 'viol_dcl_t_q_to_min': {'idx': {0: 'dcl_0', 1: 0}, 'val': 0.0},
 'viol_pr_t_p_off_max': {'idx': {0: 'sd_000', 1: 0}, 'val': 0.0},
 'viol_pr_t_p_off_min': {'idx': {0: 'sd_000', 1: 0}, 'val': 0.0},
 'viol_pr_t_p_on_max': {'idx': {0: 'sd_000', 1: 0}, 'val': 0.0},
 'viol_pr_t_p_on_min': {'idx': {0: 'sd_000', 1: 0}, 'val': 0.0},
 'viol_pr_t_q_max': {'idx': {0: 'sd_000', 1: 0}, 'val': 0.0},
 'viol_pr_t_q_min': {'idx': {0: 'sd_000', 1: 0}, 'val': 0.0},
 'viol_pr_t_q_p_max': {'idx': {0: None, 1: None}, 'val': None},
 'viol_pr_t_q_p_min': {'idx': {0: None, 1: None}, 'val': None},
 'viol_prz_t_p_nsc_balance': {'idx': {0: 'prz_0', 1: 0}, 'val': 2.2980736},
 'viol_prz_t_p_rgd_balance': {'idx': {0: 'prz_0', 1: 0}, 'val': 0.0},
 'viol_prz_t_p_rgu_balance': {'idx': {0: 'prz_0', 1: 0}, 'val': 0.0},
 'viol_prz_t_p_rrd_balance': {'idx': {0: 'prz_0', 1: 8},
                              'val': 0.9774999999999999},
 'viol_prz_t_p_rru_balance': {'idx': {0: 'prz_0', 1: 15}, 'val': 1.02},
 'viol_prz_t_p_scr_balance': {'idx': {0: 'prz_0', 1: 0}, 'val': 0.5745184},
 'viol_qrz_t_q_qrd_balance': {'idx': {0: 'qrz_0', 1: 0}, 'val': 0.0},
 'viol_qrz_t_q_qru_balance': {'idx': {0: 'qrz_0', 1: 0}, 'val': 0.0},
 'viol_sd_max_energy_constr': {'idx': {0: 'sd_000', 1: 0}, 'val': 0.0},
 'viol_sd_max_startup_constr': {'idx': {0: 'sd_000', 1: 0}, 'val': 0},
 'viol_sd_min_energy_constr': {'idx': {0: 'sd_000', 1: 0}, 'val': 0.0},
 'viol_sd_t_d_dn_min': {'idx': {0: 'sd_000', 1: 0}, 'val': 0},
 'viol_sd_t_d_up_min': {'idx': {0: 'sd_000', 1: 0}, 'val': 0},
 'viol_sd_t_p_nsc_max': {'idx': {0: 'sd_000', 1: 0}, 'val': 0.0},
 'viol_sd_t_p_nsc_nonneg': {'idx': {0: 'sd_000', 1: 0}, 'val': -0.0},
 'viol_sd_t_p_ramp_dn_max': {'idx': {0: 'sd_000', 1: 0}, 'val': 0.0},
 'viol_sd_t_p_ramp_up_max': {'idx': {0: 'sd_000', 1: 0}, 'val': 0.0},
 'viol_sd_t_p_rgd_max': {'idx': {0: 'sd_000', 1: 0}, 'val': 0.0},
 'viol_sd_t_p_rgd_nonneg': {'idx': {0: 'sd_000', 1: 0}, 'val': -0.0},
 'viol_sd_t_p_rgu_max': {'idx': {0: 'sd_000', 1: 0}, 'val': 0.0},
 'viol_sd_t_p_rgu_nonneg': {'idx': {0: 'sd_000', 1: 0}, 'val': -0.0},
 'viol_sd_t_p_rrd_off_max': {'idx': {0: 'sd_000', 1: 0}, 'val': 0.0},
 'viol_sd_t_p_rrd_off_nonneg': {'idx': {0: 'sd_000', 1: 0}, 'val': -0.0},
 'viol_sd_t_p_rrd_on_max': {'idx': {0: 'sd_000', 1: 0}, 'val': 0.0},
 'viol_sd_t_p_rrd_on_nonneg': {'idx': {0: 'sd_000', 1: 0}, 'val': -0.0},
 'viol_sd_t_p_rru_off_max': {'idx': {0: 'sd_000', 1: 0}, 'val': 0.0},
 'viol_sd_t_p_rru_off_nonneg': {'idx': {0: 'sd_000', 1: 0}, 'val': -0.0},
 'viol_sd_t_p_rru_on_max': {'idx': {0: 'sd_000', 1: 0}, 'val': 0.0},
 'viol_sd_t_p_rru_on_nonneg': {'idx': {0: 'sd_000', 1: 0}, 'val': -0.0},
 'viol_sd_t_p_scr_max': {'idx': {0: 'sd_000', 1: 0}, 'val': 0.0},
 'viol_sd_t_p_scr_nonneg': {'idx': {0: 'sd_000', 1: 0}, 'val': -0.0},
 'viol_sd_t_q_qrd_nonneg': {'idx': {0: 'sd_000', 1: 0}, 'val': -0.0},
 'viol_sd_t_q_qru_nonneg': {'idx': {0: 'sd_000', 1: 0}, 'val': -0.0},
 'viol_sd_t_u_on_max': {'idx': {0: 'sd_000', 1: 0}, 'val': 0},
 'viol_sd_t_u_on_min': {'idx': {0: 'sd_000', 1: 0}, 'val': 0},
 'viol_sh_t_u_st_max': {'idx': {0: 'sh_00', 1: 0}, 'val': 0},
 'viol_sh_t_u_st_min': {'idx': {0: 'sh_00', 1: 0}, 'val': 0},
 'viol_t_connected_base': {'idx': {0: 0}, 'val': 0},
 'viol_t_connected_ctg': {'idx': {0: 0}, 'val': 0},
 'viol_xfr_acl_t_s_max_ctg': {'idx': {0: 'xfr_04', 1: 'acl_102', 2: 28},
                              'val': 1.1169580001974282},
 'viol_xfr_dcl_t_s_max_ctg': {'idx': {0: None, 1: None, 2: None}, 'val': 0.0},
 'viol_xfr_t_phi_max': {'idx': {0: 'xfr_00', 1: 0}, 'val': 0.0},
 'viol_xfr_t_phi_min': {'idx': {0: 'xfr_00', 1: 0}, 'val': 0.0},
 'viol_xfr_t_s_max': {'idx': {0: 'xfr_00', 1: 0}, 'val': 0.0},
 'viol_xfr_t_tau_max': {'idx': {0: 'xfr_00', 1: 0}, 'val': 0.0},
 'viol_xfr_t_tau_min': {'idx': {0: 'xfr_00', 1: 0}, 'val': 0.0},
 'viol_xfr_t_u_sd_max': {'idx': {0: 'xfr_00', 1: 0}, 'val': 0},
 'viol_xfr_t_u_su_max': {'idx': {0: 'xfr_00', 1: 0}, 'val': 0},
 'viol_xfr_xfr_t_s_max_ctg': {'idx': {0: None, 1: None, 2: None}, 'val': 0.0},
 'z': -30831368733.605724,
 'z_base': -30831255490.49207,
 'z_cost': 0.0,
 'z_k_average_case': -56506.58032684913,
 'z_k_worst_case': -56736.53332330846,
 'z_max_energy': 0.0,
 'z_min_energy': 0.0,
 'z_penalty': 30831255490.49207,
 'z_value': -0.0}
infeasibility summary:
{}
feas: 1
obj: -30831368733.605724
evaluate solution time: 0.29746484756469727
end of check_data(), memory info: {'rss bytes': 215285760, 'rss human': '205.3M', 'percent': 0.07969766321477932}
