/rcfs/dtn/arpacomp/.conda/envs/goc_eval/lib/python3.10/site-packages/scipy/sparse/linalg/_dsolve/linsolve.py:347: SparseEfficiencyWarning: splu converted its input to CSC format
  warn('splu converted its input to CSC format', SparseEfficiencyWarning)
args:
Namespace(problem_opt=None, problem='/qfs/projects/goc/share/data/C3/E3.1/D1//C3E3N04224D1/scenario_136.json_scrubbed.json', solution='/qfs/projects/goc/share/data/C3/E3.1/D1//C3E3N04224D1/scenario_136.json.pop_solution.json', configuration=None, parameters='{}', summary_csv='summary.csv', summary_json='summary.json', data_errors='data_errors.txt', ignored_errors='ignored_errors.txt', solution_errors='solution_errors.txt', pop_solution=None, scrubbed_problem=None)
problem data file: /qfs/projects/goc/share/data/C3/E3.1/D1//C3E3N04224D1/scenario_136.json_scrubbed.json

pop solution data file: None

solution data file: /qfs/projects/goc/share/data/C3/E3.1/D1//C3E3N04224D1/scenario_136.json.pop_solution.json

git info: {'C3DataUtilities': {'branch': 'main', 'commit': '59dd7f47974aa54c2f26998163730b14ab3a6b97', 'date': 'Wed Jun 7 09:10:06 2023 -0700', 'query_return_code': 0, 'query_err': '', 'branch_return_code': 0, 'branch_err': '', 'query_path': '/qfs/projects/goc/share/loadbalancing/src/nonmpi-template/Challenge3/C3DataUtilities/datautilities', 'query_out': 'commit 59dd7f47974aa54c2f26998163730b14ab3a6b97\nAuthor: Jesse T Holzer <jesse.holzer@pnnl.gov>\nDate:   Wed Jun 7 09:10:06 2023 -0700\n\n    add git branch to summary output\n', 'branch_out': '  dev\n* main\n'}, 'Bid-DS-data-model': {'branch': None, 'commit': None, 'date': None, 'query_return_code': 128, 'query_err': 'fatal: Not a git repository (or any parent up to mount point /rcfs)\nStopping at filesystem boundary (GIT_DISCOVERY_ACROSS_FILESYSTEM not set).\n', 'branch_return_code': None, 'branch_err': None, 'query_path': '/rcfs/dtn/arpacomp/.conda/envs/goc_eval/lib/python3.10/site-packages/datamodel', 'query_out': ''}}

after reading problem without validation, memory info: {'rss bytes': 209055744, 'rss human': '199.4M', 'percent': 0.07739153630546917}
read problem data file without validation time: 0.49724912643432617
after reading problem with validation, memory info: {'rss bytes': 367640576, 'rss human': '350.6M', 'percent': 0.1360989582992161}
load time: 3.2388389110565186
{'error_diagnostics': '',
 'general': {'base_norm_mva': 100.0,
             'day_type': None,
             'electricity_demand': None,
             'net_load': None,
             'season': None,
             'solar_availability': None,
             'timestamp_start': None,
             'timestamp_stop': None,
             'vre_availability': None,
             'weather_temperature': None,
             'wind_availability': None},
 'interval durations': [0.25,
                        0.25,
                        0.25,
                        0.25,
                        0.25,
                        0.25,
                        0.25,
                        0.25,
                        0.5,
                        0.5,
                        0.5,
                        0.5,
                        0.5,
                        0.5,
                        0.5,
                        0.5,
                        1.0,
                        1.0],
 'num ac lines': 2605,
 'num buses': 4224,
 'num consuming devices': 1673,
 'num contingencies': 2313,
 'num dc lines': 0,
 'num intervals': 18,
 'num producing devices': 478,
 'num reactive power reserve zones': 2,
 'num real power reserve zones': 2,
 'num shunts': 436,
 'num simple dispatchable devices': 2151,
 'num transformers': 2325,
 'total duration': 8.0,
 'violation costs': {'e_vio_cost': 900000.0,
                     'p_bus_vio_cost': 1000000.0,
                     'q_bus_vio_cost': 1000000.0,
                     's_vio_cost': 500.0}}
after read solution without validation, memory info: {'rss bytes': 387035136, 'rss human': '369.1M', 'percent': 0.1432787409048}
read solution data file without validation time: 0.1531391143798828
after read solution with validation, memory info: {'rss bytes': 435154944, 'rss human': '415.0M', 'percent': 0.1610924866387809}
solution load time: 1.7539701461791992
after solution_model_checks(), memory info: {'rss bytes': 435154944, 'rss human': '415.0M', 'percent': 0.1610924866387809}
solution model_checks time: 0.024318933486938477
{'error_diagnostics': ''}
after problem_data_array.set_from_data_model(), memory info: {'rss bytes': 449916928, 'rss human': '429.1M', 'percent': 0.16655730955547032}
convert problem data to numpy arrays time: 0.6287381649017334
after solution_data_array.set_from_data_model(), memory info: {'rss bytes': 454234112, 'rss human': '433.2M', 'percent': 0.1681555124839361}
convert solution data to numpy arrays time: 0.06336045265197754
function: set_summary, time: 0.0002009868621826172
function: set_problem, time: 7.152557373046875e-07
function: set_solution, time: 6.198883056640625e-06
function: set_solution_zero, time: 0.0006330013275146484
function: set_work_zero, time: 0.0005791187286376953
function: set_matrices, time: 0.0056879520416259766
function: __init__, time: 0.007137775421142578
function: eval_sd_t_d_up_dn, time: 0.0008051395416259766
function: eval_sd_max_startup, time: 0.025792837142944336
function: eval_sd_t_z_sus, time: 0.003075122833251953
function: eval_acl_t_p_q_fr_to, time: 0.0029914379119873047
function: eval_xfr_t_p_q_fr_to, time: 0.0029473304748535156
function: eval_sd_t_su_sd_trajectories, time: 0.000469207763671875
function: eval_sd_max_energy, time: 0.0007674694061279297
function: eval_sd_min_energy, time: 0.0007948875427246094
function: eval_sd_t_z_p, time: 0.1127629280090332
function: eval_bus_t_p, time: 0.001644134521484375
function: eval_bus_t_q, time: 0.0009019374847412109
sd_t_p_rgu sum: 0.0
prz_sigma_rgu max: 0.05
prz_t_p_rgu_req max: 15.935467309376168
sd_t_p_rgd sum: 0.0
prz_sigma_rgd max: 0.05
prz_t_p_rgd_req max: 15.935467309376168
sd_t_p_scr sum: 0.0
prz_sigma_scr max: 0.15
prz_t_p_scr_req max: 1.1028075759159026
sd_t_p_nsc sum: 0.0
prz_sigma_nsc max: 0.15
prz_t_p_nsc_req max: 1.1028075759159026
sd_t_p_rru sum: 0.0
prz_t_p_rru_min max: 0.5
sd_t_p_rrd sum: 0.0
prz_t_p_rrd_min max: 0.5
sd_t_p_qru sum: 0.0
qrz_t_q_qru_min max: 0.0
sd_t_p_qrd sum: 0.0
qrz_t_q_qrd_min max: 0.0
function: get_connected_components, time: 0.017012357711791992
function: get_bridges, time: 0.06954121589660645
function: get_connected_components, time: 0.0169217586517334
function: get_bridges, time: 0.0694112777709961
function: get_connected_components, time: 0.016553878784179688
function: get_bridges, time: 0.06911897659301758
function: get_connected_components, time: 0.016791343688964844
function: get_bridges, time: 0.06992721557617188
function: get_connected_components, time: 0.016632080078125
function: get_bridges, time: 0.06958770751953125
function: get_connected_components, time: 0.01655268669128418
function: get_bridges, time: 0.0696251392364502
function: get_connected_components, time: 0.01682281494140625
function: get_bridges, time: 0.07075738906860352
function: get_connected_components, time: 0.01668262481689453
function: get_bridges, time: 0.0695641040802002
function: get_connected_components, time: 0.01680612564086914
function: get_bridges, time: 0.06955528259277344
function: get_connected_components, time: 0.016770124435424805
function: get_bridges, time: 0.33710598945617676
function: get_connected_components, time: 0.016782760620117188
function: get_bridges, time: 0.06941866874694824
function: get_connected_components, time: 0.016945600509643555
function: get_bridges, time: 0.06952238082885742
function: get_connected_components, time: 0.01691913604736328
function: get_bridges, time: 0.0689845085144043
function: get_connected_components, time: 0.016822099685668945
function: get_bridges, time: 0.06968045234680176
function: get_connected_components, time: 0.017153263092041016
function: get_bridges, time: 0.07065892219543457
function: get_connected_components, time: 0.017034053802490234
function: get_bridges, time: 0.07045269012451172
function: get_connected_components, time: 0.017016172409057617
function: get_bridges, time: 0.06949162483215332
function: get_connected_components, time: 0.016640663146972656
function: get_bridges, time: 0.06830811500549316
end of eval_connectedness(), memory info: {'rss bytes': 509362176, 'rss human': '485.8M', 'percent': 0.18856368441393687}
function: eval_connectedness, time: 1.9694747924804688
problem dimensions. bus: 4224, acl: 2605, xfr: 2325, dcl: 0, k: 2313, t: 18
construct static bus admittance matrix. time: 0.0015268325805664062
factor static bus admittance matrix. time: 0.010991811752319336
t_acl_delta_t: [array([], dtype=int64), array([], dtype=int64), array([], dtype=int64), array([], dtype=int64), array([], dtype=int64), array([], dtype=int64), array([], dtype=int64), array([], dtype=int64), array([], dtype=int64), array([], dtype=int64), array([], dtype=int64), array([], dtype=int64), array([], dtype=int64), array([], dtype=int64), array([], dtype=int64), array([], dtype=int64), array([], dtype=int64), array([], dtype=int64)], t_xfr_delta_t: [array([], dtype=int64), array([], dtype=int64), array([], dtype=int64), array([], dtype=int64), array([], dtype=int64), array([], dtype=int64), array([], dtype=int64), array([], dtype=int64), array([], dtype=int64), array([], dtype=int64), array([], dtype=int64), array([], dtype=int64), array([], dtype=int64), array([], dtype=int64), array([], dtype=int64), array([], dtype=int64), array([], dtype=int64), array([], dtype=int64)], t_br_delta_t: [array([], dtype=int64), array([], dtype=int64), array([], dtype=int64), array([], dtype=int64), array([], dtype=int64), array([], dtype=int64), array([], dtype=int64), array([], dtype=int64), array([], dtype=int64), array([], dtype=int64), array([], dtype=int64), array([], dtype=int64), array([], dtype=int64), array([], dtype=int64), array([], dtype=int64), array([], dtype=int64), array([], dtype=int64), array([], dtype=int64)], acl_delta_t: [], xfr_delta_t: [], br_delta_t: []
contingency delta branches. acl: 2313, xfr: 0, dcl: 0
construct bus,t-indexed right hand side. time: 0.0007455348968505859
solve for base case bus,t-indexed theta. time: 0.1829967498779297
v_acl_k: [-0.00160078 -0.00356009 -0.00194134 ... -0.00032029 -0.00063148
 -0.003975  ]
acl_u[acl_delta_k]: [1 1 1 ... 1 1 1]
num AC branches with possible violations in ACL contingencies: 1
num AC branches with possible violations in DCL contingencies: 0
num AC branches with possible violations in XFR contingencies: 0
t: 0, time: 1.3832623958587646, memory_info: {'rss bytes': 959303680, 'rss human': '914.9M', 'percent': 0.35513009189879124}
v_acl_k: [-0.00160078 -0.00356009 -0.00194134 ... -0.00032029 -0.00063148
 -0.003975  ]
acl_u[acl_delta_k]: [1 1 1 ... 1 1 1]
num AC branches with possible violations in ACL contingencies: 1
num AC branches with possible violations in DCL contingencies: 0
num AC branches with possible violations in XFR contingencies: 0
t: 1, time: 1.6707451343536377, memory_info: {'rss bytes': 961114112, 'rss human': '916.6M', 'percent': 0.35580030603008334}
v_acl_k: [-0.00160078 -0.00356009 -0.00194134 ... -0.00032029 -0.00063148
 -0.003975  ]
acl_u[acl_delta_k]: [1 1 1 ... 1 1 1]
num AC branches with possible violations in ACL contingencies: 1
num AC branches with possible violations in DCL contingencies: 0
num AC branches with possible violations in XFR contingencies: 0
t: 2, time: 1.3801472187042236, memory_info: {'rss bytes': 962662400, 'rss human': '918.1M', 'percent': 0.35637347558127885}
v_acl_k: [-0.00160078 -0.00356009 -0.00194134 ... -0.00032029 -0.00063148
 -0.003975  ]
acl_u[acl_delta_k]: [1 1 1 ... 1 1 1]
num AC branches with possible violations in ACL contingencies: 1
num AC branches with possible violations in DCL contingencies: 0
num AC branches with possible violations in XFR contingencies: 0
t: 3, time: 1.3748078346252441, memory_info: {'rss bytes': 965668864, 'rss human': '920.9M', 'percent': 0.3574864556092616}
v_acl_k: [-0.00160078 -0.00356009 -0.00194134 ... -0.00032029 -0.00063148
 -0.003975  ]
acl_u[acl_delta_k]: [1 1 1 ... 1 1 1]
num AC branches with possible violations in ACL contingencies: 1
num AC branches with possible violations in DCL contingencies: 0
num AC branches with possible violations in XFR contingencies: 0
t: 4, time: 1.7260327339172363, memory_info: {'rss bytes': 965779456, 'rss human': '921.0M', 'percent': 0.3575273962914899}
v_acl_k: [-0.00160078 -0.00356009 -0.00194134 ... -0.00032029 -0.00063148
 -0.003975  ]
acl_u[acl_delta_k]: [1 1 1 ... 1 1 1]
num AC branches with possible violations in ACL contingencies: 1
num AC branches with possible violations in DCL contingencies: 0
num AC branches with possible violations in XFR contingencies: 0
t: 5, time: 1.7309186458587646, memory_info: {'rss bytes': 965779456, 'rss human': '921.0M', 'percent': 0.3575273962914899}
v_acl_k: [-0.00160078 -0.00356009 -0.00194134 ... -0.00032029 -0.00063148
 -0.003975  ]
acl_u[acl_delta_k]: [1 1 1 ... 1 1 1]
num AC branches with possible violations in ACL contingencies: 1
num AC branches with possible violations in DCL contingencies: 0
num AC branches with possible violations in XFR contingencies: 0
t: 6, time: 1.2635691165924072, memory_info: {'rss bytes': 965795840, 'rss human': '921.1M', 'percent': 0.3575334615777459}
v_acl_k: [-0.00160078 -0.00356009 -0.00194134 ... -0.00032029 -0.00063148
 -0.003975  ]
acl_u[acl_delta_k]: [1 1 1 ... 1 1 1]
num AC branches with possible violations in ACL contingencies: 1
num AC branches with possible violations in DCL contingencies: 0
num AC branches with possible violations in XFR contingencies: 0
t: 7, time: 1.2915019989013672, memory_info: {'rss bytes': 965795840, 'rss human': '921.1M', 'percent': 0.3575334615777459}
v_acl_k: [-0.00160078 -0.00356009 -0.00194134 ... -0.00032029 -0.00063148
 -0.003975  ]
acl_u[acl_delta_k]: [1 1 1 ... 1 1 1]
num AC branches with possible violations in ACL contingencies: 1
num AC branches with possible violations in DCL contingencies: 0
num AC branches with possible violations in XFR contingencies: 0
t: 8, time: 1.2725210189819336, memory_info: {'rss bytes': 965808128, 'rss human': '921.1M', 'percent': 0.35753801054243795}
v_acl_k: [-0.00160078 -0.00356009 -0.00194134 ... -0.00032029 -0.00063148
 -0.003975  ]
acl_u[acl_delta_k]: [1 1 1 ... 1 1 1]
num AC branches with possible violations in ACL contingencies: 1
num AC branches with possible violations in DCL contingencies: 0
num AC branches with possible violations in XFR contingencies: 0
t: 9, time: 1.2712149620056152, memory_info: {'rss bytes': 965828608, 'rss human': '921.1M', 'percent': 0.357545592150258}
v_acl_k: [-0.00160078 -0.00356009 -0.00194134 ... -0.00032029 -0.00063148
 -0.003975  ]
acl_u[acl_delta_k]: [1 1 1 ... 1 1 1]
num AC branches with possible violations in ACL contingencies: 1
num AC branches with possible violations in DCL contingencies: 0
num AC branches with possible violations in XFR contingencies: 0
t: 10, time: 1.2588396072387695, memory_info: {'rss bytes': 965844992, 'rss human': '921.1M', 'percent': 0.35755165743651407}
v_acl_k: [-0.00160078 -0.00356009 -0.00194134 ... -0.00032029 -0.00063148
 -0.003975  ]
acl_u[acl_delta_k]: [1 1 1 ... 1 1 1]
num AC branches with possible violations in ACL contingencies: 1
num AC branches with possible violations in DCL contingencies: 0
num AC branches with possible violations in XFR contingencies: 0
t: 11, time: 1.2558550834655762, memory_info: {'rss bytes': 965865472, 'rss human': '921.1M', 'percent': 0.35755923904433407}
v_acl_k: [-0.00160078 -0.00356009 -0.00194134 ... -0.00032029 -0.00063148
 -0.003975  ]
acl_u[acl_delta_k]: [1 1 1 ... 1 1 1]
num AC branches with possible violations in ACL contingencies: 1
num AC branches with possible violations in DCL contingencies: 0
num AC branches with possible violations in XFR contingencies: 0
t: 12, time: 1.257730484008789, memory_info: {'rss bytes': 965881856, 'rss human': '921.1M', 'percent': 0.35756530433059014}
v_acl_k: [-0.00160078 -0.00356009 -0.00194134 ... -0.00032029 -0.00063148
 -0.003975  ]
acl_u[acl_delta_k]: [1 1 1 ... 1 1 1]
num AC branches with possible violations in ACL contingencies: 1
num AC branches with possible violations in DCL contingencies: 0
num AC branches with possible violations in XFR contingencies: 0
t: 13, time: 1.2580490112304688, memory_info: {'rss bytes': 965902336, 'rss human': '921.2M', 'percent': 0.3575728859384102}
v_acl_k: [-0.00160078 -0.00356009 -0.00194134 ... -0.00032029 -0.00063148
 -0.003975  ]
acl_u[acl_delta_k]: [1 1 1 ... 1 1 1]
num AC branches with possible violations in ACL contingencies: 1
num AC branches with possible violations in DCL contingencies: 0
num AC branches with possible violations in XFR contingencies: 0
t: 14, time: 1.2577400207519531, memory_info: {'rss bytes': 965922816, 'rss human': '921.2M', 'percent': 0.3575804675462302}
v_acl_k: [-0.00160078 -0.00356009 -0.00194134 ... -0.00032029 -0.00063148
 -0.003975  ]
acl_u[acl_delta_k]: [1 1 1 ... 1 1 1]
num AC branches with possible violations in ACL contingencies: 1
num AC branches with possible violations in DCL contingencies: 0
num AC branches with possible violations in XFR contingencies: 0
t: 15, time: 1.2551977634429932, memory_info: {'rss bytes': 965943296, 'rss human': '921.2M', 'percent': 0.3575880491540503}
v_acl_k: [-0.00160078 -0.00356009 -0.00194134 ... -0.00032029 -0.00063148
 -0.003975  ]
acl_u[acl_delta_k]: [1 1 1 ... 1 1 1]
num AC branches with possible violations in ACL contingencies: 1
num AC branches with possible violations in DCL contingencies: 0
num AC branches with possible violations in XFR contingencies: 0
t: 16, time: 1.2553558349609375, memory_info: {'rss bytes': 965959680, 'rss human': '921.2M', 'percent': 0.3575941144403063}
v_acl_k: [-0.00160078 -0.00356009 -0.00194134 ... -0.00032029 -0.00063148
 -0.003975  ]
acl_u[acl_delta_k]: [1 1 1 ... 1 1 1]
num AC branches with possible violations in ACL contingencies: 1
num AC branches with possible violations in DCL contingencies: 0
num AC branches with possible violations in XFR contingencies: 0
t: 17, time: 1.2588725090026855, memory_info: {'rss bytes': 965980160, 'rss human': '921.2M', 'percent': 0.35760169604812636}
initialize_m_w_time: 0.005280733108520508
compute_static_w_time: 0.703845739364624
get_time_varying_branch_characteristics_time: 0.0038881301879882812
construct_a_t_time: 0.01544642448425293
factor_a_t_time: 0.09074878692626953
compute_w_with_t_a_solve_time: 10.952440023422241
compute_v_t_time: 6.67572021484375e-06
compute_w_with_t_smw_time: 2.384185791015625e-06
compute_v_time: 0.1588587760925293
compute_bus_theta_with_t_a_solve_time: 0.006158590316772461
compute_bus_theta_with_t_smw_time: 3.814697265625e-06
compute_br_p_time: 0.004018306732177734
apply_w_v_wt_time: 0.38309311866760254
compute_bus_dtheta_rhs_dcl_k_time: 0.00687861442565918
compute_w_v_wt_xfr_k_time: 0.003900766372680664
compute_bus_dtheta_rhs_xfr_k_time: 2.384185791015625e-06
compute_br_acl_delta_k_p_delta_time: 1.0086607933044434
compute_br_dcl_delta_k_p_delta_time: 0.0047876834869384766
compute_br_xfr_delta_k_p_delta_time: 0.001428365707397461
filter_branches_acl_k_time: 0.19182586669921875
filter_branches_dcl_k_time: 0.006394147872924805
filter_branches_xfr_k_time: 0.00615382194519043
compute_br_acl_delta_k_p_time: 0.17308855056762695
compute_br_dcl_delta_k_p_time: 0.0006415843963623047
compute_br_xfr_delta_k_p_time: 6.222724914550781e-05
compute_br_acl_delta_k_s_over_time: 11.074258089065552
compute_br_dcl_delta_k_s_over_time: 0.0019884109497070312
compute_br_xfr_delta_k_s_over_time: 0.0009865760803222656
zero_out_time: 0.0009129047393798828
get_max_br_acl_delta_k_s_over_time: 0.10525083541870117
get_max_br_dcl_delta_k_s_over_time: 6.67572021484375e-06
get_max_br_xfr_delta_k_s_over_time: 4.5299530029296875e-06
compute_br_k_z_time: 0.09578490257263184
collect_penalties_into_obj_array_time: 0.0008842945098876953
end of contingency model method 1, memory info: {'rss bytes': 965980160, 'rss human': '921.2M', 'percent': 0.35760169604812636}
function: eval_post_contingency_model, time: 25.34272789955139
function: eval_post_contingency_model, time: 25.342738151550293
function: run, time: 27.49159336090088
after solution_evaluator.run(), memory info: {'rss bytes': 598151168, 'rss human': '570.4M', 'percent': 0.2214329869569658}
evaluation summary:
{'feas': 1,
 'infeas': 0,
 'info_i_i_k_t_disconnected_ctg': {'idx': {0: None, 1: None, 2: None, 3: None},
                                   'val': 0},
 'info_i_i_t_disconnected_base': {'idx': {0: None, 1: None, 2: None}, 'val': 0},
 'phys_feas': 0,
 'sum_acl_t_u_sd': 0,
 'sum_acl_t_u_su': 0,
 'sum_acl_t_z_s': 0.0,
 'sum_acl_t_z_sd': 0.0,
 'sum_acl_t_z_su': 0.0,
 'sum_bus_t_z_p': 792574256.3565735,
 'sum_bus_t_z_q': 488205367.5472057,
 'sum_cs_t_z_p': 108440336.46086587,
 'sum_pr_t_z_p': 25063469.517096836,
 'sum_prz_t_z_nsc': 67425552.82327408,
 'sum_prz_t_z_rgd': 206533776.3211873,
 'sum_prz_t_z_rgu': 206533776.3211873,
 'sum_prz_t_z_rrd': 4000000.0,
 'sum_prz_t_z_rru': 4000000.0,
 'sum_prz_t_z_scr': 119058996.9035709,
 'sum_qrz_t_z_qrd': 0.0,
 'sum_qrz_t_z_qru': 0.0,
 'sum_sd_t_sd': 0,
 'sum_sd_t_su': 0,
 'sum_sd_t_z_nsc': 0.0,
 'sum_sd_t_z_on': 14146091.939999998,
 'sum_sd_t_z_qrd': 0.0,
 'sum_sd_t_z_qru': 0.0,
 'sum_sd_t_z_rgd': 0.0,
 'sum_sd_t_z_rgu': 0.0,
 'sum_sd_t_z_rrd_off': 0.0,
 'sum_sd_t_z_rrd_on': 0.0,
 'sum_sd_t_z_rru_off': 0.0,
 'sum_sd_t_z_rru_on': 0.0,
 'sum_sd_t_z_scr': 0.0,
 'sum_sd_t_z_sd': 0.0,
 'sum_sd_t_z_su': 0.0,
 'sum_sd_t_z_sus': 0.0,
 'sum_xfr_t_u_sd': 0,
 'sum_xfr_t_u_su': 0,
 'sum_xfr_t_z_s': 0.0,
 'sum_xfr_t_z_sd': 0.0,
 'sum_xfr_t_z_su': 0.0,
 'time_connectedness': 1.9686405658721924,
 'time_post_contingency': 25.342735767364502,
 'time_run': 27.491592168807983,
 'total_switches': 0,
 'viol_acl_acl_t_s_max_ctg': {'idx': {0: None, 1: None, 2: None}, 'val': 0.0},
 'viol_acl_dcl_t_s_max_ctg': {'idx': {0: None, 1: None, 2: None}, 'val': 0.0},
 'viol_acl_t_s_max': {'idx': {0: 'acl_0000', 1: 0}, 'val': 0.0},
 'viol_acl_t_u_sd_max': {'idx': {0: 'acl_0000', 1: 0}, 'val': 0},
 'viol_acl_t_u_su_max': {'idx': {0: 'acl_0000', 1: 0}, 'val': 0},
 'viol_acl_xfr_t_s_max_ctg': {'idx': {0: None, 1: None, 2: None}, 'val': 0.0},
 'viol_bus_t_p_balance_max': {'idx': {0: 'bus_3029', 1: 0},
                              'val': 14.361073828155153},
 'viol_bus_t_p_balance_min': {'idx': {0: 'bus_1909', 1: 17},
                              'val': -0.251007826224321},
 'viol_bus_t_q_balance_max': {'idx': {0: 'bus_4100', 1: 0},
                              'val': 0.9863380335243206},
 'viol_bus_t_q_balance_min': {'idx': {0: 'bus_3029', 1: 0},
                              'val': -13.410556213112201},
 'viol_bus_t_v_max': {'idx': {0: 'bus_0000', 1: 0}, 'val': 0.0},
 'viol_bus_t_v_min': {'idx': {0: 'bus_0000', 1: 0}, 'val': 0.0},
 'viol_cs_t_p_off_max': {'idx': {0: 'sd_0478', 1: 0}, 'val': 0.0},
 'viol_cs_t_p_off_min': {'idx': {0: 'sd_0478', 1: 0}, 'val': 0.0},
 'viol_cs_t_p_on_max': {'idx': {0: 'sd_0478', 1: 0}, 'val': 0.0},
 'viol_cs_t_p_on_min': {'idx': {0: 'sd_0478', 1: 0}, 'val': 0.0},
 'viol_cs_t_q_max': {'idx': {0: 'sd_0478', 1: 0}, 'val': 0.0},
 'viol_cs_t_q_min': {'idx': {0: 'sd_0478', 1: 0}, 'val': 0.0},
 'viol_cs_t_q_p_max': {'idx': {0: None, 1: None}, 'val': None},
 'viol_cs_t_q_p_min': {'idx': {0: None, 1: None}, 'val': None},
 'viol_dcl_t_p_max': {'idx': {0: None, 1: None}, 'val': None},
 'viol_dcl_t_p_min': {'idx': {0: None, 1: None}, 'val': None},
 'viol_dcl_t_q_fr_max': {'idx': {0: None, 1: None}, 'val': None},
 'viol_dcl_t_q_fr_min': {'idx': {0: None, 1: None}, 'val': None},
 'viol_dcl_t_q_to_max': {'idx': {0: None, 1: None}, 'val': None},
 'viol_dcl_t_q_to_min': {'idx': {0: None, 1: None}, 'val': None},
 'viol_pr_t_p_off_max': {'idx': {0: 'sd_0000', 1: 0}, 'val': 0.0},
 'viol_pr_t_p_off_min': {'idx': {0: 'sd_0000', 1: 0}, 'val': 0.0},
 'viol_pr_t_p_on_max': {'idx': {0: 'sd_0000', 1: 0}, 'val': 0.0},
 'viol_pr_t_p_on_min': {'idx': {0: 'sd_0000', 1: 0}, 'val': 0.0},
 'viol_pr_t_q_max': {'idx': {0: 'sd_0000', 1: 0}, 'val': 0.0},
 'viol_pr_t_q_min': {'idx': {0: 'sd_0000', 1: 0}, 'val': 0.0},
 'viol_pr_t_q_p_max': {'idx': {0: 'sd_0000', 1: 0}, 'val': 0.0},
 'viol_pr_t_q_p_min': {'idx': {0: 'sd_0000', 1: 0}, 'val': 0.0},
 'viol_prz_t_p_nsc_balance': {'idx': {0: 'prz_0', 1: 0},
                              'val': 17.677879343418137},
 'viol_prz_t_p_rgd_balance': {'idx': {0: 'prz_0', 1: 0},
                              'val': 15.935467309376168},
 'viol_prz_t_p_rgu_balance': {'idx': {0: 'prz_0', 1: 0},
                              'val': 15.935467309376168},
 'viol_prz_t_p_rrd_balance': {'idx': {0: 'prz_0', 1: 0}, 'val': 0.5},
 'viol_prz_t_p_rru_balance': {'idx': {0: 'prz_0', 1: 0}, 'val': 0.5},
 'viol_prz_t_p_scr_balance': {'idx': {0: 'prz_0', 1: 0},
                              'val': 16.806673326397153},
 'viol_qrz_t_q_qrd_balance': {'idx': {0: 'qrz_0', 1: 0}, 'val': 0.0},
 'viol_qrz_t_q_qru_balance': {'idx': {0: 'qrz_0', 1: 0}, 'val': 0.0},
 'viol_sd_max_energy_constr': {'idx': {0: 'sd_0000', 1: 0}, 'val': 0.0},
 'viol_sd_max_startup_constr': {'idx': {0: 'sd_0000', 1: 0}, 'val': 0},
 'viol_sd_min_energy_constr': {'idx': {0: 'sd_0000', 1: 0}, 'val': 0.0},
 'viol_sd_t_d_dn_min': {'idx': {0: 'sd_0000', 1: 0}, 'val': 0},
 'viol_sd_t_d_up_min': {'idx': {0: 'sd_0000', 1: 0}, 'val': 0},
 'viol_sd_t_p_nsc_max': {'idx': {0: 'sd_0000', 1: 0}, 'val': 0.0},
 'viol_sd_t_p_nsc_nonneg': {'idx': {0: 'sd_0000', 1: 0}, 'val': -0.0},
 'viol_sd_t_p_ramp_dn_max': {'idx': {0: 'sd_0000', 1: 0}, 'val': 0.0},
 'viol_sd_t_p_ramp_up_max': {'idx': {0: 'sd_0000', 1: 0}, 'val': 0.0},
 'viol_sd_t_p_rgd_max': {'idx': {0: 'sd_0000', 1: 0}, 'val': 0.0},
 'viol_sd_t_p_rgd_nonneg': {'idx': {0: 'sd_0000', 1: 0}, 'val': -0.0},
 'viol_sd_t_p_rgu_max': {'idx': {0: 'sd_0000', 1: 0}, 'val': 0.0},
 'viol_sd_t_p_rgu_nonneg': {'idx': {0: 'sd_0000', 1: 0}, 'val': -0.0},
 'viol_sd_t_p_rrd_off_max': {'idx': {0: 'sd_0000', 1: 0}, 'val': 0.0},
 'viol_sd_t_p_rrd_off_nonneg': {'idx': {0: 'sd_0000', 1: 0}, 'val': -0.0},
 'viol_sd_t_p_rrd_on_max': {'idx': {0: 'sd_0000', 1: 0}, 'val': 0.0},
 'viol_sd_t_p_rrd_on_nonneg': {'idx': {0: 'sd_0000', 1: 0}, 'val': -0.0},
 'viol_sd_t_p_rru_off_max': {'idx': {0: 'sd_0000', 1: 0}, 'val': 0.0},
 'viol_sd_t_p_rru_off_nonneg': {'idx': {0: 'sd_0000', 1: 0}, 'val': -0.0},
 'viol_sd_t_p_rru_on_max': {'idx': {0: 'sd_0000', 1: 0}, 'val': 0.0},
 'viol_sd_t_p_rru_on_nonneg': {'idx': {0: 'sd_0000', 1: 0}, 'val': -0.0},
 'viol_sd_t_p_scr_max': {'idx': {0: 'sd_0000', 1: 0}, 'val': 0.0},
 'viol_sd_t_p_scr_nonneg': {'idx': {0: 'sd_0000', 1: 0}, 'val': -0.0},
 'viol_sd_t_q_qrd_nonneg': {'idx': {0: 'sd_0000', 1: 0}, 'val': -0.0},
 'viol_sd_t_q_qru_nonneg': {'idx': {0: 'sd_0000', 1: 0}, 'val': -0.0},
 'viol_sd_t_u_on_max': {'idx': {0: 'sd_0000', 1: 0}, 'val': 0},
 'viol_sd_t_u_on_min': {'idx': {0: 'sd_0000', 1: 0}, 'val': 0},
 'viol_sh_t_u_st_max': {'idx': {0: 'sh_000', 1: 0}, 'val': 0},
 'viol_sh_t_u_st_min': {'idx': {0: 'sh_000', 1: 0}, 'val': 0},
 'viol_t_connected_base': {'idx': {0: 0}, 'val': 0},
 'viol_t_connected_ctg': {'idx': {0: 0}, 'val': 0},
 'viol_xfr_acl_t_s_max_ctg': {'idx': {0: None, 1: None, 2: None}, 'val': 0.0},
 'viol_xfr_dcl_t_s_max_ctg': {'idx': {0: None, 1: None, 2: None}, 'val': 0.0},
 'viol_xfr_t_phi_max': {'idx': {0: 'xfr_0000', 1: 0}, 'val': 0.0},
 'viol_xfr_t_phi_min': {'idx': {0: 'xfr_0000', 1: 0}, 'val': 0.0},
 'viol_xfr_t_s_max': {'idx': {0: 'xfr_0000', 1: 0}, 'val': 0.0},
 'viol_xfr_t_tau_max': {'idx': {0: 'xfr_0000', 1: 0}, 'val': 0.0},
 'viol_xfr_t_tau_min': {'idx': {0: 'xfr_0000', 1: 0}, 'val': 0.0},
 'viol_xfr_t_u_sd_max': {'idx': {0: 'xfr_0000', 1: 0}, 'val': 0},
 'viol_xfr_t_u_su_max': {'idx': {0: 'xfr_0000', 1: 0}, 'val': 0},
 'viol_xfr_xfr_t_s_max_ctg': {'idx': {0: None, 1: None, 2: None}, 'val': 0.0},
 'z': -1819101489.1598577,
 'z_base': -1819100951.2692122,
 'z_cost': 39209561.45709683,
 'z_k_average_case': -0.23245058149535025,
 'z_k_worst_case': -537.6581949987451,
 'z_max_energy': 0.0,
 'z_min_energy': 0.0,
 'z_penalty': 1888331726.2729986,
 'z_value': 108440336.46086587}
infeasibility summary:
{}
feas: 1
obj: -1819101489.1598577
evaluate solution time: 27.50212287902832
end of check_data(), memory info: {'rss bytes': 598396928, 'rss human': '570.7M', 'percent': 0.2215239662508064}
