/rcfs/dtn/arpacomp/.conda/envs/goc_eval/lib/python3.10/site-packages/scipy/sparse/linalg/_dsolve/linsolve.py:347: SparseEfficiencyWarning: splu converted its input to CSC format
  warn('splu converted its input to CSC format', SparseEfficiencyWarning)
args:
Namespace(problem_opt=None, problem='/qfs/projects/goc/share/data/C3/E3.1/D1//C3E3N04224D1/scenario_133.json_scrubbed.json', solution='/qfs/projects/goc/share/data/C3/E3.1/D1//C3E3N04224D1/scenario_133.json.pop_solution.json', configuration=None, parameters='{}', summary_csv='summary.csv', summary_json='summary.json', data_errors='data_errors.txt', ignored_errors='ignored_errors.txt', solution_errors='solution_errors.txt', pop_solution=None, scrubbed_problem=None)
problem data file: /qfs/projects/goc/share/data/C3/E3.1/D1//C3E3N04224D1/scenario_133.json_scrubbed.json

pop solution data file: None

solution data file: /qfs/projects/goc/share/data/C3/E3.1/D1//C3E3N04224D1/scenario_133.json.pop_solution.json

git info: {'C3DataUtilities': {'branch': 'main', 'commit': '59dd7f47974aa54c2f26998163730b14ab3a6b97', 'date': 'Wed Jun 7 09:10:06 2023 -0700', 'query_return_code': 0, 'query_err': '', 'branch_return_code': 0, 'branch_err': '', 'query_path': '/qfs/projects/goc/share/loadbalancing/src/nonmpi-template/Challenge3/C3DataUtilities/datautilities', 'query_out': 'commit 59dd7f47974aa54c2f26998163730b14ab3a6b97\nAuthor: Jesse T Holzer <jesse.holzer@pnnl.gov>\nDate:   Wed Jun 7 09:10:06 2023 -0700\n\n    add git branch to summary output\n', 'branch_out': '  dev\n* main\n'}, 'Bid-DS-data-model': {'branch': None, 'commit': None, 'date': None, 'query_return_code': 128, 'query_err': 'fatal: Not a git repository (or any parent up to mount point /rcfs)\nStopping at filesystem boundary (GIT_DISCOVERY_ACROSS_FILESYSTEM not set).\n', 'branch_return_code': None, 'branch_err': None, 'query_path': '/rcfs/dtn/arpacomp/.conda/envs/goc_eval/lib/python3.10/site-packages/datamodel', 'query_out': ''}}

after reading problem without validation, memory info: {'rss bytes': 198602752, 'rss human': '189.4M', 'percent': 0.07352188367411751}
read problem data file without validation time: 0.4872164726257324
after reading problem with validation, memory info: {'rss bytes': 357187584, 'rss human': '340.6M', 'percent': 0.13222930566786445}
load time: 3.2641565799713135
{'error_diagnostics': '',
 'general': {'base_norm_mva': 100.0,
             'day_type': None,
             'electricity_demand': None,
             'net_load': None,
             'season': None,
             'solar_availability': None,
             'timestamp_start': None,
             'timestamp_stop': None,
             'vre_availability': None,
             'weather_temperature': None,
             'wind_availability': None},
 'interval durations': [0.25,
                        0.25,
                        0.25,
                        0.25,
                        0.25,
                        0.25,
                        0.25,
                        0.25,
                        0.5,
                        0.5,
                        0.5,
                        0.5,
                        0.5,
                        0.5,
                        0.5,
                        0.5,
                        1.0,
                        1.0],
 'num ac lines': 2605,
 'num buses': 4224,
 'num consuming devices': 1673,
 'num contingencies': 2313,
 'num dc lines': 0,
 'num intervals': 18,
 'num producing devices': 478,
 'num reactive power reserve zones': 2,
 'num real power reserve zones': 2,
 'num shunts': 436,
 'num simple dispatchable devices': 2151,
 'num transformers': 2325,
 'total duration': 8.0,
 'violation costs': {'e_vio_cost': 900000.0,
                     'p_bus_vio_cost': 1000000.0,
                     'q_bus_vio_cost': 1000000.0,
                     's_vio_cost': 500.0}}
after read solution without validation, memory info: {'rss bytes': 376582144, 'rss human': '359.1M', 'percent': 0.13940908827344833}
read solution data file without validation time: 0.15144968032836914
after read solution with validation, memory info: {'rss bytes': 424714240, 'rss human': '405.0M', 'percent': 0.1572273829721213}
solution load time: 1.896782398223877
after solution_model_checks(), memory info: {'rss bytes': 424714240, 'rss human': '405.0M', 'percent': 0.1572273829721213}
solution model_checks time: 0.030305147171020508
{'error_diagnostics': ''}
after problem_data_array.set_from_data_model(), memory info: {'rss bytes': 439463936, 'rss human': '419.1M', 'percent': 0.16268765692411866}
convert problem data to numpy arrays time: 0.7996728420257568
after solution_data_array.set_from_data_model(), memory info: {'rss bytes': 443781120, 'rss human': '423.2M', 'percent': 0.16428585985258443}
convert solution data to numpy arrays time: 0.07707691192626953
function: set_summary, time: 0.00021791458129882812
function: set_problem, time: 1.1920928955078125e-06
function: set_solution, time: 7.62939453125e-06
function: set_solution_zero, time: 0.0007042884826660156
function: set_work_zero, time: 0.00067901611328125
function: set_matrices, time: 0.006905794143676758
function: __init__, time: 0.008546590805053711
function: eval_sd_t_d_up_dn, time: 0.0008528232574462891
function: eval_sd_max_startup, time: 0.02644634246826172
function: eval_sd_t_z_sus, time: 0.0029027462005615234
function: eval_acl_t_p_q_fr_to, time: 0.0031316280364990234
function: eval_xfr_t_p_q_fr_to, time: 0.0030579566955566406
function: eval_sd_t_su_sd_trajectories, time: 0.00047516822814941406
function: eval_sd_max_energy, time: 0.0007989406585693359
function: eval_sd_min_energy, time: 0.0007865428924560547
function: eval_sd_t_z_p, time: 0.10212588310241699
function: eval_bus_t_p, time: 0.0017516613006591797
function: eval_bus_t_q, time: 0.0009083747863769531
sd_t_p_rgu sum: 0.0
prz_sigma_rgu max: 0.05
prz_t_p_rgu_req max: 12.282532768365343
sd_t_p_rgd sum: 0.0
prz_sigma_rgd max: 0.05
prz_t_p_rgd_req max: 12.282532768365343
sd_t_p_scr sum: 0.0
prz_sigma_scr max: 0.15
prz_t_p_scr_req max: 1.102807575917765
sd_t_p_nsc sum: 0.0
prz_sigma_nsc max: 0.15
prz_t_p_nsc_req max: 1.102807575917765
sd_t_p_rru sum: 0.0
prz_t_p_rru_min max: 0.5
sd_t_p_rrd sum: 0.0
prz_t_p_rrd_min max: 0.5
sd_t_p_qru sum: 0.0
qrz_t_q_qru_min max: 0.0
sd_t_p_qrd sum: 0.0
qrz_t_q_qrd_min max: 0.0
function: get_connected_components, time: 0.017368555068969727
function: get_bridges, time: 0.07142996788024902
function: get_connected_components, time: 0.016434669494628906
function: get_bridges, time: 0.06900382041931152
function: get_connected_components, time: 0.01641845703125
function: get_bridges, time: 0.0683591365814209
function: get_connected_components, time: 0.016280651092529297
function: get_bridges, time: 0.06848859786987305
function: get_connected_components, time: 0.016605615615844727
function: get_bridges, time: 0.0694265365600586
function: get_connected_components, time: 0.016165494918823242
function: get_bridges, time: 0.06911420822143555
function: get_connected_components, time: 0.016511917114257812
function: get_bridges, time: 0.06896495819091797
function: get_connected_components, time: 0.016556262969970703
function: get_bridges, time: 0.06739497184753418
function: get_connected_components, time: 0.01638317108154297
function: get_bridges, time: 0.06726837158203125
function: get_connected_components, time: 0.016587257385253906
function: get_bridges, time: 0.42180609703063965
function: get_connected_components, time: 0.016335725784301758
function: get_bridges, time: 0.06898355484008789
function: get_connected_components, time: 0.016508102416992188
function: get_bridges, time: 0.06831169128417969
function: get_connected_components, time: 0.01648116111755371
function: get_bridges, time: 0.06823301315307617
function: get_connected_components, time: 0.016761064529418945
function: get_bridges, time: 0.06875181198120117
function: get_connected_components, time: 0.01668071746826172
function: get_bridges, time: 0.06972002983093262
function: get_connected_components, time: 0.016707181930541992
function: get_bridges, time: 0.06949543952941895
function: get_connected_components, time: 0.01653456687927246
function: get_bridges, time: 0.06818199157714844
function: get_connected_components, time: 0.016257524490356445
function: get_bridges, time: 0.06720590591430664
end of eval_connectedness(), memory info: {'rss bytes': 499023872, 'rss human': '475.9M', 'percent': 0.18473648878637747}
function: eval_connectedness, time: 2.0379397869110107
problem dimensions. bus: 4224, acl: 2605, xfr: 2325, dcl: 0, k: 2313, t: 18
construct static bus admittance matrix. time: 0.00147247314453125
factor static bus admittance matrix. time: 0.011512994766235352
t_acl_delta_t: [array([], dtype=int64), array([], dtype=int64), array([], dtype=int64), array([], dtype=int64), array([], dtype=int64), array([], dtype=int64), array([], dtype=int64), array([], dtype=int64), array([], dtype=int64), array([], dtype=int64), array([], dtype=int64), array([], dtype=int64), array([], dtype=int64), array([], dtype=int64), array([], dtype=int64), array([], dtype=int64), array([], dtype=int64), array([], dtype=int64)], t_xfr_delta_t: [array([], dtype=int64), array([], dtype=int64), array([], dtype=int64), array([], dtype=int64), array([], dtype=int64), array([], dtype=int64), array([], dtype=int64), array([], dtype=int64), array([], dtype=int64), array([], dtype=int64), array([], dtype=int64), array([], dtype=int64), array([], dtype=int64), array([], dtype=int64), array([], dtype=int64), array([], dtype=int64), array([], dtype=int64), array([], dtype=int64)], t_br_delta_t: [array([], dtype=int64), array([], dtype=int64), array([], dtype=int64), array([], dtype=int64), array([], dtype=int64), array([], dtype=int64), array([], dtype=int64), array([], dtype=int64), array([], dtype=int64), array([], dtype=int64), array([], dtype=int64), array([], dtype=int64), array([], dtype=int64), array([], dtype=int64), array([], dtype=int64), array([], dtype=int64), array([], dtype=int64), array([], dtype=int64)], acl_delta_t: [], xfr_delta_t: [], br_delta_t: []
contingency delta branches. acl: 2313, xfr: 0, dcl: 0
construct bus,t-indexed right hand side. time: 0.0007963180541992188
solve for base case bus,t-indexed theta. time: 0.23225140571594238
v_acl_k: [-0.00160078 -0.00356009 -0.00194134 ... -0.00032029 -0.00063148
 -0.003975  ]
acl_u[acl_delta_k]: [1 1 1 ... 1 1 1]
num AC branches with possible violations in ACL contingencies: 1
num AC branches with possible violations in DCL contingencies: 0
num AC branches with possible violations in XFR contingencies: 0
t: 0, time: 1.3543109893798828, memory_info: {'rss bytes': 963592192, 'rss human': '919.0M', 'percent': 0.3567176805763089}
v_acl_k: [-0.00160078 -0.00356009 -0.00194134 ... -0.00032029 -0.00063148
 -0.003975  ]
acl_u[acl_delta_k]: [1 1 1 ... 1 1 1]
num AC branches with possible violations in ACL contingencies: 1
num AC branches with possible violations in DCL contingencies: 0
num AC branches with possible violations in XFR contingencies: 0
t: 1, time: 1.3569345474243164, memory_info: {'rss bytes': 965402624, 'rss human': '920.7M', 'percent': 0.357387894707601}
v_acl_k: [-0.00160078 -0.00356009 -0.00194134 ... -0.00032029 -0.00063148
 -0.003975  ]
acl_u[acl_delta_k]: [1 1 1 ... 1 1 1]
num AC branches with possible violations in ACL contingencies: 1
num AC branches with possible violations in DCL contingencies: 0
num AC branches with possible violations in XFR contingencies: 0
t: 2, time: 1.6451306343078613, memory_info: {'rss bytes': 966950912, 'rss human': '922.2M', 'percent': 0.35796106425879654}
v_acl_k: [-0.00160078 -0.00356009 -0.00194134 ... -0.00032029 -0.00063148
 -0.003975  ]
acl_u[acl_delta_k]: [1 1 1 ... 1 1 1]
num AC branches with possible violations in ACL contingencies: 1
num AC branches with possible violations in DCL contingencies: 0
num AC branches with possible violations in XFR contingencies: 0
t: 3, time: 1.4371333122253418, memory_info: {'rss bytes': 970018816, 'rss human': '925.1M', 'percent': 0.3590967891102395}
v_acl_k: [-0.00160078 -0.00356009 -0.00194134 ... -0.00032029 -0.00063148
 -0.003975  ]
acl_u[acl_delta_k]: [1 1 1 ... 1 1 1]
num AC branches with possible violations in ACL contingencies: 1
num AC branches with possible violations in DCL contingencies: 0
num AC branches with possible violations in XFR contingencies: 0
t: 4, time: 1.431199312210083, memory_info: {'rss bytes': 970129408, 'rss human': '925.2M', 'percent': 0.3591377297924677}
v_acl_k: [-0.00160078 -0.00356009 -0.00194134 ... -0.00032029 -0.00063148
 -0.003975  ]
acl_u[acl_delta_k]: [1 1 1 ... 1 1 1]
num AC branches with possible violations in ACL contingencies: 1
num AC branches with possible violations in DCL contingencies: 0
num AC branches with possible violations in XFR contingencies: 0
t: 5, time: 1.4306871891021729, memory_info: {'rss bytes': 970129408, 'rss human': '925.2M', 'percent': 0.3591377297924677}
v_acl_k: [-0.00160078 -0.00356009 -0.00194134 ... -0.00032029 -0.00063148
 -0.003975  ]
acl_u[acl_delta_k]: [1 1 1 ... 1 1 1]
num AC branches with possible violations in ACL contingencies: 1
num AC branches with possible violations in DCL contingencies: 0
num AC branches with possible violations in XFR contingencies: 0
t: 6, time: 1.385878324508667, memory_info: {'rss bytes': 970129408, 'rss human': '925.2M', 'percent': 0.3591377297924677}
v_acl_k: [-0.00160078 -0.00356009 -0.00194134 ... -0.00032029 -0.00063148
 -0.003975  ]
acl_u[acl_delta_k]: [1 1 1 ... 1 1 1]
num AC branches with possible violations in ACL contingencies: 1
num AC branches with possible violations in DCL contingencies: 0
num AC branches with possible violations in XFR contingencies: 0
t: 7, time: 1.3813862800598145, memory_info: {'rss bytes': 970129408, 'rss human': '925.2M', 'percent': 0.3591377297924677}
v_acl_k: [-0.00160078 -0.00356009 -0.00194134 ... -0.00032029 -0.00063148
 -0.003975  ]
acl_u[acl_delta_k]: [1 1 1 ... 1 1 1]
num AC branches with possible violations in ACL contingencies: 1
num AC branches with possible violations in DCL contingencies: 0
num AC branches with possible violations in XFR contingencies: 0
t: 8, time: 1.3767259120941162, memory_info: {'rss bytes': 970158080, 'rss human': '925.2M', 'percent': 0.35914834404341583}
v_acl_k: [-0.00160078 -0.00356009 -0.00194134 ... -0.00032029 -0.00063148
 -0.003975  ]
acl_u[acl_delta_k]: [1 1 1 ... 1 1 1]
num AC branches with possible violations in ACL contingencies: 1
num AC branches with possible violations in DCL contingencies: 0
num AC branches with possible violations in XFR contingencies: 0
t: 9, time: 1.3558173179626465, memory_info: {'rss bytes': 970178560, 'rss human': '925.2M', 'percent': 0.35915592565123583}
v_acl_k: [-0.00160078 -0.00356009 -0.00194134 ... -0.00032029 -0.00063148
 -0.003975  ]
acl_u[acl_delta_k]: [1 1 1 ... 1 1 1]
num AC branches with possible violations in ACL contingencies: 1
num AC branches with possible violations in DCL contingencies: 0
num AC branches with possible violations in XFR contingencies: 0
t: 10, time: 1.352637529373169, memory_info: {'rss bytes': 970194944, 'rss human': '925.2M', 'percent': 0.3591619909374919}
v_acl_k: [-0.00160078 -0.00356009 -0.00194134 ... -0.00032029 -0.00063148
 -0.003975  ]
acl_u[acl_delta_k]: [1 1 1 ... 1 1 1]
num AC branches with possible violations in ACL contingencies: 1
num AC branches with possible violations in DCL contingencies: 0
num AC branches with possible violations in XFR contingencies: 0
t: 11, time: 1.351273536682129, memory_info: {'rss bytes': 970215424, 'rss human': '925.3M', 'percent': 0.3591695725453119}
v_acl_k: [-0.00160078 -0.00356009 -0.00194134 ... -0.00032029 -0.00063148
 -0.003975  ]
acl_u[acl_delta_k]: [1 1 1 ... 1 1 1]
num AC branches with possible violations in ACL contingencies: 1
num AC branches with possible violations in DCL contingencies: 0
num AC branches with possible violations in XFR contingencies: 0
t: 12, time: 1.3569886684417725, memory_info: {'rss bytes': 970231808, 'rss human': '925.3M', 'percent': 0.359175637831568}
v_acl_k: [-0.00160078 -0.00356009 -0.00194134 ... -0.00032029 -0.00063148
 -0.003975  ]
acl_u[acl_delta_k]: [1 1 1 ... 1 1 1]
num AC branches with possible violations in ACL contingencies: 1
num AC branches with possible violations in DCL contingencies: 0
num AC branches with possible violations in XFR contingencies: 0
t: 13, time: 1.3574767112731934, memory_info: {'rss bytes': 970252288, 'rss human': '925.3M', 'percent': 0.359183219439388}
v_acl_k: [-0.00160078 -0.00356009 -0.00194134 ... -0.00032029 -0.00063148
 -0.003975  ]
acl_u[acl_delta_k]: [1 1 1 ... 1 1 1]
num AC branches with possible violations in ACL contingencies: 1
num AC branches with possible violations in DCL contingencies: 0
num AC branches with possible violations in XFR contingencies: 0
t: 14, time: 1.358245611190796, memory_info: {'rss bytes': 970276864, 'rss human': '925.3M', 'percent': 0.3591923173687721}
v_acl_k: [-0.00160078 -0.00356009 -0.00194134 ... -0.00032029 -0.00063148
 -0.003975  ]
acl_u[acl_delta_k]: [1 1 1 ... 1 1 1]
num AC branches with possible violations in ACL contingencies: 1
num AC branches with possible violations in DCL contingencies: 0
num AC branches with possible violations in XFR contingencies: 0
t: 15, time: 1.3538289070129395, memory_info: {'rss bytes': 970297344, 'rss human': '925.3M', 'percent': 0.3591998989765921}
v_acl_k: [-0.00160078 -0.00356009 -0.00194134 ... -0.00032029 -0.00063148
 -0.003975  ]
acl_u[acl_delta_k]: [1 1 1 ... 1 1 1]
num AC branches with possible violations in ACL contingencies: 1
num AC branches with possible violations in DCL contingencies: 0
num AC branches with possible violations in XFR contingencies: 0
t: 16, time: 1.360055685043335, memory_info: {'rss bytes': 970313728, 'rss human': '925.4M', 'percent': 0.3592059642628482}
v_acl_k: [-0.00160078 -0.00356009 -0.00194134 ... -0.00032029 -0.00063148
 -0.003975  ]
acl_u[acl_delta_k]: [1 1 1 ... 1 1 1]
num AC branches with possible violations in ACL contingencies: 1
num AC branches with possible violations in DCL contingencies: 0
num AC branches with possible violations in XFR contingencies: 0
t: 17, time: 1.3563740253448486, memory_info: {'rss bytes': 970334208, 'rss human': '925.4M', 'percent': 0.3592135458706682}
initialize_m_w_time: 0.005096435546875
compute_static_w_time: 0.6139750480651855
get_time_varying_branch_characteristics_time: 0.006262063980102539
construct_a_t_time: 0.0180056095123291
factor_a_t_time: 0.09038925170898438
compute_w_with_t_a_solve_time: 10.735454320907593
compute_v_t_time: 1.6689300537109375e-05
compute_w_with_t_smw_time: 4.5299530029296875e-06
compute_v_time: 0.23064875602722168
compute_bus_theta_with_t_a_solve_time: 0.0067157745361328125
compute_bus_theta_with_t_smw_time: 2.384185791015625e-06
compute_br_p_time: 0.005713462829589844
apply_w_v_wt_time: 0.4618544578552246
compute_bus_dtheta_rhs_dcl_k_time: 0.008629560470581055
compute_w_v_wt_xfr_k_time: 0.004036426544189453
compute_bus_dtheta_rhs_xfr_k_time: 1.430511474609375e-06
compute_br_acl_delta_k_p_delta_time: 1.1398937702178955
compute_br_dcl_delta_k_p_delta_time: 0.006052494049072266
compute_br_xfr_delta_k_p_delta_time: 0.0014636516571044922
filter_branches_acl_k_time: 0.33448195457458496
filter_branches_dcl_k_time: 0.00633549690246582
filter_branches_xfr_k_time: 0.00615239143371582
compute_br_acl_delta_k_p_time: 0.24433231353759766
compute_br_dcl_delta_k_p_time: 0.0008530616760253906
compute_br_xfr_delta_k_p_time: 6.794929504394531e-05
compute_br_acl_delta_k_s_over_time: 11.161990880966187
compute_br_dcl_delta_k_s_over_time: 0.0025212764739990234
compute_br_xfr_delta_k_s_over_time: 0.000995635986328125
zero_out_time: 0.001417398452758789
get_max_br_acl_delta_k_s_over_time: 0.177642822265625
get_max_br_dcl_delta_k_s_over_time: 1.0013580322265625e-05
get_max_br_xfr_delta_k_s_over_time: 6.198883056640625e-06
compute_br_k_z_time: 0.16137433052062988
collect_penalties_into_obj_array_time: 0.0011527538299560547
end of contingency model method 1, memory info: {'rss bytes': 970334208, 'rss human': '925.4M', 'percent': 0.3592135458706682}
function: eval_post_contingency_model, time: 25.884276866912842
function: eval_post_contingency_model, time: 25.884289979934692
function: run, time: 28.093103408813477
after solution_evaluator.run(), memory info: {'rss bytes': 602505216, 'rss human': '574.6M', 'percent': 0.22304483677950768}
evaluation summary:
{'feas': 1,
 'infeas': 0,
 'info_i_i_k_t_disconnected_ctg': {'idx': {0: None, 1: None, 2: None, 3: None},
                                   'val': 0},
 'info_i_i_t_disconnected_base': {'idx': {0: None, 1: None, 2: None}, 'val': 0},
 'phys_feas': 0,
 'sum_acl_t_u_sd': 0,
 'sum_acl_t_u_su': 0,
 'sum_acl_t_z_s': 0.0,
 'sum_acl_t_z_sd': 0.0,
 'sum_acl_t_z_su': 0.0,
 'sum_bus_t_z_p': 866568096.4371179,
 'sum_bus_t_z_q': 450957177.01660806,
 'sum_cs_t_z_p': 138118782.37447494,
 'sum_pr_t_z_p': 25063469.512031995,
 'sum_prz_t_z_nsc': 65579530.82144444,
 'sum_prz_t_z_rgd': 199149688.31190073,
 'sum_prz_t_z_rgu': 199149688.31190073,
 'sum_prz_t_z_rrd': 4000000.0,
 'sum_prz_t_z_rru': 4000000.0,
 'sum_prz_t_z_scr': 115366952.89941962,
 'sum_qrz_t_z_qrd': 0.0,
 'sum_qrz_t_z_qru': 0.0,
 'sum_sd_t_sd': 0,
 'sum_sd_t_su': 0,
 'sum_sd_t_z_nsc': 0.0,
 'sum_sd_t_z_on': 14146091.939999998,
 'sum_sd_t_z_qrd': 0.0,
 'sum_sd_t_z_qru': 0.0,
 'sum_sd_t_z_rgd': 0.0,
 'sum_sd_t_z_rgu': 0.0,
 'sum_sd_t_z_rrd_off': 0.0,
 'sum_sd_t_z_rrd_on': 0.0,
 'sum_sd_t_z_rru_off': 0.0,
 'sum_sd_t_z_rru_on': 0.0,
 'sum_sd_t_z_scr': 0.0,
 'sum_sd_t_z_sd': 0.0,
 'sum_sd_t_z_su': 0.0,
 'sum_sd_t_z_sus': 0.0,
 'sum_xfr_t_u_sd': 0,
 'sum_xfr_t_u_su': 0,
 'sum_xfr_t_z_s': 0.0,
 'sum_xfr_t_z_sd': 0.0,
 'sum_xfr_t_z_su': 0.0,
 'time_connectedness': 2.0370354652404785,
 'time_post_contingency': 25.884287118911743,
 'time_run': 28.093101739883423,
 'total_switches': 0,
 'viol_acl_acl_t_s_max_ctg': {'idx': {0: None, 1: None, 2: None}, 'val': 0.0},
 'viol_acl_dcl_t_s_max_ctg': {'idx': {0: None, 1: None, 2: None}, 'val': 0.0},
 'viol_acl_t_s_max': {'idx': {0: 'acl_0000', 1: 0}, 'val': 0.0},
 'viol_acl_t_u_sd_max': {'idx': {0: 'acl_0000', 1: 0}, 'val': 0},
 'viol_acl_t_u_su_max': {'idx': {0: 'acl_0000', 1: 0}, 'val': 0},
 'viol_acl_xfr_t_s_max_ctg': {'idx': {0: None, 1: None, 2: None}, 'val': 0.0},
 'viol_bus_t_p_balance_max': {'idx': {0: 'bus_3029', 1: 0},
                              'val': 14.361073828155153},
 'viol_bus_t_p_balance_min': {'idx': {0: 'bus_1909', 1: 0},
                              'val': -0.14665852969981008},
 'viol_bus_t_q_balance_max': {'idx': {0: 'bus_4100', 1: 0},
                              'val': 0.9863380335243206},
 'viol_bus_t_q_balance_min': {'idx': {0: 'bus_3029', 1: 0},
                              'val': -13.410556213112201},
 'viol_bus_t_v_max': {'idx': {0: 'bus_0000', 1: 0}, 'val': 0.0},
 'viol_bus_t_v_min': {'idx': {0: 'bus_0000', 1: 0}, 'val': 0.0},
 'viol_cs_t_p_off_max': {'idx': {0: 'sd_0478', 1: 0}, 'val': 0.0},
 'viol_cs_t_p_off_min': {'idx': {0: 'sd_0478', 1: 0}, 'val': 0.0},
 'viol_cs_t_p_on_max': {'idx': {0: 'sd_0478', 1: 0}, 'val': 0.0},
 'viol_cs_t_p_on_min': {'idx': {0: 'sd_0478', 1: 0}, 'val': 0.0},
 'viol_cs_t_q_max': {'idx': {0: 'sd_0478', 1: 0}, 'val': 0.0},
 'viol_cs_t_q_min': {'idx': {0: 'sd_0478', 1: 0}, 'val': 0.0},
 'viol_cs_t_q_p_max': {'idx': {0: None, 1: None}, 'val': None},
 'viol_cs_t_q_p_min': {'idx': {0: None, 1: None}, 'val': None},
 'viol_dcl_t_p_max': {'idx': {0: None, 1: None}, 'val': None},
 'viol_dcl_t_p_min': {'idx': {0: None, 1: None}, 'val': None},
 'viol_dcl_t_q_fr_max': {'idx': {0: None, 1: None}, 'val': None},
 'viol_dcl_t_q_fr_min': {'idx': {0: None, 1: None}, 'val': None},
 'viol_dcl_t_q_to_max': {'idx': {0: None, 1: None}, 'val': None},
 'viol_dcl_t_q_to_min': {'idx': {0: None, 1: None}, 'val': None},
 'viol_pr_t_p_off_max': {'idx': {0: 'sd_0000', 1: 0}, 'val': 0.0},
 'viol_pr_t_p_off_min': {'idx': {0: 'sd_0000', 1: 0}, 'val': 0.0},
 'viol_pr_t_p_on_max': {'idx': {0: 'sd_0000', 1: 0}, 'val': 0.0},
 'viol_pr_t_p_on_min': {'idx': {0: 'sd_0000', 1: 0}, 'val': 0.0},
 'viol_pr_t_q_max': {'idx': {0: 'sd_0000', 1: 0}, 'val': 0.0},
 'viol_pr_t_q_min': {'idx': {0: 'sd_0000', 1: 0}, 'val': 0.0},
 'viol_pr_t_q_p_max': {'idx': {0: 'sd_0000', 1: 0}, 'val': 0.0},
 'viol_pr_t_q_p_min': {'idx': {0: 'sd_0000', 1: 0}, 'val': 0.0},
 'viol_prz_t_p_nsc_balance': {'idx': {0: 'prz_0', 1: 0},
                              'val': 14.024944802397265},
 'viol_prz_t_p_rgd_balance': {'idx': {0: 'prz_0', 1: 0},
                              'val': 12.282532768365343},
 'viol_prz_t_p_rgu_balance': {'idx': {0: 'prz_0', 1: 0},
                              'val': 12.282532768365343},
 'viol_prz_t_p_rrd_balance': {'idx': {0: 'prz_0', 1: 0}, 'val': 0.5},
 'viol_prz_t_p_rru_balance': {'idx': {0: 'prz_0', 1: 0}, 'val': 0.5},
 'viol_prz_t_p_scr_balance': {'idx': {0: 'prz_0', 1: 0},
                              'val': 13.153738785381304},
 'viol_qrz_t_q_qrd_balance': {'idx': {0: 'qrz_0', 1: 0}, 'val': 0.0},
 'viol_qrz_t_q_qru_balance': {'idx': {0: 'qrz_0', 1: 0}, 'val': 0.0},
 'viol_sd_max_energy_constr': {'idx': {0: 'sd_0000', 1: 0}, 'val': 0.0},
 'viol_sd_max_startup_constr': {'idx': {0: 'sd_0000', 1: 0}, 'val': 0},
 'viol_sd_min_energy_constr': {'idx': {0: 'sd_0000', 1: 0}, 'val': 0.0},
 'viol_sd_t_d_dn_min': {'idx': {0: 'sd_0000', 1: 0}, 'val': 0},
 'viol_sd_t_d_up_min': {'idx': {0: 'sd_0000', 1: 0}, 'val': 0},
 'viol_sd_t_p_nsc_max': {'idx': {0: 'sd_0000', 1: 0}, 'val': 0.0},
 'viol_sd_t_p_nsc_nonneg': {'idx': {0: 'sd_0000', 1: 0}, 'val': -0.0},
 'viol_sd_t_p_ramp_dn_max': {'idx': {0: 'sd_0000', 1: 0}, 'val': 0.0},
 'viol_sd_t_p_ramp_up_max': {'idx': {0: 'sd_0000', 1: 0}, 'val': 0.0},
 'viol_sd_t_p_rgd_max': {'idx': {0: 'sd_0000', 1: 0}, 'val': 0.0},
 'viol_sd_t_p_rgd_nonneg': {'idx': {0: 'sd_0000', 1: 0}, 'val': -0.0},
 'viol_sd_t_p_rgu_max': {'idx': {0: 'sd_0000', 1: 0}, 'val': 0.0},
 'viol_sd_t_p_rgu_nonneg': {'idx': {0: 'sd_0000', 1: 0}, 'val': -0.0},
 'viol_sd_t_p_rrd_off_max': {'idx': {0: 'sd_0000', 1: 0}, 'val': 0.0},
 'viol_sd_t_p_rrd_off_nonneg': {'idx': {0: 'sd_0000', 1: 0}, 'val': -0.0},
 'viol_sd_t_p_rrd_on_max': {'idx': {0: 'sd_0000', 1: 0}, 'val': 0.0},
 'viol_sd_t_p_rrd_on_nonneg': {'idx': {0: 'sd_0000', 1: 0}, 'val': -0.0},
 'viol_sd_t_p_rru_off_max': {'idx': {0: 'sd_0000', 1: 0}, 'val': 0.0},
 'viol_sd_t_p_rru_off_nonneg': {'idx': {0: 'sd_0000', 1: 0}, 'val': -0.0},
 'viol_sd_t_p_rru_on_max': {'idx': {0: 'sd_0000', 1: 0}, 'val': 0.0},
 'viol_sd_t_p_rru_on_nonneg': {'idx': {0: 'sd_0000', 1: 0}, 'val': -0.0},
 'viol_sd_t_p_scr_max': {'idx': {0: 'sd_0000', 1: 0}, 'val': 0.0},
 'viol_sd_t_p_scr_nonneg': {'idx': {0: 'sd_0000', 1: 0}, 'val': -0.0},
 'viol_sd_t_q_qrd_nonneg': {'idx': {0: 'sd_0000', 1: 0}, 'val': -0.0},
 'viol_sd_t_q_qru_nonneg': {'idx': {0: 'sd_0000', 1: 0}, 'val': -0.0},
 'viol_sd_t_u_on_max': {'idx': {0: 'sd_0000', 1: 0}, 'val': 0},
 'viol_sd_t_u_on_min': {'idx': {0: 'sd_0000', 1: 0}, 'val': 0},
 'viol_sh_t_u_st_max': {'idx': {0: 'sh_000', 1: 0}, 'val': 0},
 'viol_sh_t_u_st_min': {'idx': {0: 'sh_000', 1: 0}, 'val': 0},
 'viol_t_connected_base': {'idx': {0: 0}, 'val': 0},
 'viol_t_connected_ctg': {'idx': {0: 0}, 'val': 0},
 'viol_xfr_acl_t_s_max_ctg': {'idx': {0: None, 1: None, 2: None}, 'val': 0.0},
 'viol_xfr_dcl_t_s_max_ctg': {'idx': {0: None, 1: None, 2: None}, 'val': 0.0},
 'viol_xfr_t_phi_max': {'idx': {0: 'xfr_0000', 1: 0}, 'val': 0.0},
 'viol_xfr_t_phi_min': {'idx': {0: 'xfr_0000', 1: 0}, 'val': 0.0},
 'viol_xfr_t_s_max': {'idx': {0: 'xfr_0000', 1: 0}, 'val': 0.0},
 'viol_xfr_t_tau_max': {'idx': {0: 'xfr_0000', 1: 0}, 'val': 0.0},
 'viol_xfr_t_tau_min': {'idx': {0: 'xfr_0000', 1: 0}, 'val': 0.0},
 'viol_xfr_t_u_sd_max': {'idx': {0: 'xfr_0000', 1: 0}, 'val': 0},
 'viol_xfr_t_u_su_max': {'idx': {0: 'xfr_0000', 1: 0}, 'val': 0},
 'viol_xfr_xfr_t_s_max_ctg': {'idx': {0: None, 1: None, 2: None}, 'val': 0.0},
 'z': -1805862424.657889,
 'z_base': -1805861912.8759313,
 'z_cost': 39209561.45203199,
 'z_k_average_case': -0.22116765678641348,
 'z_k_worst_case': -511.56079014697434,
 'z_max_energy': 0.0,
 'z_min_energy': 0.0,
 'z_penalty': 1904771133.7983916,
 'z_value': 138118782.37447494}
infeasibility summary:
{}
feas: 1
obj: -1805862424.657889
evaluate solution time: 28.1049964427948
end of check_data(), memory info: {'rss bytes': 602750976, 'rss human': '574.8M', 'percent': 0.22313581607334823}
